[9.811s] Invoking command in '/home/dae/ros2_ws/src/robiot': PYTHONPATH=/home/dae/ros2_ws/build/robiot/prefix_override:/usr/lib/python3/dist-packages/colcon_core/task/python/colcon_distutils_commands:/home/dae/ros2_ws/install/robiot/lib/python3.8/site-packages:${PYTHONPATH} /usr/bin/python3 -W ignore:setup.py install is deprecated -W ignore:easy_install command is deprecated setup.py egg_info --egg-base ../../build/robiot build --build-base /home/dae/ros2_ws/build/robiot/build install --record /home/dae/ros2_ws/build/robiot/install.log --install-scripts $base/lib/robiot --single-version-externally-managed install_data
[12.752s] running egg_info
[12.756s] writing ../../build/robiot/robiot.egg-info/PKG-INFO
[12.758s] writing dependency_links to ../../build/robiot/robiot.egg-info/dependency_links.txt
[12.761s] writing entry points to ../../build/robiot/robiot.egg-info/entry_points.txt
[12.762s] writing requirements to ../../build/robiot/robiot.egg-info/requires.txt
[12.763s] writing top-level names to ../../build/robiot/robiot.egg-info/top_level.txt
[13.084s] reading manifest file '../../build/robiot/robiot.egg-info/SOURCES.txt'
[13.092s] writing manifest file '../../build/robiot/robiot.egg-info/SOURCES.txt'
[13.094s] running build
[13.096s] running build_py
[13.099s] running install
[13.104s] running install_lib
[13.119s] running install_data
[13.126s] copying launch/visual.launch.py -> /home/dae/ros2_ws/install/robiot/share/robiot/launch
[13.128s] running install_egg_info
[13.143s] removing '/home/dae/ros2_ws/install/robiot/lib/python3.8/site-packages/robiot-0.0.0-py3.8.egg-info' (and everything under it)
[13.146s] Copying ../../build/robiot/robiot.egg-info to /home/dae/ros2_ws/install/robiot/lib/python3.8/site-packages/robiot-0.0.0-py3.8.egg-info
[13.155s] running install_scripts
[13.297s] writing list of installed files to '/home/dae/ros2_ws/build/robiot/install.log'
[13.511s] Invoked command in '/home/dae/ros2_ws/src/robiot' returned '0': PYTHONPATH=/home/dae/ros2_ws/build/robiot/prefix_override:/usr/lib/python3/dist-packages/colcon_core/task/python/colcon_distutils_commands:/home/dae/ros2_ws/install/robiot/lib/python3.8/site-packages:${PYTHONPATH} /usr/bin/python3 -W ignore:setup.py install is deprecated -W ignore:easy_install command is deprecated setup.py egg_info --egg-base ../../build/robiot build --build-base /home/dae/ros2_ws/build/robiot/build install --record /home/dae/ros2_ws/build/robiot/install.log --install-scripts $base/lib/robiot --single-version-externally-managed install_data
