[4.985s] Invoking command in '/home/dae/ros2_ws/src/minisumo_core': PYTHONPATH=/home/dae/ros2_ws/src/minisumo_core/build/minisumo_core/prefix_override:/usr/lib/python3/dist-packages/colcon_core/task/python/colcon_distutils_commands:/home/dae/ros2_ws/src/minisumo_core/install/minisumo_core/lib/python3.8/site-packages:${PYTHONPATH} /usr/bin/python3 -W ignore:setup.py install is deprecated -W ignore:easy_install command is deprecated setup.py egg_info --egg-base build/minisumo_core build --build-base /home/dae/ros2_ws/src/minisumo_core/build/minisumo_core/build install --record /home/dae/ros2_ws/src/minisumo_core/build/minisumo_core/install.log --install-scripts $base/lib/minisumo_core --single-version-externally-managed install_data
[6.762s] running egg_info
[6.767s] writing build/minisumo_core/minisumo_core.egg-info/PKG-INFO
[6.769s] writing dependency_links to build/minisumo_core/minisumo_core.egg-info/dependency_links.txt
[6.772s] writing entry points to build/minisumo_core/minisumo_core.egg-info/entry_points.txt
[6.773s] writing requirements to build/minisumo_core/minisumo_core.egg-info/requires.txt
[6.773s] writing top-level names to build/minisumo_core/minisumo_core.egg-info/top_level.txt
[7.058s] reading manifest file 'build/minisumo_core/minisumo_core.egg-info/SOURCES.txt'
[7.065s] writing manifest file 'build/minisumo_core/minisumo_core.egg-info/SOURCES.txt'
[7.066s] running build
[7.067s] running build_py
[7.070s] running install
[7.075s] running install_lib
[7.086s] running install_data
[7.087s] running install_egg_info
[7.097s] removing '/home/dae/ros2_ws/src/minisumo_core/install/minisumo_core/lib/python3.8/site-packages/minisumo_core-0.0.0-py3.8.egg-info' (and everything under it)
[7.100s] Copying build/minisumo_core/minisumo_core.egg-info to /home/dae/ros2_ws/src/minisumo_core/install/minisumo_core/lib/python3.8/site-packages/minisumo_core-0.0.0-py3.8.egg-info
[7.108s] running install_scripts
[7.220s] Installing guante_node script to /home/dae/ros2_ws/src/minisumo_core/install/minisumo_core/lib/minisumo_core
[7.222s] Installing logger_csv script to /home/dae/ros2_ws/src/minisumo_core/install/minisumo_core/lib/minisumo_core
[7.223s] Installing odometria script to /home/dae/ros2_ws/src/minisumo_core/install/minisumo_core/lib/minisumo_core
[7.224s] Installing teleop script to /home/dae/ros2_ws/src/minisumo_core/install/minisumo_core/lib/minisumo_core
[7.227s] writing list of installed files to '/home/dae/ros2_ws/src/minisumo_core/build/minisumo_core/install.log'
[7.339s] Invoked command in '/home/dae/ros2_ws/src/minisumo_core' returned '0': PYTHONPATH=/home/dae/ros2_ws/src/minisumo_core/build/minisumo_core/prefix_override:/usr/lib/python3/dist-packages/colcon_core/task/python/colcon_distutils_commands:/home/dae/ros2_ws/src/minisumo_core/install/minisumo_core/lib/python3.8/site-packages:${PYTHONPATH} /usr/bin/python3 -W ignore:setup.py install is deprecated -W ignore:easy_install command is deprecated setup.py egg_info --egg-base build/minisumo_core build --build-base /home/dae/ros2_ws/src/minisumo_core/build/minisumo_core/build install --record /home/dae/ros2_ws/src/minisumo_core/build/minisumo_core/install.log --install-scripts $base/lib/minisumo_core --single-version-externally-managed install_data
