[14.215s] Invoking command in '/home/dae/ros2_ws/src/mobile_robot': PYTHONPATH=/home/dae/ros2_ws/build/mobile_robot/prefix_override:/usr/lib/python3/dist-packages/colcon_core/task/python/colcon_distutils_commands:/home/dae/ros2_ws/install/mobile_robot/lib/python3.8/site-packages:${PYTHONPATH} /usr/bin/python3 -W ignore:setup.py install is deprecated -W ignore:easy_install command is deprecated setup.py egg_info --egg-base ../../build/mobile_robot build --build-base /home/dae/ros2_ws/build/mobile_robot/build install --record /home/dae/ros2_ws/build/mobile_robot/install.log --single-version-externally-managed install_data
[17.699s] running egg_info
[17.705s] writing ../../build/mobile_robot/mobile_robot.egg-info/PKG-INFO
[17.757s] writing dependency_links to ../../build/mobile_robot/mobile_robot.egg-info/dependency_links.txt
[17.760s] writing entry points to ../../build/mobile_robot/mobile_robot.egg-info/entry_points.txt
[17.764s] writing requirements to ../../build/mobile_robot/mobile_robot.egg-info/requires.txt
[17.769s] writing top-level names to ../../build/mobile_robot/mobile_robot.egg-info/top_level.txt
[18.275s] reading manifest file '../../build/mobile_robot/mobile_robot.egg-info/SOURCES.txt'
[18.315s] writing manifest file '../../build/mobile_robot/mobile_robot.egg-info/SOURCES.txt'
[18.318s] running build
[18.319s] running build_py
[18.327s] running install
[18.339s] running install_lib
[18.370s] running install_data
[18.385s] running install_egg_info
[18.408s] removing '/home/dae/ros2_ws/install/mobile_robot/lib/python3.8/site-packages/mobile_robot-0.0.0-py3.8.egg-info' (and everything under it)
[18.420s] Copying ../../build/mobile_robot/mobile_robot.egg-info to /home/dae/ros2_ws/install/mobile_robot/lib/python3.8/site-packages/mobile_robot-0.0.0-py3.8.egg-info
[18.446s] running install_scripts
[18.633s] Installing my_robot_controller script to /home/dae/ros2_ws/install/mobile_robot/lib/mobile_robot
[18.638s] writing list of installed files to '/home/dae/ros2_ws/build/mobile_robot/install.log'
[19.132s] Invoked command in '/home/dae/ros2_ws/src/mobile_robot' returned '0': PYTHONPATH=/home/dae/ros2_ws/build/mobile_robot/prefix_override:/usr/lib/python3/dist-packages/colcon_core/task/python/colcon_distutils_commands:/home/dae/ros2_ws/install/mobile_robot/lib/python3.8/site-packages:${PYTHONPATH} /usr/bin/python3 -W ignore:setup.py install is deprecated -W ignore:easy_install command is deprecated setup.py egg_info --egg-base ../../build/mobile_robot build --build-base /home/dae/ros2_ws/build/mobile_robot/build install --record /home/dae/ros2_ws/build/mobile_robot/install.log --single-version-externally-managed install_data
