[3.066s] DEBUG:colcon:Command line arguments: ['/usr/bin/colcon', 'build', '--packages-select', 'minisumo_core']
[3.066s] DEBUG:colcon:Parsed command line arguments: Namespace(allow_overriding=[], ament_cmake_args=None, base_paths=['.'], build_base='build', catkin_cmake_args=None, catkin_skip_building_tests=False, cmake_args=None, cmake_clean_cache=False, cmake_clean_first=False, cmake_force_configure=False, cmake_target=None, cmake_target_skip_unavailable=False, continue_on_error=False, event_handlers=None, executor='parallel', ignore_user_meta=False, install_base='install', log_base=None, log_level=None, main=<bound method BuildVerb.main of <colcon_core.verb.build.BuildVerb object at 0x7f6f035ce250>>, merge_install=False, metas=['./colcon.meta'], packages_above=None, packages_above_and_dependencies=None, packages_above_depth=None, packages_end=None, packages_ignore=None, packages_ignore_regex=None, packages_select=['minisumo_core'], packages_select_build_failed=False, packages_select_by_dep=None, packages_select_regex=None, packages_select_test_failures=False, packages_skip=None, packages_skip_build_finished=False, packages_skip_by_dep=None, packages_skip_regex=None, packages_skip_test_passed=False, packages_skip_up_to=None, packages_start=None, packages_up_to=None, packages_up_to_regex=None, parallel_workers=4, paths=None, symlink_install=False, test_result_base=None, verb_extension=<colcon_core.verb.build.BuildVerb object at 0x7f6f035ce250>, verb_name='build', verb_parser=<colcon_defaults.argument_parser.defaults.DefaultArgumentsDecorator object at 0x7f6f035cee80>)
[5.741s] Level 1:colcon.colcon_core.package_discovery:discover_packages(colcon_meta) check parameters
[5.743s] Level 1:colcon.colcon_core.package_discovery:discover_packages(recursive) check parameters
[5.744s] Level 1:colcon.colcon_core.package_discovery:discover_packages(ignore) check parameters
[5.745s] Level 1:colcon.colcon_core.package_discovery:discover_packages(path) check parameters
[5.745s] Level 1:colcon.colcon_core.package_discovery:discover_packages(colcon_meta) discover
[5.747s] Level 1:colcon.colcon_core.package_discovery:discover_packages(recursive) discover
[5.748s] INFO:colcon.colcon_core.package_discovery:Crawling recursively for packages in '/home/dae/ros2_ws/src/minisumo_core/minisumo_core'
[5.750s] Level 1:colcon.colcon_core.package_identification:_identify(.) by extensions ['ignore', 'ignore_ament_install']
[5.754s] Level 1:colcon.colcon_core.package_identification:_identify(.) by extension 'ignore'
[5.755s] Level 1:colcon.colcon_core.package_identification:_identify(.) by extension 'ignore_ament_install'
[5.757s] Level 1:colcon.colcon_core.package_identification:_identify(.) by extensions ['colcon_pkg']
[5.757s] Level 1:colcon.colcon_core.package_identification:_identify(.) by extension 'colcon_pkg'
[5.758s] Level 1:colcon.colcon_core.package_identification:_identify(.) by extensions ['colcon_meta']
[5.759s] Level 1:colcon.colcon_core.package_identification:_identify(.) by extension 'colcon_meta'
[5.760s] Level 1:colcon.colcon_core.package_identification:_identify(.) by extensions ['ros']
[5.761s] Level 1:colcon.colcon_core.package_identification:_identify(.) by extension 'ros'
[5.990s] Level 1:colcon.colcon_core.package_identification:_identify(.) by extensions ['cmake', 'python']
[5.991s] Level 1:colcon.colcon_core.package_identification:_identify(.) by extension 'cmake'
[5.992s] Level 1:colcon.colcon_core.package_identification:_identify(.) by extension 'python'
[5.992s] Level 1:colcon.colcon_core.package_identification:_identify(.) by extensions ['python_setup_py']
[5.993s] Level 1:colcon.colcon_core.package_identification:_identify(.) by extension 'python_setup_py'
[5.994s] Level 1:colcon.colcon_core.package_identification:_identify(build) by extensions ['ignore', 'ignore_ament_install']
[5.995s] Level 1:colcon.colcon_core.package_identification:_identify(build) by extension 'ignore'
[5.995s] Level 1:colcon.colcon_core.package_identification:_identify(build) ignored
[5.997s] Level 1:colcon.colcon_core.package_identification:_identify(install) by extensions ['ignore', 'ignore_ament_install']
[5.998s] Level 1:colcon.colcon_core.package_identification:_identify(install) by extension 'ignore'
[5.998s] Level 1:colcon.colcon_core.package_identification:_identify(install) ignored
[6.000s] Level 1:colcon.colcon_core.package_identification:_identify(log) by extensions ['ignore', 'ignore_ament_install']
[6.001s] Level 1:colcon.colcon_core.package_identification:_identify(log) by extension 'ignore'
[6.001s] Level 1:colcon.colcon_core.package_identification:_identify(log) ignored
[6.002s] Level 1:colcon.colcon_core.package_discovery:discover_packages(recursive) using defaults
[6.003s] Level 1:colcon.colcon_core.package_discovery:discover_packages(ignore) discover
[6.003s] Level 1:colcon.colcon_core.package_discovery:discover_packages(ignore) using defaults
[6.003s] Level 1:colcon.colcon_core.package_discovery:discover_packages(path) discover
[6.003s] Level 1:colcon.colcon_core.package_discovery:discover_packages(path) using defaults
[6.005s] WARNING:colcon.colcon_core.package_selection:ignoring unknown package 'minisumo_core' in --packages-select
[6.353s] Level 1:colcon.colcon_core.package_discovery:discover_packages(prefix_path) check parameters
[6.353s] Level 1:colcon.colcon_core.package_discovery:discover_packages(prefix_path) discover
[6.425s] DEBUG:colcon.colcon_installed_package_information.package_discovery:Found 3 installed packages in /home/dae/ros2_ws/install
[6.438s] DEBUG:colcon.colcon_installed_package_information.package_discovery:Found 256 installed packages in /opt/ros/foxy
[6.454s] Level 1:colcon.colcon_core.package_discovery:discover_packages(prefix_path) using defaults
[7.834s] INFO:colcon.colcon_core.executor:Executing jobs using 'parallel' executor
[7.841s] DEBUG:colcon.colcon_parallel_executor.executor.parallel:run_until_complete
[7.842s] DEBUG:colcon.colcon_parallel_executor.executor.parallel:closing loop
[7.843s] DEBUG:colcon.colcon_parallel_executor.executor.parallel:loop closed
[7.843s] DEBUG:colcon.colcon_parallel_executor.executor.parallel:run_until_complete finished with '0'
[7.844s] DEBUG:colcon.colcon_core.event_reactor:joining thread
[7.956s] INFO:colcon.colcon_core.plugin_system:Skipping extension 'colcon_notification.desktop_notification.terminal_notifier': Not used on non-Darwin systems
[7.957s] INFO:colcon.colcon_core.plugin_system:Skipping extension 'colcon_notification.desktop_notification.win32': Not used on non-Windows systems
[7.958s] INFO:colcon.colcon_notification.desktop_notification:Sending desktop notification using 'notify2'
[8.092s] DEBUG:colcon.colcon_core.event_reactor:joined thread
[8.234s] INFO:colcon.colcon_core.plugin_system:Skipping extension 'colcon_core.shell.bat': Not used on non-Windows systems
[8.237s] INFO:colcon.colcon_core.shell:Creating prefix script '/home/dae/ros2_ws/src/minisumo_core/minisumo_core/install/local_setup.ps1'
[8.264s] INFO:colcon.colcon_core.shell:Creating prefix util module '/home/dae/ros2_ws/src/minisumo_core/minisumo_core/install/_local_setup_util_ps1.py'
[8.313s] INFO:colcon.colcon_core.shell:Creating prefix chain script '/home/dae/ros2_ws/src/minisumo_core/minisumo_core/install/setup.ps1'
[8.331s] INFO:colcon.colcon_core.shell:Creating prefix script '/home/dae/ros2_ws/src/minisumo_core/minisumo_core/install/local_setup.sh'
[8.339s] INFO:colcon.colcon_core.shell:Creating prefix util module '/home/dae/ros2_ws/src/minisumo_core/minisumo_core/install/_local_setup_util_sh.py'
[8.346s] INFO:colcon.colcon_core.shell:Creating prefix chain script '/home/dae/ros2_ws/src/minisumo_core/minisumo_core/install/setup.sh'
[8.356s] INFO:colcon.colcon_core.shell:Creating prefix script '/home/dae/ros2_ws/src/minisumo_core/minisumo_core/install/local_setup.bash'
[8.364s] INFO:colcon.colcon_core.shell:Creating prefix chain script '/home/dae/ros2_ws/src/minisumo_core/minisumo_core/install/setup.bash'
[8.374s] INFO:colcon.colcon_core.shell:Creating prefix script '/home/dae/ros2_ws/src/minisumo_core/minisumo_core/install/local_setup.zsh'
[8.380s] INFO:colcon.colcon_core.shell:Creating prefix chain script '/home/dae/ros2_ws/src/minisumo_core/minisumo_core/install/setup.zsh'
