running egg_info
writing ../../build/teleop_esp32/teleop_esp32.egg-info/PKG-INFO
writing dependency_links to ../../build/teleop_esp32/teleop_esp32.egg-info/dependency_links.txt
writing entry points to ../../build/teleop_esp32/teleop_esp32.egg-info/entry_points.txt
writing requirements to ../../build/teleop_esp32/teleop_esp32.egg-info/requires.txt
writing top-level names to ../../build/teleop_esp32/teleop_esp32.egg-info/top_level.txt
reading manifest file '../../build/teleop_esp32/teleop_esp32.egg-info/SOURCES.txt'
writing manifest file '../../build/teleop_esp32/teleop_esp32.egg-info/SOURCES.txt'
running build
running build_py
running install
running install_lib
running install_data
running install_egg_info
removing '/home/dae/ros2_ws/install/teleop_esp32/lib/python3.8/site-packages/teleop_esp32-0.0.0-py3.8.egg-info' (and everything under it)
Copying ../../build/teleop_esp32/teleop_esp32.egg-info to /home/dae/ros2_ws/install/teleop_esp32/lib/python3.8/site-packages/teleop_esp32-0.0.0-py3.8.egg-info
running install_scripts
Installing keyboard_node script to /home/dae/ros2_ws/install/teleop_esp32/lib/teleop_esp32
Installing serial_node script to /home/dae/ros2_ws/install/teleop_esp32/lib/teleop_esp32
writing list of installed files to '/home/dae/ros2_ws/build/teleop_esp32/install.log'
