running egg_info
creating ../../build/mobile_robot/mobile_robot.egg-info
writing ../../build/mobile_robot/mobile_robot.egg-info/PKG-INFO
writing dependency_links to ../../build/mobile_robot/mobile_robot.egg-info/dependency_links.txt
writing entry points to ../../build/mobile_robot/mobile_robot.egg-info/entry_points.txt
writing requirements to ../../build/mobile_robot/mobile_robot.egg-info/requires.txt
writing top-level names to ../../build/mobile_robot/mobile_robot.egg-info/top_level.txt
writing manifest file '../../build/mobile_robot/mobile_robot.egg-info/SOURCES.txt'
reading manifest file '../../build/mobile_robot/mobile_robot.egg-info/SOURCES.txt'
writing manifest file '../../build/mobile_robot/mobile_robot.egg-info/SOURCES.txt'
running build
running build_py
creating /home/dae/ros2_ws/build/mobile_robot/build
creating /home/dae/ros2_ws/build/mobile_robot/build/lib
creating /home/dae/ros2_ws/build/mobile_robot/build/lib/mobile_robot
copying mobile_robot/joy_velocity_publisher.py -> /home/dae/ros2_ws/build/mobile_robot/build/lib/mobile_robot
copying mobile_robot/__init__.py -> /home/dae/ros2_ws/build/mobile_robot/build/lib/mobile_robot
copying mobile_robot/my_robot_controller.py -> /home/dae/ros2_ws/build/mobile_robot/build/lib/mobile_robot
running install
running install_lib
creating /home/dae/ros2_ws/install/mobile_robot/lib/python3.8/site-packages/mobile_robot
copying /home/dae/ros2_ws/build/mobile_robot/build/lib/mobile_robot/joy_velocity_publisher.py -> /home/dae/ros2_ws/install/mobile_robot/lib/python3.8/site-packages/mobile_robot
copying /home/dae/ros2_ws/build/mobile_robot/build/lib/mobile_robot/__init__.py -> /home/dae/ros2_ws/install/mobile_robot/lib/python3.8/site-packages/mobile_robot
copying /home/dae/ros2_ws/build/mobile_robot/build/lib/mobile_robot/my_robot_controller.py -> /home/dae/ros2_ws/install/mobile_robot/lib/python3.8/site-packages/mobile_robot
byte-compiling /home/dae/ros2_ws/install/mobile_robot/lib/python3.8/site-packages/mobile_robot/joy_velocity_publisher.py to joy_velocity_publisher.cpython-38.pyc
byte-compiling /home/dae/ros2_ws/install/mobile_robot/lib/python3.8/site-packages/mobile_robot/__init__.py to __init__.cpython-38.pyc
byte-compiling /home/dae/ros2_ws/install/mobile_robot/lib/python3.8/site-packages/mobile_robot/my_robot_controller.py to my_robot_controller.cpython-38.pyc
running install_data
creating /home/dae/ros2_ws/install/mobile_robot/share/ament_index
creating /home/dae/ros2_ws/install/mobile_robot/share/ament_index/resource_index
creating /home/dae/ros2_ws/install/mobile_robot/share/ament_index/resource_index/packages
copying resource/mobile_robot -> /home/dae/ros2_ws/install/mobile_robot/share/ament_index/resource_index/packages
copying package.xml -> /home/dae/ros2_ws/install/mobile_robot/share/mobile_robot
creating /home/dae/ros2_ws/install/mobile_robot/share/mobile_robot/launch
copying launch/view.launch.py -> /home/dae/ros2_ws/install/mobile_robot/share/mobile_robot/launch
creating /home/dae/ros2_ws/install/mobile_robot/share/mobile_robot/description
copying description/mobile_robot.xacro -> /home/dae/ros2_ws/install/mobile_robot/share/mobile_robot/description
creating /home/dae/ros2_ws/install/mobile_robot/share/mobile_robot/description/urdf
copying description/urdf/mobile_robot.urdf -> /home/dae/ros2_ws/install/mobile_robot/share/mobile_robot/description/urdf
creating /home/dae/ros2_ws/install/mobile_robot/share/mobile_robot/config
copying config/my_config.rviz -> /home/dae/ros2_ws/install/mobile_robot/share/mobile_robot/config
running install_egg_info
Copying ../../build/mobile_robot/mobile_robot.egg-info to /home/dae/ros2_ws/install/mobile_robot/lib/python3.8/site-packages/mobile_robot-0.0.0-py3.8.egg-info
running install_scripts
Installing my_robot_controller script to /home/dae/ros2_ws/install/mobile_robot/lib/mobile_robot
writing list of installed files to '/home/dae/ros2_ws/build/mobile_robot/install.log'
