[1.618s] DEBUG:colcon:Command line arguments: ['/usr/bin/colcon', 'build']
[1.619s] DEBUG:colcon:Parsed command line arguments: Namespace(allow_overriding=[], ament_cmake_args=None, base_paths=['.'], build_base='build', catkin_cmake_args=None, catkin_skip_building_tests=False, cmake_args=None, cmake_clean_cache=False, cmake_clean_first=False, cmake_force_configure=False, cmake_target=None, cmake_target_skip_unavailable=False, continue_on_error=False, event_handlers=None, executor='parallel', ignore_user_meta=False, install_base='install', log_base=None, log_level=None, main=<bound method BuildVerb.main of <colcon_core.verb.build.BuildVerb object at 0x7f75561ef5b0>>, merge_install=False, metas=['./colcon.meta'], packages_above=None, packages_above_and_dependencies=None, packages_above_depth=None, packages_end=None, packages_ignore=None, packages_ignore_regex=None, packages_select=None, packages_select_build_failed=False, packages_select_by_dep=None, packages_select_regex=None, packages_select_test_failures=False, packages_skip=None, packages_skip_build_finished=False, packages_skip_by_dep=None, packages_skip_regex=None, packages_skip_test_passed=False, packages_skip_up_to=None, packages_start=None, packages_up_to=None, packages_up_to_regex=None, parallel_workers=4, paths=None, symlink_install=False, test_result_base=None, verb_extension=<colcon_core.verb.build.BuildVerb object at 0x7f75561ef5b0>, verb_name='build', verb_parser=<colcon_defaults.argument_parser.defaults.DefaultArgumentsDecorator object at 0x7f7556181220>)
[3.106s] Level 1:colcon.colcon_core.package_discovery:discover_packages(colcon_meta) check parameters
[3.107s] Level 1:colcon.colcon_core.package_discovery:discover_packages(recursive) check parameters
[3.107s] Level 1:colcon.colcon_core.package_discovery:discover_packages(ignore) check parameters
[3.107s] Level 1:colcon.colcon_core.package_discovery:discover_packages(path) check parameters
[3.108s] Level 1:colcon.colcon_core.package_discovery:discover_packages(colcon_meta) discover
[3.108s] Level 1:colcon.colcon_core.package_discovery:discover_packages(recursive) discover
[3.109s] INFO:colcon.colcon_core.package_discovery:Crawling recursively for packages in '/home/dae/ros2_ws'
[3.110s] Level 1:colcon.colcon_core.package_identification:_identify(.) by extensions ['ignore', 'ignore_ament_install']
[3.111s] Level 1:colcon.colcon_core.package_identification:_identify(.) by extension 'ignore'
[3.111s] Level 1:colcon.colcon_core.package_identification:_identify(.) by extension 'ignore_ament_install'
[3.112s] Level 1:colcon.colcon_core.package_identification:_identify(.) by extensions ['colcon_pkg']
[3.112s] Level 1:colcon.colcon_core.package_identification:_identify(.) by extension 'colcon_pkg'
[3.113s] Level 1:colcon.colcon_core.package_identification:_identify(.) by extensions ['colcon_meta']
[3.113s] Level 1:colcon.colcon_core.package_identification:_identify(.) by extension 'colcon_meta'
[3.114s] Level 1:colcon.colcon_core.package_identification:_identify(.) by extensions ['ros']
[3.114s] Level 1:colcon.colcon_core.package_identification:_identify(.) by extension 'ros'
[3.200s] Level 1:colcon.colcon_core.package_identification:_identify(.) by extensions ['cmake', 'python']
[3.200s] Level 1:colcon.colcon_core.package_identification:_identify(.) by extension 'cmake'
[3.201s] Level 1:colcon.colcon_core.package_identification:_identify(.) by extension 'python'
[3.201s] Level 1:colcon.colcon_core.package_identification:_identify(.) by extensions ['python_setup_py']
[3.202s] Level 1:colcon.colcon_core.package_identification:_identify(.) by extension 'python_setup_py'
[3.203s] Level 1:colcon.colcon_core.package_identification:_identify(build) by extensions ['ignore', 'ignore_ament_install']
[3.203s] Level 1:colcon.colcon_core.package_identification:_identify(build) by extension 'ignore'
[3.204s] Level 1:colcon.colcon_core.package_identification:_identify(build) ignored
[3.205s] Level 1:colcon.colcon_core.package_identification:_identify(install) by extensions ['ignore', 'ignore_ament_install']
[3.206s] Level 1:colcon.colcon_core.package_identification:_identify(install) by extension 'ignore'
[3.206s] Level 1:colcon.colcon_core.package_identification:_identify(install) ignored
[3.207s] Level 1:colcon.colcon_core.package_identification:_identify(log) by extensions ['ignore', 'ignore_ament_install']
[3.208s] Level 1:colcon.colcon_core.package_identification:_identify(log) by extension 'ignore'
[3.208s] Level 1:colcon.colcon_core.package_identification:_identify(log) ignored
[3.209s] Level 1:colcon.colcon_core.package_identification:_identify(src) by extensions ['ignore', 'ignore_ament_install']
[3.210s] Level 1:colcon.colcon_core.package_identification:_identify(src) by extension 'ignore'
[3.211s] Level 1:colcon.colcon_core.package_identification:_identify(src) by extension 'ignore_ament_install'
[3.211s] Level 1:colcon.colcon_core.package_identification:_identify(src) by extensions ['colcon_pkg']
[3.212s] Level 1:colcon.colcon_core.package_identification:_identify(src) by extension 'colcon_pkg'
[3.212s] Level 1:colcon.colcon_core.package_identification:_identify(src) by extensions ['colcon_meta']
[3.213s] Level 1:colcon.colcon_core.package_identification:_identify(src) by extension 'colcon_meta'
[3.213s] Level 1:colcon.colcon_core.package_identification:_identify(src) by extensions ['ros']
[3.213s] Level 1:colcon.colcon_core.package_identification:_identify(src) by extension 'ros'
[3.214s] Level 1:colcon.colcon_core.package_identification:_identify(src) by extensions ['cmake', 'python']
[3.214s] Level 1:colcon.colcon_core.package_identification:_identify(src) by extension 'cmake'
[3.215s] Level 1:colcon.colcon_core.package_identification:_identify(src) by extension 'python'
[3.215s] Level 1:colcon.colcon_core.package_identification:_identify(src) by extensions ['python_setup_py']
[3.216s] Level 1:colcon.colcon_core.package_identification:_identify(src) by extension 'python_setup_py'
[3.217s] Level 1:colcon.colcon_core.package_identification:_identify(src/build) by extensions ['ignore', 'ignore_ament_install']
[3.217s] Level 1:colcon.colcon_core.package_identification:_identify(src/build) by extension 'ignore'
[3.218s] Level 1:colcon.colcon_core.package_identification:_identify(src/build) ignored
[3.219s] Level 1:colcon.colcon_core.package_identification:_identify(src/install) by extensions ['ignore', 'ignore_ament_install']
[3.219s] Level 1:colcon.colcon_core.package_identification:_identify(src/install) by extension 'ignore'
[3.220s] Level 1:colcon.colcon_core.package_identification:_identify(src/install) ignored
[3.221s] Level 1:colcon.colcon_core.package_identification:_identify(src/log) by extensions ['ignore', 'ignore_ament_install']
[3.222s] Level 1:colcon.colcon_core.package_identification:_identify(src/log) by extension 'ignore'
[3.222s] Level 1:colcon.colcon_core.package_identification:_identify(src/log) ignored
[3.223s] Level 1:colcon.colcon_core.package_identification:_identify(src/minisumo_core) by extensions ['ignore', 'ignore_ament_install']
[3.224s] Level 1:colcon.colcon_core.package_identification:_identify(src/minisumo_core) by extension 'ignore'
[3.224s] Level 1:colcon.colcon_core.package_identification:_identify(src/minisumo_core) by extension 'ignore_ament_install'
[3.225s] Level 1:colcon.colcon_core.package_identification:_identify(src/minisumo_core) by extensions ['colcon_pkg']
[3.225s] Level 1:colcon.colcon_core.package_identification:_identify(src/minisumo_core) by extension 'colcon_pkg'
[3.226s] Level 1:colcon.colcon_core.package_identification:_identify(src/minisumo_core) by extensions ['colcon_meta']
[3.226s] Level 1:colcon.colcon_core.package_identification:_identify(src/minisumo_core) by extension 'colcon_meta'
[3.227s] Level 1:colcon.colcon_core.package_identification:_identify(src/minisumo_core) by extensions ['ros']
[3.228s] Level 1:colcon.colcon_core.package_identification:_identify(src/minisumo_core) by extension 'ros'
[3.245s] DEBUG:colcon.colcon_core.package_identification:Package 'src/minisumo_core' with type 'ros.ament_python' and name 'minisumo_core'
[3.245s] Level 1:colcon.colcon_core.package_discovery:discover_packages(recursive) using defaults
[3.246s] Level 1:colcon.colcon_core.package_discovery:discover_packages(ignore) discover
[3.246s] Level 1:colcon.colcon_core.package_discovery:discover_packages(ignore) using defaults
[3.246s] Level 1:colcon.colcon_core.package_discovery:discover_packages(path) discover
[3.247s] Level 1:colcon.colcon_core.package_discovery:discover_packages(path) using defaults
[3.352s] Level 1:colcon.colcon_core.package_discovery:discover_packages(prefix_path) check parameters
[3.352s] Level 1:colcon.colcon_core.package_discovery:discover_packages(prefix_path) discover
[3.373s] DEBUG:colcon.colcon_installed_package_information.package_discovery:Found 264 installed packages in /opt/ros/foxy
[3.390s] Level 1:colcon.colcon_core.package_discovery:discover_packages(prefix_path) using defaults
[4.004s] Level 5:colcon.colcon_core.verb:set package 'minisumo_core' build argument 'cmake_args' from command line to 'None'
[4.004s] Level 5:colcon.colcon_core.verb:set package 'minisumo_core' build argument 'cmake_target' from command line to 'None'
[4.005s] Level 5:colcon.colcon_core.verb:set package 'minisumo_core' build argument 'cmake_target_skip_unavailable' from command line to 'False'
[4.005s] Level 5:colcon.colcon_core.verb:set package 'minisumo_core' build argument 'cmake_clean_cache' from command line to 'False'
[4.005s] Level 5:colcon.colcon_core.verb:set package 'minisumo_core' build argument 'cmake_clean_first' from command line to 'False'
[4.006s] Level 5:colcon.colcon_core.verb:set package 'minisumo_core' build argument 'cmake_force_configure' from command line to 'False'
[4.006s] Level 5:colcon.colcon_core.verb:set package 'minisumo_core' build argument 'ament_cmake_args' from command line to 'None'
[4.006s] Level 5:colcon.colcon_core.verb:set package 'minisumo_core' build argument 'catkin_cmake_args' from command line to 'None'
[4.006s] Level 5:colcon.colcon_core.verb:set package 'minisumo_core' build argument 'catkin_skip_building_tests' from command line to 'False'
[4.007s] DEBUG:colcon.colcon_core.verb:Building package 'minisumo_core' with the following arguments: {'ament_cmake_args': None, 'build_base': '/home/dae/ros2_ws/build/minisumo_core', 'catkin_cmake_args': None, 'catkin_skip_building_tests': False, 'cmake_args': None, 'cmake_clean_cache': False, 'cmake_clean_first': False, 'cmake_force_configure': False, 'cmake_target': None, 'cmake_target_skip_unavailable': False, 'install_base': '/home/dae/ros2_ws/install/minisumo_core', 'merge_install': False, 'path': '/home/dae/ros2_ws/src/minisumo_core', 'symlink_install': False, 'test_result_base': None}
[4.008s] INFO:colcon.colcon_core.executor:Executing jobs using 'parallel' executor
[4.014s] DEBUG:colcon.colcon_parallel_executor.executor.parallel:run_until_complete
[4.016s] INFO:colcon.colcon_ros.task.ament_python.build:Building ROS package in '/home/dae/ros2_ws/src/minisumo_core' with build type 'ament_python'
[4.018s] Level 1:colcon.colcon_core.shell:create_environment_hook('minisumo_core', 'ament_prefix_path')
[4.037s] INFO:colcon.colcon_core.plugin_system:Skipping extension 'colcon_core.shell.bat': Not used on non-Windows systems
[4.039s] INFO:colcon.colcon_core.shell:Creating environment hook '/home/dae/ros2_ws/install/minisumo_core/share/minisumo_core/hook/ament_prefix_path.ps1'
[4.043s] INFO:colcon.colcon_core.shell:Creating environment descriptor '/home/dae/ros2_ws/install/minisumo_core/share/minisumo_core/hook/ament_prefix_path.dsv'
[4.048s] INFO:colcon.colcon_core.shell:Creating environment hook '/home/dae/ros2_ws/install/minisumo_core/share/minisumo_core/hook/ament_prefix_path.sh'
[4.059s] INFO:colcon.colcon_core.shell:Skip shell extension 'powershell' for command environment: Not usable outside of PowerShell
[4.059s] DEBUG:colcon.colcon_core.shell:Skip shell extension 'dsv' for command environment
[5.916s] INFO:colcon.colcon_core.task.python.build:Building Python package in '/home/dae/ros2_ws/src/minisumo_core'
[5.919s] INFO:colcon.colcon_core.shell:Skip shell extension 'powershell' for command environment: Not usable outside of PowerShell
[5.919s] DEBUG:colcon.colcon_core.shell:Skip shell extension 'dsv' for command environment
[9.067s] DEBUG:colcon.colcon_core.event_handler.log_command:Invoking command in '/home/dae/ros2_ws/src/minisumo_core': PYTHONPATH=/home/dae/ros2_ws/build/minisumo_core/prefix_override:/usr/lib/python3/dist-packages/colcon_core/task/python/colcon_distutils_commands:/home/dae/ros2_ws/install/minisumo_core/lib/python3.8/site-packages:${PYTHONPATH} /usr/bin/python3 -W ignore:setup.py install is deprecated -W ignore:easy_install command is deprecated setup.py egg_info --egg-base ../../build/minisumo_core build --build-base /home/dae/ros2_ws/build/minisumo_core/build install --record /home/dae/ros2_ws/build/minisumo_core/install.log --install-scripts $base/lib/minisumo_core --single-version-externally-managed install_data
[11.533s] DEBUG:colcon.colcon_core.event_handler.log_command:Invoked command in '/home/dae/ros2_ws/src/minisumo_core' returned '0': PYTHONPATH=/home/dae/ros2_ws/build/minisumo_core/prefix_override:/usr/lib/python3/dist-packages/colcon_core/task/python/colcon_distutils_commands:/home/dae/ros2_ws/install/minisumo_core/lib/python3.8/site-packages:${PYTHONPATH} /usr/bin/python3 -W ignore:setup.py install is deprecated -W ignore:easy_install command is deprecated setup.py egg_info --egg-base ../../build/minisumo_core build --build-base /home/dae/ros2_ws/build/minisumo_core/build install --record /home/dae/ros2_ws/build/minisumo_core/install.log --install-scripts $base/lib/minisumo_core --single-version-externally-managed install_data
[11.549s] Level 1:colcon.colcon_core.environment:checking '/home/dae/ros2_ws/install/minisumo_core' for CMake module files
[11.553s] Level 1:colcon.colcon_core.environment:checking '/home/dae/ros2_ws/install/minisumo_core' for CMake config files
[11.558s] Level 1:colcon.colcon_core.environment:checking '/home/dae/ros2_ws/install/minisumo_core/lib'
[11.560s] Level 1:colcon.colcon_core.environment:checking '/home/dae/ros2_ws/install/minisumo_core/bin'
[11.560s] Level 1:colcon.colcon_core.environment:checking '/home/dae/ros2_ws/install/minisumo_core/lib/pkgconfig/minisumo_core.pc'
[11.562s] Level 1:colcon.colcon_core.environment:checking '/home/dae/ros2_ws/install/minisumo_core/lib/python3.8/site-packages'
[11.563s] Level 1:colcon.colcon_core.shell:create_environment_hook('minisumo_core', 'pythonpath')
[11.565s] INFO:colcon.colcon_core.shell:Creating environment hook '/home/dae/ros2_ws/install/minisumo_core/share/minisumo_core/hook/pythonpath.ps1'
[11.569s] INFO:colcon.colcon_core.shell:Creating environment descriptor '/home/dae/ros2_ws/install/minisumo_core/share/minisumo_core/hook/pythonpath.dsv'
[11.573s] INFO:colcon.colcon_core.shell:Creating environment hook '/home/dae/ros2_ws/install/minisumo_core/share/minisumo_core/hook/pythonpath.sh'
[11.580s] Level 1:colcon.colcon_core.environment:checking '/home/dae/ros2_ws/install/minisumo_core/bin'
[11.581s] Level 1:colcon.colcon_core.environment:create_environment_scripts_only(minisumo_core)
[11.584s] INFO:colcon.colcon_core.shell:Creating package script '/home/dae/ros2_ws/install/minisumo_core/share/minisumo_core/package.ps1'
[11.590s] INFO:colcon.colcon_core.shell:Creating package descriptor '/home/dae/ros2_ws/install/minisumo_core/share/minisumo_core/package.dsv'
[11.595s] INFO:colcon.colcon_core.shell:Creating package script '/home/dae/ros2_ws/install/minisumo_core/share/minisumo_core/package.sh'
[11.602s] INFO:colcon.colcon_core.shell:Creating package script '/home/dae/ros2_ws/install/minisumo_core/share/minisumo_core/package.bash'
[11.608s] INFO:colcon.colcon_core.shell:Creating package script '/home/dae/ros2_ws/install/minisumo_core/share/minisumo_core/package.zsh'
[11.614s] Level 1:colcon.colcon_core.environment:create_file_with_runtime_dependencies(/home/dae/ros2_ws/install/minisumo_core/share/colcon-core/packages/minisumo_core)
[11.616s] DEBUG:colcon.colcon_parallel_executor.executor.parallel:closing loop
[11.620s] DEBUG:colcon.colcon_parallel_executor.executor.parallel:loop closed
[11.622s] DEBUG:colcon.colcon_parallel_executor.executor.parallel:run_until_complete finished with '0'
[11.623s] DEBUG:colcon.colcon_core.event_reactor:joining thread
[11.664s] INFO:colcon.colcon_core.plugin_system:Skipping extension 'colcon_notification.desktop_notification.terminal_notifier': Not used on non-Darwin systems
[11.665s] INFO:colcon.colcon_core.plugin_system:Skipping extension 'colcon_notification.desktop_notification.win32': Not used on non-Windows systems
[11.667s] INFO:colcon.colcon_notification.desktop_notification:Sending desktop notification using 'notify2'
[11.716s] DEBUG:colcon.colcon_core.event_reactor:joined thread
[11.719s] INFO:colcon.colcon_core.shell:Creating prefix script '/home/dae/ros2_ws/install/local_setup.ps1'
[11.733s] INFO:colcon.colcon_core.shell:Creating prefix util module '/home/dae/ros2_ws/install/_local_setup_util_ps1.py'
[11.750s] INFO:colcon.colcon_core.shell:Creating prefix chain script '/home/dae/ros2_ws/install/setup.ps1'
[11.758s] INFO:colcon.colcon_core.shell:Creating prefix script '/home/dae/ros2_ws/install/local_setup.sh'
[11.763s] INFO:colcon.colcon_core.shell:Creating prefix util module '/home/dae/ros2_ws/install/_local_setup_util_sh.py'
[11.768s] INFO:colcon.colcon_core.shell:Creating prefix chain script '/home/dae/ros2_ws/install/setup.sh'
[11.777s] INFO:colcon.colcon_core.shell:Creating prefix script '/home/dae/ros2_ws/install/local_setup.bash'
[11.782s] INFO:colcon.colcon_core.shell:Creating prefix chain script '/home/dae/ros2_ws/install/setup.bash'
[11.789s] INFO:colcon.colcon_core.shell:Creating prefix script '/home/dae/ros2_ws/install/local_setup.zsh'
[11.792s] INFO:colcon.colcon_core.shell:Creating prefix chain script '/home/dae/ros2_ws/install/setup.zsh'
