[12.726s] Invoking command in '/home/dae/ros2_ws/src/mobile_robot': PYTHONPATH=/home/dae/ros2_ws/build/mobile_robot/prefix_override:/usr/lib/python3/dist-packages/colcon_core/task/python/colcon_distutils_commands:/home/dae/ros2_ws/install/mobile_robot/lib/python3.8/site-packages:${PYTHONPATH} /usr/bin/python3 -W ignore:setup.py install is deprecated -W ignore:easy_install command is deprecated setup.py egg_info --egg-base ../../build/mobile_robot build --build-base /home/dae/ros2_ws/build/mobile_robot/build install --record /home/dae/ros2_ws/build/mobile_robot/install.log --single-version-externally-managed install_data
[16.031s] running egg_info
[16.042s] writing ../../build/mobile_robot/mobile_robot.egg-info/PKG-INFO
[16.046s] writing dependency_links to ../../build/mobile_robot/mobile_robot.egg-info/dependency_links.txt
[16.048s] writing entry points to ../../build/mobile_robot/mobile_robot.egg-info/entry_points.txt
[16.050s] writing requirements to ../../build/mobile_robot/mobile_robot.egg-info/requires.txt
[16.052s] writing top-level names to ../../build/mobile_robot/mobile_robot.egg-info/top_level.txt
[16.538s] reading manifest file '../../build/mobile_robot/mobile_robot.egg-info/SOURCES.txt'
[16.553s] writing manifest file '../../build/mobile_robot/mobile_robot.egg-info/SOURCES.txt'
[16.555s] running build
[16.557s] running build_py
[16.558s] running install
[16.568s] running install_lib
[16.586s] running install_data
[16.589s] running install_egg_info
[16.609s] removing '/home/dae/ros2_ws/install/mobile_robot/lib/python3.8/site-packages/mobile_robot-0.0.0-py3.8.egg-info' (and everything under it)
[16.616s] Copying ../../build/mobile_robot/mobile_robot.egg-info to /home/dae/ros2_ws/install/mobile_robot/lib/python3.8/site-packages/mobile_robot-0.0.0-py3.8.egg-info
[16.628s] running install_scripts
[16.845s] Installing my_robot_controller script to /home/dae/ros2_ws/install/mobile_robot/lib/mobile_robot
[16.853s] writing list of installed files to '/home/dae/ros2_ws/build/mobile_robot/install.log'
[17.062s] Invoked command in '/home/dae/ros2_ws/src/mobile_robot' returned '0': PYTHONPATH=/home/dae/ros2_ws/build/mobile_robot/prefix_override:/usr/lib/python3/dist-packages/colcon_core/task/python/colcon_distutils_commands:/home/dae/ros2_ws/install/mobile_robot/lib/python3.8/site-packages:${PYTHONPATH} /usr/bin/python3 -W ignore:setup.py install is deprecated -W ignore:easy_install command is deprecated setup.py egg_info --egg-base ../../build/mobile_robot build --build-base /home/dae/ros2_ws/build/mobile_robot/build install --record /home/dae/ros2_ws/build/mobile_robot/install.log --single-version-externally-managed install_data
