[1.881s] DEBUG:colcon:Command line arguments: ['/usr/bin/colcon', 'build']
[1.881s] DEBUG:colcon:Parsed command line arguments: Namespace(allow_overriding=[], ament_cmake_args=None, base_paths=['.'], build_base='build', catkin_cmake_args=None, catkin_skip_building_tests=False, cmake_args=None, cmake_clean_cache=False, cmake_clean_first=False, cmake_force_configure=False, cmake_target=None, cmake_target_skip_unavailable=False, continue_on_error=False, event_handlers=None, executor='parallel', ignore_user_meta=False, install_base='install', log_base=None, log_level=None, main=<bound method BuildVerb.main of <colcon_core.verb.build.BuildVerb object at 0x7f182c3b84c0>>, merge_install=False, metas=['./colcon.meta'], packages_above=None, packages_above_and_dependencies=None, packages_above_depth=None, packages_end=None, packages_ignore=None, packages_ignore_regex=None, packages_select=None, packages_select_build_failed=False, packages_select_by_dep=None, packages_select_regex=None, packages_select_test_failures=False, packages_skip=None, packages_skip_build_finished=False, packages_skip_by_dep=None, packages_skip_regex=None, packages_skip_test_passed=False, packages_skip_up_to=None, packages_start=None, packages_up_to=None, packages_up_to_regex=None, parallel_workers=4, paths=None, symlink_install=False, test_result_base=None, verb_extension=<colcon_core.verb.build.BuildVerb object at 0x7f182c3b84c0>, verb_name='build', verb_parser=<colcon_defaults.argument_parser.defaults.DefaultArgumentsDecorator object at 0x7f182c3c6130>)
[3.538s] Level 1:colcon.colcon_core.package_discovery:discover_packages(colcon_meta) check parameters
[3.539s] Level 1:colcon.colcon_core.package_discovery:discover_packages(recursive) check parameters
[3.539s] Level 1:colcon.colcon_core.package_discovery:discover_packages(ignore) check parameters
[3.540s] Level 1:colcon.colcon_core.package_discovery:discover_packages(path) check parameters
[3.540s] Level 1:colcon.colcon_core.package_discovery:discover_packages(colcon_meta) discover
[3.541s] Level 1:colcon.colcon_core.package_discovery:discover_packages(recursive) discover
[3.541s] INFO:colcon.colcon_core.package_discovery:Crawling recursively for packages in '/home/dae/ros2_ws/src'
[3.543s] Level 1:colcon.colcon_core.package_identification:_identify(.) by extensions ['ignore', 'ignore_ament_install']
[3.547s] Level 1:colcon.colcon_core.package_identification:_identify(.) by extension 'ignore'
[3.548s] Level 1:colcon.colcon_core.package_identification:_identify(.) by extension 'ignore_ament_install'
[3.549s] Level 1:colcon.colcon_core.package_identification:_identify(.) by extensions ['colcon_pkg']
[3.549s] Level 1:colcon.colcon_core.package_identification:_identify(.) by extension 'colcon_pkg'
[3.550s] Level 1:colcon.colcon_core.package_identification:_identify(.) by extensions ['colcon_meta']
[3.550s] Level 1:colcon.colcon_core.package_identification:_identify(.) by extension 'colcon_meta'
[3.551s] Level 1:colcon.colcon_core.package_identification:_identify(.) by extensions ['ros']
[3.551s] Level 1:colcon.colcon_core.package_identification:_identify(.) by extension 'ros'
[3.653s] Level 1:colcon.colcon_core.package_identification:_identify(.) by extensions ['cmake', 'python']
[3.654s] Level 1:colcon.colcon_core.package_identification:_identify(.) by extension 'cmake'
[3.655s] Level 1:colcon.colcon_core.package_identification:_identify(.) by extension 'python'
[3.657s] Level 1:colcon.colcon_core.package_identification:_identify(.) by extensions ['python_setup_py']
[3.657s] Level 1:colcon.colcon_core.package_identification:_identify(.) by extension 'python_setup_py'
[3.659s] Level 1:colcon.colcon_core.package_identification:_identify(build) by extensions ['ignore', 'ignore_ament_install']
[3.661s] Level 1:colcon.colcon_core.package_identification:_identify(build) by extension 'ignore'
[3.662s] Level 1:colcon.colcon_core.package_identification:_identify(build) ignored
[3.663s] Level 1:colcon.colcon_core.package_identification:_identify(install) by extensions ['ignore', 'ignore_ament_install']
[3.663s] Level 1:colcon.colcon_core.package_identification:_identify(install) by extension 'ignore'
[3.664s] Level 1:colcon.colcon_core.package_identification:_identify(install) ignored
[3.665s] Level 1:colcon.colcon_core.package_identification:_identify(log) by extensions ['ignore', 'ignore_ament_install']
[3.666s] Level 1:colcon.colcon_core.package_identification:_identify(log) by extension 'ignore'
[3.666s] Level 1:colcon.colcon_core.package_identification:_identify(log) ignored
[3.667s] Level 1:colcon.colcon_core.package_identification:_identify(minisumo_core) by extensions ['ignore', 'ignore_ament_install']
[3.668s] Level 1:colcon.colcon_core.package_identification:_identify(minisumo_core) by extension 'ignore'
[3.668s] Level 1:colcon.colcon_core.package_identification:_identify(minisumo_core) by extension 'ignore_ament_install'
[3.669s] Level 1:colcon.colcon_core.package_identification:_identify(minisumo_core) by extensions ['colcon_pkg']
[3.670s] Level 1:colcon.colcon_core.package_identification:_identify(minisumo_core) by extension 'colcon_pkg'
[3.670s] Level 1:colcon.colcon_core.package_identification:_identify(minisumo_core) by extensions ['colcon_meta']
[3.671s] Level 1:colcon.colcon_core.package_identification:_identify(minisumo_core) by extension 'colcon_meta'
[3.671s] Level 1:colcon.colcon_core.package_identification:_identify(minisumo_core) by extensions ['ros']
[3.672s] Level 1:colcon.colcon_core.package_identification:_identify(minisumo_core) by extension 'ros'
[3.688s] DEBUG:colcon.colcon_core.package_identification:Package 'minisumo_core' with type 'ros.ament_python' and name 'minisumo_core'
[3.689s] Level 1:colcon.colcon_core.package_discovery:discover_packages(recursive) using defaults
[3.689s] Level 1:colcon.colcon_core.package_discovery:discover_packages(ignore) discover
[3.689s] Level 1:colcon.colcon_core.package_discovery:discover_packages(ignore) using defaults
[3.690s] Level 1:colcon.colcon_core.package_discovery:discover_packages(path) discover
[3.690s] Level 1:colcon.colcon_core.package_discovery:discover_packages(path) using defaults
[3.827s] Level 1:colcon.colcon_core.package_discovery:discover_packages(prefix_path) check parameters
[3.828s] Level 1:colcon.colcon_core.package_discovery:discover_packages(prefix_path) discover
[3.852s] DEBUG:colcon.colcon_installed_package_information.package_discovery:Found 1 installed packages in /home/dae/ros2_ws/src/install
[3.860s] DEBUG:colcon.colcon_installed_package_information.package_discovery:Found 3 installed packages in /home/dae/ros2_ws/install
[3.876s] DEBUG:colcon.colcon_installed_package_information.package_discovery:Found 264 installed packages in /opt/ros/foxy
[3.896s] Level 1:colcon.colcon_core.package_discovery:discover_packages(prefix_path) using defaults
[4.643s] Level 5:colcon.colcon_core.verb:set package 'minisumo_core' build argument 'cmake_args' from command line to 'None'
[4.643s] Level 5:colcon.colcon_core.verb:set package 'minisumo_core' build argument 'cmake_target' from command line to 'None'
[4.643s] Level 5:colcon.colcon_core.verb:set package 'minisumo_core' build argument 'cmake_target_skip_unavailable' from command line to 'False'
[4.644s] Level 5:colcon.colcon_core.verb:set package 'minisumo_core' build argument 'cmake_clean_cache' from command line to 'False'
[4.644s] Level 5:colcon.colcon_core.verb:set package 'minisumo_core' build argument 'cmake_clean_first' from command line to 'False'
[4.645s] Level 5:colcon.colcon_core.verb:set package 'minisumo_core' build argument 'cmake_force_configure' from command line to 'False'
[4.646s] Level 5:colcon.colcon_core.verb:set package 'minisumo_core' build argument 'ament_cmake_args' from command line to 'None'
[4.646s] Level 5:colcon.colcon_core.verb:set package 'minisumo_core' build argument 'catkin_cmake_args' from command line to 'None'
[4.647s] Level 5:colcon.colcon_core.verb:set package 'minisumo_core' build argument 'catkin_skip_building_tests' from command line to 'False'
[4.647s] DEBUG:colcon.colcon_core.verb:Building package 'minisumo_core' with the following arguments: {'ament_cmake_args': None, 'build_base': '/home/dae/ros2_ws/src/build/minisumo_core', 'catkin_cmake_args': None, 'catkin_skip_building_tests': False, 'cmake_args': None, 'cmake_clean_cache': False, 'cmake_clean_first': False, 'cmake_force_configure': False, 'cmake_target': None, 'cmake_target_skip_unavailable': False, 'install_base': '/home/dae/ros2_ws/src/install/minisumo_core', 'merge_install': False, 'path': '/home/dae/ros2_ws/src/minisumo_core', 'symlink_install': False, 'test_result_base': None}
[4.649s] INFO:colcon.colcon_core.executor:Executing jobs using 'parallel' executor
[4.656s] DEBUG:colcon.colcon_parallel_executor.executor.parallel:run_until_complete
[4.659s] INFO:colcon.colcon_ros.task.ament_python.build:Building ROS package in '/home/dae/ros2_ws/src/minisumo_core' with build type 'ament_python'
[4.662s] Level 1:colcon.colcon_core.shell:create_environment_hook('minisumo_core', 'ament_prefix_path')
[4.695s] INFO:colcon.colcon_core.plugin_system:Skipping extension 'colcon_core.shell.bat': Not used on non-Windows systems
[4.697s] INFO:colcon.colcon_core.shell:Creating environment hook '/home/dae/ros2_ws/src/install/minisumo_core/share/minisumo_core/hook/ament_prefix_path.ps1'
[4.702s] INFO:colcon.colcon_core.shell:Creating environment descriptor '/home/dae/ros2_ws/src/install/minisumo_core/share/minisumo_core/hook/ament_prefix_path.dsv'
[4.708s] INFO:colcon.colcon_core.shell:Creating environment hook '/home/dae/ros2_ws/src/install/minisumo_core/share/minisumo_core/hook/ament_prefix_path.sh'
[4.719s] INFO:colcon.colcon_core.shell:Skip shell extension 'powershell' for command environment: Not usable outside of PowerShell
[4.720s] DEBUG:colcon.colcon_core.shell:Skip shell extension 'dsv' for command environment
[7.184s] INFO:colcon.colcon_core.task.python.build:Building Python package in '/home/dae/ros2_ws/src/minisumo_core'
[7.187s] INFO:colcon.colcon_core.shell:Skip shell extension 'powershell' for command environment: Not usable outside of PowerShell
[7.187s] DEBUG:colcon.colcon_core.shell:Skip shell extension 'dsv' for command environment
[11.275s] DEBUG:colcon.colcon_core.event_handler.log_command:Invoking command in '/home/dae/ros2_ws/src/minisumo_core': PYTHONPATH=/home/dae/ros2_ws/src/build/minisumo_core/prefix_override:/usr/lib/python3/dist-packages/colcon_core/task/python/colcon_distutils_commands:/home/dae/ros2_ws/src/install/minisumo_core/lib/python3.8/site-packages:${PYTHONPATH} /usr/bin/python3 -W ignore:setup.py install is deprecated -W ignore:easy_install command is deprecated setup.py egg_info --egg-base ../build/minisumo_core build --build-base /home/dae/ros2_ws/src/build/minisumo_core/build install --record /home/dae/ros2_ws/src/build/minisumo_core/install.log --install-scripts $base/lib/minisumo_core --single-version-externally-managed install_data
[14.401s] DEBUG:colcon.colcon_core.event_handler.log_command:Invoked command in '/home/dae/ros2_ws/src/minisumo_core' returned '0': PYTHONPATH=/home/dae/ros2_ws/src/build/minisumo_core/prefix_override:/usr/lib/python3/dist-packages/colcon_core/task/python/colcon_distutils_commands:/home/dae/ros2_ws/src/install/minisumo_core/lib/python3.8/site-packages:${PYTHONPATH} /usr/bin/python3 -W ignore:setup.py install is deprecated -W ignore:easy_install command is deprecated setup.py egg_info --egg-base ../build/minisumo_core build --build-base /home/dae/ros2_ws/src/build/minisumo_core/build install --record /home/dae/ros2_ws/src/build/minisumo_core/install.log --install-scripts $base/lib/minisumo_core --single-version-externally-managed install_data
[14.429s] Level 1:colcon.colcon_core.environment:checking '/home/dae/ros2_ws/src/install/minisumo_core' for CMake module files
[14.433s] Level 1:colcon.colcon_core.environment:checking '/home/dae/ros2_ws/src/install/minisumo_core' for CMake config files
[14.438s] Level 1:colcon.colcon_core.environment:checking '/home/dae/ros2_ws/src/install/minisumo_core/lib'
[14.439s] Level 1:colcon.colcon_core.environment:checking '/home/dae/ros2_ws/src/install/minisumo_core/bin'
[14.441s] Level 1:colcon.colcon_core.environment:checking '/home/dae/ros2_ws/src/install/minisumo_core/lib/pkgconfig/minisumo_core.pc'
[14.446s] Level 1:colcon.colcon_core.environment:checking '/home/dae/ros2_ws/src/install/minisumo_core/lib/python3.8/site-packages'
[14.447s] Level 1:colcon.colcon_core.shell:create_environment_hook('minisumo_core', 'pythonpath')
[14.450s] INFO:colcon.colcon_core.shell:Creating environment hook '/home/dae/ros2_ws/src/install/minisumo_core/share/minisumo_core/hook/pythonpath.ps1'
[14.454s] INFO:colcon.colcon_core.shell:Creating environment descriptor '/home/dae/ros2_ws/src/install/minisumo_core/share/minisumo_core/hook/pythonpath.dsv'
[14.459s] INFO:colcon.colcon_core.shell:Creating environment hook '/home/dae/ros2_ws/src/install/minisumo_core/share/minisumo_core/hook/pythonpath.sh'
[14.464s] Level 1:colcon.colcon_core.environment:checking '/home/dae/ros2_ws/src/install/minisumo_core/bin'
[14.464s] Level 1:colcon.colcon_core.environment:create_environment_scripts_only(minisumo_core)
[14.467s] INFO:colcon.colcon_core.shell:Creating package script '/home/dae/ros2_ws/src/install/minisumo_core/share/minisumo_core/package.ps1'
[14.474s] INFO:colcon.colcon_core.shell:Creating package descriptor '/home/dae/ros2_ws/src/install/minisumo_core/share/minisumo_core/package.dsv'
[14.479s] INFO:colcon.colcon_core.shell:Creating package script '/home/dae/ros2_ws/src/install/minisumo_core/share/minisumo_core/package.sh'
[14.486s] INFO:colcon.colcon_core.shell:Creating package script '/home/dae/ros2_ws/src/install/minisumo_core/share/minisumo_core/package.bash'
[14.492s] INFO:colcon.colcon_core.shell:Creating package script '/home/dae/ros2_ws/src/install/minisumo_core/share/minisumo_core/package.zsh'
[14.498s] Level 1:colcon.colcon_core.environment:create_file_with_runtime_dependencies(/home/dae/ros2_ws/src/install/minisumo_core/share/colcon-core/packages/minisumo_core)
[14.500s] DEBUG:colcon.colcon_parallel_executor.executor.parallel:closing loop
[14.503s] DEBUG:colcon.colcon_parallel_executor.executor.parallel:loop closed
[14.504s] DEBUG:colcon.colcon_parallel_executor.executor.parallel:run_until_complete finished with '0'
[14.505s] DEBUG:colcon.colcon_core.event_reactor:joining thread
[14.578s] INFO:colcon.colcon_core.plugin_system:Skipping extension 'colcon_notification.desktop_notification.terminal_notifier': Not used on non-Darwin systems
[14.579s] INFO:colcon.colcon_core.plugin_system:Skipping extension 'colcon_notification.desktop_notification.win32': Not used on non-Windows systems
[14.579s] INFO:colcon.colcon_notification.desktop_notification:Sending desktop notification using 'notify2'
[14.616s] DEBUG:colcon.colcon_core.event_reactor:joined thread
[14.620s] INFO:colcon.colcon_core.shell:Creating prefix script '/home/dae/ros2_ws/src/install/local_setup.ps1'
[14.632s] INFO:colcon.colcon_core.shell:Creating prefix util module '/home/dae/ros2_ws/src/install/_local_setup_util_ps1.py'
[14.650s] INFO:colcon.colcon_core.shell:Creating prefix chain script '/home/dae/ros2_ws/src/install/setup.ps1'
[14.661s] INFO:colcon.colcon_core.shell:Creating prefix script '/home/dae/ros2_ws/src/install/local_setup.sh'
[14.665s] INFO:colcon.colcon_core.shell:Creating prefix util module '/home/dae/ros2_ws/src/install/_local_setup_util_sh.py'
[14.670s] INFO:colcon.colcon_core.shell:Creating prefix chain script '/home/dae/ros2_ws/src/install/setup.sh'
[14.681s] INFO:colcon.colcon_core.shell:Creating prefix script '/home/dae/ros2_ws/src/install/local_setup.bash'
[14.685s] INFO:colcon.colcon_core.shell:Creating prefix chain script '/home/dae/ros2_ws/src/install/setup.bash'
[14.697s] INFO:colcon.colcon_core.shell:Creating prefix script '/home/dae/ros2_ws/src/install/local_setup.zsh'
[14.703s] INFO:colcon.colcon_core.shell:Creating prefix chain script '/home/dae/ros2_ws/src/install/setup.zsh'
