[2.181s] DEBUG:colcon:Command line arguments: ['/usr/bin/colcon', 'build']
[2.182s] DEBUG:colcon:Parsed command line arguments: Namespace(allow_overriding=[], ament_cmake_args=None, base_paths=['.'], build_base='build', catkin_cmake_args=None, catkin_skip_building_tests=False, cmake_args=None, cmake_clean_cache=False, cmake_clean_first=False, cmake_force_configure=False, cmake_target=None, cmake_target_skip_unavailable=False, continue_on_error=False, event_handlers=None, executor='parallel', ignore_user_meta=False, install_base='install', log_base=None, log_level=None, main=<bound method BuildVerb.main of <colcon_core.verb.build.BuildVerb object at 0x7f0cfb3215b0>>, merge_install=False, metas=['./colcon.meta'], packages_above=None, packages_above_and_dependencies=None, packages_above_depth=None, packages_end=None, packages_ignore=None, packages_ignore_regex=None, packages_select=None, packages_select_build_failed=False, packages_select_by_dep=None, packages_select_regex=None, packages_select_test_failures=False, packages_skip=None, packages_skip_build_finished=False, packages_skip_by_dep=None, packages_skip_regex=None, packages_skip_test_passed=False, packages_skip_up_to=None, packages_start=None, packages_up_to=None, packages_up_to_regex=None, parallel_workers=4, paths=None, symlink_install=False, test_result_base=None, verb_extension=<colcon_core.verb.build.BuildVerb object at 0x7f0cfb3215b0>, verb_name='build', verb_parser=<colcon_defaults.argument_parser.defaults.DefaultArgumentsDecorator object at 0x7f0cfb2b3190>)
[4.113s] Level 1:colcon.colcon_core.package_discovery:discover_packages(colcon_meta) check parameters
[4.113s] Level 1:colcon.colcon_core.package_discovery:discover_packages(recursive) check parameters
[4.114s] Level 1:colcon.colcon_core.package_discovery:discover_packages(ignore) check parameters
[4.114s] Level 1:colcon.colcon_core.package_discovery:discover_packages(path) check parameters
[4.114s] Level 1:colcon.colcon_core.package_discovery:discover_packages(colcon_meta) discover
[4.116s] Level 1:colcon.colcon_core.package_discovery:discover_packages(recursive) discover
[4.116s] INFO:colcon.colcon_core.package_discovery:Crawling recursively for packages in '/home/dae/ros2_ws'
[4.117s] Level 1:colcon.colcon_core.package_identification:_identify(.) by extensions ['ignore', 'ignore_ament_install']
[4.118s] Level 1:colcon.colcon_core.package_identification:_identify(.) by extension 'ignore'
[4.118s] Level 1:colcon.colcon_core.package_identification:_identify(.) by extension 'ignore_ament_install'
[4.119s] Level 1:colcon.colcon_core.package_identification:_identify(.) by extensions ['colcon_pkg']
[4.119s] Level 1:colcon.colcon_core.package_identification:_identify(.) by extension 'colcon_pkg'
[4.119s] Level 1:colcon.colcon_core.package_identification:_identify(.) by extensions ['colcon_meta']
[4.120s] Level 1:colcon.colcon_core.package_identification:_identify(.) by extension 'colcon_meta'
[4.120s] Level 1:colcon.colcon_core.package_identification:_identify(.) by extensions ['ros']
[4.121s] Level 1:colcon.colcon_core.package_identification:_identify(.) by extension 'ros'
[4.234s] Level 1:colcon.colcon_core.package_identification:_identify(.) by extensions ['cmake', 'python']
[4.234s] Level 1:colcon.colcon_core.package_identification:_identify(.) by extension 'cmake'
[4.235s] Level 1:colcon.colcon_core.package_identification:_identify(.) by extension 'python'
[4.235s] Level 1:colcon.colcon_core.package_identification:_identify(.) by extensions ['python_setup_py']
[4.236s] Level 1:colcon.colcon_core.package_identification:_identify(.) by extension 'python_setup_py'
[4.236s] Level 1:colcon.colcon_core.package_identification:_identify(build) by extensions ['ignore', 'ignore_ament_install']
[4.237s] Level 1:colcon.colcon_core.package_identification:_identify(build) by extension 'ignore'
[4.238s] Level 1:colcon.colcon_core.package_identification:_identify(build) ignored
[4.239s] Level 1:colcon.colcon_core.package_identification:_identify(install) by extensions ['ignore', 'ignore_ament_install']
[4.239s] Level 1:colcon.colcon_core.package_identification:_identify(install) by extension 'ignore'
[4.240s] Level 1:colcon.colcon_core.package_identification:_identify(install) ignored
[4.241s] Level 1:colcon.colcon_core.package_identification:_identify(log) by extensions ['ignore', 'ignore_ament_install']
[4.241s] Level 1:colcon.colcon_core.package_identification:_identify(log) by extension 'ignore'
[4.242s] Level 1:colcon.colcon_core.package_identification:_identify(log) ignored
[4.255s] Level 1:colcon.colcon_core.package_identification:_identify(src) by extensions ['ignore', 'ignore_ament_install']
[4.256s] Level 1:colcon.colcon_core.package_identification:_identify(src) by extension 'ignore'
[4.257s] Level 1:colcon.colcon_core.package_identification:_identify(src) by extension 'ignore_ament_install'
[4.257s] Level 1:colcon.colcon_core.package_identification:_identify(src) by extensions ['colcon_pkg']
[4.258s] Level 1:colcon.colcon_core.package_identification:_identify(src) by extension 'colcon_pkg'
[4.258s] Level 1:colcon.colcon_core.package_identification:_identify(src) by extensions ['colcon_meta']
[4.259s] Level 1:colcon.colcon_core.package_identification:_identify(src) by extension 'colcon_meta'
[4.259s] Level 1:colcon.colcon_core.package_identification:_identify(src) by extensions ['ros']
[4.259s] Level 1:colcon.colcon_core.package_identification:_identify(src) by extension 'ros'
[4.260s] Level 1:colcon.colcon_core.package_identification:_identify(src) by extensions ['cmake', 'python']
[4.261s] Level 1:colcon.colcon_core.package_identification:_identify(src) by extension 'cmake'
[4.261s] Level 1:colcon.colcon_core.package_identification:_identify(src) by extension 'python'
[4.262s] Level 1:colcon.colcon_core.package_identification:_identify(src) by extensions ['python_setup_py']
[4.262s] Level 1:colcon.colcon_core.package_identification:_identify(src) by extension 'python_setup_py'
[4.263s] Level 1:colcon.colcon_core.package_identification:_identify(src/teleop_esp32) by extensions ['ignore', 'ignore_ament_install']
[4.264s] Level 1:colcon.colcon_core.package_identification:_identify(src/teleop_esp32) by extension 'ignore'
[4.265s] Level 1:colcon.colcon_core.package_identification:_identify(src/teleop_esp32) by extension 'ignore_ament_install'
[4.265s] Level 1:colcon.colcon_core.package_identification:_identify(src/teleop_esp32) by extensions ['colcon_pkg']
[4.266s] Level 1:colcon.colcon_core.package_identification:_identify(src/teleop_esp32) by extension 'colcon_pkg'
[4.266s] Level 1:colcon.colcon_core.package_identification:_identify(src/teleop_esp32) by extensions ['colcon_meta']
[4.266s] Level 1:colcon.colcon_core.package_identification:_identify(src/teleop_esp32) by extension 'colcon_meta'
[4.267s] Level 1:colcon.colcon_core.package_identification:_identify(src/teleop_esp32) by extensions ['ros']
[4.267s] Level 1:colcon.colcon_core.package_identification:_identify(src/teleop_esp32) by extension 'ros'
[4.332s] DEBUG:colcon.colcon_core.package_identification:Package 'src/teleop_esp32' with type 'ros.ament_python' and name 'teleop_esp32'
[4.333s] Level 1:colcon.colcon_core.package_discovery:discover_packages(recursive) using defaults
[4.333s] Level 1:colcon.colcon_core.package_discovery:discover_packages(ignore) discover
[4.334s] Level 1:colcon.colcon_core.package_discovery:discover_packages(ignore) using defaults
[4.334s] Level 1:colcon.colcon_core.package_discovery:discover_packages(path) discover
[4.334s] Level 1:colcon.colcon_core.package_discovery:discover_packages(path) using defaults
[4.704s] Level 1:colcon.colcon_core.package_discovery:discover_packages(prefix_path) check parameters
[4.705s] Level 1:colcon.colcon_core.package_discovery:discover_packages(prefix_path) discover
[4.730s] DEBUG:colcon.colcon_installed_package_information.package_discovery:Found 1 installed packages in /home/dae/ros2_ws/install
[4.743s] DEBUG:colcon.colcon_installed_package_information.package_discovery:Found 256 installed packages in /opt/ros/foxy
[4.759s] Level 1:colcon.colcon_core.package_discovery:discover_packages(prefix_path) using defaults
[6.137s] Level 5:colcon.colcon_core.verb:set package 'teleop_esp32' build argument 'cmake_args' from command line to 'None'
[6.137s] Level 5:colcon.colcon_core.verb:set package 'teleop_esp32' build argument 'cmake_target' from command line to 'None'
[6.137s] Level 5:colcon.colcon_core.verb:set package 'teleop_esp32' build argument 'cmake_target_skip_unavailable' from command line to 'False'
[6.138s] Level 5:colcon.colcon_core.verb:set package 'teleop_esp32' build argument 'cmake_clean_cache' from command line to 'False'
[6.138s] Level 5:colcon.colcon_core.verb:set package 'teleop_esp32' build argument 'cmake_clean_first' from command line to 'False'
[6.138s] Level 5:colcon.colcon_core.verb:set package 'teleop_esp32' build argument 'cmake_force_configure' from command line to 'False'
[6.138s] Level 5:colcon.colcon_core.verb:set package 'teleop_esp32' build argument 'ament_cmake_args' from command line to 'None'
[6.139s] Level 5:colcon.colcon_core.verb:set package 'teleop_esp32' build argument 'catkin_cmake_args' from command line to 'None'
[6.139s] Level 5:colcon.colcon_core.verb:set package 'teleop_esp32' build argument 'catkin_skip_building_tests' from command line to 'False'
[6.139s] DEBUG:colcon.colcon_core.verb:Building package 'teleop_esp32' with the following arguments: {'ament_cmake_args': None, 'build_base': '/home/dae/ros2_ws/build/teleop_esp32', 'catkin_cmake_args': None, 'catkin_skip_building_tests': False, 'cmake_args': None, 'cmake_clean_cache': False, 'cmake_clean_first': False, 'cmake_force_configure': False, 'cmake_target': None, 'cmake_target_skip_unavailable': False, 'install_base': '/home/dae/ros2_ws/install/teleop_esp32', 'merge_install': False, 'path': '/home/dae/ros2_ws/src/teleop_esp32', 'symlink_install': False, 'test_result_base': None}
[6.140s] INFO:colcon.colcon_core.executor:Executing jobs using 'parallel' executor
[6.147s] DEBUG:colcon.colcon_parallel_executor.executor.parallel:run_until_complete
[6.149s] INFO:colcon.colcon_ros.task.ament_python.build:Building ROS package in '/home/dae/ros2_ws/src/teleop_esp32' with build type 'ament_python'
[6.151s] Level 1:colcon.colcon_core.shell:create_environment_hook('teleop_esp32', 'ament_prefix_path')
[6.213s] INFO:colcon.colcon_core.plugin_system:Skipping extension 'colcon_core.shell.bat': Not used on non-Windows systems
[6.214s] INFO:colcon.colcon_core.shell:Creating environment hook '/home/dae/ros2_ws/install/teleop_esp32/share/teleop_esp32/hook/ament_prefix_path.ps1'
[6.240s] INFO:colcon.colcon_core.shell:Creating environment descriptor '/home/dae/ros2_ws/install/teleop_esp32/share/teleop_esp32/hook/ament_prefix_path.dsv'
[6.281s] INFO:colcon.colcon_core.shell:Creating environment hook '/home/dae/ros2_ws/install/teleop_esp32/share/teleop_esp32/hook/ament_prefix_path.sh'
[6.289s] INFO:colcon.colcon_core.shell:Skip shell extension 'powershell' for command environment: Not usable outside of PowerShell
[6.289s] DEBUG:colcon.colcon_core.shell:Skip shell extension 'dsv' for command environment
[8.186s] INFO:colcon.colcon_core.task.python.build:Building Python package in '/home/dae/ros2_ws/src/teleop_esp32'
[8.189s] INFO:colcon.colcon_core.shell:Skip shell extension 'powershell' for command environment: Not usable outside of PowerShell
[8.189s] DEBUG:colcon.colcon_core.shell:Skip shell extension 'dsv' for command environment
[12.317s] DEBUG:colcon.colcon_core.event_handler.log_command:Invoking command in '/home/dae/ros2_ws/src/teleop_esp32': PYTHONPATH=/home/dae/ros2_ws/build/teleop_esp32/prefix_override:/usr/lib/python3/dist-packages/colcon_core/task/python/colcon_distutils_commands:/home/dae/ros2_ws/install/teleop_esp32/lib/python3.8/site-packages:${PYTHONPATH} /usr/bin/python3 -W ignore:setup.py install is deprecated -W ignore:easy_install command is deprecated setup.py egg_info --egg-base ../../build/teleop_esp32 build --build-base /home/dae/ros2_ws/build/teleop_esp32/build install --record /home/dae/ros2_ws/build/teleop_esp32/install.log --install-scripts $base/lib/teleop_esp32 --single-version-externally-managed install_data
[14.753s] DEBUG:colcon.colcon_core.event_handler.log_command:Invoked command in '/home/dae/ros2_ws/src/teleop_esp32' returned '0': PYTHONPATH=/home/dae/ros2_ws/build/teleop_esp32/prefix_override:/usr/lib/python3/dist-packages/colcon_core/task/python/colcon_distutils_commands:/home/dae/ros2_ws/install/teleop_esp32/lib/python3.8/site-packages:${PYTHONPATH} /usr/bin/python3 -W ignore:setup.py install is deprecated -W ignore:easy_install command is deprecated setup.py egg_info --egg-base ../../build/teleop_esp32 build --build-base /home/dae/ros2_ws/build/teleop_esp32/build install --record /home/dae/ros2_ws/build/teleop_esp32/install.log --install-scripts $base/lib/teleop_esp32 --single-version-externally-managed install_data
[14.824s] Level 1:colcon.colcon_core.environment:checking '/home/dae/ros2_ws/install/teleop_esp32' for CMake module files
[14.828s] Level 1:colcon.colcon_core.environment:checking '/home/dae/ros2_ws/install/teleop_esp32' for CMake config files
[14.833s] Level 1:colcon.colcon_core.environment:checking '/home/dae/ros2_ws/install/teleop_esp32/lib'
[14.834s] Level 1:colcon.colcon_core.environment:checking '/home/dae/ros2_ws/install/teleop_esp32/bin'
[14.834s] Level 1:colcon.colcon_core.environment:checking '/home/dae/ros2_ws/install/teleop_esp32/lib/pkgconfig/teleop_esp32.pc'
[14.836s] Level 1:colcon.colcon_core.environment:checking '/home/dae/ros2_ws/install/teleop_esp32/lib/python3.8/site-packages'
[14.837s] Level 1:colcon.colcon_core.shell:create_environment_hook('teleop_esp32', 'pythonpath')
[14.838s] INFO:colcon.colcon_core.shell:Creating environment hook '/home/dae/ros2_ws/install/teleop_esp32/share/teleop_esp32/hook/pythonpath.ps1'
[14.842s] INFO:colcon.colcon_core.shell:Creating environment descriptor '/home/dae/ros2_ws/install/teleop_esp32/share/teleop_esp32/hook/pythonpath.dsv'
[14.845s] INFO:colcon.colcon_core.shell:Creating environment hook '/home/dae/ros2_ws/install/teleop_esp32/share/teleop_esp32/hook/pythonpath.sh'
[14.850s] Level 1:colcon.colcon_core.environment:checking '/home/dae/ros2_ws/install/teleop_esp32/bin'
[14.850s] Level 1:colcon.colcon_core.environment:create_environment_scripts_only(teleop_esp32)
[14.853s] INFO:colcon.colcon_core.shell:Creating package script '/home/dae/ros2_ws/install/teleop_esp32/share/teleop_esp32/package.ps1'
[14.874s] INFO:colcon.colcon_core.shell:Creating package descriptor '/home/dae/ros2_ws/install/teleop_esp32/share/teleop_esp32/package.dsv'
[14.902s] INFO:colcon.colcon_core.shell:Creating package script '/home/dae/ros2_ws/install/teleop_esp32/share/teleop_esp32/package.sh'
[14.915s] INFO:colcon.colcon_core.shell:Creating package script '/home/dae/ros2_ws/install/teleop_esp32/share/teleop_esp32/package.bash'
[14.946s] INFO:colcon.colcon_core.shell:Creating package script '/home/dae/ros2_ws/install/teleop_esp32/share/teleop_esp32/package.zsh'
[14.953s] Level 1:colcon.colcon_core.environment:create_file_with_runtime_dependencies(/home/dae/ros2_ws/install/teleop_esp32/share/colcon-core/packages/teleop_esp32)
[14.955s] DEBUG:colcon.colcon_parallel_executor.executor.parallel:closing loop
[14.959s] DEBUG:colcon.colcon_parallel_executor.executor.parallel:loop closed
[14.959s] DEBUG:colcon.colcon_parallel_executor.executor.parallel:run_until_complete finished with '0'
[14.960s] DEBUG:colcon.colcon_core.event_reactor:joining thread
[15.038s] INFO:colcon.colcon_core.plugin_system:Skipping extension 'colcon_notification.desktop_notification.terminal_notifier': Not used on non-Darwin systems
[15.039s] INFO:colcon.colcon_core.plugin_system:Skipping extension 'colcon_notification.desktop_notification.win32': Not used on non-Windows systems
[15.039s] INFO:colcon.colcon_notification.desktop_notification:Sending desktop notification using 'notify2'
[15.433s] DEBUG:colcon.colcon_core.event_reactor:joined thread
[15.437s] INFO:colcon.colcon_core.shell:Creating prefix script '/home/dae/ros2_ws/install/local_setup.ps1'
[15.467s] INFO:colcon.colcon_core.shell:Creating prefix util module '/home/dae/ros2_ws/install/_local_setup_util_ps1.py'
[15.509s] INFO:colcon.colcon_core.shell:Creating prefix chain script '/home/dae/ros2_ws/install/setup.ps1'
[15.517s] INFO:colcon.colcon_core.shell:Creating prefix script '/home/dae/ros2_ws/install/local_setup.sh'
[15.522s] INFO:colcon.colcon_core.shell:Creating prefix util module '/home/dae/ros2_ws/install/_local_setup_util_sh.py'
[15.526s] INFO:colcon.colcon_core.shell:Creating prefix chain script '/home/dae/ros2_ws/install/setup.sh'
[15.534s] INFO:colcon.colcon_core.shell:Creating prefix script '/home/dae/ros2_ws/install/local_setup.bash'
[15.539s] INFO:colcon.colcon_core.shell:Creating prefix chain script '/home/dae/ros2_ws/install/setup.bash'
[15.546s] INFO:colcon.colcon_core.shell:Creating prefix script '/home/dae/ros2_ws/install/local_setup.zsh'
[15.550s] INFO:colcon.colcon_core.shell:Creating prefix chain script '/home/dae/ros2_ws/install/setup.zsh'
