[10.725s] Invoking command in '/home/dae/ros2_ws/src/robiot': PYTHONPATH=/home/dae/ros2_ws/build/robiot/prefix_override:/usr/lib/python3/dist-packages/colcon_core/task/python/colcon_distutils_commands:/home/dae/ros2_ws/install/robiot/lib/python3.8/site-packages:${PYTHONPATH} /usr/bin/python3 -W ignore:setup.py install is deprecated -W ignore:easy_install command is deprecated setup.py egg_info --egg-base ../../build/robiot build --build-base /home/dae/ros2_ws/build/robiot/build install --record /home/dae/ros2_ws/build/robiot/install.log --install-scripts $base/lib/robiot --single-version-externally-managed install_data
[12.869s] running egg_info
[12.876s] writing ../../build/robiot/robiot.egg-info/PKG-INFO
[12.878s] writing dependency_links to ../../build/robiot/robiot.egg-info/dependency_links.txt
[12.881s] writing entry points to ../../build/robiot/robiot.egg-info/entry_points.txt
[12.885s] writing requirements to ../../build/robiot/robiot.egg-info/requires.txt
[12.886s] writing top-level names to ../../build/robiot/robiot.egg-info/top_level.txt
[13.258s] reading manifest file '../../build/robiot/robiot.egg-info/SOURCES.txt'
[13.266s] writing manifest file '../../build/robiot/robiot.egg-info/SOURCES.txt'
[13.268s] running build
[13.270s] running build_py
[13.271s] running install
[13.276s] running install_lib
[13.286s] running install_data
[13.289s] running install_egg_info
[13.301s] removing '/home/dae/ros2_ws/install/robiot/lib/python3.8/site-packages/robiot-0.0.0-py3.8.egg-info' (and everything under it)
[13.305s] Copying ../../build/robiot/robiot.egg-info to /home/dae/ros2_ws/install/robiot/lib/python3.8/site-packages/robiot-0.0.0-py3.8.egg-info
[13.313s] running install_scripts
[13.436s] writing list of installed files to '/home/dae/ros2_ws/build/robiot/install.log'
[13.567s] Invoked command in '/home/dae/ros2_ws/src/robiot' returned '0': PYTHONPATH=/home/dae/ros2_ws/build/robiot/prefix_override:/usr/lib/python3/dist-packages/colcon_core/task/python/colcon_distutils_commands:/home/dae/ros2_ws/install/robiot/lib/python3.8/site-packages:${PYTHONPATH} /usr/bin/python3 -W ignore:setup.py install is deprecated -W ignore:easy_install command is deprecated setup.py egg_info --egg-base ../../build/robiot build --build-base /home/dae/ros2_ws/build/robiot/build install --record /home/dae/ros2_ws/build/robiot/install.log --install-scripts $base/lib/robiot --single-version-externally-managed install_data
