[7.451s] Invoking command in '/home/dae/ros2_ws/src/minisumo_core': PYTHONPATH=/home/dae/ros2_ws/build/minisumo_core/prefix_override:/usr/lib/python3/dist-packages/colcon_core/task/python/colcon_distutils_commands:/home/dae/ros2_ws/install/minisumo_core/lib/python3.8/site-packages:${PYTHONPATH} /usr/bin/python3 -W ignore:setup.py install is deprecated -W ignore:easy_install command is deprecated setup.py egg_info --egg-base ../../build/minisumo_core build --build-base /home/dae/ros2_ws/build/minisumo_core/build install --record /home/dae/ros2_ws/build/minisumo_core/install.log --install-scripts $base/lib/minisumo_core --single-version-externally-managed install_data
[9.435s] running egg_info
[9.440s] writing ../../build/minisumo_core/minisumo_core.egg-info/PKG-INFO
[9.443s] writing dependency_links to ../../build/minisumo_core/minisumo_core.egg-info/dependency_links.txt
[9.446s] writing entry points to ../../build/minisumo_core/minisumo_core.egg-info/entry_points.txt
[9.448s] writing requirements to ../../build/minisumo_core/minisumo_core.egg-info/requires.txt
[9.449s] writing top-level names to ../../build/minisumo_core/minisumo_core.egg-info/top_level.txt
[9.755s] reading manifest file '../../build/minisumo_core/minisumo_core.egg-info/SOURCES.txt'
[9.765s] writing manifest file '../../build/minisumo_core/minisumo_core.egg-info/SOURCES.txt'
[9.766s] running build
[9.768s] running build_py
[9.771s] running install
[9.777s] running install_lib
[9.788s] running install_data
[9.790s] running install_egg_info
[9.802s] removing '/home/dae/ros2_ws/install/minisumo_core/lib/python3.8/site-packages/minisumo_core-0.0.0-py3.8.egg-info' (and everything under it)
[9.805s] Copying ../../build/minisumo_core/minisumo_core.egg-info to /home/dae/ros2_ws/install/minisumo_core/lib/python3.8/site-packages/minisumo_core-0.0.0-py3.8.egg-info
[9.813s] running install_scripts
[9.944s] Installing logger_csv script to /home/dae/ros2_ws/install/minisumo_core/lib/minisumo_core
[9.947s] Installing odometria script to /home/dae/ros2_ws/install/minisumo_core/lib/minisumo_core
[9.950s] Installing teleop script to /home/dae/ros2_ws/install/minisumo_core/lib/minisumo_core
[9.952s] writing list of installed files to '/home/dae/ros2_ws/build/minisumo_core/install.log'
[10.077s] Invoked command in '/home/dae/ros2_ws/src/minisumo_core' returned '0': PYTHONPATH=/home/dae/ros2_ws/build/minisumo_core/prefix_override:/usr/lib/python3/dist-packages/colcon_core/task/python/colcon_distutils_commands:/home/dae/ros2_ws/install/minisumo_core/lib/python3.8/site-packages:${PYTHONPATH} /usr/bin/python3 -W ignore:setup.py install is deprecated -W ignore:easy_install command is deprecated setup.py egg_info --egg-base ../../build/minisumo_core build --build-base /home/dae/ros2_ws/build/minisumo_core/build install --record /home/dae/ros2_ws/build/minisumo_core/install.log --install-scripts $base/lib/minisumo_core --single-version-externally-managed install_data
