[10.689s] Invoking command in '/home/dae/ros2_ws/build/minisumo_core': PYTHONPATH=/home/dae/ros2_ws/build/minisumo_core/prefix_override:/usr/lib/python3/dist-packages/colcon_core/task/python/colcon_distutils_commands:/home/dae/ros2_ws/install/minisumo_core/lib/python3.8/site-packages:${PYTHONPATH} /usr/bin/python3 -W ignore:setup.py install is deprecated -W ignore:easy_install command is deprecated setup.py develop --editable --build-directory /home/dae/ros2_ws/build/minisumo_core/build --no-deps symlink_data
[13.595s] running develop
[15.692s] running egg_info
[15.693s] creating minisumo_core.egg-info
[15.694s] writing minisumo_core.egg-info/PKG-INFO
[15.697s] writing dependency_links to minisumo_core.egg-info/dependency_links.txt
[15.698s] writing entry points to minisumo_core.egg-info/entry_points.txt
[15.700s] writing requirements to minisumo_core.egg-info/requires.txt
[15.701s] writing top-level names to minisumo_core.egg-info/top_level.txt
[15.712s] writing manifest file 'minisumo_core.egg-info/SOURCES.txt'
[16.112s] reading manifest file 'minisumo_core.egg-info/SOURCES.txt'
[16.118s] writing manifest file 'minisumo_core.egg-info/SOURCES.txt'
[16.590s] running build_ext
[16.592s] Creating /home/dae/ros2_ws/install/minisumo_core/lib/python3.8/site-packages/site.py
[16.611s] Creating /home/dae/ros2_ws/install/minisumo_core/lib/python3.8/site-packages/minisumo-core.egg-link (link to .)
[16.617s] 
[16.620s] Installed /home/dae/ros2_ws/build/minisumo_core
[16.623s] running symlink_data
[16.625s] creating /home/dae/ros2_ws/install/minisumo_core/share/ament_index
[16.628s] creating /home/dae/ros2_ws/install/minisumo_core/share/ament_index/resource_index
[16.630s] creating /home/dae/ros2_ws/install/minisumo_core/share/ament_index/resource_index/packages
[16.633s] symbolically linking /home/dae/ros2_ws/build/minisumo_core/resource/minisumo_core -> /home/dae/ros2_ws/install/minisumo_core/share/ament_index/resource_index/packages
[16.635s] symbolically linking /home/dae/ros2_ws/build/minisumo_core/package.xml -> /home/dae/ros2_ws/install/minisumo_core/share/minisumo_core
[16.972s] Invoked command in '/home/dae/ros2_ws/build/minisumo_core' returned '0': PYTHONPATH=/home/dae/ros2_ws/build/minisumo_core/prefix_override:/usr/lib/python3/dist-packages/colcon_core/task/python/colcon_distutils_commands:/home/dae/ros2_ws/install/minisumo_core/lib/python3.8/site-packages:${PYTHONPATH} /usr/bin/python3 -W ignore:setup.py install is deprecated -W ignore:easy_install command is deprecated setup.py develop --editable --build-directory /home/dae/ros2_ws/build/minisumo_core/build --no-deps symlink_data
