[14.445s] Invoking command in '/home/dae/ros2_ws/src/minisumo_core': PYTHONPATH=/home/dae/ros2_ws/build/minisumo_core/prefix_override:/usr/lib/python3/dist-packages/colcon_core/task/python/colcon_distutils_commands:/home/dae/ros2_ws/install/minisumo_core/lib/python3.8/site-packages:${PYTHONPATH} /usr/bin/python3 -W ignore:setup.py install is deprecated -W ignore:easy_install command is deprecated setup.py egg_info --egg-base ../../build/minisumo_core build --build-base /home/dae/ros2_ws/build/minisumo_core/build install --record /home/dae/ros2_ws/build/minisumo_core/install.log --install-scripts $base/lib/minisumo_core --single-version-externally-managed install_data
[17.733s] running egg_info
[17.741s] writing ../../build/minisumo_core/minisumo_core.egg-info/PKG-INFO
[17.971s] writing dependency_links to ../../build/minisumo_core/minisumo_core.egg-info/dependency_links.txt
[17.975s] writing entry points to ../../build/minisumo_core/minisumo_core.egg-info/entry_points.txt
[17.976s] writing requirements to ../../build/minisumo_core/minisumo_core.egg-info/requires.txt
[17.977s] writing top-level names to ../../build/minisumo_core/minisumo_core.egg-info/top_level.txt
[18.513s] reading manifest file '../../build/minisumo_core/minisumo_core.egg-info/SOURCES.txt'
[18.538s] writing manifest file '../../build/minisumo_core/minisumo_core.egg-info/SOURCES.txt'
[18.539s] running build
[18.541s] running build_py
[18.580s] copying minisumo_core/teleop_rutinas.py -> /home/dae/ros2_ws/build/minisumo_core/build/lib/minisumo_core
[18.584s] running install
[18.593s] running install_lib
[18.604s] copying /home/dae/ros2_ws/build/minisumo_core/build/lib/minisumo_core/teleop_rutinas.py -> /home/dae/ros2_ws/install/minisumo_core/lib/python3.8/site-packages/minisumo_core
[18.618s] byte-compiling /home/dae/ros2_ws/install/minisumo_core/lib/python3.8/site-packages/minisumo_core/teleop_rutinas.py to teleop_rutinas.cpython-38.pyc
[18.632s] running install_data
[18.635s] running install_egg_info
[18.652s] removing '/home/dae/ros2_ws/install/minisumo_core/lib/python3.8/site-packages/minisumo_core-0.0.0-py3.8.egg-info' (and everything under it)
[18.656s] Copying ../../build/minisumo_core/minisumo_core.egg-info to /home/dae/ros2_ws/install/minisumo_core/lib/python3.8/site-packages/minisumo_core-0.0.0-py3.8.egg-info
[18.706s] running install_scripts
[18.945s] Installing guante_node script to /home/dae/ros2_ws/install/minisumo_core/lib/minisumo_core
[18.947s] Installing logger_csv script to /home/dae/ros2_ws/install/minisumo_core/lib/minisumo_core
[18.950s] Installing odometria script to /home/dae/ros2_ws/install/minisumo_core/lib/minisumo_core
[18.955s] Installing teleop script to /home/dae/ros2_ws/install/minisumo_core/lib/minisumo_core
[18.961s] writing list of installed files to '/home/dae/ros2_ws/build/minisumo_core/install.log'
[19.402s] Invoked command in '/home/dae/ros2_ws/src/minisumo_core' returned '0': PYTHONPATH=/home/dae/ros2_ws/build/minisumo_core/prefix_override:/usr/lib/python3/dist-packages/colcon_core/task/python/colcon_distutils_commands:/home/dae/ros2_ws/install/minisumo_core/lib/python3.8/site-packages:${PYTHONPATH} /usr/bin/python3 -W ignore:setup.py install is deprecated -W ignore:easy_install command is deprecated setup.py egg_info --egg-base ../../build/minisumo_core build --build-base /home/dae/ros2_ws/build/minisumo_core/build install --record /home/dae/ros2_ws/build/minisumo_core/install.log --install-scripts $base/lib/minisumo_core --single-version-externally-managed install_data
