[12.081s] Invoking command in '/home/dae/ros2_ws/src/mobile_robot': PYTHONPATH=/home/dae/ros2_ws/build/mobile_robot/prefix_override:/usr/lib/python3/dist-packages/colcon_core/task/python/colcon_distutils_commands:/home/dae/ros2_ws/install/mobile_robot/lib/python3.8/site-packages:${PYTHONPATH} /usr/bin/python3 -W ignore:setup.py install is deprecated -W ignore:easy_install command is deprecated setup.py egg_info --egg-base ../../build/mobile_robot build --build-base /home/dae/ros2_ws/build/mobile_robot/build install --record /home/dae/ros2_ws/build/mobile_robot/install.log --single-version-externally-managed install_data
[14.690s] running egg_info
[14.696s] writing ../../build/mobile_robot/mobile_robot.egg-info/PKG-INFO
[14.718s] writing dependency_links to ../../build/mobile_robot/mobile_robot.egg-info/dependency_links.txt
[14.721s] writing entry points to ../../build/mobile_robot/mobile_robot.egg-info/entry_points.txt
[14.723s] writing requirements to ../../build/mobile_robot/mobile_robot.egg-info/requires.txt
[14.724s] writing top-level names to ../../build/mobile_robot/mobile_robot.egg-info/top_level.txt
[15.058s] reading manifest file '../../build/mobile_robot/mobile_robot.egg-info/SOURCES.txt'
[15.078s] writing manifest file '../../build/mobile_robot/mobile_robot.egg-info/SOURCES.txt'
[15.080s] running build
[15.081s] running build_py
[15.130s] running install
[15.139s] running install_lib
[15.157s] running install_data
[15.165s] running install_egg_info
[15.183s] removing '/home/dae/ros2_ws/install/mobile_robot/lib/python3.8/site-packages/mobile_robot-0.0.0-py3.8.egg-info' (and everything under it)
[15.187s] Copying ../../build/mobile_robot/mobile_robot.egg-info to /home/dae/ros2_ws/install/mobile_robot/lib/python3.8/site-packages/mobile_robot-0.0.0-py3.8.egg-info
[15.214s] running install_scripts
[15.387s] Installing my_robot_controller script to /home/dae/ros2_ws/install/mobile_robot/lib/mobile_robot
[15.419s] writing list of installed files to '/home/dae/ros2_ws/build/mobile_robot/install.log'
[15.692s] Invoked command in '/home/dae/ros2_ws/src/mobile_robot' returned '0': PYTHONPATH=/home/dae/ros2_ws/build/mobile_robot/prefix_override:/usr/lib/python3/dist-packages/colcon_core/task/python/colcon_distutils_commands:/home/dae/ros2_ws/install/mobile_robot/lib/python3.8/site-packages:${PYTHONPATH} /usr/bin/python3 -W ignore:setup.py install is deprecated -W ignore:easy_install command is deprecated setup.py egg_info --egg-base ../../build/mobile_robot build --build-base /home/dae/ros2_ws/build/mobile_robot/build install --record /home/dae/ros2_ws/build/mobile_robot/install.log --single-version-externally-managed install_data
