[7.266s] Invoking command in '/home/dae/ros2_ws/src/robiot': PYTHONPATH=/home/dae/ros2_ws/build/robiot/prefix_override:/usr/lib/python3/dist-packages/colcon_core/task/python/colcon_distutils_commands:/home/dae/ros2_ws/install/robiot/lib/python3.8/site-packages:${PYTHONPATH} /usr/bin/python3 -W ignore:setup.py install is deprecated -W ignore:easy_install command is deprecated setup.py egg_info --egg-base ../../build/robiot build --build-base /home/dae/ros2_ws/build/robiot/build install --record /home/dae/ros2_ws/build/robiot/install.log --install-scripts $base/lib/robiot --single-version-externally-managed install_data
[9.298s] running egg_info
[9.302s] writing ../../build/robiot/robiot.egg-info/PKG-INFO
[9.308s] writing dependency_links to ../../build/robiot/robiot.egg-info/dependency_links.txt
[9.310s] writing entry points to ../../build/robiot/robiot.egg-info/entry_points.txt
[9.311s] writing requirements to ../../build/robiot/robiot.egg-info/requires.txt
[9.313s] writing top-level names to ../../build/robiot/robiot.egg-info/top_level.txt
[9.619s] reading manifest file '../../build/robiot/robiot.egg-info/SOURCES.txt'
[9.626s] writing manifest file '../../build/robiot/robiot.egg-info/SOURCES.txt'
[9.628s] running build
[9.629s] running build_py
[9.631s] running install
[9.635s] running install_lib
[9.643s] running install_data
[9.645s] running install_egg_info
[9.656s] removing '/home/dae/ros2_ws/install/robiot/lib/python3.8/site-packages/robiot-0.0.0-py3.8.egg-info' (and everything under it)
[9.659s] Copying ../../build/robiot/robiot.egg-info to /home/dae/ros2_ws/install/robiot/lib/python3.8/site-packages/robiot-0.0.0-py3.8.egg-info
[9.666s] running install_scripts
[9.790s] writing list of installed files to '/home/dae/ros2_ws/build/robiot/install.log'
[9.919s] Invoked command in '/home/dae/ros2_ws/src/robiot' returned '0': PYTHONPATH=/home/dae/ros2_ws/build/robiot/prefix_override:/usr/lib/python3/dist-packages/colcon_core/task/python/colcon_distutils_commands:/home/dae/ros2_ws/install/robiot/lib/python3.8/site-packages:${PYTHONPATH} /usr/bin/python3 -W ignore:setup.py install is deprecated -W ignore:easy_install command is deprecated setup.py egg_info --egg-base ../../build/robiot build --build-base /home/dae/ros2_ws/build/robiot/build install --record /home/dae/ros2_ws/build/robiot/install.log --install-scripts $base/lib/robiot --single-version-externally-managed install_data
