[9.528s] Invoking command in '/home/dae/ros2_ws/src/mobile_robot': PYTHONPATH=/home/dae/ros2_ws/build/mobile_robot/prefix_override:/usr/lib/python3/dist-packages/colcon_core/task/python/colcon_distutils_commands:/home/dae/ros2_ws/install/mobile_robot/lib/python3.8/site-packages:${PYTHONPATH} /usr/bin/python3 -W ignore:setup.py install is deprecated -W ignore:easy_install command is deprecated setup.py egg_info --egg-base ../../build/mobile_robot build --build-base /home/dae/ros2_ws/build/mobile_robot/build install --record /home/dae/ros2_ws/build/mobile_robot/install.log --single-version-externally-managed install_data
[11.994s] running egg_info
[12.002s] writing ../../build/mobile_robot/mobile_robot.egg-info/PKG-INFO
[12.005s] writing dependency_links to ../../build/mobile_robot/mobile_robot.egg-info/dependency_links.txt
[12.007s] writing entry points to ../../build/mobile_robot/mobile_robot.egg-info/entry_points.txt
[12.010s] writing requirements to ../../build/mobile_robot/mobile_robot.egg-info/requires.txt
[12.011s] writing top-level names to ../../build/mobile_robot/mobile_robot.egg-info/top_level.txt
[12.519s] reading manifest file '../../build/mobile_robot/mobile_robot.egg-info/SOURCES.txt'
[12.533s] writing manifest file '../../build/mobile_robot/mobile_robot.egg-info/SOURCES.txt'
[12.534s] running build
[12.535s] running build_py
[12.537s] running install
[12.546s] running install_lib
[12.562s] running install_data
[12.564s] running install_egg_info
[12.583s] removing '/home/dae/ros2_ws/install/mobile_robot/lib/python3.8/site-packages/mobile_robot-0.0.0-py3.8.egg-info' (and everything under it)
[12.587s] Copying ../../build/mobile_robot/mobile_robot.egg-info to /home/dae/ros2_ws/install/mobile_robot/lib/python3.8/site-packages/mobile_robot-0.0.0-py3.8.egg-info
[12.599s] running install_scripts
[12.794s] Installing my_robot_controller script to /home/dae/ros2_ws/install/mobile_robot/lib/mobile_robot
[12.798s] writing list of installed files to '/home/dae/ros2_ws/build/mobile_robot/install.log'
[12.985s] Invoked command in '/home/dae/ros2_ws/src/mobile_robot' returned '0': PYTHONPATH=/home/dae/ros2_ws/build/mobile_robot/prefix_override:/usr/lib/python3/dist-packages/colcon_core/task/python/colcon_distutils_commands:/home/dae/ros2_ws/install/mobile_robot/lib/python3.8/site-packages:${PYTHONPATH} /usr/bin/python3 -W ignore:setup.py install is deprecated -W ignore:easy_install command is deprecated setup.py egg_info --egg-base ../../build/mobile_robot build --build-base /home/dae/ros2_ws/build/mobile_robot/build install --record /home/dae/ros2_ws/build/mobile_robot/install.log --single-version-externally-managed install_data
