[2.283s] DEBUG:colcon:Command line arguments: ['/usr/bin/colcon', 'build']
[2.283s] DEBUG:colcon:Parsed command line arguments: Namespace(allow_overriding=[], ament_cmake_args=None, base_paths=['.'], build_base='build', catkin_cmake_args=None, catkin_skip_building_tests=False, cmake_args=None, cmake_clean_cache=False, cmake_clean_first=False, cmake_force_configure=False, cmake_target=None, cmake_target_skip_unavailable=False, continue_on_error=False, event_handlers=None, executor='parallel', ignore_user_meta=False, install_base='install', log_base=None, log_level=None, main=<bound method BuildVerb.main of <colcon_core.verb.build.BuildVerb object at 0x7fe2f938e490>>, merge_install=False, metas=['./colcon.meta'], packages_above=None, packages_above_and_dependencies=None, packages_above_depth=None, packages_end=None, packages_ignore=None, packages_ignore_regex=None, packages_select=None, packages_select_build_failed=False, packages_select_by_dep=None, packages_select_regex=None, packages_select_test_failures=False, packages_skip=None, packages_skip_build_finished=False, packages_skip_by_dep=None, packages_skip_regex=None, packages_skip_test_passed=False, packages_skip_up_to=None, packages_start=None, packages_up_to=None, packages_up_to_regex=None, parallel_workers=4, paths=None, symlink_install=False, test_result_base=None, verb_extension=<colcon_core.verb.build.BuildVerb object at 0x7fe2f938e490>, verb_name='build', verb_parser=<colcon_defaults.argument_parser.defaults.DefaultArgumentsDecorator object at 0x7fe2f939d100>)
[3.915s] Level 1:colcon.colcon_core.package_discovery:discover_packages(colcon_meta) check parameters
[3.916s] Level 1:colcon.colcon_core.package_discovery:discover_packages(recursive) check parameters
[3.916s] Level 1:colcon.colcon_core.package_discovery:discover_packages(ignore) check parameters
[3.916s] Level 1:colcon.colcon_core.package_discovery:discover_packages(path) check parameters
[3.917s] Level 1:colcon.colcon_core.package_discovery:discover_packages(colcon_meta) discover
[3.917s] Level 1:colcon.colcon_core.package_discovery:discover_packages(recursive) discover
[3.918s] INFO:colcon.colcon_core.package_discovery:Crawling recursively for packages in '/home/dae/ros2_ws'
[3.918s] Level 1:colcon.colcon_core.package_identification:_identify(.) by extensions ['ignore', 'ignore_ament_install']
[3.920s] Level 1:colcon.colcon_core.package_identification:_identify(.) by extension 'ignore'
[3.921s] Level 1:colcon.colcon_core.package_identification:_identify(.) by extension 'ignore_ament_install'
[3.921s] Level 1:colcon.colcon_core.package_identification:_identify(.) by extensions ['colcon_pkg']
[3.922s] Level 1:colcon.colcon_core.package_identification:_identify(.) by extension 'colcon_pkg'
[3.922s] Level 1:colcon.colcon_core.package_identification:_identify(.) by extensions ['colcon_meta']
[3.922s] Level 1:colcon.colcon_core.package_identification:_identify(.) by extension 'colcon_meta'
[3.923s] Level 1:colcon.colcon_core.package_identification:_identify(.) by extensions ['ros']
[3.923s] Level 1:colcon.colcon_core.package_identification:_identify(.) by extension 'ros'
[4.049s] Level 1:colcon.colcon_core.package_identification:_identify(.) by extensions ['cmake', 'python']
[4.049s] Level 1:colcon.colcon_core.package_identification:_identify(.) by extension 'cmake'
[4.050s] Level 1:colcon.colcon_core.package_identification:_identify(.) by extension 'python'
[4.050s] Level 1:colcon.colcon_core.package_identification:_identify(.) by extensions ['python_setup_py']
[4.050s] Level 1:colcon.colcon_core.package_identification:_identify(.) by extension 'python_setup_py'
[4.051s] Level 1:colcon.colcon_core.package_identification:_identify(build) by extensions ['ignore', 'ignore_ament_install']
[4.052s] Level 1:colcon.colcon_core.package_identification:_identify(build) by extension 'ignore'
[4.053s] Level 1:colcon.colcon_core.package_identification:_identify(build) ignored
[4.054s] Level 1:colcon.colcon_core.package_identification:_identify(install) by extensions ['ignore', 'ignore_ament_install']
[4.055s] Level 1:colcon.colcon_core.package_identification:_identify(install) by extension 'ignore'
[4.055s] Level 1:colcon.colcon_core.package_identification:_identify(install) ignored
[4.056s] Level 1:colcon.colcon_core.package_identification:_identify(log) by extensions ['ignore', 'ignore_ament_install']
[4.057s] Level 1:colcon.colcon_core.package_identification:_identify(log) by extension 'ignore'
[4.057s] Level 1:colcon.colcon_core.package_identification:_identify(log) ignored
[4.058s] Level 1:colcon.colcon_core.package_identification:_identify(src) by extensions ['ignore', 'ignore_ament_install']
[4.059s] Level 1:colcon.colcon_core.package_identification:_identify(src) by extension 'ignore'
[4.059s] Level 1:colcon.colcon_core.package_identification:_identify(src) by extension 'ignore_ament_install'
[4.060s] Level 1:colcon.colcon_core.package_identification:_identify(src) by extensions ['colcon_pkg']
[4.060s] Level 1:colcon.colcon_core.package_identification:_identify(src) by extension 'colcon_pkg'
[4.061s] Level 1:colcon.colcon_core.package_identification:_identify(src) by extensions ['colcon_meta']
[4.061s] Level 1:colcon.colcon_core.package_identification:_identify(src) by extension 'colcon_meta'
[4.062s] Level 1:colcon.colcon_core.package_identification:_identify(src) by extensions ['ros']
[4.062s] Level 1:colcon.colcon_core.package_identification:_identify(src) by extension 'ros'
[4.063s] Level 1:colcon.colcon_core.package_identification:_identify(src) by extensions ['cmake', 'python']
[4.063s] Level 1:colcon.colcon_core.package_identification:_identify(src) by extension 'cmake'
[4.064s] Level 1:colcon.colcon_core.package_identification:_identify(src) by extension 'python'
[4.064s] Level 1:colcon.colcon_core.package_identification:_identify(src) by extensions ['python_setup_py']
[4.064s] Level 1:colcon.colcon_core.package_identification:_identify(src) by extension 'python_setup_py'
[4.065s] Level 1:colcon.colcon_core.package_identification:_identify(src/build) by extensions ['ignore', 'ignore_ament_install']
[4.066s] Level 1:colcon.colcon_core.package_identification:_identify(src/build) by extension 'ignore'
[4.066s] Level 1:colcon.colcon_core.package_identification:_identify(src/build) ignored
[4.067s] Level 1:colcon.colcon_core.package_identification:_identify(src/install) by extensions ['ignore', 'ignore_ament_install']
[4.068s] Level 1:colcon.colcon_core.package_identification:_identify(src/install) by extension 'ignore'
[4.068s] Level 1:colcon.colcon_core.package_identification:_identify(src/install) ignored
[4.069s] Level 1:colcon.colcon_core.package_identification:_identify(src/log) by extensions ['ignore', 'ignore_ament_install']
[4.070s] Level 1:colcon.colcon_core.package_identification:_identify(src/log) by extension 'ignore'
[4.070s] Level 1:colcon.colcon_core.package_identification:_identify(src/log) ignored
[4.071s] Level 1:colcon.colcon_core.package_identification:_identify(src/minisumo_core) by extensions ['ignore', 'ignore_ament_install']
[4.072s] Level 1:colcon.colcon_core.package_identification:_identify(src/minisumo_core) by extension 'ignore'
[4.073s] Level 1:colcon.colcon_core.package_identification:_identify(src/minisumo_core) by extension 'ignore_ament_install'
[4.073s] Level 1:colcon.colcon_core.package_identification:_identify(src/minisumo_core) by extensions ['colcon_pkg']
[4.074s] Level 1:colcon.colcon_core.package_identification:_identify(src/minisumo_core) by extension 'colcon_pkg'
[4.074s] Level 1:colcon.colcon_core.package_identification:_identify(src/minisumo_core) by extensions ['colcon_meta']
[4.074s] Level 1:colcon.colcon_core.package_identification:_identify(src/minisumo_core) by extension 'colcon_meta'
[4.075s] Level 1:colcon.colcon_core.package_identification:_identify(src/minisumo_core) by extensions ['ros']
[4.075s] Level 1:colcon.colcon_core.package_identification:_identify(src/minisumo_core) by extension 'ros'
[4.146s] DEBUG:colcon.colcon_core.package_identification:Package 'src/minisumo_core' with type 'ros.ament_python' and name 'minisumo_core'
[4.147s] Level 1:colcon.colcon_core.package_identification:_identify(src/robiot) by extensions ['ignore', 'ignore_ament_install']
[4.148s] Level 1:colcon.colcon_core.package_identification:_identify(src/robiot) by extension 'ignore'
[4.148s] Level 1:colcon.colcon_core.package_identification:_identify(src/robiot) by extension 'ignore_ament_install'
[4.149s] Level 1:colcon.colcon_core.package_identification:_identify(src/robiot) by extensions ['colcon_pkg']
[4.149s] Level 1:colcon.colcon_core.package_identification:_identify(src/robiot) by extension 'colcon_pkg'
[4.149s] Level 1:colcon.colcon_core.package_identification:_identify(src/robiot) by extensions ['colcon_meta']
[4.150s] Level 1:colcon.colcon_core.package_identification:_identify(src/robiot) by extension 'colcon_meta'
[4.150s] Level 1:colcon.colcon_core.package_identification:_identify(src/robiot) by extensions ['ros']
[4.151s] Level 1:colcon.colcon_core.package_identification:_identify(src/robiot) by extension 'ros'
[4.162s] DEBUG:colcon.colcon_core.package_identification:Package 'src/robiot' with type 'ros.ament_python' and name 'robiot'
[4.163s] Level 1:colcon.colcon_core.package_discovery:discover_packages(recursive) using defaults
[4.163s] Level 1:colcon.colcon_core.package_discovery:discover_packages(ignore) discover
[4.163s] Level 1:colcon.colcon_core.package_discovery:discover_packages(ignore) using defaults
[4.164s] Level 1:colcon.colcon_core.package_discovery:discover_packages(path) discover
[4.164s] Level 1:colcon.colcon_core.package_discovery:discover_packages(path) using defaults
[4.482s] Level 1:colcon.colcon_core.package_discovery:discover_packages(prefix_path) check parameters
[4.482s] Level 1:colcon.colcon_core.package_discovery:discover_packages(prefix_path) discover
[4.501s] DEBUG:colcon.colcon_installed_package_information.package_discovery:Found 4 installed packages in /home/dae/ros2_ws/install
[4.514s] DEBUG:colcon.colcon_installed_package_information.package_discovery:Found 264 installed packages in /opt/ros/foxy
[4.531s] Level 1:colcon.colcon_core.package_discovery:discover_packages(prefix_path) using defaults
[5.796s] Level 5:colcon.colcon_core.verb:set package 'minisumo_core' build argument 'cmake_args' from command line to 'None'
[5.797s] Level 5:colcon.colcon_core.verb:set package 'minisumo_core' build argument 'cmake_target' from command line to 'None'
[5.797s] Level 5:colcon.colcon_core.verb:set package 'minisumo_core' build argument 'cmake_target_skip_unavailable' from command line to 'False'
[5.797s] Level 5:colcon.colcon_core.verb:set package 'minisumo_core' build argument 'cmake_clean_cache' from command line to 'False'
[5.797s] Level 5:colcon.colcon_core.verb:set package 'minisumo_core' build argument 'cmake_clean_first' from command line to 'False'
[5.798s] Level 5:colcon.colcon_core.verb:set package 'minisumo_core' build argument 'cmake_force_configure' from command line to 'False'
[5.798s] Level 5:colcon.colcon_core.verb:set package 'minisumo_core' build argument 'ament_cmake_args' from command line to 'None'
[5.798s] Level 5:colcon.colcon_core.verb:set package 'minisumo_core' build argument 'catkin_cmake_args' from command line to 'None'
[5.798s] Level 5:colcon.colcon_core.verb:set package 'minisumo_core' build argument 'catkin_skip_building_tests' from command line to 'False'
[5.799s] DEBUG:colcon.colcon_core.verb:Building package 'minisumo_core' with the following arguments: {'ament_cmake_args': None, 'build_base': '/home/dae/ros2_ws/build/minisumo_core', 'catkin_cmake_args': None, 'catkin_skip_building_tests': False, 'cmake_args': None, 'cmake_clean_cache': False, 'cmake_clean_first': False, 'cmake_force_configure': False, 'cmake_target': None, 'cmake_target_skip_unavailable': False, 'install_base': '/home/dae/ros2_ws/install/minisumo_core', 'merge_install': False, 'path': '/home/dae/ros2_ws/src/minisumo_core', 'symlink_install': False, 'test_result_base': None}
[5.802s] Level 5:colcon.colcon_core.verb:set package 'robiot' build argument 'cmake_args' from command line to 'None'
[5.802s] Level 5:colcon.colcon_core.verb:set package 'robiot' build argument 'cmake_target' from command line to 'None'
[5.803s] Level 5:colcon.colcon_core.verb:set package 'robiot' build argument 'cmake_target_skip_unavailable' from command line to 'False'
[5.803s] Level 5:colcon.colcon_core.verb:set package 'robiot' build argument 'cmake_clean_cache' from command line to 'False'
[5.804s] Level 5:colcon.colcon_core.verb:set package 'robiot' build argument 'cmake_clean_first' from command line to 'False'
[5.804s] Level 5:colcon.colcon_core.verb:set package 'robiot' build argument 'cmake_force_configure' from command line to 'False'
[5.805s] Level 5:colcon.colcon_core.verb:set package 'robiot' build argument 'ament_cmake_args' from command line to 'None'
[5.805s] Level 5:colcon.colcon_core.verb:set package 'robiot' build argument 'catkin_cmake_args' from command line to 'None'
[5.805s] Level 5:colcon.colcon_core.verb:set package 'robiot' build argument 'catkin_skip_building_tests' from command line to 'False'
[5.806s] DEBUG:colcon.colcon_core.verb:Building package 'robiot' with the following arguments: {'ament_cmake_args': None, 'build_base': '/home/dae/ros2_ws/build/robiot', 'catkin_cmake_args': None, 'catkin_skip_building_tests': False, 'cmake_args': None, 'cmake_clean_cache': False, 'cmake_clean_first': False, 'cmake_force_configure': False, 'cmake_target': None, 'cmake_target_skip_unavailable': False, 'install_base': '/home/dae/ros2_ws/install/robiot', 'merge_install': False, 'path': '/home/dae/ros2_ws/src/robiot', 'symlink_install': False, 'test_result_base': None}
[5.807s] INFO:colcon.colcon_core.executor:Executing jobs using 'parallel' executor
[5.813s] DEBUG:colcon.colcon_parallel_executor.executor.parallel:run_until_complete
[5.815s] INFO:colcon.colcon_ros.task.ament_python.build:Building ROS package in '/home/dae/ros2_ws/src/minisumo_core' with build type 'ament_python'
[5.817s] Level 1:colcon.colcon_core.shell:create_environment_hook('minisumo_core', 'ament_prefix_path')
[5.873s] INFO:colcon.colcon_core.plugin_system:Skipping extension 'colcon_core.shell.bat': Not used on non-Windows systems
[5.875s] INFO:colcon.colcon_core.shell:Creating environment hook '/home/dae/ros2_ws/install/minisumo_core/share/minisumo_core/hook/ament_prefix_path.ps1'
[5.880s] INFO:colcon.colcon_core.shell:Creating environment descriptor '/home/dae/ros2_ws/install/minisumo_core/share/minisumo_core/hook/ament_prefix_path.dsv'
[5.884s] INFO:colcon.colcon_core.shell:Creating environment hook '/home/dae/ros2_ws/install/minisumo_core/share/minisumo_core/hook/ament_prefix_path.sh'
[5.890s] INFO:colcon.colcon_core.shell:Skip shell extension 'powershell' for command environment: Not usable outside of PowerShell
[5.891s] DEBUG:colcon.colcon_core.shell:Skip shell extension 'dsv' for command environment
[5.928s] INFO:colcon.colcon_ros.task.ament_python.build:Building ROS package in '/home/dae/ros2_ws/src/robiot' with build type 'ament_python'
[5.929s] Level 1:colcon.colcon_core.shell:create_environment_hook('robiot', 'ament_prefix_path')
[5.934s] INFO:colcon.colcon_core.shell:Creating environment hook '/home/dae/ros2_ws/install/robiot/share/robiot/hook/ament_prefix_path.ps1'
[5.946s] INFO:colcon.colcon_core.shell:Creating environment descriptor '/home/dae/ros2_ws/install/robiot/share/robiot/hook/ament_prefix_path.dsv'
[5.952s] INFO:colcon.colcon_core.shell:Creating environment hook '/home/dae/ros2_ws/install/robiot/share/robiot/hook/ament_prefix_path.sh'
[5.959s] INFO:colcon.colcon_core.shell:Skip shell extension 'powershell' for command environment: Not usable outside of PowerShell
[5.959s] DEBUG:colcon.colcon_core.shell:Skip shell extension 'dsv' for command environment
[8.372s] INFO:colcon.colcon_core.task.python.build:Building Python package in '/home/dae/ros2_ws/src/minisumo_core'
[8.376s] INFO:colcon.colcon_core.shell:Skip shell extension 'powershell' for command environment: Not usable outside of PowerShell
[8.376s] DEBUG:colcon.colcon_core.shell:Skip shell extension 'dsv' for command environment
[10.502s] INFO:colcon.colcon_core.task.python.build:Building Python package in '/home/dae/ros2_ws/src/robiot'
[10.505s] INFO:colcon.colcon_core.shell:Skip shell extension 'powershell' for command environment: Not usable outside of PowerShell
[10.505s] DEBUG:colcon.colcon_core.shell:Skip shell extension 'dsv' for command environment
[15.094s] DEBUG:colcon.colcon_core.event_handler.log_command:Invoking command in '/home/dae/ros2_ws/src/minisumo_core': PYTHONPATH=/home/dae/ros2_ws/build/minisumo_core/prefix_override:/usr/lib/python3/dist-packages/colcon_core/task/python/colcon_distutils_commands:/home/dae/ros2_ws/install/minisumo_core/lib/python3.8/site-packages:${PYTHONPATH} /usr/bin/python3 -W ignore:setup.py install is deprecated -W ignore:easy_install command is deprecated setup.py egg_info --egg-base ../../build/minisumo_core build --build-base /home/dae/ros2_ws/build/minisumo_core/build install --record /home/dae/ros2_ws/build/minisumo_core/install.log --install-scripts $base/lib/minisumo_core --single-version-externally-managed install_data
[15.130s] DEBUG:colcon.colcon_core.event_handler.log_command:Invoking command in '/home/dae/ros2_ws/src/robiot': PYTHONPATH=/home/dae/ros2_ws/build/robiot/prefix_override:/usr/lib/python3/dist-packages/colcon_core/task/python/colcon_distutils_commands:/home/dae/ros2_ws/install/robiot/lib/python3.8/site-packages:${PYTHONPATH} /usr/bin/python3 -W ignore:setup.py install is deprecated -W ignore:easy_install command is deprecated setup.py egg_info --egg-base ../../build/robiot build --build-base /home/dae/ros2_ws/build/robiot/build install --record /home/dae/ros2_ws/build/robiot/install.log --install-scripts $base/lib/robiot --single-version-externally-managed install_data
[17.849s] DEBUG:colcon.colcon_core.event_handler.log_command:Invoked command in '/home/dae/ros2_ws/src/minisumo_core' returned '0': PYTHONPATH=/home/dae/ros2_ws/build/minisumo_core/prefix_override:/usr/lib/python3/dist-packages/colcon_core/task/python/colcon_distutils_commands:/home/dae/ros2_ws/install/minisumo_core/lib/python3.8/site-packages:${PYTHONPATH} /usr/bin/python3 -W ignore:setup.py install is deprecated -W ignore:easy_install command is deprecated setup.py egg_info --egg-base ../../build/minisumo_core build --build-base /home/dae/ros2_ws/build/minisumo_core/build install --record /home/dae/ros2_ws/build/minisumo_core/install.log --install-scripts $base/lib/minisumo_core --single-version-externally-managed install_data
[17.904s] Level 1:colcon.colcon_core.environment:checking '/home/dae/ros2_ws/install/minisumo_core' for CMake module files
[17.909s] Level 1:colcon.colcon_core.environment:checking '/home/dae/ros2_ws/install/minisumo_core' for CMake config files
[17.917s] Level 1:colcon.colcon_core.environment:checking '/home/dae/ros2_ws/install/minisumo_core/lib'
[17.918s] Level 1:colcon.colcon_core.environment:checking '/home/dae/ros2_ws/install/minisumo_core/bin'
[17.919s] Level 1:colcon.colcon_core.environment:checking '/home/dae/ros2_ws/install/minisumo_core/lib/pkgconfig/minisumo_core.pc'
[17.921s] Level 1:colcon.colcon_core.environment:checking '/home/dae/ros2_ws/install/minisumo_core/lib/python3.8/site-packages'
[17.921s] Level 1:colcon.colcon_core.shell:create_environment_hook('minisumo_core', 'pythonpath')
[17.924s] INFO:colcon.colcon_core.shell:Creating environment hook '/home/dae/ros2_ws/install/minisumo_core/share/minisumo_core/hook/pythonpath.ps1'
[17.927s] INFO:colcon.colcon_core.shell:Creating environment descriptor '/home/dae/ros2_ws/install/minisumo_core/share/minisumo_core/hook/pythonpath.dsv'
[17.931s] INFO:colcon.colcon_core.shell:Creating environment hook '/home/dae/ros2_ws/install/minisumo_core/share/minisumo_core/hook/pythonpath.sh'
[17.936s] Level 1:colcon.colcon_core.environment:checking '/home/dae/ros2_ws/install/minisumo_core/bin'
[17.937s] Level 1:colcon.colcon_core.environment:create_environment_scripts_only(minisumo_core)
[17.940s] INFO:colcon.colcon_core.shell:Creating package script '/home/dae/ros2_ws/install/minisumo_core/share/minisumo_core/package.ps1'
[17.950s] INFO:colcon.colcon_core.shell:Creating package descriptor '/home/dae/ros2_ws/install/minisumo_core/share/minisumo_core/package.dsv'
[17.957s] INFO:colcon.colcon_core.shell:Creating package script '/home/dae/ros2_ws/install/minisumo_core/share/minisumo_core/package.sh'
[17.965s] INFO:colcon.colcon_core.shell:Creating package script '/home/dae/ros2_ws/install/minisumo_core/share/minisumo_core/package.bash'
[17.975s] INFO:colcon.colcon_core.shell:Creating package script '/home/dae/ros2_ws/install/minisumo_core/share/minisumo_core/package.zsh'
[17.985s] Level 1:colcon.colcon_core.environment:create_file_with_runtime_dependencies(/home/dae/ros2_ws/install/minisumo_core/share/colcon-core/packages/minisumo_core)
[17.998s] Level 1:colcon.colcon_core.environment:checking '/home/dae/ros2_ws/install/robiot' for CMake module files
[18.006s] DEBUG:colcon.colcon_core.event_handler.log_command:Invoked command in '/home/dae/ros2_ws/src/robiot' returned '0': PYTHONPATH=/home/dae/ros2_ws/build/robiot/prefix_override:/usr/lib/python3/dist-packages/colcon_core/task/python/colcon_distutils_commands:/home/dae/ros2_ws/install/robiot/lib/python3.8/site-packages:${PYTHONPATH} /usr/bin/python3 -W ignore:setup.py install is deprecated -W ignore:easy_install command is deprecated setup.py egg_info --egg-base ../../build/robiot build --build-base /home/dae/ros2_ws/build/robiot/build install --record /home/dae/ros2_ws/build/robiot/install.log --install-scripts $base/lib/robiot --single-version-externally-managed install_data
[18.008s] Level 1:colcon.colcon_core.environment:checking '/home/dae/ros2_ws/install/robiot' for CMake config files
[18.014s] Level 1:colcon.colcon_core.environment:checking '/home/dae/ros2_ws/install/robiot/lib'
[18.015s] Level 1:colcon.colcon_core.environment:checking '/home/dae/ros2_ws/install/robiot/bin'
[18.015s] Level 1:colcon.colcon_core.environment:checking '/home/dae/ros2_ws/install/robiot/lib/pkgconfig/robiot.pc'
[18.018s] Level 1:colcon.colcon_core.environment:checking '/home/dae/ros2_ws/install/robiot/lib/python3.8/site-packages'
[18.020s] Level 1:colcon.colcon_core.shell:create_environment_hook('robiot', 'pythonpath')
[18.022s] INFO:colcon.colcon_core.shell:Creating environment hook '/home/dae/ros2_ws/install/robiot/share/robiot/hook/pythonpath.ps1'
[18.026s] INFO:colcon.colcon_core.shell:Creating environment descriptor '/home/dae/ros2_ws/install/robiot/share/robiot/hook/pythonpath.dsv'
[18.031s] INFO:colcon.colcon_core.shell:Creating environment hook '/home/dae/ros2_ws/install/robiot/share/robiot/hook/pythonpath.sh'
[18.038s] Level 1:colcon.colcon_core.environment:checking '/home/dae/ros2_ws/install/robiot/bin'
[18.038s] Level 1:colcon.colcon_core.environment:create_environment_scripts_only(robiot)
[18.042s] INFO:colcon.colcon_core.shell:Creating package script '/home/dae/ros2_ws/install/robiot/share/robiot/package.ps1'
[18.046s] INFO:colcon.colcon_core.shell:Creating package descriptor '/home/dae/ros2_ws/install/robiot/share/robiot/package.dsv'
[18.050s] INFO:colcon.colcon_core.shell:Creating package script '/home/dae/ros2_ws/install/robiot/share/robiot/package.sh'
[18.056s] INFO:colcon.colcon_core.shell:Creating package script '/home/dae/ros2_ws/install/robiot/share/robiot/package.bash'
[18.060s] INFO:colcon.colcon_core.shell:Creating package script '/home/dae/ros2_ws/install/robiot/share/robiot/package.zsh'
[18.065s] Level 1:colcon.colcon_core.environment:create_file_with_runtime_dependencies(/home/dae/ros2_ws/install/robiot/share/colcon-core/packages/robiot)
[18.067s] DEBUG:colcon.colcon_parallel_executor.executor.parallel:closing loop
[18.070s] DEBUG:colcon.colcon_parallel_executor.executor.parallel:loop closed
[18.071s] DEBUG:colcon.colcon_parallel_executor.executor.parallel:run_until_complete finished with '0'
[18.073s] DEBUG:colcon.colcon_core.event_reactor:joining thread
[18.192s] INFO:colcon.colcon_core.plugin_system:Skipping extension 'colcon_notification.desktop_notification.terminal_notifier': Not used on non-Darwin systems
[18.193s] INFO:colcon.colcon_core.plugin_system:Skipping extension 'colcon_notification.desktop_notification.win32': Not used on non-Windows systems
[18.193s] INFO:colcon.colcon_notification.desktop_notification:Sending desktop notification using 'notify2'
[18.225s] DEBUG:colcon.colcon_core.event_reactor:joined thread
[18.228s] INFO:colcon.colcon_core.shell:Creating prefix script '/home/dae/ros2_ws/install/local_setup.ps1'
[18.257s] INFO:colcon.colcon_core.shell:Creating prefix util module '/home/dae/ros2_ws/install/_local_setup_util_ps1.py'
[18.267s] INFO:colcon.colcon_core.shell:Creating prefix chain script '/home/dae/ros2_ws/install/setup.ps1'
[18.277s] INFO:colcon.colcon_core.shell:Creating prefix script '/home/dae/ros2_ws/install/local_setup.sh'
[18.317s] INFO:colcon.colcon_core.shell:Creating prefix util module '/home/dae/ros2_ws/install/_local_setup_util_sh.py'
[18.322s] INFO:colcon.colcon_core.shell:Creating prefix chain script '/home/dae/ros2_ws/install/setup.sh'
[18.331s] INFO:colcon.colcon_core.shell:Creating prefix script '/home/dae/ros2_ws/install/local_setup.bash'
[18.336s] INFO:colcon.colcon_core.shell:Creating prefix chain script '/home/dae/ros2_ws/install/setup.bash'
[18.344s] INFO:colcon.colcon_core.shell:Creating prefix script '/home/dae/ros2_ws/install/local_setup.zsh'
[18.348s] INFO:colcon.colcon_core.shell:Creating prefix chain script '/home/dae/ros2_ws/install/setup.zsh'
