[12.089s] Invoking command in '/home/dae/ros2_ws/src/robiot': PYTHONPATH=/home/dae/ros2_ws/build/robiot/prefix_override:/usr/lib/python3/dist-packages/colcon_core/task/python/colcon_distutils_commands:/home/dae/ros2_ws/install/robiot/lib/python3.8/site-packages:${PYTHONPATH} /usr/bin/python3 -W ignore:setup.py install is deprecated -W ignore:easy_install command is deprecated setup.py egg_info --egg-base ../../build/robiot build --build-base /home/dae/ros2_ws/build/robiot/build install --record /home/dae/ros2_ws/build/robiot/install.log --install-scripts $base/lib/robiot --single-version-externally-managed install_data
[14.580s] running egg_info
[14.586s] writing ../../build/robiot/robiot.egg-info/PKG-INFO
[14.618s] writing dependency_links to ../../build/robiot/robiot.egg-info/dependency_links.txt
[14.621s] writing entry points to ../../build/robiot/robiot.egg-info/entry_points.txt
[14.623s] writing requirements to ../../build/robiot/robiot.egg-info/requires.txt
[14.624s] writing top-level names to ../../build/robiot/robiot.egg-info/top_level.txt
[15.112s] reading manifest file '../../build/robiot/robiot.egg-info/SOURCES.txt'
[15.134s] writing manifest file '../../build/robiot/robiot.egg-info/SOURCES.txt'
[15.137s] running build
[15.138s] running build_py
[15.163s] running install
[15.172s] running install_lib
[15.199s] running install_data
[15.205s] running install_egg_info
[15.222s] removing '/home/dae/ros2_ws/install/robiot/lib/python3.8/site-packages/robiot-0.0.0-py3.8.egg-info' (and everything under it)
[15.226s] Copying ../../build/robiot/robiot.egg-info to /home/dae/ros2_ws/install/robiot/lib/python3.8/site-packages/robiot-0.0.0-py3.8.egg-info
[15.258s] running install_scripts
[15.455s] writing list of installed files to '/home/dae/ros2_ws/build/robiot/install.log'
[15.746s] Invoked command in '/home/dae/ros2_ws/src/robiot' returned '0': PYTHONPATH=/home/dae/ros2_ws/build/robiot/prefix_override:/usr/lib/python3/dist-packages/colcon_core/task/python/colcon_distutils_commands:/home/dae/ros2_ws/install/robiot/lib/python3.8/site-packages:${PYTHONPATH} /usr/bin/python3 -W ignore:setup.py install is deprecated -W ignore:easy_install command is deprecated setup.py egg_info --egg-base ../../build/robiot build --build-base /home/dae/ros2_ws/build/robiot/build install --record /home/dae/ros2_ws/build/robiot/install.log --install-scripts $base/lib/robiot --single-version-externally-managed install_data
