[8.543s] Invoking command in '/home/dae/ros2_ws/src/robiot': PYTHONPATH=/home/dae/ros2_ws/build/robiot/prefix_override:/usr/lib/python3/dist-packages/colcon_core/task/python/colcon_distutils_commands:/home/dae/ros2_ws/install/robiot/lib/python3.8/site-packages:${PYTHONPATH} /usr/bin/python3 -W ignore:setup.py install is deprecated -W ignore:easy_install command is deprecated setup.py egg_info --egg-base ../../build/robiot build --build-base /home/dae/ros2_ws/build/robiot/build install --record /home/dae/ros2_ws/build/robiot/install.log --install-scripts $base/lib/robiot --single-version-externally-managed install_data
[10.963s] running egg_info
[10.969s] writing ../../build/robiot/robiot.egg-info/PKG-INFO
[10.972s] writing dependency_links to ../../build/robiot/robiot.egg-info/dependency_links.txt
[10.974s] writing entry points to ../../build/robiot/robiot.egg-info/entry_points.txt
[10.976s] writing requirements to ../../build/robiot/robiot.egg-info/requires.txt
[10.978s] writing top-level names to ../../build/robiot/robiot.egg-info/top_level.txt
[11.506s] reading manifest file '../../build/robiot/robiot.egg-info/SOURCES.txt'
[11.518s] writing manifest file '../../build/robiot/robiot.egg-info/SOURCES.txt'
[11.519s] running build
[11.521s] running build_py
[11.524s] running install
[11.531s] running install_lib
[11.546s] running install_data
[11.549s] copying launch/visual.launch.py -> /home/dae/ros2_ws/install/robiot/share/robiot/launch
[11.552s] running install_egg_info
[11.571s] removing '/home/dae/ros2_ws/install/robiot/lib/python3.8/site-packages/robiot-0.0.0-py3.8.egg-info' (and everything under it)
[11.576s] Copying ../../build/robiot/robiot.egg-info to /home/dae/ros2_ws/install/robiot/lib/python3.8/site-packages/robiot-0.0.0-py3.8.egg-info
[11.588s] running install_scripts
[11.782s] writing list of installed files to '/home/dae/ros2_ws/build/robiot/install.log'
[11.933s] Invoked command in '/home/dae/ros2_ws/src/robiot' returned '0': PYTHONPATH=/home/dae/ros2_ws/build/robiot/prefix_override:/usr/lib/python3/dist-packages/colcon_core/task/python/colcon_distutils_commands:/home/dae/ros2_ws/install/robiot/lib/python3.8/site-packages:${PYTHONPATH} /usr/bin/python3 -W ignore:setup.py install is deprecated -W ignore:easy_install command is deprecated setup.py egg_info --egg-base ../../build/robiot build --build-base /home/dae/ros2_ws/build/robiot/build install --record /home/dae/ros2_ws/build/robiot/install.log --install-scripts $base/lib/robiot --single-version-externally-managed install_data
