[10.794s] Invoking command in '/home/dae/ros2_ws/src/minisumo_core': PYTHONPATH=/home/dae/ros2_ws/build/minisumo_core/prefix_override:/usr/lib/python3/dist-packages/colcon_core/task/python/colcon_distutils_commands:/home/dae/ros2_ws/install/minisumo_core/lib/python3.8/site-packages:${PYTHONPATH} /usr/bin/python3 -W ignore:setup.py install is deprecated -W ignore:easy_install command is deprecated setup.py egg_info --egg-base ../../build/minisumo_core build --build-base /home/dae/ros2_ws/build/minisumo_core/build install --record /home/dae/ros2_ws/build/minisumo_core/install.log --install-scripts $base/lib/minisumo_core --single-version-externally-managed install_data
[13.609s] running egg_info
[13.615s] writing ../../build/minisumo_core/minisumo_core.egg-info/PKG-INFO
[13.617s] writing dependency_links to ../../build/minisumo_core/minisumo_core.egg-info/dependency_links.txt
[13.620s] writing entry points to ../../build/minisumo_core/minisumo_core.egg-info/entry_points.txt
[13.622s] writing requirements to ../../build/minisumo_core/minisumo_core.egg-info/requires.txt
[13.624s] writing top-level names to ../../build/minisumo_core/minisumo_core.egg-info/top_level.txt
[13.932s] reading manifest file '../../build/minisumo_core/minisumo_core.egg-info/SOURCES.txt'
[13.940s] writing manifest file '../../build/minisumo_core/minisumo_core.egg-info/SOURCES.txt'
[13.942s] running build
[13.943s] running build_py
[13.946s] running install
[13.952s] running install_lib
[13.962s] running install_data
[13.964s] running install_egg_info
[13.975s] removing '/home/dae/ros2_ws/install/minisumo_core/lib/python3.8/site-packages/minisumo_core-0.0.0-py3.8.egg-info' (and everything under it)
[13.978s] Copying ../../build/minisumo_core/minisumo_core.egg-info to /home/dae/ros2_ws/install/minisumo_core/lib/python3.8/site-packages/minisumo_core-0.0.0-py3.8.egg-info
[13.986s] running install_scripts
[14.099s] Installing logger_csv script to /home/dae/ros2_ws/install/minisumo_core/lib/minisumo_core
[14.101s] Installing odometria script to /home/dae/ros2_ws/install/minisumo_core/lib/minisumo_core
[14.102s] Installing teleop script to /home/dae/ros2_ws/install/minisumo_core/lib/minisumo_core
[14.105s] writing list of installed files to '/home/dae/ros2_ws/build/minisumo_core/install.log'
[14.222s] Invoked command in '/home/dae/ros2_ws/src/minisumo_core' returned '0': PYTHONPATH=/home/dae/ros2_ws/build/minisumo_core/prefix_override:/usr/lib/python3/dist-packages/colcon_core/task/python/colcon_distutils_commands:/home/dae/ros2_ws/install/minisumo_core/lib/python3.8/site-packages:${PYTHONPATH} /usr/bin/python3 -W ignore:setup.py install is deprecated -W ignore:easy_install command is deprecated setup.py egg_info --egg-base ../../build/minisumo_core build --build-base /home/dae/ros2_ws/build/minisumo_core/build install --record /home/dae/ros2_ws/build/minisumo_core/install.log --install-scripts $base/lib/minisumo_core --single-version-externally-managed install_data
