[1.878s] DEBUG:colcon:Command line arguments: ['/usr/bin/colcon', 'build']
[1.879s] DEBUG:colcon:Parsed command line arguments: Namespace(allow_overriding=[], ament_cmake_args=None, base_paths=['.'], build_base='build', catkin_cmake_args=None, catkin_skip_building_tests=False, cmake_args=None, cmake_clean_cache=False, cmake_clean_first=False, cmake_force_configure=False, cmake_target=None, cmake_target_skip_unavailable=False, continue_on_error=False, event_handlers=None, executor='parallel', ignore_user_meta=False, install_base='install', log_base=None, log_level=None, main=<bound method BuildVerb.main of <colcon_core.verb.build.BuildVerb object at 0x7f5e0d5985b0>>, merge_install=False, metas=['./colcon.meta'], packages_above=None, packages_above_and_dependencies=None, packages_above_depth=None, packages_end=None, packages_ignore=None, packages_ignore_regex=None, packages_select=None, packages_select_build_failed=False, packages_select_by_dep=None, packages_select_regex=None, packages_select_test_failures=False, packages_skip=None, packages_skip_build_finished=False, packages_skip_by_dep=None, packages_skip_regex=None, packages_skip_test_passed=False, packages_skip_up_to=None, packages_start=None, packages_up_to=None, packages_up_to_regex=None, parallel_workers=4, paths=None, symlink_install=False, test_result_base=None, verb_extension=<colcon_core.verb.build.BuildVerb object at 0x7f5e0d5985b0>, verb_name='build', verb_parser=<colcon_defaults.argument_parser.defaults.DefaultArgumentsDecorator object at 0x7f5e0d5a7220>)
[3.432s] Level 1:colcon.colcon_core.package_discovery:discover_packages(colcon_meta) check parameters
[3.433s] Level 1:colcon.colcon_core.package_discovery:discover_packages(recursive) check parameters
[3.433s] Level 1:colcon.colcon_core.package_discovery:discover_packages(ignore) check parameters
[3.434s] Level 1:colcon.colcon_core.package_discovery:discover_packages(path) check parameters
[3.434s] Level 1:colcon.colcon_core.package_discovery:discover_packages(colcon_meta) discover
[3.434s] Level 1:colcon.colcon_core.package_discovery:discover_packages(recursive) discover
[3.435s] INFO:colcon.colcon_core.package_discovery:Crawling recursively for packages in '/home/dae/ros2_ws'
[3.436s] Level 1:colcon.colcon_core.package_identification:_identify(.) by extensions ['ignore', 'ignore_ament_install']
[3.439s] Level 1:colcon.colcon_core.package_identification:_identify(.) by extension 'ignore'
[3.439s] Level 1:colcon.colcon_core.package_identification:_identify(.) by extension 'ignore_ament_install'
[3.440s] Level 1:colcon.colcon_core.package_identification:_identify(.) by extensions ['colcon_pkg']
[3.441s] Level 1:colcon.colcon_core.package_identification:_identify(.) by extension 'colcon_pkg'
[3.441s] Level 1:colcon.colcon_core.package_identification:_identify(.) by extensions ['colcon_meta']
[3.442s] Level 1:colcon.colcon_core.package_identification:_identify(.) by extension 'colcon_meta'
[3.443s] Level 1:colcon.colcon_core.package_identification:_identify(.) by extensions ['ros']
[3.443s] Level 1:colcon.colcon_core.package_identification:_identify(.) by extension 'ros'
[3.549s] Level 1:colcon.colcon_core.package_identification:_identify(.) by extensions ['cmake', 'python']
[3.550s] Level 1:colcon.colcon_core.package_identification:_identify(.) by extension 'cmake'
[3.550s] Level 1:colcon.colcon_core.package_identification:_identify(.) by extension 'python'
[3.551s] Level 1:colcon.colcon_core.package_identification:_identify(.) by extensions ['python_setup_py']
[3.551s] Level 1:colcon.colcon_core.package_identification:_identify(.) by extension 'python_setup_py'
[3.553s] Level 1:colcon.colcon_core.package_identification:_identify(build) by extensions ['ignore', 'ignore_ament_install']
[3.554s] Level 1:colcon.colcon_core.package_identification:_identify(build) by extension 'ignore'
[3.554s] Level 1:colcon.colcon_core.package_identification:_identify(build) ignored
[3.556s] Level 1:colcon.colcon_core.package_identification:_identify(install) by extensions ['ignore', 'ignore_ament_install']
[3.557s] Level 1:colcon.colcon_core.package_identification:_identify(install) by extension 'ignore'
[3.558s] Level 1:colcon.colcon_core.package_identification:_identify(install) ignored
[3.559s] Level 1:colcon.colcon_core.package_identification:_identify(log) by extensions ['ignore', 'ignore_ament_install']
[3.560s] Level 1:colcon.colcon_core.package_identification:_identify(log) by extension 'ignore'
[3.560s] Level 1:colcon.colcon_core.package_identification:_identify(log) ignored
[3.561s] Level 1:colcon.colcon_core.package_identification:_identify(src) by extensions ['ignore', 'ignore_ament_install']
[3.562s] Level 1:colcon.colcon_core.package_identification:_identify(src) by extension 'ignore'
[3.562s] Level 1:colcon.colcon_core.package_identification:_identify(src) by extension 'ignore_ament_install'
[3.563s] Level 1:colcon.colcon_core.package_identification:_identify(src) by extensions ['colcon_pkg']
[3.563s] Level 1:colcon.colcon_core.package_identification:_identify(src) by extension 'colcon_pkg'
[3.564s] Level 1:colcon.colcon_core.package_identification:_identify(src) by extensions ['colcon_meta']
[3.564s] Level 1:colcon.colcon_core.package_identification:_identify(src) by extension 'colcon_meta'
[3.565s] Level 1:colcon.colcon_core.package_identification:_identify(src) by extensions ['ros']
[3.565s] Level 1:colcon.colcon_core.package_identification:_identify(src) by extension 'ros'
[3.566s] Level 1:colcon.colcon_core.package_identification:_identify(src) by extensions ['cmake', 'python']
[3.566s] Level 1:colcon.colcon_core.package_identification:_identify(src) by extension 'cmake'
[3.567s] Level 1:colcon.colcon_core.package_identification:_identify(src) by extension 'python'
[3.567s] Level 1:colcon.colcon_core.package_identification:_identify(src) by extensions ['python_setup_py']
[3.568s] Level 1:colcon.colcon_core.package_identification:_identify(src) by extension 'python_setup_py'
[3.569s] Level 1:colcon.colcon_core.package_identification:_identify(src/build) by extensions ['ignore', 'ignore_ament_install']
[3.570s] Level 1:colcon.colcon_core.package_identification:_identify(src/build) by extension 'ignore'
[3.570s] Level 1:colcon.colcon_core.package_identification:_identify(src/build) ignored
[3.572s] Level 1:colcon.colcon_core.package_identification:_identify(src/install) by extensions ['ignore', 'ignore_ament_install']
[3.573s] Level 1:colcon.colcon_core.package_identification:_identify(src/install) by extension 'ignore'
[3.574s] Level 1:colcon.colcon_core.package_identification:_identify(src/install) ignored
[3.575s] Level 1:colcon.colcon_core.package_identification:_identify(src/log) by extensions ['ignore', 'ignore_ament_install']
[3.576s] Level 1:colcon.colcon_core.package_identification:_identify(src/log) by extension 'ignore'
[3.577s] Level 1:colcon.colcon_core.package_identification:_identify(src/log) ignored
[3.578s] Level 1:colcon.colcon_core.package_identification:_identify(src/minisumo_core) by extensions ['ignore', 'ignore_ament_install']
[3.579s] Level 1:colcon.colcon_core.package_identification:_identify(src/minisumo_core) by extension 'ignore'
[3.580s] Level 1:colcon.colcon_core.package_identification:_identify(src/minisumo_core) by extension 'ignore_ament_install'
[3.580s] Level 1:colcon.colcon_core.package_identification:_identify(src/minisumo_core) by extensions ['colcon_pkg']
[3.581s] Level 1:colcon.colcon_core.package_identification:_identify(src/minisumo_core) by extension 'colcon_pkg'
[3.581s] Level 1:colcon.colcon_core.package_identification:_identify(src/minisumo_core) by extensions ['colcon_meta']
[3.581s] Level 1:colcon.colcon_core.package_identification:_identify(src/minisumo_core) by extension 'colcon_meta'
[3.582s] Level 1:colcon.colcon_core.package_identification:_identify(src/minisumo_core) by extensions ['ros']
[3.582s] Level 1:colcon.colcon_core.package_identification:_identify(src/minisumo_core) by extension 'ros'
[3.602s] DEBUG:colcon.colcon_core.package_identification:Package 'src/minisumo_core' with type 'ros.ament_python' and name 'minisumo_core'
[3.603s] Level 1:colcon.colcon_core.package_identification:_identify(src/mobile_robot) by extensions ['ignore', 'ignore_ament_install']
[3.604s] Level 1:colcon.colcon_core.package_identification:_identify(src/mobile_robot) by extension 'ignore'
[3.605s] Level 1:colcon.colcon_core.package_identification:_identify(src/mobile_robot) by extension 'ignore_ament_install'
[3.606s] Level 1:colcon.colcon_core.package_identification:_identify(src/mobile_robot) by extensions ['colcon_pkg']
[3.606s] Level 1:colcon.colcon_core.package_identification:_identify(src/mobile_robot) by extension 'colcon_pkg'
[3.607s] Level 1:colcon.colcon_core.package_identification:_identify(src/mobile_robot) by extensions ['colcon_meta']
[3.607s] Level 1:colcon.colcon_core.package_identification:_identify(src/mobile_robot) by extension 'colcon_meta'
[3.608s] Level 1:colcon.colcon_core.package_identification:_identify(src/mobile_robot) by extensions ['ros']
[3.608s] Level 1:colcon.colcon_core.package_identification:_identify(src/mobile_robot) by extension 'ros'
[3.616s] DEBUG:colcon.colcon_core.package_identification:Package 'src/mobile_robot' with type 'ros.ament_python' and name 'mobile_robot'
[3.617s] Level 1:colcon.colcon_core.package_identification:_identify(src/robiot) by extensions ['ignore', 'ignore_ament_install']
[3.618s] Level 1:colcon.colcon_core.package_identification:_identify(src/robiot) by extension 'ignore'
[3.619s] Level 1:colcon.colcon_core.package_identification:_identify(src/robiot) by extension 'ignore_ament_install'
[3.619s] Level 1:colcon.colcon_core.package_identification:_identify(src/robiot) by extensions ['colcon_pkg']
[3.620s] Level 1:colcon.colcon_core.package_identification:_identify(src/robiot) by extension 'colcon_pkg'
[3.620s] Level 1:colcon.colcon_core.package_identification:_identify(src/robiot) by extensions ['colcon_meta']
[3.621s] Level 1:colcon.colcon_core.package_identification:_identify(src/robiot) by extension 'colcon_meta'
[3.621s] Level 1:colcon.colcon_core.package_identification:_identify(src/robiot) by extensions ['ros']
[3.622s] Level 1:colcon.colcon_core.package_identification:_identify(src/robiot) by extension 'ros'
[3.627s] DEBUG:colcon.colcon_core.package_identification:Package 'src/robiot' with type 'ros.ament_python' and name 'robiot'
[3.627s] Level 1:colcon.colcon_core.package_discovery:discover_packages(recursive) using defaults
[3.628s] Level 1:colcon.colcon_core.package_discovery:discover_packages(ignore) discover
[3.628s] Level 1:colcon.colcon_core.package_discovery:discover_packages(ignore) using defaults
[3.628s] Level 1:colcon.colcon_core.package_discovery:discover_packages(path) discover
[3.629s] Level 1:colcon.colcon_core.package_discovery:discover_packages(path) using defaults
[3.772s] Level 1:colcon.colcon_core.package_discovery:discover_packages(prefix_path) check parameters
[3.773s] Level 1:colcon.colcon_core.package_discovery:discover_packages(prefix_path) discover
[3.791s] DEBUG:colcon.colcon_installed_package_information.package_discovery:Found 5 installed packages in /home/dae/ros2_ws/install
[3.804s] DEBUG:colcon.colcon_installed_package_information.package_discovery:Found 264 installed packages in /opt/ros/foxy
[3.822s] Level 1:colcon.colcon_core.package_discovery:discover_packages(prefix_path) using defaults
[4.523s] Level 5:colcon.colcon_core.verb:set package 'minisumo_core' build argument 'cmake_args' from command line to 'None'
[4.524s] Level 5:colcon.colcon_core.verb:set package 'minisumo_core' build argument 'cmake_target' from command line to 'None'
[4.525s] Level 5:colcon.colcon_core.verb:set package 'minisumo_core' build argument 'cmake_target_skip_unavailable' from command line to 'False'
[4.525s] Level 5:colcon.colcon_core.verb:set package 'minisumo_core' build argument 'cmake_clean_cache' from command line to 'False'
[4.525s] Level 5:colcon.colcon_core.verb:set package 'minisumo_core' build argument 'cmake_clean_first' from command line to 'False'
[4.526s] Level 5:colcon.colcon_core.verb:set package 'minisumo_core' build argument 'cmake_force_configure' from command line to 'False'
[4.526s] Level 5:colcon.colcon_core.verb:set package 'minisumo_core' build argument 'ament_cmake_args' from command line to 'None'
[4.526s] Level 5:colcon.colcon_core.verb:set package 'minisumo_core' build argument 'catkin_cmake_args' from command line to 'None'
[4.527s] Level 5:colcon.colcon_core.verb:set package 'minisumo_core' build argument 'catkin_skip_building_tests' from command line to 'False'
[4.527s] DEBUG:colcon.colcon_core.verb:Building package 'minisumo_core' with the following arguments: {'ament_cmake_args': None, 'build_base': '/home/dae/ros2_ws/build/minisumo_core', 'catkin_cmake_args': None, 'catkin_skip_building_tests': False, 'cmake_args': None, 'cmake_clean_cache': False, 'cmake_clean_first': False, 'cmake_force_configure': False, 'cmake_target': None, 'cmake_target_skip_unavailable': False, 'install_base': '/home/dae/ros2_ws/install/minisumo_core', 'merge_install': False, 'path': '/home/dae/ros2_ws/src/minisumo_core', 'symlink_install': False, 'test_result_base': None}
[4.531s] Level 5:colcon.colcon_core.verb:set package 'mobile_robot' build argument 'cmake_args' from command line to 'None'
[4.531s] Level 5:colcon.colcon_core.verb:set package 'mobile_robot' build argument 'cmake_target' from command line to 'None'
[4.531s] Level 5:colcon.colcon_core.verb:set package 'mobile_robot' build argument 'cmake_target_skip_unavailable' from command line to 'False'
[4.532s] Level 5:colcon.colcon_core.verb:set package 'mobile_robot' build argument 'cmake_clean_cache' from command line to 'False'
[4.532s] Level 5:colcon.colcon_core.verb:set package 'mobile_robot' build argument 'cmake_clean_first' from command line to 'False'
[4.533s] Level 5:colcon.colcon_core.verb:set package 'mobile_robot' build argument 'cmake_force_configure' from command line to 'False'
[4.533s] Level 5:colcon.colcon_core.verb:set package 'mobile_robot' build argument 'ament_cmake_args' from command line to 'None'
[4.533s] Level 5:colcon.colcon_core.verb:set package 'mobile_robot' build argument 'catkin_cmake_args' from command line to 'None'
[4.534s] Level 5:colcon.colcon_core.verb:set package 'mobile_robot' build argument 'catkin_skip_building_tests' from command line to 'False'
[4.534s] DEBUG:colcon.colcon_core.verb:Building package 'mobile_robot' with the following arguments: {'ament_cmake_args': None, 'build_base': '/home/dae/ros2_ws/build/mobile_robot', 'catkin_cmake_args': None, 'catkin_skip_building_tests': False, 'cmake_args': None, 'cmake_clean_cache': False, 'cmake_clean_first': False, 'cmake_force_configure': False, 'cmake_target': None, 'cmake_target_skip_unavailable': False, 'install_base': '/home/dae/ros2_ws/install/mobile_robot', 'merge_install': False, 'path': '/home/dae/ros2_ws/src/mobile_robot', 'symlink_install': False, 'test_result_base': None}
[4.538s] Level 5:colcon.colcon_core.verb:set package 'robiot' build argument 'cmake_args' from command line to 'None'
[4.539s] Level 5:colcon.colcon_core.verb:set package 'robiot' build argument 'cmake_target' from command line to 'None'
[4.539s] Level 5:colcon.colcon_core.verb:set package 'robiot' build argument 'cmake_target_skip_unavailable' from command line to 'False'
[4.539s] Level 5:colcon.colcon_core.verb:set package 'robiot' build argument 'cmake_clean_cache' from command line to 'False'
[4.540s] Level 5:colcon.colcon_core.verb:set package 'robiot' build argument 'cmake_clean_first' from command line to 'False'
[4.540s] Level 5:colcon.colcon_core.verb:set package 'robiot' build argument 'cmake_force_configure' from command line to 'False'
[4.541s] Level 5:colcon.colcon_core.verb:set package 'robiot' build argument 'ament_cmake_args' from command line to 'None'
[4.541s] Level 5:colcon.colcon_core.verb:set package 'robiot' build argument 'catkin_cmake_args' from command line to 'None'
[4.542s] Level 5:colcon.colcon_core.verb:set package 'robiot' build argument 'catkin_skip_building_tests' from command line to 'False'
[4.542s] DEBUG:colcon.colcon_core.verb:Building package 'robiot' with the following arguments: {'ament_cmake_args': None, 'build_base': '/home/dae/ros2_ws/build/robiot', 'catkin_cmake_args': None, 'catkin_skip_building_tests': False, 'cmake_args': None, 'cmake_clean_cache': False, 'cmake_clean_first': False, 'cmake_force_configure': False, 'cmake_target': None, 'cmake_target_skip_unavailable': False, 'install_base': '/home/dae/ros2_ws/install/robiot', 'merge_install': False, 'path': '/home/dae/ros2_ws/src/robiot', 'symlink_install': False, 'test_result_base': None}
[4.543s] INFO:colcon.colcon_core.executor:Executing jobs using 'parallel' executor
[4.550s] DEBUG:colcon.colcon_parallel_executor.executor.parallel:run_until_complete
[4.553s] INFO:colcon.colcon_ros.task.ament_python.build:Building ROS package in '/home/dae/ros2_ws/src/minisumo_core' with build type 'ament_python'
[4.555s] Level 1:colcon.colcon_core.shell:create_environment_hook('minisumo_core', 'ament_prefix_path')
[4.578s] INFO:colcon.colcon_core.plugin_system:Skipping extension 'colcon_core.shell.bat': Not used on non-Windows systems
[4.579s] INFO:colcon.colcon_core.shell:Creating environment hook '/home/dae/ros2_ws/install/minisumo_core/share/minisumo_core/hook/ament_prefix_path.ps1'
[4.584s] INFO:colcon.colcon_core.shell:Creating environment descriptor '/home/dae/ros2_ws/install/minisumo_core/share/minisumo_core/hook/ament_prefix_path.dsv'
[4.589s] INFO:colcon.colcon_core.shell:Creating environment hook '/home/dae/ros2_ws/install/minisumo_core/share/minisumo_core/hook/ament_prefix_path.sh'
[4.597s] INFO:colcon.colcon_core.shell:Skip shell extension 'powershell' for command environment: Not usable outside of PowerShell
[4.598s] DEBUG:colcon.colcon_core.shell:Skip shell extension 'dsv' for command environment
[4.643s] INFO:colcon.colcon_ros.task.ament_python.build:Building ROS package in '/home/dae/ros2_ws/src/mobile_robot' with build type 'ament_python'
[4.646s] Level 1:colcon.colcon_core.shell:create_environment_hook('mobile_robot', 'ament_prefix_path')
[4.650s] INFO:colcon.colcon_core.shell:Creating environment hook '/home/dae/ros2_ws/install/mobile_robot/share/mobile_robot/hook/ament_prefix_path.ps1'
[4.659s] INFO:colcon.colcon_core.shell:Creating environment descriptor '/home/dae/ros2_ws/install/mobile_robot/share/mobile_robot/hook/ament_prefix_path.dsv'
[4.665s] INFO:colcon.colcon_core.shell:Creating environment hook '/home/dae/ros2_ws/install/mobile_robot/share/mobile_robot/hook/ament_prefix_path.sh'
[4.674s] INFO:colcon.colcon_core.shell:Skip shell extension 'powershell' for command environment: Not usable outside of PowerShell
[4.675s] DEBUG:colcon.colcon_core.shell:Skip shell extension 'dsv' for command environment
[4.738s] INFO:colcon.colcon_ros.task.ament_python.build:Building ROS package in '/home/dae/ros2_ws/src/robiot' with build type 'ament_python'
[4.741s] Level 1:colcon.colcon_core.shell:create_environment_hook('robiot', 'ament_prefix_path')
[4.746s] INFO:colcon.colcon_core.shell:Creating environment hook '/home/dae/ros2_ws/install/robiot/share/robiot/hook/ament_prefix_path.ps1'
[4.754s] INFO:colcon.colcon_core.shell:Creating environment descriptor '/home/dae/ros2_ws/install/robiot/share/robiot/hook/ament_prefix_path.dsv'
[4.758s] INFO:colcon.colcon_core.shell:Creating environment hook '/home/dae/ros2_ws/install/robiot/share/robiot/hook/ament_prefix_path.sh'
[4.766s] INFO:colcon.colcon_core.shell:Skip shell extension 'powershell' for command environment: Not usable outside of PowerShell
[4.766s] DEBUG:colcon.colcon_core.shell:Skip shell extension 'dsv' for command environment
[6.968s] INFO:colcon.colcon_core.task.python.build:Building Python package in '/home/dae/ros2_ws/src/minisumo_core'
[6.971s] INFO:colcon.colcon_core.shell:Skip shell extension 'powershell' for command environment: Not usable outside of PowerShell
[6.972s] DEBUG:colcon.colcon_core.shell:Skip shell extension 'dsv' for command environment
[9.249s] INFO:colcon.colcon_core.task.python.build:Building Python package in '/home/dae/ros2_ws/src/mobile_robot'
[9.252s] INFO:colcon.colcon_core.shell:Skip shell extension 'powershell' for command environment: Not usable outside of PowerShell
[9.253s] DEBUG:colcon.colcon_core.shell:Skip shell extension 'dsv' for command environment
[11.412s] INFO:colcon.colcon_core.task.python.build:Building Python package in '/home/dae/ros2_ws/src/robiot'
[11.415s] INFO:colcon.colcon_core.shell:Skip shell extension 'powershell' for command environment: Not usable outside of PowerShell
[11.415s] DEBUG:colcon.colcon_core.shell:Skip shell extension 'dsv' for command environment
[16.833s] DEBUG:colcon.colcon_core.event_handler.log_command:Invoking command in '/home/dae/ros2_ws/src/mobile_robot': PYTHONPATH=/home/dae/ros2_ws/build/mobile_robot/prefix_override:/usr/lib/python3/dist-packages/colcon_core/task/python/colcon_distutils_commands:/home/dae/ros2_ws/install/mobile_robot/lib/python3.8/site-packages:${PYTHONPATH} /usr/bin/python3 -W ignore:setup.py install is deprecated -W ignore:easy_install command is deprecated setup.py egg_info --egg-base ../../build/mobile_robot build --build-base /home/dae/ros2_ws/build/mobile_robot/build install --record /home/dae/ros2_ws/build/mobile_robot/install.log --single-version-externally-managed install_data
[16.996s] DEBUG:colcon.colcon_core.event_handler.log_command:Invoking command in '/home/dae/ros2_ws/src/minisumo_core': PYTHONPATH=/home/dae/ros2_ws/build/minisumo_core/prefix_override:/usr/lib/python3/dist-packages/colcon_core/task/python/colcon_distutils_commands:/home/dae/ros2_ws/install/minisumo_core/lib/python3.8/site-packages:${PYTHONPATH} /usr/bin/python3 -W ignore:setup.py install is deprecated -W ignore:easy_install command is deprecated setup.py egg_info --egg-base ../../build/minisumo_core build --build-base /home/dae/ros2_ws/build/minisumo_core/build install --record /home/dae/ros2_ws/build/minisumo_core/install.log --install-scripts $base/lib/minisumo_core --single-version-externally-managed install_data
[17.247s] DEBUG:colcon.colcon_core.event_handler.log_command:Invoking command in '/home/dae/ros2_ws/src/robiot': PYTHONPATH=/home/dae/ros2_ws/build/robiot/prefix_override:/usr/lib/python3/dist-packages/colcon_core/task/python/colcon_distutils_commands:/home/dae/ros2_ws/install/robiot/lib/python3.8/site-packages:${PYTHONPATH} /usr/bin/python3 -W ignore:setup.py install is deprecated -W ignore:easy_install command is deprecated setup.py egg_info --egg-base ../../build/robiot build --build-base /home/dae/ros2_ws/build/robiot/build install --record /home/dae/ros2_ws/build/robiot/install.log --install-scripts $base/lib/robiot --single-version-externally-managed install_data
[21.221s] DEBUG:colcon.colcon_core.event_handler.log_command:Invoked command in '/home/dae/ros2_ws/src/mobile_robot' returned '0': PYTHONPATH=/home/dae/ros2_ws/build/mobile_robot/prefix_override:/usr/lib/python3/dist-packages/colcon_core/task/python/colcon_distutils_commands:/home/dae/ros2_ws/install/mobile_robot/lib/python3.8/site-packages:${PYTHONPATH} /usr/bin/python3 -W ignore:setup.py install is deprecated -W ignore:easy_install command is deprecated setup.py egg_info --egg-base ../../build/mobile_robot build --build-base /home/dae/ros2_ws/build/mobile_robot/build install --record /home/dae/ros2_ws/build/mobile_robot/install.log --single-version-externally-managed install_data
[21.309s] Level 1:colcon.colcon_core.environment:checking '/home/dae/ros2_ws/install/mobile_robot' for CMake module files
[21.319s] Level 1:colcon.colcon_core.environment:checking '/home/dae/ros2_ws/install/mobile_robot' for CMake config files
[21.334s] Level 1:colcon.colcon_core.environment:checking '/home/dae/ros2_ws/install/mobile_robot/lib'
[21.337s] Level 1:colcon.colcon_core.environment:checking '/home/dae/ros2_ws/install/mobile_robot/bin'
[21.338s] Level 1:colcon.colcon_core.environment:checking '/home/dae/ros2_ws/install/mobile_robot/lib/pkgconfig/mobile_robot.pc'
[21.351s] Level 1:colcon.colcon_core.environment:checking '/home/dae/ros2_ws/install/mobile_robot/lib/python3.8/site-packages'
[21.371s] Level 1:colcon.colcon_core.shell:create_environment_hook('mobile_robot', 'pythonpath')
[21.387s] INFO:colcon.colcon_core.shell:Creating environment hook '/home/dae/ros2_ws/install/mobile_robot/share/mobile_robot/hook/pythonpath.ps1'
[21.413s] INFO:colcon.colcon_core.shell:Creating environment descriptor '/home/dae/ros2_ws/install/mobile_robot/share/mobile_robot/hook/pythonpath.dsv'
[21.418s] INFO:colcon.colcon_core.shell:Creating environment hook '/home/dae/ros2_ws/install/mobile_robot/share/mobile_robot/hook/pythonpath.sh'
[21.426s] Level 1:colcon.colcon_core.environment:checking '/home/dae/ros2_ws/install/mobile_robot/bin'
[21.427s] Level 1:colcon.colcon_core.environment:create_environment_scripts_only(mobile_robot)
[21.431s] INFO:colcon.colcon_core.shell:Creating package script '/home/dae/ros2_ws/install/mobile_robot/share/mobile_robot/package.ps1'
[21.443s] INFO:colcon.colcon_core.shell:Creating package descriptor '/home/dae/ros2_ws/install/mobile_robot/share/mobile_robot/package.dsv'
[21.451s] INFO:colcon.colcon_core.shell:Creating package script '/home/dae/ros2_ws/install/mobile_robot/share/mobile_robot/package.sh'
[21.461s] INFO:colcon.colcon_core.shell:Creating package script '/home/dae/ros2_ws/install/mobile_robot/share/mobile_robot/package.bash'
[21.470s] INFO:colcon.colcon_core.shell:Creating package script '/home/dae/ros2_ws/install/mobile_robot/share/mobile_robot/package.zsh'
[21.479s] Level 1:colcon.colcon_core.environment:create_file_with_runtime_dependencies(/home/dae/ros2_ws/install/mobile_robot/share/colcon-core/packages/mobile_robot)
[21.569s] Level 1:colcon.colcon_core.environment:checking '/home/dae/ros2_ws/install/minisumo_core' for CMake module files
[21.576s] DEBUG:colcon.colcon_core.event_handler.log_command:Invoked command in '/home/dae/ros2_ws/src/minisumo_core' returned '0': PYTHONPATH=/home/dae/ros2_ws/build/minisumo_core/prefix_override:/usr/lib/python3/dist-packages/colcon_core/task/python/colcon_distutils_commands:/home/dae/ros2_ws/install/minisumo_core/lib/python3.8/site-packages:${PYTHONPATH} /usr/bin/python3 -W ignore:setup.py install is deprecated -W ignore:easy_install command is deprecated setup.py egg_info --egg-base ../../build/minisumo_core build --build-base /home/dae/ros2_ws/build/minisumo_core/build install --record /home/dae/ros2_ws/build/minisumo_core/install.log --install-scripts $base/lib/minisumo_core --single-version-externally-managed install_data
[21.594s] Level 1:colcon.colcon_core.environment:checking '/home/dae/ros2_ws/install/minisumo_core' for CMake config files
[21.607s] Level 1:colcon.colcon_core.environment:checking '/home/dae/ros2_ws/install/minisumo_core/lib'
[21.608s] Level 1:colcon.colcon_core.environment:checking '/home/dae/ros2_ws/install/minisumo_core/bin'
[21.609s] Level 1:colcon.colcon_core.environment:checking '/home/dae/ros2_ws/install/minisumo_core/lib/pkgconfig/minisumo_core.pc'
[21.612s] Level 1:colcon.colcon_core.environment:checking '/home/dae/ros2_ws/install/minisumo_core/lib/python3.8/site-packages'
[21.613s] Level 1:colcon.colcon_core.shell:create_environment_hook('minisumo_core', 'pythonpath')
[21.616s] INFO:colcon.colcon_core.shell:Creating environment hook '/home/dae/ros2_ws/install/minisumo_core/share/minisumo_core/hook/pythonpath.ps1'
[21.624s] INFO:colcon.colcon_core.shell:Creating environment descriptor '/home/dae/ros2_ws/install/minisumo_core/share/minisumo_core/hook/pythonpath.dsv'
[21.630s] INFO:colcon.colcon_core.shell:Creating environment hook '/home/dae/ros2_ws/install/minisumo_core/share/minisumo_core/hook/pythonpath.sh'
[21.642s] Level 1:colcon.colcon_core.environment:checking '/home/dae/ros2_ws/install/minisumo_core/bin'
[21.644s] Level 1:colcon.colcon_core.environment:create_environment_scripts_only(minisumo_core)
[21.651s] INFO:colcon.colcon_core.shell:Creating package script '/home/dae/ros2_ws/install/minisumo_core/share/minisumo_core/package.ps1'
[21.658s] INFO:colcon.colcon_core.shell:Creating package descriptor '/home/dae/ros2_ws/install/minisumo_core/share/minisumo_core/package.dsv'
[21.666s] INFO:colcon.colcon_core.shell:Creating package script '/home/dae/ros2_ws/install/minisumo_core/share/minisumo_core/package.sh'
[21.673s] INFO:colcon.colcon_core.shell:Creating package script '/home/dae/ros2_ws/install/minisumo_core/share/minisumo_core/package.bash'
[21.680s] INFO:colcon.colcon_core.shell:Creating package script '/home/dae/ros2_ws/install/minisumo_core/share/minisumo_core/package.zsh'
[21.685s] Level 1:colcon.colcon_core.environment:create_file_with_runtime_dependencies(/home/dae/ros2_ws/install/minisumo_core/share/colcon-core/packages/minisumo_core)
[21.938s] Level 1:colcon.colcon_core.environment:checking '/home/dae/ros2_ws/install/robiot' for CMake module files
[21.949s] DEBUG:colcon.colcon_core.event_handler.log_command:Invoked command in '/home/dae/ros2_ws/src/robiot' returned '0': PYTHONPATH=/home/dae/ros2_ws/build/robiot/prefix_override:/usr/lib/python3/dist-packages/colcon_core/task/python/colcon_distutils_commands:/home/dae/ros2_ws/install/robiot/lib/python3.8/site-packages:${PYTHONPATH} /usr/bin/python3 -W ignore:setup.py install is deprecated -W ignore:easy_install command is deprecated setup.py egg_info --egg-base ../../build/robiot build --build-base /home/dae/ros2_ws/build/robiot/build install --record /home/dae/ros2_ws/build/robiot/install.log --install-scripts $base/lib/robiot --single-version-externally-managed install_data
[21.952s] Level 1:colcon.colcon_core.environment:checking '/home/dae/ros2_ws/install/robiot' for CMake config files
[21.955s] Level 1:colcon.colcon_core.environment:checking '/home/dae/ros2_ws/install/robiot/lib'
[21.956s] Level 1:colcon.colcon_core.environment:checking '/home/dae/ros2_ws/install/robiot/bin'
[21.957s] Level 1:colcon.colcon_core.environment:checking '/home/dae/ros2_ws/install/robiot/lib/pkgconfig/robiot.pc'
[21.958s] Level 1:colcon.colcon_core.environment:checking '/home/dae/ros2_ws/install/robiot/lib/python3.8/site-packages'
[21.959s] Level 1:colcon.colcon_core.shell:create_environment_hook('robiot', 'pythonpath')
[21.961s] INFO:colcon.colcon_core.shell:Creating environment hook '/home/dae/ros2_ws/install/robiot/share/robiot/hook/pythonpath.ps1'
[21.964s] INFO:colcon.colcon_core.shell:Creating environment descriptor '/home/dae/ros2_ws/install/robiot/share/robiot/hook/pythonpath.dsv'
[21.968s] INFO:colcon.colcon_core.shell:Creating environment hook '/home/dae/ros2_ws/install/robiot/share/robiot/hook/pythonpath.sh'
[21.973s] Level 1:colcon.colcon_core.environment:checking '/home/dae/ros2_ws/install/robiot/bin'
[21.973s] Level 1:colcon.colcon_core.environment:create_environment_scripts_only(robiot)
[21.976s] INFO:colcon.colcon_core.shell:Creating package script '/home/dae/ros2_ws/install/robiot/share/robiot/package.ps1'
[21.984s] INFO:colcon.colcon_core.shell:Creating package descriptor '/home/dae/ros2_ws/install/robiot/share/robiot/package.dsv'
[21.989s] INFO:colcon.colcon_core.shell:Creating package script '/home/dae/ros2_ws/install/robiot/share/robiot/package.sh'
[21.995s] INFO:colcon.colcon_core.shell:Creating package script '/home/dae/ros2_ws/install/robiot/share/robiot/package.bash'
[21.999s] INFO:colcon.colcon_core.shell:Creating package script '/home/dae/ros2_ws/install/robiot/share/robiot/package.zsh'
[22.002s] Level 1:colcon.colcon_core.environment:create_file_with_runtime_dependencies(/home/dae/ros2_ws/install/robiot/share/colcon-core/packages/robiot)
[22.004s] DEBUG:colcon.colcon_parallel_executor.executor.parallel:closing loop
[22.007s] DEBUG:colcon.colcon_parallel_executor.executor.parallel:loop closed
[22.009s] DEBUG:colcon.colcon_parallel_executor.executor.parallel:run_until_complete finished with '0'
[22.011s] DEBUG:colcon.colcon_core.event_reactor:joining thread
[22.069s] INFO:colcon.colcon_core.plugin_system:Skipping extension 'colcon_notification.desktop_notification.terminal_notifier': Not used on non-Darwin systems
[22.070s] INFO:colcon.colcon_core.plugin_system:Skipping extension 'colcon_notification.desktop_notification.win32': Not used on non-Windows systems
[22.071s] INFO:colcon.colcon_notification.desktop_notification:Sending desktop notification using 'notify2'
[22.108s] DEBUG:colcon.colcon_core.event_reactor:joined thread
[22.112s] INFO:colcon.colcon_core.shell:Creating prefix script '/home/dae/ros2_ws/install/local_setup.ps1'
[22.126s] INFO:colcon.colcon_core.shell:Creating prefix util module '/home/dae/ros2_ws/install/_local_setup_util_ps1.py'
[22.143s] INFO:colcon.colcon_core.shell:Creating prefix chain script '/home/dae/ros2_ws/install/setup.ps1'
[22.153s] INFO:colcon.colcon_core.shell:Creating prefix script '/home/dae/ros2_ws/install/local_setup.sh'
[22.158s] INFO:colcon.colcon_core.shell:Creating prefix util module '/home/dae/ros2_ws/install/_local_setup_util_sh.py'
[22.164s] INFO:colcon.colcon_core.shell:Creating prefix chain script '/home/dae/ros2_ws/install/setup.sh'
[22.178s] INFO:colcon.colcon_core.shell:Creating prefix script '/home/dae/ros2_ws/install/local_setup.bash'
[22.182s] INFO:colcon.colcon_core.shell:Creating prefix chain script '/home/dae/ros2_ws/install/setup.bash'
[22.192s] INFO:colcon.colcon_core.shell:Creating prefix script '/home/dae/ros2_ws/install/local_setup.zsh'
[22.196s] INFO:colcon.colcon_core.shell:Creating prefix chain script '/home/dae/ros2_ws/install/setup.zsh'
