[11.958s] Invoking command in '/home/dae/ros2_ws/src/robiot': PYTHONPATH=/home/dae/ros2_ws/build/robiot/prefix_override:/usr/lib/python3/dist-packages/colcon_core/task/python/colcon_distutils_commands:/home/dae/ros2_ws/install/robiot/lib/python3.8/site-packages:${PYTHONPATH} /usr/bin/python3 -W ignore:setup.py install is deprecated -W ignore:easy_install command is deprecated setup.py egg_info --egg-base ../../build/robiot build --build-base /home/dae/ros2_ws/build/robiot/build install --record /home/dae/ros2_ws/build/robiot/install.log --install-scripts $base/lib/robiot --single-version-externally-managed install_data
[13.926s] running egg_info
[13.929s] writing ../../build/robiot/robiot.egg-info/PKG-INFO
[14.365s] writing dependency_links to ../../build/robiot/robiot.egg-info/dependency_links.txt
[14.369s] writing entry points to ../../build/robiot/robiot.egg-info/entry_points.txt
[14.377s] writing requirements to ../../build/robiot/robiot.egg-info/requires.txt
[14.378s] writing top-level names to ../../build/robiot/robiot.egg-info/top_level.txt
[14.889s] reading manifest file '../../build/robiot/robiot.egg-info/SOURCES.txt'
[14.910s] writing manifest file '../../build/robiot/robiot.egg-info/SOURCES.txt'
[14.912s] running build
[14.913s] running build_py
[14.915s] running install
[14.921s] running install_lib
[14.935s] running install_data
[14.940s] running install_egg_info
[14.957s] removing '/home/dae/ros2_ws/install/robiot/lib/python3.8/site-packages/robiot-0.0.0-py3.8.egg-info' (and everything under it)
[14.961s] Copying ../../build/robiot/robiot.egg-info to /home/dae/ros2_ws/install/robiot/lib/python3.8/site-packages/robiot-0.0.0-py3.8.egg-info
[15.004s] running install_scripts
[15.136s] writing list of installed files to '/home/dae/ros2_ws/build/robiot/install.log'
[15.270s] Invoked command in '/home/dae/ros2_ws/src/robiot' returned '0': PYTHONPATH=/home/dae/ros2_ws/build/robiot/prefix_override:/usr/lib/python3/dist-packages/colcon_core/task/python/colcon_distutils_commands:/home/dae/ros2_ws/install/robiot/lib/python3.8/site-packages:${PYTHONPATH} /usr/bin/python3 -W ignore:setup.py install is deprecated -W ignore:easy_install command is deprecated setup.py egg_info --egg-base ../../build/robiot build --build-base /home/dae/ros2_ws/build/robiot/build install --record /home/dae/ros2_ws/build/robiot/install.log --install-scripts $base/lib/robiot --single-version-externally-managed install_data
