[1.793s] DEBUG:colcon:Command line arguments: ['/usr/bin/colcon', 'build']
[1.794s] DEBUG:colcon:Parsed command line arguments: Namespace(allow_overriding=[], ament_cmake_args=None, base_paths=['.'], build_base='build', catkin_cmake_args=None, catkin_skip_building_tests=False, cmake_args=None, cmake_clean_cache=False, cmake_clean_first=False, cmake_force_configure=False, cmake_target=None, cmake_target_skip_unavailable=False, continue_on_error=False, event_handlers=None, executor='parallel', ignore_user_meta=False, install_base='install', log_base=None, log_level=None, main=<bound method BuildVerb.main of <colcon_core.verb.build.BuildVerb object at 0x7f61eb66a5b0>>, merge_install=False, metas=['./colcon.meta'], packages_above=None, packages_above_and_dependencies=None, packages_above_depth=None, packages_end=None, packages_ignore=None, packages_ignore_regex=None, packages_select=None, packages_select_build_failed=False, packages_select_by_dep=None, packages_select_regex=None, packages_select_test_failures=False, packages_skip=None, packages_skip_build_finished=False, packages_skip_by_dep=None, packages_skip_regex=None, packages_skip_test_passed=False, packages_skip_up_to=None, packages_start=None, packages_up_to=None, packages_up_to_regex=None, parallel_workers=4, paths=None, symlink_install=False, test_result_base=None, verb_extension=<colcon_core.verb.build.BuildVerb object at 0x7f61eb66a5b0>, verb_name='build', verb_parser=<colcon_defaults.argument_parser.defaults.DefaultArgumentsDecorator object at 0x7f61eb679220>)
[3.334s] Level 1:colcon.colcon_core.package_discovery:discover_packages(colcon_meta) check parameters
[3.335s] Level 1:colcon.colcon_core.package_discovery:discover_packages(recursive) check parameters
[3.335s] Level 1:colcon.colcon_core.package_discovery:discover_packages(ignore) check parameters
[3.335s] Level 1:colcon.colcon_core.package_discovery:discover_packages(path) check parameters
[3.335s] Level 1:colcon.colcon_core.package_discovery:discover_packages(colcon_meta) discover
[3.336s] Level 1:colcon.colcon_core.package_discovery:discover_packages(recursive) discover
[3.336s] INFO:colcon.colcon_core.package_discovery:Crawling recursively for packages in '/home/dae/ros2_ws'
[3.337s] Level 1:colcon.colcon_core.package_identification:_identify(.) by extensions ['ignore', 'ignore_ament_install']
[3.339s] Level 1:colcon.colcon_core.package_identification:_identify(.) by extension 'ignore'
[3.339s] Level 1:colcon.colcon_core.package_identification:_identify(.) by extension 'ignore_ament_install'
[3.340s] Level 1:colcon.colcon_core.package_identification:_identify(.) by extensions ['colcon_pkg']
[3.340s] Level 1:colcon.colcon_core.package_identification:_identify(.) by extension 'colcon_pkg'
[3.341s] Level 1:colcon.colcon_core.package_identification:_identify(.) by extensions ['colcon_meta']
[3.341s] Level 1:colcon.colcon_core.package_identification:_identify(.) by extension 'colcon_meta'
[3.341s] Level 1:colcon.colcon_core.package_identification:_identify(.) by extensions ['ros']
[3.342s] Level 1:colcon.colcon_core.package_identification:_identify(.) by extension 'ros'
[3.445s] Level 1:colcon.colcon_core.package_identification:_identify(.) by extensions ['cmake', 'python']
[3.446s] Level 1:colcon.colcon_core.package_identification:_identify(.) by extension 'cmake'
[3.446s] Level 1:colcon.colcon_core.package_identification:_identify(.) by extension 'python'
[3.447s] Level 1:colcon.colcon_core.package_identification:_identify(.) by extensions ['python_setup_py']
[3.447s] Level 1:colcon.colcon_core.package_identification:_identify(.) by extension 'python_setup_py'
[3.448s] Level 1:colcon.colcon_core.package_identification:_identify(build) by extensions ['ignore', 'ignore_ament_install']
[3.449s] Level 1:colcon.colcon_core.package_identification:_identify(build) by extension 'ignore'
[3.450s] Level 1:colcon.colcon_core.package_identification:_identify(build) ignored
[3.451s] Level 1:colcon.colcon_core.package_identification:_identify(install) by extensions ['ignore', 'ignore_ament_install']
[3.452s] Level 1:colcon.colcon_core.package_identification:_identify(install) by extension 'ignore'
[3.452s] Level 1:colcon.colcon_core.package_identification:_identify(install) ignored
[3.453s] Level 1:colcon.colcon_core.package_identification:_identify(log) by extensions ['ignore', 'ignore_ament_install']
[3.454s] Level 1:colcon.colcon_core.package_identification:_identify(log) by extension 'ignore'
[3.455s] Level 1:colcon.colcon_core.package_identification:_identify(log) ignored
[3.455s] Level 1:colcon.colcon_core.package_identification:_identify(src) by extensions ['ignore', 'ignore_ament_install']
[3.456s] Level 1:colcon.colcon_core.package_identification:_identify(src) by extension 'ignore'
[3.457s] Level 1:colcon.colcon_core.package_identification:_identify(src) by extension 'ignore_ament_install'
[3.457s] Level 1:colcon.colcon_core.package_identification:_identify(src) by extensions ['colcon_pkg']
[3.458s] Level 1:colcon.colcon_core.package_identification:_identify(src) by extension 'colcon_pkg'
[3.458s] Level 1:colcon.colcon_core.package_identification:_identify(src) by extensions ['colcon_meta']
[3.459s] Level 1:colcon.colcon_core.package_identification:_identify(src) by extension 'colcon_meta'
[3.460s] Level 1:colcon.colcon_core.package_identification:_identify(src) by extensions ['ros']
[3.460s] Level 1:colcon.colcon_core.package_identification:_identify(src) by extension 'ros'
[3.461s] Level 1:colcon.colcon_core.package_identification:_identify(src) by extensions ['cmake', 'python']
[3.461s] Level 1:colcon.colcon_core.package_identification:_identify(src) by extension 'cmake'
[3.462s] Level 1:colcon.colcon_core.package_identification:_identify(src) by extension 'python'
[3.463s] Level 1:colcon.colcon_core.package_identification:_identify(src) by extensions ['python_setup_py']
[3.463s] Level 1:colcon.colcon_core.package_identification:_identify(src) by extension 'python_setup_py'
[3.464s] Level 1:colcon.colcon_core.package_identification:_identify(src/build) by extensions ['ignore', 'ignore_ament_install']
[3.465s] Level 1:colcon.colcon_core.package_identification:_identify(src/build) by extension 'ignore'
[3.466s] Level 1:colcon.colcon_core.package_identification:_identify(src/build) ignored
[3.467s] Level 1:colcon.colcon_core.package_identification:_identify(src/install) by extensions ['ignore', 'ignore_ament_install']
[3.468s] Level 1:colcon.colcon_core.package_identification:_identify(src/install) by extension 'ignore'
[3.468s] Level 1:colcon.colcon_core.package_identification:_identify(src/install) ignored
[3.469s] Level 1:colcon.colcon_core.package_identification:_identify(src/log) by extensions ['ignore', 'ignore_ament_install']
[3.470s] Level 1:colcon.colcon_core.package_identification:_identify(src/log) by extension 'ignore'
[3.470s] Level 1:colcon.colcon_core.package_identification:_identify(src/log) ignored
[3.471s] Level 1:colcon.colcon_core.package_identification:_identify(src/minisumo_core) by extensions ['ignore', 'ignore_ament_install']
[3.472s] Level 1:colcon.colcon_core.package_identification:_identify(src/minisumo_core) by extension 'ignore'
[3.472s] Level 1:colcon.colcon_core.package_identification:_identify(src/minisumo_core) by extension 'ignore_ament_install'
[3.473s] Level 1:colcon.colcon_core.package_identification:_identify(src/minisumo_core) by extensions ['colcon_pkg']
[3.473s] Level 1:colcon.colcon_core.package_identification:_identify(src/minisumo_core) by extension 'colcon_pkg'
[3.474s] Level 1:colcon.colcon_core.package_identification:_identify(src/minisumo_core) by extensions ['colcon_meta']
[3.474s] Level 1:colcon.colcon_core.package_identification:_identify(src/minisumo_core) by extension 'colcon_meta'
[3.475s] Level 1:colcon.colcon_core.package_identification:_identify(src/minisumo_core) by extensions ['ros']
[3.475s] Level 1:colcon.colcon_core.package_identification:_identify(src/minisumo_core) by extension 'ros'
[3.495s] DEBUG:colcon.colcon_core.package_identification:Package 'src/minisumo_core' with type 'ros.ament_python' and name 'minisumo_core'
[3.496s] Level 1:colcon.colcon_core.package_identification:_identify(src/mobile_robot) by extensions ['ignore', 'ignore_ament_install']
[3.497s] Level 1:colcon.colcon_core.package_identification:_identify(src/mobile_robot) by extension 'ignore'
[3.498s] Level 1:colcon.colcon_core.package_identification:_identify(src/mobile_robot) by extension 'ignore_ament_install'
[3.498s] Level 1:colcon.colcon_core.package_identification:_identify(src/mobile_robot) by extensions ['colcon_pkg']
[3.499s] Level 1:colcon.colcon_core.package_identification:_identify(src/mobile_robot) by extension 'colcon_pkg'
[3.499s] Level 1:colcon.colcon_core.package_identification:_identify(src/mobile_robot) by extensions ['colcon_meta']
[3.500s] Level 1:colcon.colcon_core.package_identification:_identify(src/mobile_robot) by extension 'colcon_meta'
[3.501s] Level 1:colcon.colcon_core.package_identification:_identify(src/mobile_robot) by extensions ['ros']
[3.501s] Level 1:colcon.colcon_core.package_identification:_identify(src/mobile_robot) by extension 'ros'
[3.509s] DEBUG:colcon.colcon_core.package_identification:Package 'src/mobile_robot' with type 'ros.ament_python' and name 'mobile_robot'
[3.510s] Level 1:colcon.colcon_core.package_identification:_identify(src/robiot) by extensions ['ignore', 'ignore_ament_install']
[3.511s] Level 1:colcon.colcon_core.package_identification:_identify(src/robiot) by extension 'ignore'
[3.512s] Level 1:colcon.colcon_core.package_identification:_identify(src/robiot) by extension 'ignore_ament_install'
[3.512s] Level 1:colcon.colcon_core.package_identification:_identify(src/robiot) by extensions ['colcon_pkg']
[3.513s] Level 1:colcon.colcon_core.package_identification:_identify(src/robiot) by extension 'colcon_pkg'
[3.513s] Level 1:colcon.colcon_core.package_identification:_identify(src/robiot) by extensions ['colcon_meta']
[3.514s] Level 1:colcon.colcon_core.package_identification:_identify(src/robiot) by extension 'colcon_meta'
[3.514s] Level 1:colcon.colcon_core.package_identification:_identify(src/robiot) by extensions ['ros']
[3.515s] Level 1:colcon.colcon_core.package_identification:_identify(src/robiot) by extension 'ros'
[3.519s] DEBUG:colcon.colcon_core.package_identification:Package 'src/robiot' with type 'ros.ament_python' and name 'robiot'
[3.520s] Level 1:colcon.colcon_core.package_discovery:discover_packages(recursive) using defaults
[3.520s] Level 1:colcon.colcon_core.package_discovery:discover_packages(ignore) discover
[3.521s] Level 1:colcon.colcon_core.package_discovery:discover_packages(ignore) using defaults
[3.521s] Level 1:colcon.colcon_core.package_discovery:discover_packages(path) discover
[3.521s] Level 1:colcon.colcon_core.package_discovery:discover_packages(path) using defaults
[3.651s] Level 1:colcon.colcon_core.package_discovery:discover_packages(prefix_path) check parameters
[3.651s] Level 1:colcon.colcon_core.package_discovery:discover_packages(prefix_path) discover
[3.667s] DEBUG:colcon.colcon_installed_package_information.package_discovery:Found 5 installed packages in /home/dae/ros2_ws/install
[3.680s] DEBUG:colcon.colcon_installed_package_information.package_discovery:Found 264 installed packages in /opt/ros/foxy
[3.700s] Level 1:colcon.colcon_core.package_discovery:discover_packages(prefix_path) using defaults
[4.353s] Level 5:colcon.colcon_core.verb:set package 'minisumo_core' build argument 'cmake_args' from command line to 'None'
[4.354s] Level 5:colcon.colcon_core.verb:set package 'minisumo_core' build argument 'cmake_target' from command line to 'None'
[4.354s] Level 5:colcon.colcon_core.verb:set package 'minisumo_core' build argument 'cmake_target_skip_unavailable' from command line to 'False'
[4.354s] Level 5:colcon.colcon_core.verb:set package 'minisumo_core' build argument 'cmake_clean_cache' from command line to 'False'
[4.354s] Level 5:colcon.colcon_core.verb:set package 'minisumo_core' build argument 'cmake_clean_first' from command line to 'False'
[4.355s] Level 5:colcon.colcon_core.verb:set package 'minisumo_core' build argument 'cmake_force_configure' from command line to 'False'
[4.355s] Level 5:colcon.colcon_core.verb:set package 'minisumo_core' build argument 'ament_cmake_args' from command line to 'None'
[4.355s] Level 5:colcon.colcon_core.verb:set package 'minisumo_core' build argument 'catkin_cmake_args' from command line to 'None'
[4.356s] Level 5:colcon.colcon_core.verb:set package 'minisumo_core' build argument 'catkin_skip_building_tests' from command line to 'False'
[4.356s] DEBUG:colcon.colcon_core.verb:Building package 'minisumo_core' with the following arguments: {'ament_cmake_args': None, 'build_base': '/home/dae/ros2_ws/build/minisumo_core', 'catkin_cmake_args': None, 'catkin_skip_building_tests': False, 'cmake_args': None, 'cmake_clean_cache': False, 'cmake_clean_first': False, 'cmake_force_configure': False, 'cmake_target': None, 'cmake_target_skip_unavailable': False, 'install_base': '/home/dae/ros2_ws/install/minisumo_core', 'merge_install': False, 'path': '/home/dae/ros2_ws/src/minisumo_core', 'symlink_install': False, 'test_result_base': None}
[4.359s] Level 5:colcon.colcon_core.verb:set package 'mobile_robot' build argument 'cmake_args' from command line to 'None'
[4.360s] Level 5:colcon.colcon_core.verb:set package 'mobile_robot' build argument 'cmake_target' from command line to 'None'
[4.360s] Level 5:colcon.colcon_core.verb:set package 'mobile_robot' build argument 'cmake_target_skip_unavailable' from command line to 'False'
[4.361s] Level 5:colcon.colcon_core.verb:set package 'mobile_robot' build argument 'cmake_clean_cache' from command line to 'False'
[4.361s] Level 5:colcon.colcon_core.verb:set package 'mobile_robot' build argument 'cmake_clean_first' from command line to 'False'
[4.362s] Level 5:colcon.colcon_core.verb:set package 'mobile_robot' build argument 'cmake_force_configure' from command line to 'False'
[4.362s] Level 5:colcon.colcon_core.verb:set package 'mobile_robot' build argument 'ament_cmake_args' from command line to 'None'
[4.363s] Level 5:colcon.colcon_core.verb:set package 'mobile_robot' build argument 'catkin_cmake_args' from command line to 'None'
[4.363s] Level 5:colcon.colcon_core.verb:set package 'mobile_robot' build argument 'catkin_skip_building_tests' from command line to 'False'
[4.364s] DEBUG:colcon.colcon_core.verb:Building package 'mobile_robot' with the following arguments: {'ament_cmake_args': None, 'build_base': '/home/dae/ros2_ws/build/mobile_robot', 'catkin_cmake_args': None, 'catkin_skip_building_tests': False, 'cmake_args': None, 'cmake_clean_cache': False, 'cmake_clean_first': False, 'cmake_force_configure': False, 'cmake_target': None, 'cmake_target_skip_unavailable': False, 'install_base': '/home/dae/ros2_ws/install/mobile_robot', 'merge_install': False, 'path': '/home/dae/ros2_ws/src/mobile_robot', 'symlink_install': False, 'test_result_base': None}
[4.368s] Level 5:colcon.colcon_core.verb:set package 'robiot' build argument 'cmake_args' from command line to 'None'
[4.369s] Level 5:colcon.colcon_core.verb:set package 'robiot' build argument 'cmake_target' from command line to 'None'
[4.369s] Level 5:colcon.colcon_core.verb:set package 'robiot' build argument 'cmake_target_skip_unavailable' from command line to 'False'
[4.369s] Level 5:colcon.colcon_core.verb:set package 'robiot' build argument 'cmake_clean_cache' from command line to 'False'
[4.370s] Level 5:colcon.colcon_core.verb:set package 'robiot' build argument 'cmake_clean_first' from command line to 'False'
[4.370s] Level 5:colcon.colcon_core.verb:set package 'robiot' build argument 'cmake_force_configure' from command line to 'False'
[4.370s] Level 5:colcon.colcon_core.verb:set package 'robiot' build argument 'ament_cmake_args' from command line to 'None'
[4.370s] Level 5:colcon.colcon_core.verb:set package 'robiot' build argument 'catkin_cmake_args' from command line to 'None'
[4.371s] Level 5:colcon.colcon_core.verb:set package 'robiot' build argument 'catkin_skip_building_tests' from command line to 'False'
[4.371s] DEBUG:colcon.colcon_core.verb:Building package 'robiot' with the following arguments: {'ament_cmake_args': None, 'build_base': '/home/dae/ros2_ws/build/robiot', 'catkin_cmake_args': None, 'catkin_skip_building_tests': False, 'cmake_args': None, 'cmake_clean_cache': False, 'cmake_clean_first': False, 'cmake_force_configure': False, 'cmake_target': None, 'cmake_target_skip_unavailable': False, 'install_base': '/home/dae/ros2_ws/install/robiot', 'merge_install': False, 'path': '/home/dae/ros2_ws/src/robiot', 'symlink_install': False, 'test_result_base': None}
[4.372s] INFO:colcon.colcon_core.executor:Executing jobs using 'parallel' executor
[4.378s] DEBUG:colcon.colcon_parallel_executor.executor.parallel:run_until_complete
[4.380s] INFO:colcon.colcon_ros.task.ament_python.build:Building ROS package in '/home/dae/ros2_ws/src/minisumo_core' with build type 'ament_python'
[4.382s] Level 1:colcon.colcon_core.shell:create_environment_hook('minisumo_core', 'ament_prefix_path')
[4.407s] INFO:colcon.colcon_core.plugin_system:Skipping extension 'colcon_core.shell.bat': Not used on non-Windows systems
[4.408s] INFO:colcon.colcon_core.shell:Creating environment hook '/home/dae/ros2_ws/install/minisumo_core/share/minisumo_core/hook/ament_prefix_path.ps1'
[4.415s] INFO:colcon.colcon_core.shell:Creating environment descriptor '/home/dae/ros2_ws/install/minisumo_core/share/minisumo_core/hook/ament_prefix_path.dsv'
[4.420s] INFO:colcon.colcon_core.shell:Creating environment hook '/home/dae/ros2_ws/install/minisumo_core/share/minisumo_core/hook/ament_prefix_path.sh'
[4.427s] INFO:colcon.colcon_core.shell:Skip shell extension 'powershell' for command environment: Not usable outside of PowerShell
[4.428s] DEBUG:colcon.colcon_core.shell:Skip shell extension 'dsv' for command environment
[4.468s] INFO:colcon.colcon_ros.task.ament_python.build:Building ROS package in '/home/dae/ros2_ws/src/mobile_robot' with build type 'ament_python'
[4.470s] Level 1:colcon.colcon_core.shell:create_environment_hook('mobile_robot', 'ament_prefix_path')
[4.476s] INFO:colcon.colcon_core.shell:Creating environment hook '/home/dae/ros2_ws/install/mobile_robot/share/mobile_robot/hook/ament_prefix_path.ps1'
[4.482s] INFO:colcon.colcon_core.shell:Creating environment descriptor '/home/dae/ros2_ws/install/mobile_robot/share/mobile_robot/hook/ament_prefix_path.dsv'
[4.485s] INFO:colcon.colcon_core.shell:Creating environment hook '/home/dae/ros2_ws/install/mobile_robot/share/mobile_robot/hook/ament_prefix_path.sh'
[4.491s] INFO:colcon.colcon_core.shell:Skip shell extension 'powershell' for command environment: Not usable outside of PowerShell
[4.492s] DEBUG:colcon.colcon_core.shell:Skip shell extension 'dsv' for command environment
[4.547s] INFO:colcon.colcon_ros.task.ament_python.build:Building ROS package in '/home/dae/ros2_ws/src/robiot' with build type 'ament_python'
[4.556s] Level 1:colcon.colcon_core.shell:create_environment_hook('robiot', 'ament_prefix_path')
[4.560s] INFO:colcon.colcon_core.shell:Creating environment hook '/home/dae/ros2_ws/install/robiot/share/robiot/hook/ament_prefix_path.ps1'
[4.568s] INFO:colcon.colcon_core.shell:Creating environment descriptor '/home/dae/ros2_ws/install/robiot/share/robiot/hook/ament_prefix_path.dsv'
[4.573s] INFO:colcon.colcon_core.shell:Creating environment hook '/home/dae/ros2_ws/install/robiot/share/robiot/hook/ament_prefix_path.sh'
[4.577s] INFO:colcon.colcon_core.shell:Skip shell extension 'powershell' for command environment: Not usable outside of PowerShell
[4.578s] DEBUG:colcon.colcon_core.shell:Skip shell extension 'dsv' for command environment
[6.821s] INFO:colcon.colcon_core.task.python.build:Building Python package in '/home/dae/ros2_ws/src/minisumo_core'
[6.824s] INFO:colcon.colcon_core.shell:Skip shell extension 'powershell' for command environment: Not usable outside of PowerShell
[6.824s] DEBUG:colcon.colcon_core.shell:Skip shell extension 'dsv' for command environment
[9.057s] INFO:colcon.colcon_core.task.python.build:Building Python package in '/home/dae/ros2_ws/src/mobile_robot'
[9.060s] INFO:colcon.colcon_core.shell:Skip shell extension 'powershell' for command environment: Not usable outside of PowerShell
[9.060s] DEBUG:colcon.colcon_core.shell:Skip shell extension 'dsv' for command environment
[11.188s] INFO:colcon.colcon_core.task.python.build:Building Python package in '/home/dae/ros2_ws/src/robiot'
[11.191s] INFO:colcon.colcon_core.shell:Skip shell extension 'powershell' for command environment: Not usable outside of PowerShell
[11.191s] DEBUG:colcon.colcon_core.shell:Skip shell extension 'dsv' for command environment
[16.473s] DEBUG:colcon.colcon_core.event_handler.log_command:Invoking command in '/home/dae/ros2_ws/src/minisumo_core': PYTHONPATH=/home/dae/ros2_ws/build/minisumo_core/prefix_override:/usr/lib/python3/dist-packages/colcon_core/task/python/colcon_distutils_commands:/home/dae/ros2_ws/install/minisumo_core/lib/python3.8/site-packages:${PYTHONPATH} /usr/bin/python3 -W ignore:setup.py install is deprecated -W ignore:easy_install command is deprecated setup.py egg_info --egg-base ../../build/minisumo_core build --build-base /home/dae/ros2_ws/build/minisumo_core/build install --record /home/dae/ros2_ws/build/minisumo_core/install.log --install-scripts $base/lib/minisumo_core --single-version-externally-managed install_data
[16.736s] DEBUG:colcon.colcon_core.event_handler.log_command:Invoking command in '/home/dae/ros2_ws/src/robiot': PYTHONPATH=/home/dae/ros2_ws/build/robiot/prefix_override:/usr/lib/python3/dist-packages/colcon_core/task/python/colcon_distutils_commands:/home/dae/ros2_ws/install/robiot/lib/python3.8/site-packages:${PYTHONPATH} /usr/bin/python3 -W ignore:setup.py install is deprecated -W ignore:easy_install command is deprecated setup.py egg_info --egg-base ../../build/robiot build --build-base /home/dae/ros2_ws/build/robiot/build install --record /home/dae/ros2_ws/build/robiot/install.log --install-scripts $base/lib/robiot --single-version-externally-managed install_data
[16.772s] DEBUG:colcon.colcon_core.event_handler.log_command:Invoking command in '/home/dae/ros2_ws/src/mobile_robot': PYTHONPATH=/home/dae/ros2_ws/build/mobile_robot/prefix_override:/usr/lib/python3/dist-packages/colcon_core/task/python/colcon_distutils_commands:/home/dae/ros2_ws/install/mobile_robot/lib/python3.8/site-packages:${PYTHONPATH} /usr/bin/python3 -W ignore:setup.py install is deprecated -W ignore:easy_install command is deprecated setup.py egg_info --egg-base ../../build/mobile_robot build --build-base /home/dae/ros2_ws/build/mobile_robot/build install --record /home/dae/ros2_ws/build/mobile_robot/install.log --single-version-externally-managed install_data
[16.863s] DEBUG:colcon.colcon_parallel_executor.executor.parallel:run_until_complete was interrupted
[16.864s] DEBUG:colcon.colcon_parallel_executor.executor.parallel:run_until_complete again
[16.880s] DEBUG:colcon.colcon_core.event_handler.log_command:Invoked command in '/home/dae/ros2_ws/src/mobile_robot' returned '-2': PYTHONPATH=/home/dae/ros2_ws/build/mobile_robot/prefix_override:/usr/lib/python3/dist-packages/colcon_core/task/python/colcon_distutils_commands:/home/dae/ros2_ws/install/mobile_robot/lib/python3.8/site-packages:${PYTHONPATH} /usr/bin/python3 -W ignore:setup.py install is deprecated -W ignore:easy_install command is deprecated setup.py egg_info --egg-base ../../build/mobile_robot build --build-base /home/dae/ros2_ws/build/mobile_robot/build install --record /home/dae/ros2_ws/build/mobile_robot/install.log --single-version-externally-managed install_data
[19.578s] DEBUG:colcon.colcon_parallel_executor.executor.parallel:run_until_complete finished
[19.579s] DEBUG:colcon.colcon_parallel_executor.executor.parallel:closing loop
[19.580s] DEBUG:colcon.colcon_parallel_executor.executor.parallel:loop closed
[19.582s] DEBUG:colcon.colcon_core.event_reactor:joining thread
[19.647s] INFO:colcon.colcon_core.plugin_system:Skipping extension 'colcon_notification.desktop_notification.terminal_notifier': Not used on non-Darwin systems
[19.647s] INFO:colcon.colcon_core.plugin_system:Skipping extension 'colcon_notification.desktop_notification.win32': Not used on non-Windows systems
[19.648s] INFO:colcon.colcon_notification.desktop_notification:Sending desktop notification using 'notify2'
[19.752s] DEBUG:colcon.colcon_core.event_reactor:joined thread
[19.756s] INFO:colcon.colcon_core.shell:Creating prefix script '/home/dae/ros2_ws/install/local_setup.ps1'
[19.768s] INFO:colcon.colcon_core.shell:Creating prefix util module '/home/dae/ros2_ws/install/_local_setup_util_ps1.py'
[19.786s] INFO:colcon.colcon_core.shell:Creating prefix chain script '/home/dae/ros2_ws/install/setup.ps1'
[19.797s] INFO:colcon.colcon_core.shell:Creating prefix script '/home/dae/ros2_ws/install/local_setup.sh'
[19.803s] INFO:colcon.colcon_core.shell:Creating prefix util module '/home/dae/ros2_ws/install/_local_setup_util_sh.py'
[19.809s] INFO:colcon.colcon_core.shell:Creating prefix chain script '/home/dae/ros2_ws/install/setup.sh'
[19.819s] INFO:colcon.colcon_core.shell:Creating prefix script '/home/dae/ros2_ws/install/local_setup.bash'
[19.824s] INFO:colcon.colcon_core.shell:Creating prefix chain script '/home/dae/ros2_ws/install/setup.bash'
[19.834s] INFO:colcon.colcon_core.shell:Creating prefix script '/home/dae/ros2_ws/install/local_setup.zsh'
[19.839s] INFO:colcon.colcon_core.shell:Creating prefix chain script '/home/dae/ros2_ws/install/setup.zsh'
