[6.214s] Invoking command in '/home/dae/ros2_ws/src/minisumo_core': PYTHONPATH=/home/dae/ros2_ws/src/minisumo_core/build/minisumo_core/prefix_override:/usr/lib/python3/dist-packages/colcon_core/task/python/colcon_distutils_commands:/home/dae/ros2_ws/src/minisumo_core/install/minisumo_core/lib/python3.8/site-packages:${PYTHONPATH} /usr/bin/python3 -W ignore:setup.py install is deprecated -W ignore:easy_install command is deprecated setup.py egg_info --egg-base build/minisumo_core build --build-base /home/dae/ros2_ws/src/minisumo_core/build/minisumo_core/build install --record /home/dae/ros2_ws/src/minisumo_core/build/minisumo_core/install.log --install-scripts $base/lib/minisumo_core --single-version-externally-managed install_data
[8.003s] running egg_info
[8.007s] writing build/minisumo_core/minisumo_core.egg-info/PKG-INFO
[8.025s] writing dependency_links to build/minisumo_core/minisumo_core.egg-info/dependency_links.txt
[8.027s] writing entry points to build/minisumo_core/minisumo_core.egg-info/entry_points.txt
[8.030s] writing requirements to build/minisumo_core/minisumo_core.egg-info/requires.txt
[8.032s] writing top-level names to build/minisumo_core/minisumo_core.egg-info/top_level.txt
[8.364s] reading manifest file 'build/minisumo_core/minisumo_core.egg-info/SOURCES.txt'
[8.391s] writing manifest file 'build/minisumo_core/minisumo_core.egg-info/SOURCES.txt'
[8.392s] running build
[8.393s] running build_py
[8.397s] copying minisumo_core/guante_control_node.py -> /home/dae/ros2_ws/src/minisumo_core/build/minisumo_core/build/lib/minisumo_core
[8.399s] copying minisumo_core/odometria.py -> /home/dae/ros2_ws/src/minisumo_core/build/minisumo_core/build/lib/minisumo_core
[8.413s] running install
[8.418s] running install_lib
[8.426s] copying /home/dae/ros2_ws/src/minisumo_core/build/minisumo_core/build/lib/minisumo_core/guante_control_node.py -> /home/dae/ros2_ws/src/minisumo_core/install/minisumo_core/lib/python3.8/site-packages/minisumo_core
[8.428s] copying /home/dae/ros2_ws/src/minisumo_core/build/minisumo_core/build/lib/minisumo_core/odometria.py -> /home/dae/ros2_ws/src/minisumo_core/install/minisumo_core/lib/python3.8/site-packages/minisumo_core
[8.433s] byte-compiling /home/dae/ros2_ws/src/minisumo_core/install/minisumo_core/lib/python3.8/site-packages/minisumo_core/guante_control_node.py to guante_control_node.cpython-38.pyc
[8.445s] byte-compiling /home/dae/ros2_ws/src/minisumo_core/install/minisumo_core/lib/python3.8/site-packages/minisumo_core/odometria.py to odometria.cpython-38.pyc
[8.449s] running install_data
[8.477s] running install_egg_info
[8.488s] removing '/home/dae/ros2_ws/src/minisumo_core/install/minisumo_core/lib/python3.8/site-packages/minisumo_core-0.0.0-py3.8.egg-info' (and everything under it)
[8.491s] Copying build/minisumo_core/minisumo_core.egg-info to /home/dae/ros2_ws/src/minisumo_core/install/minisumo_core/lib/python3.8/site-packages/minisumo_core-0.0.0-py3.8.egg-info
[8.514s] running install_scripts
[8.628s] Installing guante_node script to /home/dae/ros2_ws/src/minisumo_core/install/minisumo_core/lib/minisumo_core
[8.645s] Installing logger_csv script to /home/dae/ros2_ws/src/minisumo_core/install/minisumo_core/lib/minisumo_core
[8.647s] Installing odometria script to /home/dae/ros2_ws/src/minisumo_core/install/minisumo_core/lib/minisumo_core
[8.648s] Installing teleop script to /home/dae/ros2_ws/src/minisumo_core/install/minisumo_core/lib/minisumo_core
[8.651s] writing list of installed files to '/home/dae/ros2_ws/src/minisumo_core/build/minisumo_core/install.log'
[8.763s] Invoked command in '/home/dae/ros2_ws/src/minisumo_core' returned '0': PYTHONPATH=/home/dae/ros2_ws/src/minisumo_core/build/minisumo_core/prefix_override:/usr/lib/python3/dist-packages/colcon_core/task/python/colcon_distutils_commands:/home/dae/ros2_ws/src/minisumo_core/install/minisumo_core/lib/python3.8/site-packages:${PYTHONPATH} /usr/bin/python3 -W ignore:setup.py install is deprecated -W ignore:easy_install command is deprecated setup.py egg_info --egg-base build/minisumo_core build --build-base /home/dae/ros2_ws/src/minisumo_core/build/minisumo_core/build install --record /home/dae/ros2_ws/src/minisumo_core/build/minisumo_core/install.log --install-scripts $base/lib/minisumo_core --single-version-externally-managed install_data
