/home/dae/ros2_ws/install/minisumo_core/lib/python3.8/site-packages/minisumo_core/logger_csv.py
/home/dae/ros2_ws/install/minisumo_core/lib/python3.8/site-packages/minisumo_core/gengar_odom.py
/home/dae/ros2_ws/install/minisumo_core/lib/python3.8/site-packages/minisumo_core/__init__.py
/home/dae/ros2_ws/install/minisumo_core/lib/python3.8/site-packages/minisumo_core/teleop_rutinas.py
/home/dae/ros2_ws/install/minisumo_core/lib/python3.8/site-packages/minisumo_core/guante_control_node.py
/home/dae/ros2_ws/install/minisumo_core/lib/python3.8/site-packages/minisumo_core/odometria.py
/home/dae/ros2_ws/install/minisumo_core/lib/python3.8/site-packages/minisumo_core/__pycache__/logger_csv.cpython-38.pyc
/home/dae/ros2_ws/install/minisumo_core/lib/python3.8/site-packages/minisumo_core/__pycache__/gengar_odom.cpython-38.pyc
/home/dae/ros2_ws/install/minisumo_core/lib/python3.8/site-packages/minisumo_core/__pycache__/__init__.cpython-38.pyc
/home/dae/ros2_ws/install/minisumo_core/lib/python3.8/site-packages/minisumo_core/__pycache__/teleop_rutinas.cpython-38.pyc
/home/dae/ros2_ws/install/minisumo_core/lib/python3.8/site-packages/minisumo_core/__pycache__/guante_control_node.cpython-38.pyc
/home/dae/ros2_ws/install/minisumo_core/lib/python3.8/site-packages/minisumo_core/__pycache__/odometria.cpython-38.pyc
/home/dae/ros2_ws/install/minisumo_core/share/ament_index/resource_index/packages/minisumo_core
/home/dae/ros2_ws/install/minisumo_core/share/minisumo_core/package.xml
/home/dae/ros2_ws/install/minisumo_core/lib/python3.8/site-packages/minisumo_core-0.0.0-py3.8.egg-info/top_level.txt
/home/dae/ros2_ws/install/minisumo_core/lib/python3.8/site-packages/minisumo_core-0.0.0-py3.8.egg-info/PKG-INFO
/home/dae/ros2_ws/install/minisumo_core/lib/python3.8/site-packages/minisumo_core-0.0.0-py3.8.egg-info/dependency_links.txt
/home/dae/ros2_ws/install/minisumo_core/lib/python3.8/site-packages/minisumo_core-0.0.0-py3.8.egg-info/zip-safe
/home/dae/ros2_ws/install/minisumo_core/lib/python3.8/site-packages/minisumo_core-0.0.0-py3.8.egg-info/entry_points.txt
/home/dae/ros2_ws/install/minisumo_core/lib/python3.8/site-packages/minisumo_core-0.0.0-py3.8.egg-info/SOURCES.txt
/home/dae/ros2_ws/install/minisumo_core/lib/python3.8/site-packages/minisumo_core-0.0.0-py3.8.egg-info/requires.txt
/home/dae/ros2_ws/install/minisumo_core/lib/minisumo_core/guante_node
/home/dae/ros2_ws/install/minisumo_core/lib/minisumo_core/logger_csv
/home/dae/ros2_ws/install/minisumo_core/lib/minisumo_core/odometria
/home/dae/ros2_ws/install/minisumo_core/lib/minisumo_core/teleop
