[2.708s] DEBUG:colcon:Command line arguments: ['/usr/bin/colcon', 'build']
[2.710s] DEBUG:colcon:Parsed command line arguments: Namespace(allow_overriding=[], ament_cmake_args=None, base_paths=['.'], build_base='build', catkin_cmake_args=None, catkin_skip_building_tests=False, cmake_args=None, cmake_clean_cache=False, cmake_clean_first=False, cmake_force_configure=False, cmake_target=None, cmake_target_skip_unavailable=False, continue_on_error=False, event_handlers=None, executor='parallel', ignore_user_meta=False, install_base='install', log_base=None, log_level=None, main=<bound method BuildVerb.main of <colcon_core.verb.build.BuildVerb object at 0x7f151b5cb580>>, merge_install=False, metas=['./colcon.meta'], packages_above=None, packages_above_and_dependencies=None, packages_above_depth=None, packages_end=None, packages_ignore=None, packages_ignore_regex=None, packages_select=None, packages_select_build_failed=False, packages_select_by_dep=None, packages_select_regex=None, packages_select_test_failures=False, packages_skip=None, packages_skip_build_finished=False, packages_skip_by_dep=None, packages_skip_regex=None, packages_skip_test_passed=False, packages_skip_up_to=None, packages_start=None, packages_up_to=None, packages_up_to_regex=None, parallel_workers=4, paths=None, symlink_install=False, test_result_base=None, verb_extension=<colcon_core.verb.build.BuildVerb object at 0x7f151b5cb580>, verb_name='build', verb_parser=<colcon_defaults.argument_parser.defaults.DefaultArgumentsDecorator object at 0x7f151b55d1f0>)
[4.956s] Level 1:colcon.colcon_core.package_discovery:discover_packages(colcon_meta) check parameters
[4.957s] Level 1:colcon.colcon_core.package_discovery:discover_packages(recursive) check parameters
[4.957s] Level 1:colcon.colcon_core.package_discovery:discover_packages(ignore) check parameters
[4.958s] Level 1:colcon.colcon_core.package_discovery:discover_packages(path) check parameters
[4.958s] Level 1:colcon.colcon_core.package_discovery:discover_packages(colcon_meta) discover
[4.960s] Level 1:colcon.colcon_core.package_discovery:discover_packages(recursive) discover
[4.963s] INFO:colcon.colcon_core.package_discovery:Crawling recursively for packages in '/home/dae/ros2_ws/src'
[4.966s] Level 1:colcon.colcon_core.package_identification:_identify(.) by extensions ['ignore', 'ignore_ament_install']
[4.967s] Level 1:colcon.colcon_core.package_identification:_identify(.) by extension 'ignore'
[4.967s] Level 1:colcon.colcon_core.package_identification:_identify(.) by extension 'ignore_ament_install'
[4.968s] Level 1:colcon.colcon_core.package_identification:_identify(.) by extensions ['colcon_pkg']
[4.969s] Level 1:colcon.colcon_core.package_identification:_identify(.) by extension 'colcon_pkg'
[4.970s] Level 1:colcon.colcon_core.package_identification:_identify(.) by extensions ['colcon_meta']
[4.971s] Level 1:colcon.colcon_core.package_identification:_identify(.) by extension 'colcon_meta'
[4.972s] Level 1:colcon.colcon_core.package_identification:_identify(.) by extensions ['ros']
[4.973s] Level 1:colcon.colcon_core.package_identification:_identify(.) by extension 'ros'
[5.133s] Level 1:colcon.colcon_core.package_identification:_identify(.) by extensions ['cmake', 'python']
[5.134s] Level 1:colcon.colcon_core.package_identification:_identify(.) by extension 'cmake'
[5.134s] Level 1:colcon.colcon_core.package_identification:_identify(.) by extension 'python'
[5.135s] Level 1:colcon.colcon_core.package_identification:_identify(.) by extensions ['python_setup_py']
[5.135s] Level 1:colcon.colcon_core.package_identification:_identify(.) by extension 'python_setup_py'
[5.136s] Level 1:colcon.colcon_core.package_identification:_identify(build) by extensions ['ignore', 'ignore_ament_install']
[5.137s] Level 1:colcon.colcon_core.package_identification:_identify(build) by extension 'ignore'
[5.138s] Level 1:colcon.colcon_core.package_identification:_identify(build) ignored
[5.139s] Level 1:colcon.colcon_core.package_identification:_identify(install) by extensions ['ignore', 'ignore_ament_install']
[5.140s] Level 1:colcon.colcon_core.package_identification:_identify(install) by extension 'ignore'
[5.140s] Level 1:colcon.colcon_core.package_identification:_identify(install) ignored
[5.141s] Level 1:colcon.colcon_core.package_identification:_identify(log) by extensions ['ignore', 'ignore_ament_install']
[5.143s] Level 1:colcon.colcon_core.package_identification:_identify(log) by extension 'ignore'
[5.143s] Level 1:colcon.colcon_core.package_identification:_identify(log) ignored
[5.144s] Level 1:colcon.colcon_core.package_identification:_identify(minisumo_core) by extensions ['ignore', 'ignore_ament_install']
[5.145s] Level 1:colcon.colcon_core.package_identification:_identify(minisumo_core) by extension 'ignore'
[5.146s] Level 1:colcon.colcon_core.package_identification:_identify(minisumo_core) by extension 'ignore_ament_install'
[5.147s] Level 1:colcon.colcon_core.package_identification:_identify(minisumo_core) by extensions ['colcon_pkg']
[5.147s] Level 1:colcon.colcon_core.package_identification:_identify(minisumo_core) by extension 'colcon_pkg'
[5.148s] Level 1:colcon.colcon_core.package_identification:_identify(minisumo_core) by extensions ['colcon_meta']
[5.148s] Level 1:colcon.colcon_core.package_identification:_identify(minisumo_core) by extension 'colcon_meta'
[5.150s] Level 1:colcon.colcon_core.package_identification:_identify(minisumo_core) by extensions ['ros']
[5.150s] Level 1:colcon.colcon_core.package_identification:_identify(minisumo_core) by extension 'ros'
[5.179s] DEBUG:colcon.colcon_core.package_identification:Package 'minisumo_core' with type 'ros.ament_python' and name 'minisumo_core'
[5.180s] Level 1:colcon.colcon_core.package_discovery:discover_packages(recursive) using defaults
[5.182s] Level 1:colcon.colcon_core.package_discovery:discover_packages(ignore) discover
[5.183s] Level 1:colcon.colcon_core.package_discovery:discover_packages(ignore) using defaults
[5.183s] Level 1:colcon.colcon_core.package_discovery:discover_packages(path) discover
[5.183s] Level 1:colcon.colcon_core.package_discovery:discover_packages(path) using defaults
[5.365s] Level 1:colcon.colcon_core.package_discovery:discover_packages(prefix_path) check parameters
[5.365s] Level 1:colcon.colcon_core.package_discovery:discover_packages(prefix_path) discover
[5.402s] DEBUG:colcon.colcon_installed_package_information.package_discovery:Found 264 installed packages in /opt/ros/foxy
[5.432s] Level 1:colcon.colcon_core.package_discovery:discover_packages(prefix_path) using defaults
[6.463s] Level 5:colcon.colcon_core.verb:set package 'minisumo_core' build argument 'cmake_args' from command line to 'None'
[6.464s] Level 5:colcon.colcon_core.verb:set package 'minisumo_core' build argument 'cmake_target' from command line to 'None'
[6.464s] Level 5:colcon.colcon_core.verb:set package 'minisumo_core' build argument 'cmake_target_skip_unavailable' from command line to 'False'
[6.464s] Level 5:colcon.colcon_core.verb:set package 'minisumo_core' build argument 'cmake_clean_cache' from command line to 'False'
[6.465s] Level 5:colcon.colcon_core.verb:set package 'minisumo_core' build argument 'cmake_clean_first' from command line to 'False'
[6.465s] Level 5:colcon.colcon_core.verb:set package 'minisumo_core' build argument 'cmake_force_configure' from command line to 'False'
[6.465s] Level 5:colcon.colcon_core.verb:set package 'minisumo_core' build argument 'ament_cmake_args' from command line to 'None'
[6.466s] Level 5:colcon.colcon_core.verb:set package 'minisumo_core' build argument 'catkin_cmake_args' from command line to 'None'
[6.466s] Level 5:colcon.colcon_core.verb:set package 'minisumo_core' build argument 'catkin_skip_building_tests' from command line to 'False'
[6.466s] DEBUG:colcon.colcon_core.verb:Building package 'minisumo_core' with the following arguments: {'ament_cmake_args': None, 'build_base': '/home/dae/ros2_ws/src/build/minisumo_core', 'catkin_cmake_args': None, 'catkin_skip_building_tests': False, 'cmake_args': None, 'cmake_clean_cache': False, 'cmake_clean_first': False, 'cmake_force_configure': False, 'cmake_target': None, 'cmake_target_skip_unavailable': False, 'install_base': '/home/dae/ros2_ws/src/install/minisumo_core', 'merge_install': False, 'path': '/home/dae/ros2_ws/src/minisumo_core', 'symlink_install': False, 'test_result_base': None}
[6.473s] INFO:colcon.colcon_core.executor:Executing jobs using 'parallel' executor
[6.488s] DEBUG:colcon.colcon_parallel_executor.executor.parallel:run_until_complete
[6.490s] INFO:colcon.colcon_ros.task.ament_python.build:Building ROS package in '/home/dae/ros2_ws/src/minisumo_core' with build type 'ament_python'
[6.492s] Level 1:colcon.colcon_core.shell:create_environment_hook('minisumo_core', 'ament_prefix_path')
[6.527s] INFO:colcon.colcon_core.plugin_system:Skipping extension 'colcon_core.shell.bat': Not used on non-Windows systems
[6.529s] INFO:colcon.colcon_core.shell:Creating environment hook '/home/dae/ros2_ws/src/install/minisumo_core/share/minisumo_core/hook/ament_prefix_path.ps1'
[6.537s] INFO:colcon.colcon_core.shell:Creating environment descriptor '/home/dae/ros2_ws/src/install/minisumo_core/share/minisumo_core/hook/ament_prefix_path.dsv'
[6.544s] INFO:colcon.colcon_core.shell:Creating environment hook '/home/dae/ros2_ws/src/install/minisumo_core/share/minisumo_core/hook/ament_prefix_path.sh'
[6.553s] INFO:colcon.colcon_core.shell:Skip shell extension 'powershell' for command environment: Not usable outside of PowerShell
[6.554s] DEBUG:colcon.colcon_core.shell:Skip shell extension 'dsv' for command environment
[9.850s] INFO:colcon.colcon_core.task.python.build:Building Python package in '/home/dae/ros2_ws/src/minisumo_core'
[9.855s] INFO:colcon.colcon_core.shell:Skip shell extension 'powershell' for command environment: Not usable outside of PowerShell
[9.856s] DEBUG:colcon.colcon_core.shell:Skip shell extension 'dsv' for command environment
[15.025s] DEBUG:colcon.colcon_core.event_handler.log_command:Invoking command in '/home/dae/ros2_ws/src/minisumo_core': PYTHONPATH=/home/dae/ros2_ws/src/build/minisumo_core/prefix_override:/usr/lib/python3/dist-packages/colcon_core/task/python/colcon_distutils_commands:/home/dae/ros2_ws/src/install/minisumo_core/lib/python3.8/site-packages:${PYTHONPATH} /usr/bin/python3 -W ignore:setup.py install is deprecated -W ignore:easy_install command is deprecated setup.py egg_info --egg-base ../build/minisumo_core build --build-base /home/dae/ros2_ws/src/build/minisumo_core/build install --record /home/dae/ros2_ws/src/build/minisumo_core/install.log --install-scripts $base/lib/minisumo_core --single-version-externally-managed install_data
[18.986s] DEBUG:colcon.colcon_core.event_handler.log_command:Invoked command in '/home/dae/ros2_ws/src/minisumo_core' returned '0': PYTHONPATH=/home/dae/ros2_ws/src/build/minisumo_core/prefix_override:/usr/lib/python3/dist-packages/colcon_core/task/python/colcon_distutils_commands:/home/dae/ros2_ws/src/install/minisumo_core/lib/python3.8/site-packages:${PYTHONPATH} /usr/bin/python3 -W ignore:setup.py install is deprecated -W ignore:easy_install command is deprecated setup.py egg_info --egg-base ../build/minisumo_core build --build-base /home/dae/ros2_ws/src/build/minisumo_core/build install --record /home/dae/ros2_ws/src/build/minisumo_core/install.log --install-scripts $base/lib/minisumo_core --single-version-externally-managed install_data
[19.020s] Level 1:colcon.colcon_core.environment:checking '/home/dae/ros2_ws/src/install/minisumo_core' for CMake module files
[19.029s] Level 1:colcon.colcon_core.environment:checking '/home/dae/ros2_ws/src/install/minisumo_core' for CMake config files
[19.040s] Level 1:colcon.colcon_core.environment:checking '/home/dae/ros2_ws/src/install/minisumo_core/lib'
[19.042s] Level 1:colcon.colcon_core.environment:checking '/home/dae/ros2_ws/src/install/minisumo_core/bin'
[19.044s] Level 1:colcon.colcon_core.environment:checking '/home/dae/ros2_ws/src/install/minisumo_core/lib/pkgconfig/minisumo_core.pc'
[19.046s] Level 1:colcon.colcon_core.environment:checking '/home/dae/ros2_ws/src/install/minisumo_core/lib/python3.8/site-packages'
[19.047s] Level 1:colcon.colcon_core.shell:create_environment_hook('minisumo_core', 'pythonpath')
[19.051s] INFO:colcon.colcon_core.shell:Creating environment hook '/home/dae/ros2_ws/src/install/minisumo_core/share/minisumo_core/hook/pythonpath.ps1'
[19.056s] INFO:colcon.colcon_core.shell:Creating environment descriptor '/home/dae/ros2_ws/src/install/minisumo_core/share/minisumo_core/hook/pythonpath.dsv'
[19.061s] INFO:colcon.colcon_core.shell:Creating environment hook '/home/dae/ros2_ws/src/install/minisumo_core/share/minisumo_core/hook/pythonpath.sh'
[19.068s] Level 1:colcon.colcon_core.environment:checking '/home/dae/ros2_ws/src/install/minisumo_core/bin'
[19.069s] Level 1:colcon.colcon_core.environment:create_environment_scripts_only(minisumo_core)
[19.074s] INFO:colcon.colcon_core.shell:Creating package script '/home/dae/ros2_ws/src/install/minisumo_core/share/minisumo_core/package.ps1'
[19.085s] INFO:colcon.colcon_core.shell:Creating package descriptor '/home/dae/ros2_ws/src/install/minisumo_core/share/minisumo_core/package.dsv'
[19.092s] INFO:colcon.colcon_core.shell:Creating package script '/home/dae/ros2_ws/src/install/minisumo_core/share/minisumo_core/package.sh'
[19.102s] INFO:colcon.colcon_core.shell:Creating package script '/home/dae/ros2_ws/src/install/minisumo_core/share/minisumo_core/package.bash'
[19.112s] INFO:colcon.colcon_core.shell:Creating package script '/home/dae/ros2_ws/src/install/minisumo_core/share/minisumo_core/package.zsh'
[19.121s] Level 1:colcon.colcon_core.environment:create_file_with_runtime_dependencies(/home/dae/ros2_ws/src/install/minisumo_core/share/colcon-core/packages/minisumo_core)
[19.128s] DEBUG:colcon.colcon_parallel_executor.executor.parallel:closing loop
[19.130s] DEBUG:colcon.colcon_parallel_executor.executor.parallel:loop closed
[19.131s] DEBUG:colcon.colcon_parallel_executor.executor.parallel:run_until_complete finished with '0'
[19.132s] DEBUG:colcon.colcon_core.event_reactor:joining thread
[19.193s] INFO:colcon.colcon_core.plugin_system:Skipping extension 'colcon_notification.desktop_notification.terminal_notifier': Not used on non-Darwin systems
[19.194s] INFO:colcon.colcon_core.plugin_system:Skipping extension 'colcon_notification.desktop_notification.win32': Not used on non-Windows systems
[19.195s] INFO:colcon.colcon_notification.desktop_notification:Sending desktop notification using 'notify2'
[19.285s] DEBUG:colcon.colcon_core.event_reactor:joined thread
[19.287s] INFO:colcon.colcon_core.shell:Creating prefix script '/home/dae/ros2_ws/src/install/local_setup.ps1'
[19.321s] INFO:colcon.colcon_core.shell:Creating prefix util module '/home/dae/ros2_ws/src/install/_local_setup_util_ps1.py'
[19.358s] INFO:colcon.colcon_core.shell:Creating prefix chain script '/home/dae/ros2_ws/src/install/setup.ps1'
[19.370s] INFO:colcon.colcon_core.shell:Creating prefix script '/home/dae/ros2_ws/src/install/local_setup.sh'
[19.378s] INFO:colcon.colcon_core.shell:Creating prefix util module '/home/dae/ros2_ws/src/install/_local_setup_util_sh.py'
[19.388s] INFO:colcon.colcon_core.shell:Creating prefix chain script '/home/dae/ros2_ws/src/install/setup.sh'
[19.407s] INFO:colcon.colcon_core.shell:Creating prefix script '/home/dae/ros2_ws/src/install/local_setup.bash'
[19.419s] INFO:colcon.colcon_core.shell:Creating prefix chain script '/home/dae/ros2_ws/src/install/setup.bash'
[19.432s] INFO:colcon.colcon_core.shell:Creating prefix script '/home/dae/ros2_ws/src/install/local_setup.zsh'
[19.438s] INFO:colcon.colcon_core.shell:Creating prefix chain script '/home/dae/ros2_ws/src/install/setup.zsh'
