[12.900s] Invoking command in '/home/dae/ros2_ws/src/minisumo_core': PYTHONPATH=/home/dae/ros2_ws/build/minisumo_core/prefix_override:/usr/lib/python3/dist-packages/colcon_core/task/python/colcon_distutils_commands:/home/dae/ros2_ws/install/minisumo_core/lib/python3.8/site-packages:${PYTHONPATH} /usr/bin/python3 -W ignore:setup.py install is deprecated -W ignore:easy_install command is deprecated setup.py egg_info --egg-base ../../build/minisumo_core build --build-base /home/dae/ros2_ws/build/minisumo_core/build install --record /home/dae/ros2_ws/build/minisumo_core/install.log --install-scripts $base/lib/minisumo_core --single-version-externally-managed install_data
[16.311s] running egg_info
[16.322s] writing ../../build/minisumo_core/minisumo_core.egg-info/PKG-INFO
[16.327s] writing dependency_links to ../../build/minisumo_core/minisumo_core.egg-info/dependency_links.txt
[16.328s] writing entry points to ../../build/minisumo_core/minisumo_core.egg-info/entry_points.txt
[16.334s] writing requirements to ../../build/minisumo_core/minisumo_core.egg-info/requires.txt
[16.343s] writing top-level names to ../../build/minisumo_core/minisumo_core.egg-info/top_level.txt
[16.868s] reading manifest file '../../build/minisumo_core/minisumo_core.egg-info/SOURCES.txt'
[16.880s] writing manifest file '../../build/minisumo_core/minisumo_core.egg-info/SOURCES.txt'
[16.882s] running build
[16.883s] running build_py
[16.887s] copying minisumo_core/guante_control_node.py -> /home/dae/ros2_ws/build/minisumo_core/build/lib/minisumo_core
[16.895s] running install
[16.902s] running install_lib
[16.914s] copying /home/dae/ros2_ws/build/minisumo_core/build/lib/minisumo_core/guante_control_node.py -> /home/dae/ros2_ws/install/minisumo_core/lib/python3.8/site-packages/minisumo_core
[16.924s] byte-compiling /home/dae/ros2_ws/install/minisumo_core/lib/python3.8/site-packages/minisumo_core/guante_control_node.py to guante_control_node.cpython-38.pyc
[16.947s] running install_data
[16.949s] running install_egg_info
[16.993s] removing '/home/dae/ros2_ws/install/minisumo_core/lib/python3.8/site-packages/minisumo_core-0.0.0-py3.8.egg-info' (and everything under it)
[16.999s] Copying ../../build/minisumo_core/minisumo_core.egg-info to /home/dae/ros2_ws/install/minisumo_core/lib/python3.8/site-packages/minisumo_core-0.0.0-py3.8.egg-info
[17.011s] running install_scripts
[17.304s] Installing guante_node script to /home/dae/ros2_ws/install/minisumo_core/lib/minisumo_core
[17.306s] Installing logger_csv script to /home/dae/ros2_ws/install/minisumo_core/lib/minisumo_core
[17.307s] Installing odometria script to /home/dae/ros2_ws/install/minisumo_core/lib/minisumo_core
[17.308s] Installing teleop script to /home/dae/ros2_ws/install/minisumo_core/lib/minisumo_core
[17.309s] writing list of installed files to '/home/dae/ros2_ws/build/minisumo_core/install.log'
[17.496s] Invoked command in '/home/dae/ros2_ws/src/minisumo_core' returned '0': PYTHONPATH=/home/dae/ros2_ws/build/minisumo_core/prefix_override:/usr/lib/python3/dist-packages/colcon_core/task/python/colcon_distutils_commands:/home/dae/ros2_ws/install/minisumo_core/lib/python3.8/site-packages:${PYTHONPATH} /usr/bin/python3 -W ignore:setup.py install is deprecated -W ignore:easy_install command is deprecated setup.py egg_info --egg-base ../../build/minisumo_core build --build-base /home/dae/ros2_ws/build/minisumo_core/build install --record /home/dae/ros2_ws/build/minisumo_core/install.log --install-scripts $base/lib/minisumo_core --single-version-externally-managed install_data
