[12.379s] Invoking command in '/home/dae/ros2_ws/src/minisumo_core': PYTHONPATH=/home/dae/ros2_ws/build/minisumo_core/prefix_override:/usr/lib/python3/dist-packages/colcon_core/task/python/colcon_distutils_commands:/home/dae/ros2_ws/install/minisumo_core/lib/python3.8/site-packages:${PYTHONPATH} /usr/bin/python3 -W ignore:setup.py install is deprecated -W ignore:easy_install command is deprecated setup.py egg_info --egg-base ../../build/minisumo_core build --build-base /home/dae/ros2_ws/build/minisumo_core/build install --record /home/dae/ros2_ws/build/minisumo_core/install.log --install-scripts $base/lib/minisumo_core --single-version-externally-managed install_data
[15.060s] running egg_info
[15.068s] writing ../../build/minisumo_core/minisumo_core.egg-info/PKG-INFO
[15.097s] writing dependency_links to ../../build/minisumo_core/minisumo_core.egg-info/dependency_links.txt
[15.100s] writing entry points to ../../build/minisumo_core/minisumo_core.egg-info/entry_points.txt
[15.102s] writing requirements to ../../build/minisumo_core/minisumo_core.egg-info/requires.txt
[15.104s] writing top-level names to ../../build/minisumo_core/minisumo_core.egg-info/top_level.txt
[15.455s] reading manifest file '../../build/minisumo_core/minisumo_core.egg-info/SOURCES.txt'
[15.473s] writing manifest file '../../build/minisumo_core/minisumo_core.egg-info/SOURCES.txt'
[15.475s] running build
[15.476s] running build_py
[15.491s] copying minisumo_core/guante_control_node.py -> /home/dae/ros2_ws/build/minisumo_core/build/lib/minisumo_core
[15.494s] running install
[15.501s] running install_lib
[15.515s] copying /home/dae/ros2_ws/build/minisumo_core/build/lib/minisumo_core/guante_control_node.py -> /home/dae/ros2_ws/install/minisumo_core/lib/python3.8/site-packages/minisumo_core
[15.521s] byte-compiling /home/dae/ros2_ws/install/minisumo_core/lib/python3.8/site-packages/minisumo_core/guante_control_node.py to guante_control_node.cpython-38.pyc
[15.536s] running install_data
[15.551s] running install_egg_info
[15.566s] removing '/home/dae/ros2_ws/install/minisumo_core/lib/python3.8/site-packages/minisumo_core-0.0.0-py3.8.egg-info' (and everything under it)
[15.569s] Copying ../../build/minisumo_core/minisumo_core.egg-info to /home/dae/ros2_ws/install/minisumo_core/lib/python3.8/site-packages/minisumo_core-0.0.0-py3.8.egg-info
[15.593s] running install_scripts
[15.726s] Installing guante_node script to /home/dae/ros2_ws/install/minisumo_core/lib/minisumo_core
[15.748s] Installing logger_csv script to /home/dae/ros2_ws/install/minisumo_core/lib/minisumo_core
[15.750s] Installing odometria script to /home/dae/ros2_ws/install/minisumo_core/lib/minisumo_core
[15.752s] Installing teleop script to /home/dae/ros2_ws/install/minisumo_core/lib/minisumo_core
[15.755s] writing list of installed files to '/home/dae/ros2_ws/build/minisumo_core/install.log'
[15.894s] Invoked command in '/home/dae/ros2_ws/src/minisumo_core' returned '0': PYTHONPATH=/home/dae/ros2_ws/build/minisumo_core/prefix_override:/usr/lib/python3/dist-packages/colcon_core/task/python/colcon_distutils_commands:/home/dae/ros2_ws/install/minisumo_core/lib/python3.8/site-packages:${PYTHONPATH} /usr/bin/python3 -W ignore:setup.py install is deprecated -W ignore:easy_install command is deprecated setup.py egg_info --egg-base ../../build/minisumo_core build --build-base /home/dae/ros2_ws/build/minisumo_core/build install --record /home/dae/ros2_ws/build/minisumo_core/install.log --install-scripts $base/lib/minisumo_core --single-version-externally-managed install_data
