[5.046s] Invoking command in '/home/dae/ros2_ws/src/minisumo_core': PYTHONPATH=/home/dae/ros2_ws/build/minisumo_core/prefix_override:/usr/lib/python3/dist-packages/colcon_core/task/python/colcon_distutils_commands:/home/dae/ros2_ws/install/minisumo_core/lib/python3.8/site-packages:${PYTHONPATH} /usr/bin/python3 -W ignore:setup.py install is deprecated -W ignore:easy_install command is deprecated setup.py egg_info --egg-base ../../build/minisumo_core build --build-base /home/dae/ros2_ws/build/minisumo_core/build install --record /home/dae/ros2_ws/build/minisumo_core/install.log --install-scripts $base/lib/minisumo_core --single-version-externally-managed install_data
[6.900s] running egg_info
[6.906s] writing ../../build/minisumo_core/minisumo_core.egg-info/PKG-INFO
[6.908s] writing dependency_links to ../../build/minisumo_core/minisumo_core.egg-info/dependency_links.txt
[6.910s] writing entry points to ../../build/minisumo_core/minisumo_core.egg-info/entry_points.txt
[6.911s] writing requirements to ../../build/minisumo_core/minisumo_core.egg-info/requires.txt
[6.912s] writing top-level names to ../../build/minisumo_core/minisumo_core.egg-info/top_level.txt
[7.207s] reading manifest file '../../build/minisumo_core/minisumo_core.egg-info/SOURCES.txt'
[7.215s] writing manifest file '../../build/minisumo_core/minisumo_core.egg-info/SOURCES.txt'
[7.216s] running build
[7.217s] running build_py
[7.218s] running install
[7.224s] running install_lib
[7.235s] byte-compiling /home/dae/ros2_ws/install/minisumo_core/lib/python3.8/site-packages/minisumo_core/odometria.py to odometria.cpython-38.pyc
[7.243s]   File "/home/dae/ros2_ws/install/minisumo_core/lib/python3.8/site-packages/minisumo_core/odometria.py", line 59
[7.244s]     a)
[7.245s]      ^
[7.246s] SyntaxError: unmatched ')'
[7.247s] 
[7.248s] running install_data
[7.249s] running install_egg_info
[7.254s] removing '/home/dae/ros2_ws/install/minisumo_core/lib/python3.8/site-packages/minisumo_core-0.0.0-py3.8.egg-info' (and everything under it)
[7.257s] Copying ../../build/minisumo_core/minisumo_core.egg-info to /home/dae/ros2_ws/install/minisumo_core/lib/python3.8/site-packages/minisumo_core-0.0.0-py3.8.egg-info
[7.264s] running install_scripts
[7.381s] Installing logger_csv script to /home/dae/ros2_ws/install/minisumo_core/lib/minisumo_core
[7.383s] Installing odometria script to /home/dae/ros2_ws/install/minisumo_core/lib/minisumo_core
[7.384s] Installing teleop script to /home/dae/ros2_ws/install/minisumo_core/lib/minisumo_core
[7.386s] writing list of installed files to '/home/dae/ros2_ws/build/minisumo_core/install.log'
[7.512s] Invoked command in '/home/dae/ros2_ws/src/minisumo_core' returned '0': PYTHONPATH=/home/dae/ros2_ws/build/minisumo_core/prefix_override:/usr/lib/python3/dist-packages/colcon_core/task/python/colcon_distutils_commands:/home/dae/ros2_ws/install/minisumo_core/lib/python3.8/site-packages:${PYTHONPATH} /usr/bin/python3 -W ignore:setup.py install is deprecated -W ignore:easy_install command is deprecated setup.py egg_info --egg-base ../../build/minisumo_core build --build-base /home/dae/ros2_ws/build/minisumo_core/build install --record /home/dae/ros2_ws/build/minisumo_core/install.log --install-scripts $base/lib/minisumo_core --single-version-externally-managed install_data
