[1.594s] DEBUG:colcon:Command line arguments: ['/usr/bin/colcon', 'build']
[1.595s] DEBUG:colcon:Parsed command line arguments: Namespace(allow_overriding=[], ament_cmake_args=None, base_paths=['.'], build_base='build', catkin_cmake_args=None, catkin_skip_building_tests=False, cmake_args=None, cmake_clean_cache=False, cmake_clean_first=False, cmake_force_configure=False, cmake_target=None, cmake_target_skip_unavailable=False, continue_on_error=False, event_handlers=None, executor='parallel', ignore_user_meta=False, install_base='install', log_base=None, log_level=None, main=<bound method BuildVerb.main of <colcon_core.verb.build.BuildVerb object at 0x7f5b1b5516a0>>, merge_install=False, metas=['./colcon.meta'], packages_above=None, packages_above_and_dependencies=None, packages_above_depth=None, packages_end=None, packages_ignore=None, packages_ignore_regex=None, packages_select=None, packages_select_build_failed=False, packages_select_by_dep=None, packages_select_regex=None, packages_select_test_failures=False, packages_skip=None, packages_skip_build_finished=False, packages_skip_by_dep=None, packages_skip_regex=None, packages_skip_test_passed=False, packages_skip_up_to=None, packages_start=None, packages_up_to=None, packages_up_to_regex=None, parallel_workers=4, paths=None, symlink_install=False, test_result_base=None, verb_extension=<colcon_core.verb.build.BuildVerb object at 0x7f5b1b5516a0>, verb_name='build', verb_parser=<colcon_defaults.argument_parser.defaults.DefaultArgumentsDecorator object at 0x7f5b1b4e3310>)
[2.971s] Level 1:colcon.colcon_core.package_discovery:discover_packages(colcon_meta) check parameters
[2.971s] Level 1:colcon.colcon_core.package_discovery:discover_packages(recursive) check parameters
[2.972s] Level 1:colcon.colcon_core.package_discovery:discover_packages(ignore) check parameters
[2.972s] Level 1:colcon.colcon_core.package_discovery:discover_packages(path) check parameters
[2.972s] Level 1:colcon.colcon_core.package_discovery:discover_packages(colcon_meta) discover
[2.973s] Level 1:colcon.colcon_core.package_discovery:discover_packages(recursive) discover
[2.973s] INFO:colcon.colcon_core.package_discovery:Crawling recursively for packages in '/home/dae/ros2_ws'
[2.974s] Level 1:colcon.colcon_core.package_identification:_identify(.) by extensions ['ignore', 'ignore_ament_install']
[2.975s] Level 1:colcon.colcon_core.package_identification:_identify(.) by extension 'ignore'
[2.976s] Level 1:colcon.colcon_core.package_identification:_identify(.) by extension 'ignore_ament_install'
[2.976s] Level 1:colcon.colcon_core.package_identification:_identify(.) by extensions ['colcon_pkg']
[2.977s] Level 1:colcon.colcon_core.package_identification:_identify(.) by extension 'colcon_pkg'
[2.977s] Level 1:colcon.colcon_core.package_identification:_identify(.) by extensions ['colcon_meta']
[2.978s] Level 1:colcon.colcon_core.package_identification:_identify(.) by extension 'colcon_meta'
[2.978s] Level 1:colcon.colcon_core.package_identification:_identify(.) by extensions ['ros']
[2.978s] Level 1:colcon.colcon_core.package_identification:_identify(.) by extension 'ros'
[3.064s] Level 1:colcon.colcon_core.package_identification:_identify(.) by extensions ['cmake', 'python']
[3.065s] Level 1:colcon.colcon_core.package_identification:_identify(.) by extension 'cmake'
[3.065s] Level 1:colcon.colcon_core.package_identification:_identify(.) by extension 'python'
[3.066s] Level 1:colcon.colcon_core.package_identification:_identify(.) by extensions ['python_setup_py']
[3.066s] Level 1:colcon.colcon_core.package_identification:_identify(.) by extension 'python_setup_py'
[3.067s] Level 1:colcon.colcon_core.package_identification:_identify(build) by extensions ['ignore', 'ignore_ament_install']
[3.068s] Level 1:colcon.colcon_core.package_identification:_identify(build) by extension 'ignore'
[3.068s] Level 1:colcon.colcon_core.package_identification:_identify(build) ignored
[3.069s] Level 1:colcon.colcon_core.package_identification:_identify(gatito62) by extensions ['ignore', 'ignore_ament_install']
[3.070s] Level 1:colcon.colcon_core.package_identification:_identify(gatito62) by extension 'ignore'
[3.070s] Level 1:colcon.colcon_core.package_identification:_identify(gatito62) by extension 'ignore_ament_install'
[3.071s] Level 1:colcon.colcon_core.package_identification:_identify(gatito62) by extensions ['colcon_pkg']
[3.071s] Level 1:colcon.colcon_core.package_identification:_identify(gatito62) by extension 'colcon_pkg'
[3.072s] Level 1:colcon.colcon_core.package_identification:_identify(gatito62) by extensions ['colcon_meta']
[3.072s] Level 1:colcon.colcon_core.package_identification:_identify(gatito62) by extension 'colcon_meta'
[3.073s] Level 1:colcon.colcon_core.package_identification:_identify(gatito62) by extensions ['ros']
[3.073s] Level 1:colcon.colcon_core.package_identification:_identify(gatito62) by extension 'ros'
[3.074s] Level 1:colcon.colcon_core.package_identification:_identify(gatito62) by extensions ['cmake', 'python']
[3.074s] Level 1:colcon.colcon_core.package_identification:_identify(gatito62) by extension 'cmake'
[3.074s] Level 1:colcon.colcon_core.package_identification:_identify(gatito62) by extension 'python'
[3.075s] Level 1:colcon.colcon_core.package_identification:_identify(gatito62) by extensions ['python_setup_py']
[3.075s] Level 1:colcon.colcon_core.package_identification:_identify(gatito62) by extension 'python_setup_py'
[3.076s] Level 1:colcon.colcon_core.package_identification:_identify(gatito62/build) by extensions ['ignore', 'ignore_ament_install']
[3.077s] Level 1:colcon.colcon_core.package_identification:_identify(gatito62/build) by extension 'ignore'
[3.077s] Level 1:colcon.colcon_core.package_identification:_identify(gatito62/build) ignored
[3.078s] Level 1:colcon.colcon_core.package_identification:_identify(gatito62/install) by extensions ['ignore', 'ignore_ament_install']
[3.079s] Level 1:colcon.colcon_core.package_identification:_identify(gatito62/install) by extension 'ignore'
[3.079s] Level 1:colcon.colcon_core.package_identification:_identify(gatito62/install) ignored
[3.080s] Level 1:colcon.colcon_core.package_identification:_identify(gatito62/log) by extensions ['ignore', 'ignore_ament_install']
[3.081s] Level 1:colcon.colcon_core.package_identification:_identify(gatito62/log) by extension 'ignore'
[3.081s] Level 1:colcon.colcon_core.package_identification:_identify(gatito62/log) ignored
[3.082s] Level 1:colcon.colcon_core.package_identification:_identify(gatito62/perrito_guau_guau) by extensions ['ignore', 'ignore_ament_install']
[3.083s] Level 1:colcon.colcon_core.package_identification:_identify(gatito62/perrito_guau_guau) by extension 'ignore'
[3.083s] Level 1:colcon.colcon_core.package_identification:_identify(gatito62/perrito_guau_guau) by extension 'ignore_ament_install'
[3.084s] Level 1:colcon.colcon_core.package_identification:_identify(gatito62/perrito_guau_guau) by extensions ['colcon_pkg']
[3.084s] Level 1:colcon.colcon_core.package_identification:_identify(gatito62/perrito_guau_guau) by extension 'colcon_pkg'
[3.085s] Level 1:colcon.colcon_core.package_identification:_identify(gatito62/perrito_guau_guau) by extensions ['colcon_meta']
[3.085s] Level 1:colcon.colcon_core.package_identification:_identify(gatito62/perrito_guau_guau) by extension 'colcon_meta'
[3.086s] Level 1:colcon.colcon_core.package_identification:_identify(gatito62/perrito_guau_guau) by extensions ['ros']
[3.086s] Level 1:colcon.colcon_core.package_identification:_identify(gatito62/perrito_guau_guau) by extension 'ros'
[3.102s] DEBUG:colcon.colcon_core.package_identification:Package 'gatito62/perrito_guau_guau' with type 'ros.ament_python' and name 'perrito_guau_guau'
[3.103s] Level 1:colcon.colcon_core.package_identification:_identify(install) by extensions ['ignore', 'ignore_ament_install']
[3.104s] Level 1:colcon.colcon_core.package_identification:_identify(install) by extension 'ignore'
[3.104s] Level 1:colcon.colcon_core.package_identification:_identify(install) ignored
[3.105s] Level 1:colcon.colcon_core.package_identification:_identify(log) by extensions ['ignore', 'ignore_ament_install']
[3.106s] Level 1:colcon.colcon_core.package_identification:_identify(log) by extension 'ignore'
[3.107s] Level 1:colcon.colcon_core.package_identification:_identify(log) ignored
[3.107s] Level 1:colcon.colcon_core.package_identification:_identify(src) by extensions ['ignore', 'ignore_ament_install']
[3.108s] Level 1:colcon.colcon_core.package_identification:_identify(src) by extension 'ignore'
[3.109s] Level 1:colcon.colcon_core.package_identification:_identify(src) by extension 'ignore_ament_install'
[3.109s] Level 1:colcon.colcon_core.package_identification:_identify(src) by extensions ['colcon_pkg']
[3.109s] Level 1:colcon.colcon_core.package_identification:_identify(src) by extension 'colcon_pkg'
[3.110s] Level 1:colcon.colcon_core.package_identification:_identify(src) by extensions ['colcon_meta']
[3.110s] Level 1:colcon.colcon_core.package_identification:_identify(src) by extension 'colcon_meta'
[3.111s] Level 1:colcon.colcon_core.package_identification:_identify(src) by extensions ['ros']
[3.111s] Level 1:colcon.colcon_core.package_identification:_identify(src) by extension 'ros'
[3.112s] Level 1:colcon.colcon_core.package_identification:_identify(src) by extensions ['cmake', 'python']
[3.112s] Level 1:colcon.colcon_core.package_identification:_identify(src) by extension 'cmake'
[3.113s] Level 1:colcon.colcon_core.package_identification:_identify(src) by extension 'python'
[3.113s] Level 1:colcon.colcon_core.package_identification:_identify(src) by extensions ['python_setup_py']
[3.113s] Level 1:colcon.colcon_core.package_identification:_identify(src) by extension 'python_setup_py'
[3.114s] Level 1:colcon.colcon_core.package_identification:_identify(src/teleop_esp32) by extensions ['ignore', 'ignore_ament_install']
[3.115s] Level 1:colcon.colcon_core.package_identification:_identify(src/teleop_esp32) by extension 'ignore'
[3.116s] Level 1:colcon.colcon_core.package_identification:_identify(src/teleop_esp32) by extension 'ignore_ament_install'
[3.116s] Level 1:colcon.colcon_core.package_identification:_identify(src/teleop_esp32) by extensions ['colcon_pkg']
[3.117s] Level 1:colcon.colcon_core.package_identification:_identify(src/teleop_esp32) by extension 'colcon_pkg'
[3.117s] Level 1:colcon.colcon_core.package_identification:_identify(src/teleop_esp32) by extensions ['colcon_meta']
[3.117s] Level 1:colcon.colcon_core.package_identification:_identify(src/teleop_esp32) by extension 'colcon_meta'
[3.118s] Level 1:colcon.colcon_core.package_identification:_identify(src/teleop_esp32) by extensions ['ros']
[3.118s] Level 1:colcon.colcon_core.package_identification:_identify(src/teleop_esp32) by extension 'ros'
[3.122s] DEBUG:colcon.colcon_core.package_identification:Package 'src/teleop_esp32' with type 'ros.ament_python' and name 'teleop_esp32'
[3.123s] Level 1:colcon.colcon_core.package_discovery:discover_packages(recursive) using defaults
[3.123s] Level 1:colcon.colcon_core.package_discovery:discover_packages(ignore) discover
[3.123s] Level 1:colcon.colcon_core.package_discovery:discover_packages(ignore) using defaults
[3.124s] Level 1:colcon.colcon_core.package_discovery:discover_packages(path) discover
[3.124s] Level 1:colcon.colcon_core.package_discovery:discover_packages(path) using defaults
[3.233s] Level 1:colcon.colcon_core.package_discovery:discover_packages(prefix_path) check parameters
[3.233s] Level 1:colcon.colcon_core.package_discovery:discover_packages(prefix_path) discover
[3.247s] DEBUG:colcon.colcon_installed_package_information.package_discovery:Found 2 installed packages in /home/dae/ros2_ws/install
[3.250s] DEBUG:colcon.colcon_installed_package_information.package_discovery:Found 1 installed packages in /home/dae/ros2_ws/gatito62/install
[3.263s] DEBUG:colcon.colcon_installed_package_information.package_discovery:Found 256 installed packages in /opt/ros/foxy
[3.279s] Level 1:colcon.colcon_core.package_discovery:discover_packages(prefix_path) using defaults
[3.870s] Level 5:colcon.colcon_core.verb:set package 'perrito_guau_guau' build argument 'cmake_args' from command line to 'None'
[3.871s] Level 5:colcon.colcon_core.verb:set package 'perrito_guau_guau' build argument 'cmake_target' from command line to 'None'
[3.871s] Level 5:colcon.colcon_core.verb:set package 'perrito_guau_guau' build argument 'cmake_target_skip_unavailable' from command line to 'False'
[3.871s] Level 5:colcon.colcon_core.verb:set package 'perrito_guau_guau' build argument 'cmake_clean_cache' from command line to 'False'
[3.871s] Level 5:colcon.colcon_core.verb:set package 'perrito_guau_guau' build argument 'cmake_clean_first' from command line to 'False'
[3.872s] Level 5:colcon.colcon_core.verb:set package 'perrito_guau_guau' build argument 'cmake_force_configure' from command line to 'False'
[3.872s] Level 5:colcon.colcon_core.verb:set package 'perrito_guau_guau' build argument 'ament_cmake_args' from command line to 'None'
[3.872s] Level 5:colcon.colcon_core.verb:set package 'perrito_guau_guau' build argument 'catkin_cmake_args' from command line to 'None'
[3.872s] Level 5:colcon.colcon_core.verb:set package 'perrito_guau_guau' build argument 'catkin_skip_building_tests' from command line to 'False'
[3.873s] DEBUG:colcon.colcon_core.verb:Building package 'perrito_guau_guau' with the following arguments: {'ament_cmake_args': None, 'build_base': '/home/dae/ros2_ws/build/perrito_guau_guau', 'catkin_cmake_args': None, 'catkin_skip_building_tests': False, 'cmake_args': None, 'cmake_clean_cache': False, 'cmake_clean_first': False, 'cmake_force_configure': False, 'cmake_target': None, 'cmake_target_skip_unavailable': False, 'install_base': '/home/dae/ros2_ws/install/perrito_guau_guau', 'merge_install': False, 'path': '/home/dae/ros2_ws/gatito62/perrito_guau_guau', 'symlink_install': False, 'test_result_base': None}
[3.876s] Level 5:colcon.colcon_core.verb:set package 'teleop_esp32' build argument 'cmake_args' from command line to 'None'
[3.877s] Level 5:colcon.colcon_core.verb:set package 'teleop_esp32' build argument 'cmake_target' from command line to 'None'
[3.877s] Level 5:colcon.colcon_core.verb:set package 'teleop_esp32' build argument 'cmake_target_skip_unavailable' from command line to 'False'
[3.877s] Level 5:colcon.colcon_core.verb:set package 'teleop_esp32' build argument 'cmake_clean_cache' from command line to 'False'
[3.877s] Level 5:colcon.colcon_core.verb:set package 'teleop_esp32' build argument 'cmake_clean_first' from command line to 'False'
[3.878s] Level 5:colcon.colcon_core.verb:set package 'teleop_esp32' build argument 'cmake_force_configure' from command line to 'False'
[3.878s] Level 5:colcon.colcon_core.verb:set package 'teleop_esp32' build argument 'ament_cmake_args' from command line to 'None'
[3.878s] Level 5:colcon.colcon_core.verb:set package 'teleop_esp32' build argument 'catkin_cmake_args' from command line to 'None'
[3.878s] Level 5:colcon.colcon_core.verb:set package 'teleop_esp32' build argument 'catkin_skip_building_tests' from command line to 'False'
[3.879s] DEBUG:colcon.colcon_core.verb:Building package 'teleop_esp32' with the following arguments: {'ament_cmake_args': None, 'build_base': '/home/dae/ros2_ws/build/teleop_esp32', 'catkin_cmake_args': None, 'catkin_skip_building_tests': False, 'cmake_args': None, 'cmake_clean_cache': False, 'cmake_clean_first': False, 'cmake_force_configure': False, 'cmake_target': None, 'cmake_target_skip_unavailable': False, 'install_base': '/home/dae/ros2_ws/install/teleop_esp32', 'merge_install': False, 'path': '/home/dae/ros2_ws/src/teleop_esp32', 'symlink_install': False, 'test_result_base': None}
[3.880s] INFO:colcon.colcon_core.executor:Executing jobs using 'parallel' executor
[3.886s] DEBUG:colcon.colcon_parallel_executor.executor.parallel:run_until_complete
[3.888s] INFO:colcon.colcon_ros.task.ament_python.build:Building ROS package in '/home/dae/ros2_ws/gatito62/perrito_guau_guau' with build type 'ament_python'
[3.890s] Level 1:colcon.colcon_core.shell:create_environment_hook('perrito_guau_guau', 'ament_prefix_path')
[3.910s] INFO:colcon.colcon_core.plugin_system:Skipping extension 'colcon_core.shell.bat': Not used on non-Windows systems
[3.911s] INFO:colcon.colcon_core.shell:Creating environment hook '/home/dae/ros2_ws/install/perrito_guau_guau/share/perrito_guau_guau/hook/ament_prefix_path.ps1'
[3.915s] INFO:colcon.colcon_core.shell:Creating environment descriptor '/home/dae/ros2_ws/install/perrito_guau_guau/share/perrito_guau_guau/hook/ament_prefix_path.dsv'
[3.919s] INFO:colcon.colcon_core.shell:Creating environment hook '/home/dae/ros2_ws/install/perrito_guau_guau/share/perrito_guau_guau/hook/ament_prefix_path.sh'
[3.932s] INFO:colcon.colcon_core.shell:Skip shell extension 'powershell' for command environment: Not usable outside of PowerShell
[3.932s] DEBUG:colcon.colcon_core.shell:Skip shell extension 'dsv' for command environment
[3.971s] INFO:colcon.colcon_ros.task.ament_python.build:Building ROS package in '/home/dae/ros2_ws/src/teleop_esp32' with build type 'ament_python'
[3.974s] Level 1:colcon.colcon_core.shell:create_environment_hook('teleop_esp32', 'ament_prefix_path')
[3.979s] INFO:colcon.colcon_core.shell:Creating environment hook '/home/dae/ros2_ws/install/teleop_esp32/share/teleop_esp32/hook/ament_prefix_path.ps1'
[3.986s] INFO:colcon.colcon_core.shell:Creating environment descriptor '/home/dae/ros2_ws/install/teleop_esp32/share/teleop_esp32/hook/ament_prefix_path.dsv'
[3.991s] INFO:colcon.colcon_core.shell:Creating environment hook '/home/dae/ros2_ws/install/teleop_esp32/share/teleop_esp32/hook/ament_prefix_path.sh'
[3.999s] INFO:colcon.colcon_core.shell:Skip shell extension 'powershell' for command environment: Not usable outside of PowerShell
[3.999s] DEBUG:colcon.colcon_core.shell:Skip shell extension 'dsv' for command environment
[5.887s] INFO:colcon.colcon_core.task.python.build:Building Python package in '/home/dae/ros2_ws/gatito62/perrito_guau_guau'
[5.890s] INFO:colcon.colcon_core.shell:Skip shell extension 'powershell' for command environment: Not usable outside of PowerShell
[5.890s] DEBUG:colcon.colcon_core.shell:Skip shell extension 'dsv' for command environment
[7.751s] INFO:colcon.colcon_core.task.python.build:Building Python package in '/home/dae/ros2_ws/src/teleop_esp32'
[7.754s] INFO:colcon.colcon_core.shell:Skip shell extension 'powershell' for command environment: Not usable outside of PowerShell
[7.755s] DEBUG:colcon.colcon_core.shell:Skip shell extension 'dsv' for command environment
[11.064s] DEBUG:colcon.colcon_core.event_handler.log_command:Invoking command in '/home/dae/ros2_ws/src/teleop_esp32': PYTHONPATH=/home/dae/ros2_ws/build/teleop_esp32/prefix_override:/usr/lib/python3/dist-packages/colcon_core/task/python/colcon_distutils_commands:/home/dae/ros2_ws/install/teleop_esp32/lib/python3.8/site-packages:${PYTHONPATH} /usr/bin/python3 -W ignore:setup.py install is deprecated -W ignore:easy_install command is deprecated setup.py egg_info --egg-base ../../build/teleop_esp32 build --build-base /home/dae/ros2_ws/build/teleop_esp32/build install --record /home/dae/ros2_ws/build/teleop_esp32/install.log --install-scripts $base/lib/teleop_esp32 --single-version-externally-managed install_data
[11.117s] DEBUG:colcon.colcon_core.event_handler.log_command:Invoking command in '/home/dae/ros2_ws/gatito62/perrito_guau_guau': PYTHONPATH=/home/dae/ros2_ws/build/perrito_guau_guau/prefix_override:/usr/lib/python3/dist-packages/colcon_core/task/python/colcon_distutils_commands:/home/dae/ros2_ws/install/perrito_guau_guau/lib/python3.8/site-packages:${PYTHONPATH} /usr/bin/python3 -W ignore:setup.py install is deprecated -W ignore:easy_install command is deprecated setup.py egg_info --egg-base ../../build/perrito_guau_guau build --build-base /home/dae/ros2_ws/build/perrito_guau_guau/build install --record /home/dae/ros2_ws/build/perrito_guau_guau/install.log --install-scripts $base/lib/perrito_guau_guau --single-version-externally-managed install_data
[13.562s] DEBUG:colcon.colcon_core.event_handler.log_command:Invoked command in '/home/dae/ros2_ws/src/teleop_esp32' returned '0': PYTHONPATH=/home/dae/ros2_ws/build/teleop_esp32/prefix_override:/usr/lib/python3/dist-packages/colcon_core/task/python/colcon_distutils_commands:/home/dae/ros2_ws/install/teleop_esp32/lib/python3.8/site-packages:${PYTHONPATH} /usr/bin/python3 -W ignore:setup.py install is deprecated -W ignore:easy_install command is deprecated setup.py egg_info --egg-base ../../build/teleop_esp32 build --build-base /home/dae/ros2_ws/build/teleop_esp32/build install --record /home/dae/ros2_ws/build/teleop_esp32/install.log --install-scripts $base/lib/teleop_esp32 --single-version-externally-managed install_data
[13.583s] Level 1:colcon.colcon_core.environment:checking '/home/dae/ros2_ws/install/teleop_esp32' for CMake module files
[13.588s] Level 1:colcon.colcon_core.environment:checking '/home/dae/ros2_ws/install/teleop_esp32' for CMake config files
[13.592s] Level 1:colcon.colcon_core.environment:checking '/home/dae/ros2_ws/install/teleop_esp32/lib'
[13.594s] Level 1:colcon.colcon_core.environment:checking '/home/dae/ros2_ws/install/teleop_esp32/bin'
[13.595s] Level 1:colcon.colcon_core.environment:checking '/home/dae/ros2_ws/install/teleop_esp32/lib/pkgconfig/teleop_esp32.pc'
[13.597s] Level 1:colcon.colcon_core.environment:checking '/home/dae/ros2_ws/install/teleop_esp32/lib/python3.8/site-packages'
[13.597s] Level 1:colcon.colcon_core.shell:create_environment_hook('teleop_esp32', 'pythonpath')
[13.600s] INFO:colcon.colcon_core.shell:Creating environment hook '/home/dae/ros2_ws/install/teleop_esp32/share/teleop_esp32/hook/pythonpath.ps1'
[13.604s] INFO:colcon.colcon_core.shell:Creating environment descriptor '/home/dae/ros2_ws/install/teleop_esp32/share/teleop_esp32/hook/pythonpath.dsv'
[13.608s] INFO:colcon.colcon_core.shell:Creating environment hook '/home/dae/ros2_ws/install/teleop_esp32/share/teleop_esp32/hook/pythonpath.sh'
[13.613s] Level 1:colcon.colcon_core.environment:checking '/home/dae/ros2_ws/install/teleop_esp32/bin'
[13.614s] Level 1:colcon.colcon_core.environment:create_environment_scripts_only(teleop_esp32)
[13.617s] INFO:colcon.colcon_core.shell:Creating package script '/home/dae/ros2_ws/install/teleop_esp32/share/teleop_esp32/package.ps1'
[13.623s] INFO:colcon.colcon_core.shell:Creating package descriptor '/home/dae/ros2_ws/install/teleop_esp32/share/teleop_esp32/package.dsv'
[13.628s] INFO:colcon.colcon_core.shell:Creating package script '/home/dae/ros2_ws/install/teleop_esp32/share/teleop_esp32/package.sh'
[13.634s] INFO:colcon.colcon_core.shell:Creating package script '/home/dae/ros2_ws/install/teleop_esp32/share/teleop_esp32/package.bash'
[13.641s] INFO:colcon.colcon_core.shell:Creating package script '/home/dae/ros2_ws/install/teleop_esp32/share/teleop_esp32/package.zsh'
[13.647s] Level 1:colcon.colcon_core.environment:create_file_with_runtime_dependencies(/home/dae/ros2_ws/install/teleop_esp32/share/colcon-core/packages/teleop_esp32)
[13.676s] Level 1:colcon.colcon_core.environment:checking '/home/dae/ros2_ws/install/perrito_guau_guau' for CMake module files
[13.685s] DEBUG:colcon.colcon_core.event_handler.log_command:Invoked command in '/home/dae/ros2_ws/gatito62/perrito_guau_guau' returned '0': PYTHONPATH=/home/dae/ros2_ws/build/perrito_guau_guau/prefix_override:/usr/lib/python3/dist-packages/colcon_core/task/python/colcon_distutils_commands:/home/dae/ros2_ws/install/perrito_guau_guau/lib/python3.8/site-packages:${PYTHONPATH} /usr/bin/python3 -W ignore:setup.py install is deprecated -W ignore:easy_install command is deprecated setup.py egg_info --egg-base ../../build/perrito_guau_guau build --build-base /home/dae/ros2_ws/build/perrito_guau_guau/build install --record /home/dae/ros2_ws/build/perrito_guau_guau/install.log --install-scripts $base/lib/perrito_guau_guau --single-version-externally-managed install_data
[13.688s] Level 1:colcon.colcon_core.environment:checking '/home/dae/ros2_ws/install/perrito_guau_guau' for CMake config files
[13.694s] Level 1:colcon.colcon_core.environment:checking '/home/dae/ros2_ws/install/perrito_guau_guau/lib'
[13.695s] Level 1:colcon.colcon_core.environment:checking '/home/dae/ros2_ws/install/perrito_guau_guau/bin'
[13.696s] Level 1:colcon.colcon_core.environment:checking '/home/dae/ros2_ws/install/perrito_guau_guau/lib/pkgconfig/perrito_guau_guau.pc'
[13.698s] Level 1:colcon.colcon_core.environment:checking '/home/dae/ros2_ws/install/perrito_guau_guau/lib/python3.8/site-packages'
[13.699s] Level 1:colcon.colcon_core.shell:create_environment_hook('perrito_guau_guau', 'pythonpath')
[13.701s] INFO:colcon.colcon_core.shell:Creating environment hook '/home/dae/ros2_ws/install/perrito_guau_guau/share/perrito_guau_guau/hook/pythonpath.ps1'
[13.705s] INFO:colcon.colcon_core.shell:Creating environment descriptor '/home/dae/ros2_ws/install/perrito_guau_guau/share/perrito_guau_guau/hook/pythonpath.dsv'
[13.708s] INFO:colcon.colcon_core.shell:Creating environment hook '/home/dae/ros2_ws/install/perrito_guau_guau/share/perrito_guau_guau/hook/pythonpath.sh'
[13.715s] Level 1:colcon.colcon_core.environment:checking '/home/dae/ros2_ws/install/perrito_guau_guau/bin'
[13.716s] Level 1:colcon.colcon_core.environment:create_environment_scripts_only(perrito_guau_guau)
[13.719s] INFO:colcon.colcon_core.shell:Creating package script '/home/dae/ros2_ws/install/perrito_guau_guau/share/perrito_guau_guau/package.ps1'
[13.724s] INFO:colcon.colcon_core.shell:Creating package descriptor '/home/dae/ros2_ws/install/perrito_guau_guau/share/perrito_guau_guau/package.dsv'
[13.728s] INFO:colcon.colcon_core.shell:Creating package script '/home/dae/ros2_ws/install/perrito_guau_guau/share/perrito_guau_guau/package.sh'
[13.731s] INFO:colcon.colcon_core.shell:Creating package script '/home/dae/ros2_ws/install/perrito_guau_guau/share/perrito_guau_guau/package.bash'
[13.735s] INFO:colcon.colcon_core.shell:Creating package script '/home/dae/ros2_ws/install/perrito_guau_guau/share/perrito_guau_guau/package.zsh'
[13.738s] Level 1:colcon.colcon_core.environment:create_file_with_runtime_dependencies(/home/dae/ros2_ws/install/perrito_guau_guau/share/colcon-core/packages/perrito_guau_guau)
[13.740s] DEBUG:colcon.colcon_parallel_executor.executor.parallel:closing loop
[13.742s] DEBUG:colcon.colcon_parallel_executor.executor.parallel:loop closed
[13.744s] DEBUG:colcon.colcon_parallel_executor.executor.parallel:run_until_complete finished with '0'
[13.745s] DEBUG:colcon.colcon_core.event_reactor:joining thread
[13.794s] INFO:colcon.colcon_core.plugin_system:Skipping extension 'colcon_notification.desktop_notification.terminal_notifier': Not used on non-Darwin systems
[13.795s] INFO:colcon.colcon_core.plugin_system:Skipping extension 'colcon_notification.desktop_notification.win32': Not used on non-Windows systems
[13.796s] INFO:colcon.colcon_notification.desktop_notification:Sending desktop notification using 'notify2'
[13.824s] DEBUG:colcon.colcon_core.event_reactor:joined thread
[13.828s] INFO:colcon.colcon_core.shell:Creating prefix script '/home/dae/ros2_ws/install/local_setup.ps1'
[13.838s] INFO:colcon.colcon_core.shell:Creating prefix util module '/home/dae/ros2_ws/install/_local_setup_util_ps1.py'
[13.851s] INFO:colcon.colcon_core.shell:Creating prefix chain script '/home/dae/ros2_ws/install/setup.ps1'
[13.859s] INFO:colcon.colcon_core.shell:Creating prefix script '/home/dae/ros2_ws/install/local_setup.sh'
[13.864s] INFO:colcon.colcon_core.shell:Creating prefix util module '/home/dae/ros2_ws/install/_local_setup_util_sh.py'
[13.868s] INFO:colcon.colcon_core.shell:Creating prefix chain script '/home/dae/ros2_ws/install/setup.sh'
[13.878s] INFO:colcon.colcon_core.shell:Creating prefix script '/home/dae/ros2_ws/install/local_setup.bash'
[13.883s] INFO:colcon.colcon_core.shell:Creating prefix chain script '/home/dae/ros2_ws/install/setup.bash'
[13.892s] INFO:colcon.colcon_core.shell:Creating prefix script '/home/dae/ros2_ws/install/local_setup.zsh'
[13.896s] INFO:colcon.colcon_core.shell:Creating prefix chain script '/home/dae/ros2_ws/install/setup.zsh'
