[7.516s] Invoking command in '/home/dae/ros2_ws/src/minisumo_core': PYTHONPATH=/home/dae/ros2_ws/build/minisumo_core/prefix_override:/usr/lib/python3/dist-packages/colcon_core/task/python/colcon_distutils_commands:/home/dae/ros2_ws/install/minisumo_core/lib/python3.8/site-packages:${PYTHONPATH} /usr/bin/python3 -W ignore:setup.py install is deprecated -W ignore:easy_install command is deprecated setup.py egg_info --egg-base ../../build/minisumo_core build --build-base /home/dae/ros2_ws/build/minisumo_core/build install --record /home/dae/ros2_ws/build/minisumo_core/install.log --install-scripts $base/lib/minisumo_core --single-version-externally-managed install_data
[10.517s] running egg_info
[10.521s] writing ../../build/minisumo_core/minisumo_core.egg-info/PKG-INFO
[10.524s] writing dependency_links to ../../build/minisumo_core/minisumo_core.egg-info/dependency_links.txt
[10.529s] writing entry points to ../../build/minisumo_core/minisumo_core.egg-info/entry_points.txt
[10.532s] writing requirements to ../../build/minisumo_core/minisumo_core.egg-info/requires.txt
[10.534s] writing top-level names to ../../build/minisumo_core/minisumo_core.egg-info/top_level.txt
[10.973s] reading manifest file '../../build/minisumo_core/minisumo_core.egg-info/SOURCES.txt'
[10.984s] writing manifest file '../../build/minisumo_core/minisumo_core.egg-info/SOURCES.txt'
[10.986s] running build
[10.989s] running build_py
[10.994s] copying minisumo_core/logger_csv.py -> /home/dae/ros2_ws/build/minisumo_core/build/lib/minisumo_core
[10.999s] copying minisumo_core/odometria.py -> /home/dae/ros2_ws/build/minisumo_core/build/lib/minisumo_core
[11.002s] running install
[11.004s] running install_lib
[11.016s] copying /home/dae/ros2_ws/build/minisumo_core/build/lib/minisumo_core/logger_csv.py -> /home/dae/ros2_ws/install/minisumo_core/lib/python3.8/site-packages/minisumo_core
[11.018s] copying /home/dae/ros2_ws/build/minisumo_core/build/lib/minisumo_core/odometria.py -> /home/dae/ros2_ws/install/minisumo_core/lib/python3.8/site-packages/minisumo_core
[11.024s] byte-compiling /home/dae/ros2_ws/install/minisumo_core/lib/python3.8/site-packages/minisumo_core/logger_csv.py to logger_csv.cpython-38.pyc
[11.047s] byte-compiling /home/dae/ros2_ws/install/minisumo_core/lib/python3.8/site-packages/minisumo_core/odometria.py to odometria.cpython-38.pyc
[11.052s] running install_data
[11.054s] running install_egg_info
[11.071s] removing '/home/dae/ros2_ws/install/minisumo_core/lib/python3.8/site-packages/minisumo_core-0.0.0-py3.8.egg-info' (and everything under it)
[11.074s] Copying ../../build/minisumo_core/minisumo_core.egg-info to /home/dae/ros2_ws/install/minisumo_core/lib/python3.8/site-packages/minisumo_core-0.0.0-py3.8.egg-info
[11.088s] running install_scripts
[11.291s] Installing logger_csv script to /home/dae/ros2_ws/install/minisumo_core/lib/minisumo_core
[11.293s] Installing odometria script to /home/dae/ros2_ws/install/minisumo_core/lib/minisumo_core
[11.297s] writing list of installed files to '/home/dae/ros2_ws/build/minisumo_core/install.log'
[11.499s] Invoked command in '/home/dae/ros2_ws/src/minisumo_core' returned '0': PYTHONPATH=/home/dae/ros2_ws/build/minisumo_core/prefix_override:/usr/lib/python3/dist-packages/colcon_core/task/python/colcon_distutils_commands:/home/dae/ros2_ws/install/minisumo_core/lib/python3.8/site-packages:${PYTHONPATH} /usr/bin/python3 -W ignore:setup.py install is deprecated -W ignore:easy_install command is deprecated setup.py egg_info --egg-base ../../build/minisumo_core build --build-base /home/dae/ros2_ws/build/minisumo_core/build install --record /home/dae/ros2_ws/build/minisumo_core/install.log --install-scripts $base/lib/minisumo_core --single-version-externally-managed install_data
