/home/dae/ros2_ws/install/mobile_robot/lib/python3.8/site-packages/mobile_robot/joy_velocity_publisher.py
/home/dae/ros2_ws/install/mobile_robot/lib/python3.8/site-packages/mobile_robot/__init__.py
/home/dae/ros2_ws/install/mobile_robot/lib/python3.8/site-packages/mobile_robot/my_robot_controller.py
/home/dae/ros2_ws/install/mobile_robot/lib/python3.8/site-packages/mobile_robot/__pycache__/joy_velocity_publisher.cpython-38.pyc
/home/dae/ros2_ws/install/mobile_robot/lib/python3.8/site-packages/mobile_robot/__pycache__/__init__.cpython-38.pyc
/home/dae/ros2_ws/install/mobile_robot/lib/python3.8/site-packages/mobile_robot/__pycache__/my_robot_controller.cpython-38.pyc
/home/dae/ros2_ws/install/mobile_robot/share/ament_index/resource_index/packages/mobile_robot
/home/dae/ros2_ws/install/mobile_robot/share/mobile_robot/package.xml
/home/dae/ros2_ws/install/mobile_robot/share/mobile_robot/launch/view.launch.py
/home/dae/ros2_ws/install/mobile_robot/share/mobile_robot/description/mobile_robot.xacro
/home/dae/ros2_ws/install/mobile_robot/share/mobile_robot/description/urdf/mobile_robot.urdf
/home/dae/ros2_ws/install/mobile_robot/share/mobile_robot/config/my_config.rviz
/home/dae/ros2_ws/install/mobile_robot/lib/python3.8/site-packages/mobile_robot-0.0.0-py3.8.egg-info/top_level.txt
/home/dae/ros2_ws/install/mobile_robot/lib/python3.8/site-packages/mobile_robot-0.0.0-py3.8.egg-info/PKG-INFO
/home/dae/ros2_ws/install/mobile_robot/lib/python3.8/site-packages/mobile_robot-0.0.0-py3.8.egg-info/dependency_links.txt
/home/dae/ros2_ws/install/mobile_robot/lib/python3.8/site-packages/mobile_robot-0.0.0-py3.8.egg-info/zip-safe
/home/dae/ros2_ws/install/mobile_robot/lib/python3.8/site-packages/mobile_robot-0.0.0-py3.8.egg-info/entry_points.txt
/home/dae/ros2_ws/install/mobile_robot/lib/python3.8/site-packages/mobile_robot-0.0.0-py3.8.egg-info/SOURCES.txt
/home/dae/ros2_ws/install/mobile_robot/lib/python3.8/site-packages/mobile_robot-0.0.0-py3.8.egg-info/requires.txt
/home/dae/ros2_ws/install/mobile_robot/lib/mobile_robot/my_robot_controller
