[9.226s] Invoking command in '/home/dae/ros2_ws/build/minisumo_core': PYTHONPATH=/home/dae/ros2_ws/build/minisumo_core/prefix_override:/usr/lib/python3/dist-packages/colcon_core/task/python/colcon_distutils_commands:/home/dae/ros2_ws/install/minisumo_core/lib/python3.8/site-packages:${PYTHONPATH} /usr/bin/python3 -W ignore:setup.py install is deprecated -W ignore:easy_install command is deprecated setup.py develop --uninstall --editable --build-directory /home/dae/ros2_ws/build/minisumo_core/build
[12.014s] running develop
[13.971s] Removing /home/dae/ros2_ws/install/minisumo_core/lib/python3.8/site-packages/minisumo-core.egg-link (link to .)
[14.106s] Invoked command in '/home/dae/ros2_ws/build/minisumo_core' returned '0': PYTHONPATH=/home/dae/ros2_ws/build/minisumo_core/prefix_override:/usr/lib/python3/dist-packages/colcon_core/task/python/colcon_distutils_commands:/home/dae/ros2_ws/install/minisumo_core/lib/python3.8/site-packages:${PYTHONPATH} /usr/bin/python3 -W ignore:setup.py install is deprecated -W ignore:easy_install command is deprecated setup.py develop --uninstall --editable --build-directory /home/dae/ros2_ws/build/minisumo_core/build
[14.134s] Invoking command in '/home/dae/ros2_ws/src/minisumo_core': PYTHONPATH=/home/dae/ros2_ws/build/minisumo_core/prefix_override:/usr/lib/python3/dist-packages/colcon_core/task/python/colcon_distutils_commands:/home/dae/ros2_ws/install/minisumo_core/lib/python3.8/site-packages:${PYTHONPATH} /usr/bin/python3 -W ignore:setup.py install is deprecated -W ignore:easy_install command is deprecated setup.py egg_info --egg-base ../../build/minisumo_core build --build-base /home/dae/ros2_ws/build/minisumo_core/build install --record /home/dae/ros2_ws/build/minisumo_core/install.log --install-scripts $base/lib/minisumo_core --single-version-externally-managed install_data --force
[16.387s] running egg_info
[16.391s] writing ../../build/minisumo_core/minisumo_core.egg-info/PKG-INFO
[16.393s] writing dependency_links to ../../build/minisumo_core/minisumo_core.egg-info/dependency_links.txt
[16.396s] writing entry points to ../../build/minisumo_core/minisumo_core.egg-info/entry_points.txt
[16.398s] writing requirements to ../../build/minisumo_core/minisumo_core.egg-info/requires.txt
[16.400s] writing top-level names to ../../build/minisumo_core/minisumo_core.egg-info/top_level.txt
[17.123s] reading manifest file '../../build/minisumo_core/minisumo_core.egg-info/SOURCES.txt'
[17.159s] writing manifest file '../../build/minisumo_core/minisumo_core.egg-info/SOURCES.txt'
[17.163s] running build
[17.166s] running build_py
[17.169s] creating /home/dae/ros2_ws/build/minisumo_core/build
[17.170s] creating /home/dae/ros2_ws/build/minisumo_core/build/lib
[17.172s] creating /home/dae/ros2_ws/build/minisumo_core/build/lib/minisumo_core
[17.174s] copying minisumo_core/logger_csv.py -> /home/dae/ros2_ws/build/minisumo_core/build/lib/minisumo_core
[17.176s] copying minisumo_core/__init__.py -> /home/dae/ros2_ws/build/minisumo_core/build/lib/minisumo_core
[17.177s] copying minisumo_core/odometria.py -> /home/dae/ros2_ws/build/minisumo_core/build/lib/minisumo_core
[17.179s] running install
[17.180s] running install_lib
[17.187s] creating /home/dae/ros2_ws/install/minisumo_core/lib/python3.8/site-packages/minisumo_core
[17.189s] copying /home/dae/ros2_ws/build/minisumo_core/build/lib/minisumo_core/logger_csv.py -> /home/dae/ros2_ws/install/minisumo_core/lib/python3.8/site-packages/minisumo_core
[17.194s] copying /home/dae/ros2_ws/build/minisumo_core/build/lib/minisumo_core/__init__.py -> /home/dae/ros2_ws/install/minisumo_core/lib/python3.8/site-packages/minisumo_core
[17.196s] copying /home/dae/ros2_ws/build/minisumo_core/build/lib/minisumo_core/odometria.py -> /home/dae/ros2_ws/install/minisumo_core/lib/python3.8/site-packages/minisumo_core
[17.197s] byte-compiling /home/dae/ros2_ws/install/minisumo_core/lib/python3.8/site-packages/minisumo_core/logger_csv.py to logger_csv.cpython-38.pyc
[17.213s] byte-compiling /home/dae/ros2_ws/install/minisumo_core/lib/python3.8/site-packages/minisumo_core/__init__.py to __init__.cpython-38.pyc
[17.216s] byte-compiling /home/dae/ros2_ws/install/minisumo_core/lib/python3.8/site-packages/minisumo_core/odometria.py to odometria.cpython-38.pyc
[17.218s] running install_data
[17.220s] copying resource/minisumo_core -> /home/dae/ros2_ws/install/minisumo_core/share/ament_index/resource_index/packages
[17.223s] copying package.xml -> /home/dae/ros2_ws/install/minisumo_core/share/minisumo_core
[17.224s] running install_egg_info
[17.244s] Copying ../../build/minisumo_core/minisumo_core.egg-info to /home/dae/ros2_ws/install/minisumo_core/lib/python3.8/site-packages/minisumo_core-0.0.0-py3.8.egg-info
[17.268s] running install_scripts
[17.414s] Installing logger_csv script to /home/dae/ros2_ws/install/minisumo_core/lib/minisumo_core
[17.418s] writing list of installed files to '/home/dae/ros2_ws/build/minisumo_core/install.log'
[17.565s] Invoked command in '/home/dae/ros2_ws/src/minisumo_core' returned '0': PYTHONPATH=/home/dae/ros2_ws/build/minisumo_core/prefix_override:/usr/lib/python3/dist-packages/colcon_core/task/python/colcon_distutils_commands:/home/dae/ros2_ws/install/minisumo_core/lib/python3.8/site-packages:${PYTHONPATH} /usr/bin/python3 -W ignore:setup.py install is deprecated -W ignore:easy_install command is deprecated setup.py egg_info --egg-base ../../build/minisumo_core build --build-base /home/dae/ros2_ws/build/minisumo_core/build install --record /home/dae/ros2_ws/build/minisumo_core/install.log --install-scripts $base/lib/minisumo_core --single-version-externally-managed install_data --force
