[6.209s] Invoking command in '/home/dae/ros2_ws/src/minisumo_core': PYTHONPATH=/home/dae/ros2_ws/src/build/minisumo_core/prefix_override:/usr/lib/python3/dist-packages/colcon_core/task/python/colcon_distutils_commands:/home/dae/ros2_ws/src/install/minisumo_core/lib/python3.8/site-packages:${PYTHONPATH} /usr/bin/python3 -W ignore:setup.py install is deprecated -W ignore:easy_install command is deprecated setup.py egg_info --egg-base ../build/minisumo_core build --build-base /home/dae/ros2_ws/src/build/minisumo_core/build install --record /home/dae/ros2_ws/src/build/minisumo_core/install.log --install-scripts $base/lib/minisumo_core --single-version-externally-managed install_data
[8.448s] running egg_info
[8.453s] writing ../build/minisumo_core/minisumo_core.egg-info/PKG-INFO
[8.454s] writing dependency_links to ../build/minisumo_core/minisumo_core.egg-info/dependency_links.txt
[8.457s] writing entry points to ../build/minisumo_core/minisumo_core.egg-info/entry_points.txt
[8.458s] writing requirements to ../build/minisumo_core/minisumo_core.egg-info/requires.txt
[8.459s] writing top-level names to ../build/minisumo_core/minisumo_core.egg-info/top_level.txt
[8.812s] reading manifest file '../build/minisumo_core/minisumo_core.egg-info/SOURCES.txt'
[8.820s] writing manifest file '../build/minisumo_core/minisumo_core.egg-info/SOURCES.txt'
[8.820s] running build
[8.822s] running build_py
[8.823s] copying minisumo_core/teleop_rutinas.py -> /home/dae/ros2_ws/src/build/minisumo_core/build/lib/minisumo_core
[8.825s] running install
[8.831s] running install_lib
[8.842s] copying /home/dae/ros2_ws/src/build/minisumo_core/build/lib/minisumo_core/teleop_rutinas.py -> /home/dae/ros2_ws/src/install/minisumo_core/lib/python3.8/site-packages/minisumo_core
[8.848s] byte-compiling /home/dae/ros2_ws/src/install/minisumo_core/lib/python3.8/site-packages/minisumo_core/teleop_rutinas.py to teleop_rutinas.cpython-38.pyc
[8.863s] running install_data
[8.865s] running install_egg_info
[8.877s] removing '/home/dae/ros2_ws/src/install/minisumo_core/lib/python3.8/site-packages/minisumo_core-0.0.0-py3.8.egg-info' (and everything under it)
[8.881s] Copying ../build/minisumo_core/minisumo_core.egg-info to /home/dae/ros2_ws/src/install/minisumo_core/lib/python3.8/site-packages/minisumo_core-0.0.0-py3.8.egg-info
[8.890s] running install_scripts
[9.023s] Installing logger_csv script to /home/dae/ros2_ws/src/install/minisumo_core/lib/minisumo_core
[9.025s] Installing odometria script to /home/dae/ros2_ws/src/install/minisumo_core/lib/minisumo_core
[9.026s] Installing teleop script to /home/dae/ros2_ws/src/install/minisumo_core/lib/minisumo_core
[9.028s] writing list of installed files to '/home/dae/ros2_ws/src/build/minisumo_core/install.log'
[9.168s] Invoked command in '/home/dae/ros2_ws/src/minisumo_core' returned '0': PYTHONPATH=/home/dae/ros2_ws/src/build/minisumo_core/prefix_override:/usr/lib/python3/dist-packages/colcon_core/task/python/colcon_distutils_commands:/home/dae/ros2_ws/src/install/minisumo_core/lib/python3.8/site-packages:${PYTHONPATH} /usr/bin/python3 -W ignore:setup.py install is deprecated -W ignore:easy_install command is deprecated setup.py egg_info --egg-base ../build/minisumo_core build --build-base /home/dae/ros2_ws/src/build/minisumo_core/build install --record /home/dae/ros2_ws/src/build/minisumo_core/install.log --install-scripts $base/lib/minisumo_core --single-version-externally-managed install_data
