[11.007s] Invoking command in '/home/dae/ros2_ws/src/minisumo_core': PYTHONPATH=/home/dae/ros2_ws/build/minisumo_core/prefix_override:/usr/lib/python3/dist-packages/colcon_core/task/python/colcon_distutils_commands:/home/dae/ros2_ws/install/minisumo_core/lib/python3.8/site-packages:${PYTHONPATH} /usr/bin/python3 -W ignore:setup.py install is deprecated -W ignore:easy_install command is deprecated setup.py egg_info --egg-base ../../build/minisumo_core build --build-base /home/dae/ros2_ws/build/minisumo_core/build install --record /home/dae/ros2_ws/build/minisumo_core/install.log --install-scripts $base/lib/minisumo_core --single-version-externally-managed install_data
[13.589s] running egg_info
[13.595s] writing ../../build/minisumo_core/minisumo_core.egg-info/PKG-INFO
[13.617s] writing dependency_links to ../../build/minisumo_core/minisumo_core.egg-info/dependency_links.txt
[13.619s] writing entry points to ../../build/minisumo_core/minisumo_core.egg-info/entry_points.txt
[13.622s] writing requirements to ../../build/minisumo_core/minisumo_core.egg-info/requires.txt
[13.623s] writing top-level names to ../../build/minisumo_core/minisumo_core.egg-info/top_level.txt
[14.174s] reading manifest file '../../build/minisumo_core/minisumo_core.egg-info/SOURCES.txt'
[14.202s] writing manifest file '../../build/minisumo_core/minisumo_core.egg-info/SOURCES.txt'
[14.207s] running build
[14.214s] running build_py
[14.303s] running install
[14.314s] running install_lib
[14.337s] running install_data
[14.339s] running install_egg_info
[14.353s] removing '/home/dae/ros2_ws/install/minisumo_core/lib/python3.8/site-packages/minisumo_core-0.0.0-py3.8.egg-info' (and everything under it)
[14.356s] Copying ../../build/minisumo_core/minisumo_core.egg-info to /home/dae/ros2_ws/install/minisumo_core/lib/python3.8/site-packages/minisumo_core-0.0.0-py3.8.egg-info
[14.422s] running install_scripts
[14.580s] Installing logger_csv script to /home/dae/ros2_ws/install/minisumo_core/lib/minisumo_core
[14.689s] Installing odometria script to /home/dae/ros2_ws/install/minisumo_core/lib/minisumo_core
[14.693s] Installing teleop script to /home/dae/ros2_ws/install/minisumo_core/lib/minisumo_core
[14.704s] writing list of installed files to '/home/dae/ros2_ws/build/minisumo_core/install.log'
[15.059s] Invoked command in '/home/dae/ros2_ws/src/minisumo_core' returned '0': PYTHONPATH=/home/dae/ros2_ws/build/minisumo_core/prefix_override:/usr/lib/python3/dist-packages/colcon_core/task/python/colcon_distutils_commands:/home/dae/ros2_ws/install/minisumo_core/lib/python3.8/site-packages:${PYTHONPATH} /usr/bin/python3 -W ignore:setup.py install is deprecated -W ignore:easy_install command is deprecated setup.py egg_info --egg-base ../../build/minisumo_core build --build-base /home/dae/ros2_ws/build/minisumo_core/build install --record /home/dae/ros2_ws/build/minisumo_core/install.log --install-scripts $base/lib/minisumo_core --single-version-externally-managed install_data
