[10.728s] Invoking command in '/home/dae/ros2_ws/src/mobile_robot': PYTHONPATH=/home/dae/ros2_ws/build/mobile_robot/prefix_override:/usr/lib/python3/dist-packages/colcon_core/task/python/colcon_distutils_commands:/home/dae/ros2_ws/install/mobile_robot/lib/python3.8/site-packages:${PYTHONPATH} /usr/bin/python3 -W ignore:setup.py install is deprecated -W ignore:easy_install command is deprecated setup.py egg_info --egg-base ../../build/mobile_robot build --build-base /home/dae/ros2_ws/build/mobile_robot/build install --record /home/dae/ros2_ws/build/mobile_robot/install.log --single-version-externally-managed install_data
[12.796s] running egg_info
[12.802s] writing ../../build/mobile_robot/mobile_robot.egg-info/PKG-INFO
[12.825s] writing dependency_links to ../../build/mobile_robot/mobile_robot.egg-info/dependency_links.txt
[12.827s] writing entry points to ../../build/mobile_robot/mobile_robot.egg-info/entry_points.txt
[12.831s] writing requirements to ../../build/mobile_robot/mobile_robot.egg-info/requires.txt
[12.835s] writing top-level names to ../../build/mobile_robot/mobile_robot.egg-info/top_level.txt
[13.193s] reading manifest file '../../build/mobile_robot/mobile_robot.egg-info/SOURCES.txt'
[13.216s] writing manifest file '../../build/mobile_robot/mobile_robot.egg-info/SOURCES.txt'
[13.218s] running build
[13.219s] running build_py
[13.226s] running install
[13.236s] running install_lib
[13.253s] running install_data
[13.260s] running install_egg_info
[13.278s] removing '/home/dae/ros2_ws/install/mobile_robot/lib/python3.8/site-packages/mobile_robot-0.0.0-py3.8.egg-info' (and everything under it)
[13.282s] Copying ../../build/mobile_robot/mobile_robot.egg-info to /home/dae/ros2_ws/install/mobile_robot/lib/python3.8/site-packages/mobile_robot-0.0.0-py3.8.egg-info
[13.301s] running install_scripts
[13.486s] Installing my_robot_controller script to /home/dae/ros2_ws/install/mobile_robot/lib/mobile_robot
[13.504s] writing list of installed files to '/home/dae/ros2_ws/build/mobile_robot/install.log'
[13.659s] Invoked command in '/home/dae/ros2_ws/src/mobile_robot' returned '0': PYTHONPATH=/home/dae/ros2_ws/build/mobile_robot/prefix_override:/usr/lib/python3/dist-packages/colcon_core/task/python/colcon_distutils_commands:/home/dae/ros2_ws/install/mobile_robot/lib/python3.8/site-packages:${PYTHONPATH} /usr/bin/python3 -W ignore:setup.py install is deprecated -W ignore:easy_install command is deprecated setup.py egg_info --egg-base ../../build/mobile_robot build --build-base /home/dae/ros2_ws/build/mobile_robot/build install --record /home/dae/ros2_ws/build/mobile_robot/install.log --single-version-externally-managed install_data
