[8.885s] Invoking command in '/home/dae/ros2_ws/src/robiot': PYTHONPATH=/home/dae/ros2_ws/build/robiot/prefix_override:/usr/lib/python3/dist-packages/colcon_core/task/python/colcon_distutils_commands:/home/dae/ros2_ws/install/robiot/lib/python3.8/site-packages:${PYTHONPATH} /usr/bin/python3 -W ignore:setup.py install is deprecated -W ignore:easy_install command is deprecated setup.py egg_info --egg-base ../../build/robiot build --build-base /home/dae/ros2_ws/build/robiot/build install --record /home/dae/ros2_ws/build/robiot/install.log --install-scripts $base/lib/robiot --single-version-externally-managed install_data
[11.390s] running egg_info
[11.395s] writing ../../build/robiot/robiot.egg-info/PKG-INFO
[11.397s] writing dependency_links to ../../build/robiot/robiot.egg-info/dependency_links.txt
[11.400s] writing entry points to ../../build/robiot/robiot.egg-info/entry_points.txt
[11.401s] writing requirements to ../../build/robiot/robiot.egg-info/requires.txt
[11.403s] writing top-level names to ../../build/robiot/robiot.egg-info/top_level.txt
[11.715s] reading manifest file '../../build/robiot/robiot.egg-info/SOURCES.txt'
[11.723s] writing manifest file '../../build/robiot/robiot.egg-info/SOURCES.txt'
[11.725s] running build
[11.728s] running build_py
[11.730s] running install
[11.735s] running install_lib
[11.745s] running install_data
[11.747s] copying launch/visual.launch.py -> /home/dae/ros2_ws/install/robiot/share/robiot/launch
[11.749s] running install_egg_info
[11.764s] removing '/home/dae/ros2_ws/install/robiot/lib/python3.8/site-packages/robiot-0.0.0-py3.8.egg-info' (and everything under it)
[11.768s] Copying ../../build/robiot/robiot.egg-info to /home/dae/ros2_ws/install/robiot/lib/python3.8/site-packages/robiot-0.0.0-py3.8.egg-info
[11.776s] running install_scripts
[11.903s] writing list of installed files to '/home/dae/ros2_ws/build/robiot/install.log'
[12.045s] Invoked command in '/home/dae/ros2_ws/src/robiot' returned '0': PYTHONPATH=/home/dae/ros2_ws/build/robiot/prefix_override:/usr/lib/python3/dist-packages/colcon_core/task/python/colcon_distutils_commands:/home/dae/ros2_ws/install/robiot/lib/python3.8/site-packages:${PYTHONPATH} /usr/bin/python3 -W ignore:setup.py install is deprecated -W ignore:easy_install command is deprecated setup.py egg_info --egg-base ../../build/robiot build --build-base /home/dae/ros2_ws/build/robiot/build install --record /home/dae/ros2_ws/build/robiot/install.log --install-scripts $base/lib/robiot --single-version-externally-managed install_data
