[8.891s] Invoking command in '/home/dae/ros2_ws/src/minisumo_core': PYTHONPATH=/home/dae/ros2_ws/build/minisumo_core/prefix_override:/usr/lib/python3/dist-packages/colcon_core/task/python/colcon_distutils_commands:/home/dae/ros2_ws/install/minisumo_core/lib/python3.8/site-packages:${PYTHONPATH} /usr/bin/python3 -W ignore:setup.py install is deprecated -W ignore:easy_install command is deprecated setup.py egg_info --egg-base ../../build/minisumo_core build --build-base /home/dae/ros2_ws/build/minisumo_core/build install --record /home/dae/ros2_ws/build/minisumo_core/install.log --install-scripts $base/lib/minisumo_core --single-version-externally-managed install_data
[10.909s] running egg_info
[10.914s] writing ../../build/minisumo_core/minisumo_core.egg-info/PKG-INFO
[10.917s] writing dependency_links to ../../build/minisumo_core/minisumo_core.egg-info/dependency_links.txt
[10.919s] writing entry points to ../../build/minisumo_core/minisumo_core.egg-info/entry_points.txt
[10.921s] writing requirements to ../../build/minisumo_core/minisumo_core.egg-info/requires.txt
[10.922s] writing top-level names to ../../build/minisumo_core/minisumo_core.egg-info/top_level.txt
[11.271s] reading manifest file '../../build/minisumo_core/minisumo_core.egg-info/SOURCES.txt'
[11.289s] writing manifest file '../../build/minisumo_core/minisumo_core.egg-info/SOURCES.txt'
[11.290s] running build
[11.291s] running build_py
[11.316s] running install
[11.322s] running install_lib
[11.334s] running install_data
[11.336s] running install_egg_info
[11.354s] removing '/home/dae/ros2_ws/install/minisumo_core/lib/python3.8/site-packages/minisumo_core-0.0.0-py3.8.egg-info' (and everything under it)
[11.355s] Copying ../../build/minisumo_core/minisumo_core.egg-info to /home/dae/ros2_ws/install/minisumo_core/lib/python3.8/site-packages/minisumo_core-0.0.0-py3.8.egg-info
[11.373s] running install_scripts
[11.502s] Installing logger_csv script to /home/dae/ros2_ws/install/minisumo_core/lib/minisumo_core
[11.504s] Installing odometria script to /home/dae/ros2_ws/install/minisumo_core/lib/minisumo_core
[11.506s] Installing teleop script to /home/dae/ros2_ws/install/minisumo_core/lib/minisumo_core
[11.510s] writing list of installed files to '/home/dae/ros2_ws/build/minisumo_core/install.log'
[11.647s] Invoked command in '/home/dae/ros2_ws/src/minisumo_core' returned '0': PYTHONPATH=/home/dae/ros2_ws/build/minisumo_core/prefix_override:/usr/lib/python3/dist-packages/colcon_core/task/python/colcon_distutils_commands:/home/dae/ros2_ws/install/minisumo_core/lib/python3.8/site-packages:${PYTHONPATH} /usr/bin/python3 -W ignore:setup.py install is deprecated -W ignore:easy_install command is deprecated setup.py egg_info --egg-base ../../build/minisumo_core build --build-base /home/dae/ros2_ws/build/minisumo_core/build install --record /home/dae/ros2_ws/build/minisumo_core/install.log --install-scripts $base/lib/minisumo_core --single-version-externally-managed install_data
