[1.562s] DEBUG:colcon:Command line arguments: ['/usr/bin/colcon', 'build']
[1.563s] DEBUG:colcon:Parsed command line arguments: Namespace(allow_overriding=[], ament_cmake_args=None, base_paths=['.'], build_base='build', catkin_cmake_args=None, catkin_skip_building_tests=False, cmake_args=None, cmake_clean_cache=False, cmake_clean_first=False, cmake_force_configure=False, cmake_target=None, cmake_target_skip_unavailable=False, continue_on_error=False, event_handlers=None, executor='parallel', ignore_user_meta=False, install_base='install', log_base=None, log_level=None, main=<bound method BuildVerb.main of <colcon_core.verb.build.BuildVerb object at 0x7fc5363af4c0>>, merge_install=False, metas=['./colcon.meta'], packages_above=None, packages_above_and_dependencies=None, packages_above_depth=None, packages_end=None, packages_ignore=None, packages_ignore_regex=None, packages_select=None, packages_select_build_failed=False, packages_select_by_dep=None, packages_select_regex=None, packages_select_test_failures=False, packages_skip=None, packages_skip_build_finished=False, packages_skip_by_dep=None, packages_skip_regex=None, packages_skip_test_passed=False, packages_skip_up_to=None, packages_start=None, packages_up_to=None, packages_up_to_regex=None, parallel_workers=4, paths=None, symlink_install=False, test_result_base=None, verb_extension=<colcon_core.verb.build.BuildVerb object at 0x7fc5363af4c0>, verb_name='build', verb_parser=<colcon_defaults.argument_parser.defaults.DefaultArgumentsDecorator object at 0x7fc5363420a0>)
[2.899s] Level 1:colcon.colcon_core.package_discovery:discover_packages(colcon_meta) check parameters
[2.900s] Level 1:colcon.colcon_core.package_discovery:discover_packages(recursive) check parameters
[2.900s] Level 1:colcon.colcon_core.package_discovery:discover_packages(ignore) check parameters
[2.900s] Level 1:colcon.colcon_core.package_discovery:discover_packages(path) check parameters
[2.900s] Level 1:colcon.colcon_core.package_discovery:discover_packages(colcon_meta) discover
[2.902s] Level 1:colcon.colcon_core.package_discovery:discover_packages(recursive) discover
[2.902s] INFO:colcon.colcon_core.package_discovery:Crawling recursively for packages in '/home/dae/ros2_ws'
[2.903s] Level 1:colcon.colcon_core.package_identification:_identify(.) by extensions ['ignore', 'ignore_ament_install']
[2.904s] Level 1:colcon.colcon_core.package_identification:_identify(.) by extension 'ignore'
[2.904s] Level 1:colcon.colcon_core.package_identification:_identify(.) by extension 'ignore_ament_install'
[2.905s] Level 1:colcon.colcon_core.package_identification:_identify(.) by extensions ['colcon_pkg']
[2.905s] Level 1:colcon.colcon_core.package_identification:_identify(.) by extension 'colcon_pkg'
[2.906s] Level 1:colcon.colcon_core.package_identification:_identify(.) by extensions ['colcon_meta']
[2.906s] Level 1:colcon.colcon_core.package_identification:_identify(.) by extension 'colcon_meta'
[2.906s] Level 1:colcon.colcon_core.package_identification:_identify(.) by extensions ['ros']
[2.907s] Level 1:colcon.colcon_core.package_identification:_identify(.) by extension 'ros'
[2.992s] Level 1:colcon.colcon_core.package_identification:_identify(.) by extensions ['cmake', 'python']
[2.992s] Level 1:colcon.colcon_core.package_identification:_identify(.) by extension 'cmake'
[2.993s] Level 1:colcon.colcon_core.package_identification:_identify(.) by extension 'python'
[2.993s] Level 1:colcon.colcon_core.package_identification:_identify(.) by extensions ['python_setup_py']
[2.994s] Level 1:colcon.colcon_core.package_identification:_identify(.) by extension 'python_setup_py'
[2.995s] Level 1:colcon.colcon_core.package_identification:_identify(build) by extensions ['ignore', 'ignore_ament_install']
[2.995s] Level 1:colcon.colcon_core.package_identification:_identify(build) by extension 'ignore'
[2.996s] Level 1:colcon.colcon_core.package_identification:_identify(build) ignored
[2.997s] Level 1:colcon.colcon_core.package_identification:_identify(install) by extensions ['ignore', 'ignore_ament_install']
[2.998s] Level 1:colcon.colcon_core.package_identification:_identify(install) by extension 'ignore'
[2.998s] Level 1:colcon.colcon_core.package_identification:_identify(install) ignored
[2.999s] Level 1:colcon.colcon_core.package_identification:_identify(log) by extensions ['ignore', 'ignore_ament_install']
[3.000s] Level 1:colcon.colcon_core.package_identification:_identify(log) by extension 'ignore'
[3.000s] Level 1:colcon.colcon_core.package_identification:_identify(log) ignored
[3.001s] Level 1:colcon.colcon_core.package_identification:_identify(src) by extensions ['ignore', 'ignore_ament_install']
[3.002s] Level 1:colcon.colcon_core.package_identification:_identify(src) by extension 'ignore'
[3.002s] Level 1:colcon.colcon_core.package_identification:_identify(src) by extension 'ignore_ament_install'
[3.003s] Level 1:colcon.colcon_core.package_identification:_identify(src) by extensions ['colcon_pkg']
[3.003s] Level 1:colcon.colcon_core.package_identification:_identify(src) by extension 'colcon_pkg'
[3.003s] Level 1:colcon.colcon_core.package_identification:_identify(src) by extensions ['colcon_meta']
[3.004s] Level 1:colcon.colcon_core.package_identification:_identify(src) by extension 'colcon_meta'
[3.004s] Level 1:colcon.colcon_core.package_identification:_identify(src) by extensions ['ros']
[3.005s] Level 1:colcon.colcon_core.package_identification:_identify(src) by extension 'ros'
[3.005s] Level 1:colcon.colcon_core.package_identification:_identify(src) by extensions ['cmake', 'python']
[3.006s] Level 1:colcon.colcon_core.package_identification:_identify(src) by extension 'cmake'
[3.006s] Level 1:colcon.colcon_core.package_identification:_identify(src) by extension 'python'
[3.007s] Level 1:colcon.colcon_core.package_identification:_identify(src) by extensions ['python_setup_py']
[3.007s] Level 1:colcon.colcon_core.package_identification:_identify(src) by extension 'python_setup_py'
[3.008s] Level 1:colcon.colcon_core.package_identification:_identify(src/teleop_esp32) by extensions ['ignore', 'ignore_ament_install']
[3.009s] Level 1:colcon.colcon_core.package_identification:_identify(src/teleop_esp32) by extension 'ignore'
[3.009s] Level 1:colcon.colcon_core.package_identification:_identify(src/teleop_esp32) by extension 'ignore_ament_install'
[3.010s] Level 1:colcon.colcon_core.package_identification:_identify(src/teleop_esp32) by extensions ['colcon_pkg']
[3.010s] Level 1:colcon.colcon_core.package_identification:_identify(src/teleop_esp32) by extension 'colcon_pkg'
[3.011s] Level 1:colcon.colcon_core.package_identification:_identify(src/teleop_esp32) by extensions ['colcon_meta']
[3.011s] Level 1:colcon.colcon_core.package_identification:_identify(src/teleop_esp32) by extension 'colcon_meta'
[3.012s] Level 1:colcon.colcon_core.package_identification:_identify(src/teleop_esp32) by extensions ['ros']
[3.012s] Level 1:colcon.colcon_core.package_identification:_identify(src/teleop_esp32) by extension 'ros'
[3.028s] DEBUG:colcon.colcon_core.package_identification:Package 'src/teleop_esp32' with type 'ros.ament_python' and name 'teleop_esp32'
[3.028s] Level 1:colcon.colcon_core.package_discovery:discover_packages(recursive) using defaults
[3.029s] Level 1:colcon.colcon_core.package_discovery:discover_packages(ignore) discover
[3.029s] Level 1:colcon.colcon_core.package_discovery:discover_packages(ignore) using defaults
[3.029s] Level 1:colcon.colcon_core.package_discovery:discover_packages(path) discover
[3.030s] Level 1:colcon.colcon_core.package_discovery:discover_packages(path) using defaults
[3.133s] Level 1:colcon.colcon_core.package_discovery:discover_packages(prefix_path) check parameters
[3.134s] Level 1:colcon.colcon_core.package_discovery:discover_packages(prefix_path) discover
[3.154s] DEBUG:colcon.colcon_installed_package_information.package_discovery:Found 256 installed packages in /opt/ros/foxy
[3.170s] Level 1:colcon.colcon_core.package_discovery:discover_packages(prefix_path) using defaults
[3.862s] Level 5:colcon.colcon_core.verb:set package 'teleop_esp32' build argument 'cmake_args' from command line to 'None'
[3.863s] Level 5:colcon.colcon_core.verb:set package 'teleop_esp32' build argument 'cmake_target' from command line to 'None'
[3.863s] Level 5:colcon.colcon_core.verb:set package 'teleop_esp32' build argument 'cmake_target_skip_unavailable' from command line to 'False'
[3.863s] Level 5:colcon.colcon_core.verb:set package 'teleop_esp32' build argument 'cmake_clean_cache' from command line to 'False'
[3.864s] Level 5:colcon.colcon_core.verb:set package 'teleop_esp32' build argument 'cmake_clean_first' from command line to 'False'
[3.864s] Level 5:colcon.colcon_core.verb:set package 'teleop_esp32' build argument 'cmake_force_configure' from command line to 'False'
[3.864s] Level 5:colcon.colcon_core.verb:set package 'teleop_esp32' build argument 'ament_cmake_args' from command line to 'None'
[3.864s] Level 5:colcon.colcon_core.verb:set package 'teleop_esp32' build argument 'catkin_cmake_args' from command line to 'None'
[3.865s] Level 5:colcon.colcon_core.verb:set package 'teleop_esp32' build argument 'catkin_skip_building_tests' from command line to 'False'
[3.865s] DEBUG:colcon.colcon_core.verb:Building package 'teleop_esp32' with the following arguments: {'ament_cmake_args': None, 'build_base': '/home/dae/ros2_ws/build/teleop_esp32', 'catkin_cmake_args': None, 'catkin_skip_building_tests': False, 'cmake_args': None, 'cmake_clean_cache': False, 'cmake_clean_first': False, 'cmake_force_configure': False, 'cmake_target': None, 'cmake_target_skip_unavailable': False, 'install_base': '/home/dae/ros2_ws/install/teleop_esp32', 'merge_install': False, 'path': '/home/dae/ros2_ws/src/teleop_esp32', 'symlink_install': False, 'test_result_base': None}
[3.866s] INFO:colcon.colcon_core.executor:Executing jobs using 'parallel' executor
[3.872s] DEBUG:colcon.colcon_parallel_executor.executor.parallel:run_until_complete
[3.874s] INFO:colcon.colcon_ros.task.ament_python.build:Building ROS package in '/home/dae/ros2_ws/src/teleop_esp32' with build type 'ament_python'
[3.875s] Level 1:colcon.colcon_core.shell:create_environment_hook('teleop_esp32', 'ament_prefix_path')
[3.891s] INFO:colcon.colcon_core.plugin_system:Skipping extension 'colcon_core.shell.bat': Not used on non-Windows systems
[3.892s] INFO:colcon.colcon_core.shell:Creating environment hook '/home/dae/ros2_ws/install/teleop_esp32/share/teleop_esp32/hook/ament_prefix_path.ps1'
[3.897s] INFO:colcon.colcon_core.shell:Creating environment descriptor '/home/dae/ros2_ws/install/teleop_esp32/share/teleop_esp32/hook/ament_prefix_path.dsv'
[3.901s] INFO:colcon.colcon_core.shell:Creating environment hook '/home/dae/ros2_ws/install/teleop_esp32/share/teleop_esp32/hook/ament_prefix_path.sh'
[3.907s] INFO:colcon.colcon_core.shell:Skip shell extension 'powershell' for command environment: Not usable outside of PowerShell
[3.908s] DEBUG:colcon.colcon_core.shell:Skip shell extension 'dsv' for command environment
[5.740s] INFO:colcon.colcon_core.task.python.build:Building Python package in '/home/dae/ros2_ws/src/teleop_esp32'
[5.743s] INFO:colcon.colcon_core.shell:Skip shell extension 'powershell' for command environment: Not usable outside of PowerShell
[5.743s] DEBUG:colcon.colcon_core.shell:Skip shell extension 'dsv' for command environment
[8.785s] DEBUG:colcon.colcon_core.event_handler.log_command:Invoking command in '/home/dae/ros2_ws/src/teleop_esp32': PYTHONPATH=/home/dae/ros2_ws/build/teleop_esp32/prefix_override:/usr/lib/python3/dist-packages/colcon_core/task/python/colcon_distutils_commands:/home/dae/ros2_ws/install/teleop_esp32/lib/python3.8/site-packages:${PYTHONPATH} /usr/bin/python3 -W ignore:setup.py install is deprecated -W ignore:easy_install command is deprecated setup.py egg_info --egg-base ../../build/teleop_esp32 build --build-base /home/dae/ros2_ws/build/teleop_esp32/build install --record /home/dae/ros2_ws/build/teleop_esp32/install.log --install-scripts $base/lib/teleop_esp32 --single-version-externally-managed install_data
[11.123s] DEBUG:colcon.colcon_core.event_handler.log_command:Invoked command in '/home/dae/ros2_ws/src/teleop_esp32' returned '0': PYTHONPATH=/home/dae/ros2_ws/build/teleop_esp32/prefix_override:/usr/lib/python3/dist-packages/colcon_core/task/python/colcon_distutils_commands:/home/dae/ros2_ws/install/teleop_esp32/lib/python3.8/site-packages:${PYTHONPATH} /usr/bin/python3 -W ignore:setup.py install is deprecated -W ignore:easy_install command is deprecated setup.py egg_info --egg-base ../../build/teleop_esp32 build --build-base /home/dae/ros2_ws/build/teleop_esp32/build install --record /home/dae/ros2_ws/build/teleop_esp32/install.log --install-scripts $base/lib/teleop_esp32 --single-version-externally-managed install_data
[11.144s] Level 1:colcon.colcon_core.environment:checking '/home/dae/ros2_ws/install/teleop_esp32' for CMake module files
[11.148s] Level 1:colcon.colcon_core.environment:checking '/home/dae/ros2_ws/install/teleop_esp32' for CMake config files
[11.152s] Level 1:colcon.colcon_core.environment:checking '/home/dae/ros2_ws/install/teleop_esp32/lib'
[11.155s] Level 1:colcon.colcon_core.environment:checking '/home/dae/ros2_ws/install/teleop_esp32/bin'
[11.156s] Level 1:colcon.colcon_core.environment:checking '/home/dae/ros2_ws/install/teleop_esp32/lib/pkgconfig/teleop_esp32.pc'
[11.157s] Level 1:colcon.colcon_core.environment:checking '/home/dae/ros2_ws/install/teleop_esp32/lib/python3.8/site-packages'
[11.158s] Level 1:colcon.colcon_core.shell:create_environment_hook('teleop_esp32', 'pythonpath')
[11.160s] INFO:colcon.colcon_core.shell:Creating environment hook '/home/dae/ros2_ws/install/teleop_esp32/share/teleop_esp32/hook/pythonpath.ps1'
[11.163s] INFO:colcon.colcon_core.shell:Creating environment descriptor '/home/dae/ros2_ws/install/teleop_esp32/share/teleop_esp32/hook/pythonpath.dsv'
[11.166s] INFO:colcon.colcon_core.shell:Creating environment hook '/home/dae/ros2_ws/install/teleop_esp32/share/teleop_esp32/hook/pythonpath.sh'
[11.171s] Level 1:colcon.colcon_core.environment:checking '/home/dae/ros2_ws/install/teleop_esp32/bin'
[11.171s] Level 1:colcon.colcon_core.environment:create_environment_scripts_only(teleop_esp32)
[11.174s] INFO:colcon.colcon_core.shell:Creating package script '/home/dae/ros2_ws/install/teleop_esp32/share/teleop_esp32/package.ps1'
[11.180s] INFO:colcon.colcon_core.shell:Creating package descriptor '/home/dae/ros2_ws/install/teleop_esp32/share/teleop_esp32/package.dsv'
[11.184s] INFO:colcon.colcon_core.shell:Creating package script '/home/dae/ros2_ws/install/teleop_esp32/share/teleop_esp32/package.sh'
[11.190s] INFO:colcon.colcon_core.shell:Creating package script '/home/dae/ros2_ws/install/teleop_esp32/share/teleop_esp32/package.bash'
[11.196s] INFO:colcon.colcon_core.shell:Creating package script '/home/dae/ros2_ws/install/teleop_esp32/share/teleop_esp32/package.zsh'
[11.202s] Level 1:colcon.colcon_core.environment:create_file_with_runtime_dependencies(/home/dae/ros2_ws/install/teleop_esp32/share/colcon-core/packages/teleop_esp32)
[11.204s] DEBUG:colcon.colcon_parallel_executor.executor.parallel:closing loop
[11.208s] DEBUG:colcon.colcon_parallel_executor.executor.parallel:loop closed
[11.209s] DEBUG:colcon.colcon_parallel_executor.executor.parallel:run_until_complete finished with '0'
[11.209s] DEBUG:colcon.colcon_core.event_reactor:joining thread
[11.249s] INFO:colcon.colcon_core.plugin_system:Skipping extension 'colcon_notification.desktop_notification.terminal_notifier': Not used on non-Darwin systems
[11.250s] INFO:colcon.colcon_core.plugin_system:Skipping extension 'colcon_notification.desktop_notification.win32': Not used on non-Windows systems
[11.251s] INFO:colcon.colcon_notification.desktop_notification:Sending desktop notification using 'notify2'
[11.304s] DEBUG:colcon.colcon_core.event_reactor:joined thread
[11.308s] INFO:colcon.colcon_core.shell:Creating prefix script '/home/dae/ros2_ws/install/local_setup.ps1'
[11.318s] INFO:colcon.colcon_core.shell:Creating prefix util module '/home/dae/ros2_ws/install/_local_setup_util_ps1.py'
[11.334s] INFO:colcon.colcon_core.shell:Creating prefix chain script '/home/dae/ros2_ws/install/setup.ps1'
[11.341s] INFO:colcon.colcon_core.shell:Creating prefix script '/home/dae/ros2_ws/install/local_setup.sh'
[11.346s] INFO:colcon.colcon_core.shell:Creating prefix util module '/home/dae/ros2_ws/install/_local_setup_util_sh.py'
[11.351s] INFO:colcon.colcon_core.shell:Creating prefix chain script '/home/dae/ros2_ws/install/setup.sh'
[11.358s] INFO:colcon.colcon_core.shell:Creating prefix script '/home/dae/ros2_ws/install/local_setup.bash'
[11.362s] INFO:colcon.colcon_core.shell:Creating prefix chain script '/home/dae/ros2_ws/install/setup.bash'
[11.368s] INFO:colcon.colcon_core.shell:Creating prefix script '/home/dae/ros2_ws/install/local_setup.zsh'
[11.372s] INFO:colcon.colcon_core.shell:Creating prefix chain script '/home/dae/ros2_ws/install/setup.zsh'
