[8.427s] Invoking command in '/home/dae/ros2_ws/src/robiot': PYTHONPATH=/home/dae/ros2_ws/build/robiot/prefix_override:/usr/lib/python3/dist-packages/colcon_core/task/python/colcon_distutils_commands:/home/dae/ros2_ws/install/robiot/lib/python3.8/site-packages:${PYTHONPATH} /usr/bin/python3 -W ignore:setup.py install is deprecated -W ignore:easy_install command is deprecated setup.py egg_info --egg-base ../../build/robiot build --build-base /home/dae/ros2_ws/build/robiot/build install --record /home/dae/ros2_ws/build/robiot/install.log --install-scripts $base/lib/robiot --single-version-externally-managed install_data
[10.475s] running egg_info
[10.480s] creating ../../build/robiot/robiot.egg-info
[10.482s] writing ../../build/robiot/robiot.egg-info/PKG-INFO
[10.484s] writing dependency_links to ../../build/robiot/robiot.egg-info/dependency_links.txt
[10.486s] writing entry points to ../../build/robiot/robiot.egg-info/entry_points.txt
[10.488s] writing requirements to ../../build/robiot/robiot.egg-info/requires.txt
[10.490s] writing top-level names to ../../build/robiot/robiot.egg-info/top_level.txt
[10.500s] writing manifest file '../../build/robiot/robiot.egg-info/SOURCES.txt'
[10.803s] reading manifest file '../../build/robiot/robiot.egg-info/SOURCES.txt'
[10.812s] writing manifest file '../../build/robiot/robiot.egg-info/SOURCES.txt'
[10.815s] running build
[10.817s] running build_py
[10.820s] creating /home/dae/ros2_ws/build/robiot/build
[10.822s] creating /home/dae/ros2_ws/build/robiot/build/lib
[10.823s] creating /home/dae/ros2_ws/build/robiot/build/lib/robiot
[10.825s] copying robiot/__init__.py -> /home/dae/ros2_ws/build/robiot/build/lib/robiot
[10.827s] running install
[10.832s] running install_lib
[10.836s] creating /home/dae/ros2_ws/install/robiot/lib/python3.8/site-packages/robiot
[10.837s] copying /home/dae/ros2_ws/build/robiot/build/lib/robiot/__init__.py -> /home/dae/ros2_ws/install/robiot/lib/python3.8/site-packages/robiot
[10.841s] byte-compiling /home/dae/ros2_ws/install/robiot/lib/python3.8/site-packages/robiot/__init__.py to __init__.cpython-38.pyc
[10.850s] running install_data
[10.853s] creating /home/dae/ros2_ws/install/robiot/share/ament_index
[10.855s] creating /home/dae/ros2_ws/install/robiot/share/ament_index/resource_index
[10.858s] creating /home/dae/ros2_ws/install/robiot/share/ament_index/resource_index/packages
[10.860s] copying resource/robiot -> /home/dae/ros2_ws/install/robiot/share/ament_index/resource_index/packages
[10.862s] copying package.xml -> /home/dae/ros2_ws/install/robiot/share/robiot
[10.863s] creating /home/dae/ros2_ws/install/robiot/share/robiot/launch
[10.865s] copying launch/visual.launch.py -> /home/dae/ros2_ws/install/robiot/share/robiot/launch
[10.866s] creating /home/dae/ros2_ws/install/robiot/share/robiot/description
[10.868s] creating /home/dae/ros2_ws/install/robiot/share/robiot/config
[10.869s] running install_egg_info
[10.874s] Copying ../../build/robiot/robiot.egg-info to /home/dae/ros2_ws/install/robiot/lib/python3.8/site-packages/robiot-0.0.0-py3.8.egg-info
[10.883s] running install_scripts
[11.009s] writing list of installed files to '/home/dae/ros2_ws/build/robiot/install.log'
[11.381s] Invoked command in '/home/dae/ros2_ws/src/robiot' returned '0': PYTHONPATH=/home/dae/ros2_ws/build/robiot/prefix_override:/usr/lib/python3/dist-packages/colcon_core/task/python/colcon_distutils_commands:/home/dae/ros2_ws/install/robiot/lib/python3.8/site-packages:${PYTHONPATH} /usr/bin/python3 -W ignore:setup.py install is deprecated -W ignore:easy_install command is deprecated setup.py egg_info --egg-base ../../build/robiot build --build-base /home/dae/ros2_ws/build/robiot/build install --record /home/dae/ros2_ws/build/robiot/install.log --install-scripts $base/lib/robiot --single-version-externally-managed install_data
