[7.550s] DEBUG:colcon:Command line arguments: ['/usr/bin/colcon', 'build']
[7.551s] DEBUG:colcon:Parsed command line arguments: Namespace(allow_overriding=[], ament_cmake_args=None, base_paths=['.'], build_base='build', catkin_cmake_args=None, catkin_skip_building_tests=False, cmake_args=None, cmake_clean_cache=False, cmake_clean_first=False, cmake_force_configure=False, cmake_target=None, cmake_target_skip_unavailable=False, continue_on_error=False, event_handlers=None, executor='parallel', ignore_user_meta=False, install_base='install', log_base=None, log_level=None, main=<bound method BuildVerb.main of <colcon_core.verb.build.BuildVerb object at 0x7f933203d580>>, merge_install=False, metas=['./colcon.meta'], packages_above=None, packages_above_and_dependencies=None, packages_above_depth=None, packages_end=None, packages_ignore=None, packages_ignore_regex=None, packages_select=None, packages_select_build_failed=False, packages_select_by_dep=None, packages_select_regex=None, packages_select_test_failures=False, packages_skip=None, packages_skip_build_finished=False, packages_skip_by_dep=None, packages_skip_regex=None, packages_skip_test_passed=False, packages_skip_up_to=None, packages_start=None, packages_up_to=None, packages_up_to_regex=None, parallel_workers=4, paths=None, symlink_install=False, test_result_base=None, verb_extension=<colcon_core.verb.build.BuildVerb object at 0x7f933203d580>, verb_name='build', verb_parser=<colcon_defaults.argument_parser.defaults.DefaultArgumentsDecorator object at 0x7f9331fce1f0>)
[9.737s] Level 1:colcon.colcon_core.package_discovery:discover_packages(colcon_meta) check parameters
[9.738s] Level 1:colcon.colcon_core.package_discovery:discover_packages(recursive) check parameters
[9.738s] Level 1:colcon.colcon_core.package_discovery:discover_packages(ignore) check parameters
[9.739s] Level 1:colcon.colcon_core.package_discovery:discover_packages(path) check parameters
[9.739s] Level 1:colcon.colcon_core.package_discovery:discover_packages(colcon_meta) discover
[9.739s] Level 1:colcon.colcon_core.package_discovery:discover_packages(recursive) discover
[9.740s] INFO:colcon.colcon_core.package_discovery:Crawling recursively for packages in '/home/dae/ros2_ws/src/minisumo_core'
[9.741s] Level 1:colcon.colcon_core.package_identification:_identify(.) by extensions ['ignore', 'ignore_ament_install']
[9.742s] Level 1:colcon.colcon_core.package_identification:_identify(.) by extension 'ignore'
[9.743s] Level 1:colcon.colcon_core.package_identification:_identify(.) by extension 'ignore_ament_install'
[9.743s] Level 1:colcon.colcon_core.package_identification:_identify(.) by extensions ['colcon_pkg']
[9.744s] Level 1:colcon.colcon_core.package_identification:_identify(.) by extension 'colcon_pkg'
[9.744s] Level 1:colcon.colcon_core.package_identification:_identify(.) by extensions ['colcon_meta']
[9.744s] Level 1:colcon.colcon_core.package_identification:_identify(.) by extension 'colcon_meta'
[9.745s] Level 1:colcon.colcon_core.package_identification:_identify(.) by extensions ['ros']
[9.745s] Level 1:colcon.colcon_core.package_identification:_identify(.) by extension 'ros'
[9.923s] DEBUG:colcon.colcon_core.package_identification:Package '.' with type 'ros.ament_python' and name 'minisumo_core'
[9.924s] Level 1:colcon.colcon_core.package_discovery:discover_packages(recursive) using defaults
[9.925s] Level 1:colcon.colcon_core.package_discovery:discover_packages(ignore) discover
[9.925s] Level 1:colcon.colcon_core.package_discovery:discover_packages(ignore) using defaults
[9.926s] Level 1:colcon.colcon_core.package_discovery:discover_packages(path) discover
[9.926s] Level 1:colcon.colcon_core.package_discovery:discover_packages(path) using defaults
[10.340s] Level 1:colcon.colcon_core.package_discovery:discover_packages(prefix_path) check parameters
[10.341s] Level 1:colcon.colcon_core.package_discovery:discover_packages(prefix_path) discover
[10.375s] DEBUG:colcon.colcon_installed_package_information.package_discovery:Found 264 installed packages in /opt/ros/foxy
[10.391s] Level 1:colcon.colcon_core.package_discovery:discover_packages(prefix_path) using defaults
[11.653s] Level 5:colcon.colcon_core.verb:set package 'minisumo_core' build argument 'cmake_args' from command line to 'None'
[11.654s] Level 5:colcon.colcon_core.verb:set package 'minisumo_core' build argument 'cmake_target' from command line to 'None'
[11.654s] Level 5:colcon.colcon_core.verb:set package 'minisumo_core' build argument 'cmake_target_skip_unavailable' from command line to 'False'
[11.654s] Level 5:colcon.colcon_core.verb:set package 'minisumo_core' build argument 'cmake_clean_cache' from command line to 'False'
[11.655s] Level 5:colcon.colcon_core.verb:set package 'minisumo_core' build argument 'cmake_clean_first' from command line to 'False'
[11.655s] Level 5:colcon.colcon_core.verb:set package 'minisumo_core' build argument 'cmake_force_configure' from command line to 'False'
[11.655s] Level 5:colcon.colcon_core.verb:set package 'minisumo_core' build argument 'ament_cmake_args' from command line to 'None'
[11.655s] Level 5:colcon.colcon_core.verb:set package 'minisumo_core' build argument 'catkin_cmake_args' from command line to 'None'
[11.656s] Level 5:colcon.colcon_core.verb:set package 'minisumo_core' build argument 'catkin_skip_building_tests' from command line to 'False'
[11.656s] DEBUG:colcon.colcon_core.verb:Building package 'minisumo_core' with the following arguments: {'ament_cmake_args': None, 'build_base': '/home/dae/ros2_ws/src/minisumo_core/build/minisumo_core', 'catkin_cmake_args': None, 'catkin_skip_building_tests': False, 'cmake_args': None, 'cmake_clean_cache': False, 'cmake_clean_first': False, 'cmake_force_configure': False, 'cmake_target': None, 'cmake_target_skip_unavailable': False, 'install_base': '/home/dae/ros2_ws/src/minisumo_core/install/minisumo_core', 'merge_install': False, 'path': '/home/dae/ros2_ws/src/minisumo_core', 'symlink_install': False, 'test_result_base': None}
[11.657s] INFO:colcon.colcon_core.executor:Executing jobs using 'parallel' executor
[11.663s] DEBUG:colcon.colcon_parallel_executor.executor.parallel:run_until_complete
[11.665s] INFO:colcon.colcon_ros.task.ament_python.build:Building ROS package in '/home/dae/ros2_ws/src/minisumo_core' with build type 'ament_python'
[11.668s] Level 1:colcon.colcon_core.shell:create_environment_hook('minisumo_core', 'ament_prefix_path')
[11.738s] INFO:colcon.colcon_core.plugin_system:Skipping extension 'colcon_core.shell.bat': Not used on non-Windows systems
[11.739s] INFO:colcon.colcon_core.shell:Creating environment hook '/home/dae/ros2_ws/src/minisumo_core/install/minisumo_core/share/minisumo_core/hook/ament_prefix_path.ps1'
[11.781s] INFO:colcon.colcon_core.shell:Creating environment descriptor '/home/dae/ros2_ws/src/minisumo_core/install/minisumo_core/share/minisumo_core/hook/ament_prefix_path.dsv'
[11.805s] INFO:colcon.colcon_core.shell:Creating environment hook '/home/dae/ros2_ws/src/minisumo_core/install/minisumo_core/share/minisumo_core/hook/ament_prefix_path.sh'
[11.817s] INFO:colcon.colcon_core.shell:Skip shell extension 'powershell' for command environment: Not usable outside of PowerShell
[11.818s] DEBUG:colcon.colcon_core.shell:Skip shell extension 'dsv' for command environment
[13.660s] INFO:colcon.colcon_core.task.python.build:Building Python package in '/home/dae/ros2_ws/src/minisumo_core'
[13.663s] INFO:colcon.colcon_core.shell:Skip shell extension 'powershell' for command environment: Not usable outside of PowerShell
[13.664s] DEBUG:colcon.colcon_core.shell:Skip shell extension 'dsv' for command environment
[17.886s] DEBUG:colcon.colcon_core.event_handler.log_command:Invoking command in '/home/dae/ros2_ws/src/minisumo_core': PYTHONPATH=/home/dae/ros2_ws/src/minisumo_core/build/minisumo_core/prefix_override:/usr/lib/python3/dist-packages/colcon_core/task/python/colcon_distutils_commands:/home/dae/ros2_ws/src/minisumo_core/install/minisumo_core/lib/python3.8/site-packages:${PYTHONPATH} /usr/bin/python3 -W ignore:setup.py install is deprecated -W ignore:easy_install command is deprecated setup.py egg_info --egg-base build/minisumo_core build --build-base /home/dae/ros2_ws/src/minisumo_core/build/minisumo_core/build install --record /home/dae/ros2_ws/src/minisumo_core/build/minisumo_core/install.log --install-scripts $base/lib/minisumo_core --single-version-externally-managed install_data
[20.434s] DEBUG:colcon.colcon_core.event_handler.log_command:Invoked command in '/home/dae/ros2_ws/src/minisumo_core' returned '0': PYTHONPATH=/home/dae/ros2_ws/src/minisumo_core/build/minisumo_core/prefix_override:/usr/lib/python3/dist-packages/colcon_core/task/python/colcon_distutils_commands:/home/dae/ros2_ws/src/minisumo_core/install/minisumo_core/lib/python3.8/site-packages:${PYTHONPATH} /usr/bin/python3 -W ignore:setup.py install is deprecated -W ignore:easy_install command is deprecated setup.py egg_info --egg-base build/minisumo_core build --build-base /home/dae/ros2_ws/src/minisumo_core/build/minisumo_core/build install --record /home/dae/ros2_ws/src/minisumo_core/build/minisumo_core/install.log --install-scripts $base/lib/minisumo_core --single-version-externally-managed install_data
[20.504s] Level 1:colcon.colcon_core.environment:checking '/home/dae/ros2_ws/src/minisumo_core/install/minisumo_core' for CMake module files
[20.508s] Level 1:colcon.colcon_core.environment:checking '/home/dae/ros2_ws/src/minisumo_core/install/minisumo_core' for CMake config files
[20.528s] Level 1:colcon.colcon_core.environment:checking '/home/dae/ros2_ws/src/minisumo_core/install/minisumo_core/lib'
[20.529s] Level 1:colcon.colcon_core.environment:checking '/home/dae/ros2_ws/src/minisumo_core/install/minisumo_core/bin'
[20.530s] Level 1:colcon.colcon_core.environment:checking '/home/dae/ros2_ws/src/minisumo_core/install/minisumo_core/lib/pkgconfig/minisumo_core.pc'
[20.531s] Level 1:colcon.colcon_core.environment:checking '/home/dae/ros2_ws/src/minisumo_core/install/minisumo_core/lib/python3.8/site-packages'
[20.532s] Level 1:colcon.colcon_core.shell:create_environment_hook('minisumo_core', 'pythonpath')
[20.534s] INFO:colcon.colcon_core.shell:Creating environment hook '/home/dae/ros2_ws/src/minisumo_core/install/minisumo_core/share/minisumo_core/hook/pythonpath.ps1'
[20.537s] INFO:colcon.colcon_core.shell:Creating environment descriptor '/home/dae/ros2_ws/src/minisumo_core/install/minisumo_core/share/minisumo_core/hook/pythonpath.dsv'
[20.540s] INFO:colcon.colcon_core.shell:Creating environment hook '/home/dae/ros2_ws/src/minisumo_core/install/minisumo_core/share/minisumo_core/hook/pythonpath.sh'
[20.545s] Level 1:colcon.colcon_core.environment:checking '/home/dae/ros2_ws/src/minisumo_core/install/minisumo_core/bin'
[20.545s] Level 1:colcon.colcon_core.environment:create_environment_scripts_only(minisumo_core)
[20.548s] INFO:colcon.colcon_core.shell:Creating package script '/home/dae/ros2_ws/src/minisumo_core/install/minisumo_core/share/minisumo_core/package.ps1'
[20.577s] INFO:colcon.colcon_core.shell:Creating package descriptor '/home/dae/ros2_ws/src/minisumo_core/install/minisumo_core/share/minisumo_core/package.dsv'
[20.604s] INFO:colcon.colcon_core.shell:Creating package script '/home/dae/ros2_ws/src/minisumo_core/install/minisumo_core/share/minisumo_core/package.sh'
[20.611s] INFO:colcon.colcon_core.shell:Creating package script '/home/dae/ros2_ws/src/minisumo_core/install/minisumo_core/share/minisumo_core/package.bash'
[20.636s] INFO:colcon.colcon_core.shell:Creating package script '/home/dae/ros2_ws/src/minisumo_core/install/minisumo_core/share/minisumo_core/package.zsh'
[20.643s] Level 1:colcon.colcon_core.environment:create_file_with_runtime_dependencies(/home/dae/ros2_ws/src/minisumo_core/install/minisumo_core/share/colcon-core/packages/minisumo_core)
[20.645s] DEBUG:colcon.colcon_parallel_executor.executor.parallel:closing loop
[20.648s] DEBUG:colcon.colcon_parallel_executor.executor.parallel:loop closed
[20.649s] DEBUG:colcon.colcon_parallel_executor.executor.parallel:run_until_complete finished with '0'
[20.650s] DEBUG:colcon.colcon_core.event_reactor:joining thread
[20.711s] INFO:colcon.colcon_core.plugin_system:Skipping extension 'colcon_notification.desktop_notification.terminal_notifier': Not used on non-Darwin systems
[20.712s] INFO:colcon.colcon_core.plugin_system:Skipping extension 'colcon_notification.desktop_notification.win32': Not used on non-Windows systems
[20.713s] INFO:colcon.colcon_notification.desktop_notification:Sending desktop notification using 'notify2'
[21.099s] DEBUG:colcon.colcon_core.event_reactor:joined thread
[21.102s] INFO:colcon.colcon_core.shell:Creating prefix script '/home/dae/ros2_ws/src/minisumo_core/install/local_setup.ps1'
[21.135s] INFO:colcon.colcon_core.shell:Creating prefix util module '/home/dae/ros2_ws/src/minisumo_core/install/_local_setup_util_ps1.py'
[21.167s] INFO:colcon.colcon_core.shell:Creating prefix chain script '/home/dae/ros2_ws/src/minisumo_core/install/setup.ps1'
[21.175s] INFO:colcon.colcon_core.shell:Creating prefix script '/home/dae/ros2_ws/src/minisumo_core/install/local_setup.sh'
[21.180s] INFO:colcon.colcon_core.shell:Creating prefix util module '/home/dae/ros2_ws/src/minisumo_core/install/_local_setup_util_sh.py'
[21.185s] INFO:colcon.colcon_core.shell:Creating prefix chain script '/home/dae/ros2_ws/src/minisumo_core/install/setup.sh'
[21.192s] INFO:colcon.colcon_core.shell:Creating prefix script '/home/dae/ros2_ws/src/minisumo_core/install/local_setup.bash'
[21.196s] INFO:colcon.colcon_core.shell:Creating prefix chain script '/home/dae/ros2_ws/src/minisumo_core/install/setup.bash'
[21.203s] INFO:colcon.colcon_core.shell:Creating prefix script '/home/dae/ros2_ws/src/minisumo_core/install/local_setup.zsh'
[21.208s] INFO:colcon.colcon_core.shell:Creating prefix chain script '/home/dae/ros2_ws/src/minisumo_core/install/setup.zsh'
