[12.503s] Invoking command in '/home/dae/ros2_ws/src/robiot': PYTHONPATH=/home/dae/ros2_ws/build/robiot/prefix_override:/usr/lib/python3/dist-packages/colcon_core/task/python/colcon_distutils_commands:/home/dae/ros2_ws/install/robiot/lib/python3.8/site-packages:${PYTHONPATH} /usr/bin/python3 -W ignore:setup.py install is deprecated -W ignore:easy_install command is deprecated setup.py egg_info --egg-base ../../build/robiot build --build-base /home/dae/ros2_ws/build/robiot/build install --record /home/dae/ros2_ws/build/robiot/install.log --install-scripts $base/lib/robiot --single-version-externally-managed install_data
[15.857s] running egg_info
[15.864s] writing ../../build/robiot/robiot.egg-info/PKG-INFO
[15.866s] writing dependency_links to ../../build/robiot/robiot.egg-info/dependency_links.txt
[15.868s] writing entry points to ../../build/robiot/robiot.egg-info/entry_points.txt
[15.871s] writing requirements to ../../build/robiot/robiot.egg-info/requires.txt
[15.880s] writing top-level names to ../../build/robiot/robiot.egg-info/top_level.txt
[16.836s] reading manifest file '../../build/robiot/robiot.egg-info/SOURCES.txt'
[16.843s] writing manifest file '../../build/robiot/robiot.egg-info/SOURCES.txt'
[16.847s] running build
[16.848s] running build_py
[16.850s] running install
[16.856s] running install_lib
[16.875s] running install_data
[16.877s] running install_egg_info
[16.894s] removing '/home/dae/ros2_ws/install/robiot/lib/python3.8/site-packages/robiot-0.0.0-py3.8.egg-info' (and everything under it)
[16.900s] Copying ../../build/robiot/robiot.egg-info to /home/dae/ros2_ws/install/robiot/lib/python3.8/site-packages/robiot-0.0.0-py3.8.egg-info
[16.911s] running install_scripts
[17.054s] writing list of installed files to '/home/dae/ros2_ws/build/robiot/install.log'
[17.204s] Invoked command in '/home/dae/ros2_ws/src/robiot' returned '0': PYTHONPATH=/home/dae/ros2_ws/build/robiot/prefix_override:/usr/lib/python3/dist-packages/colcon_core/task/python/colcon_distutils_commands:/home/dae/ros2_ws/install/robiot/lib/python3.8/site-packages:${PYTHONPATH} /usr/bin/python3 -W ignore:setup.py install is deprecated -W ignore:easy_install command is deprecated setup.py egg_info --egg-base ../../build/robiot build --build-base /home/dae/ros2_ws/build/robiot/build install --record /home/dae/ros2_ws/build/robiot/install.log --install-scripts $base/lib/robiot --single-version-externally-managed install_data
