[8.076s] DEBUG:colcon:Command line arguments: ['/usr/bin/colcon', 'build']
[8.077s] DEBUG:colcon:Parsed command line arguments: Namespace(allow_overriding=[], ament_cmake_args=None, base_paths=['.'], build_base='build', catkin_cmake_args=None, catkin_skip_building_tests=False, cmake_args=None, cmake_clean_cache=False, cmake_clean_first=False, cmake_force_configure=False, cmake_target=None, cmake_target_skip_unavailable=False, continue_on_error=False, event_handlers=None, executor='parallel', ignore_user_meta=False, install_base='install', log_base=None, log_level=None, main=<bound method BuildVerb.main of <colcon_core.verb.build.BuildVerb object at 0x7fec466c7580>>, merge_install=False, metas=['./colcon.meta'], packages_above=None, packages_above_and_dependencies=None, packages_above_depth=None, packages_end=None, packages_ignore=None, packages_ignore_regex=None, packages_select=None, packages_select_build_failed=False, packages_select_by_dep=None, packages_select_regex=None, packages_select_test_failures=False, packages_skip=None, packages_skip_build_finished=False, packages_skip_by_dep=None, packages_skip_regex=None, packages_skip_test_passed=False, packages_skip_up_to=None, packages_start=None, packages_up_to=None, packages_up_to_regex=None, parallel_workers=4, paths=None, symlink_install=False, test_result_base=None, verb_extension=<colcon_core.verb.build.BuildVerb object at 0x7fec466c7580>, verb_name='build', verb_parser=<colcon_defaults.argument_parser.defaults.DefaultArgumentsDecorator object at 0x7fec466581f0>)
[10.689s] Level 1:colcon.colcon_core.package_discovery:discover_packages(colcon_meta) check parameters
[10.690s] Level 1:colcon.colcon_core.package_discovery:discover_packages(recursive) check parameters
[10.691s] Level 1:colcon.colcon_core.package_discovery:discover_packages(ignore) check parameters
[10.691s] Level 1:colcon.colcon_core.package_discovery:discover_packages(path) check parameters
[10.691s] Level 1:colcon.colcon_core.package_discovery:discover_packages(colcon_meta) discover
[10.692s] Level 1:colcon.colcon_core.package_discovery:discover_packages(recursive) discover
[10.692s] INFO:colcon.colcon_core.package_discovery:Crawling recursively for packages in '/home/dae/ros2_ws/src/minisumo_core'
[10.695s] Level 1:colcon.colcon_core.package_identification:_identify(.) by extensions ['ignore', 'ignore_ament_install']
[10.696s] Level 1:colcon.colcon_core.package_identification:_identify(.) by extension 'ignore'
[10.696s] Level 1:colcon.colcon_core.package_identification:_identify(.) by extension 'ignore_ament_install'
[10.697s] Level 1:colcon.colcon_core.package_identification:_identify(.) by extensions ['colcon_pkg']
[10.697s] Level 1:colcon.colcon_core.package_identification:_identify(.) by extension 'colcon_pkg'
[10.698s] Level 1:colcon.colcon_core.package_identification:_identify(.) by extensions ['colcon_meta']
[10.699s] Level 1:colcon.colcon_core.package_identification:_identify(.) by extension 'colcon_meta'
[10.699s] Level 1:colcon.colcon_core.package_identification:_identify(.) by extensions ['ros']
[10.700s] Level 1:colcon.colcon_core.package_identification:_identify(.) by extension 'ros'
[10.935s] DEBUG:colcon.colcon_core.package_identification:Package '.' with type 'ros.ament_python' and name 'minisumo_core'
[10.935s] Level 1:colcon.colcon_core.package_discovery:discover_packages(recursive) using defaults
[10.936s] Level 1:colcon.colcon_core.package_discovery:discover_packages(ignore) discover
[10.936s] Level 1:colcon.colcon_core.package_discovery:discover_packages(ignore) using defaults
[10.936s] Level 1:colcon.colcon_core.package_discovery:discover_packages(path) discover
[10.937s] Level 1:colcon.colcon_core.package_discovery:discover_packages(path) using defaults
[11.483s] Level 1:colcon.colcon_core.package_discovery:discover_packages(prefix_path) check parameters
[11.484s] Level 1:colcon.colcon_core.package_discovery:discover_packages(prefix_path) discover
[11.558s] DEBUG:colcon.colcon_installed_package_information.package_discovery:Found 264 installed packages in /opt/ros/foxy
[11.577s] Level 1:colcon.colcon_core.package_discovery:discover_packages(prefix_path) using defaults
[12.953s] Level 5:colcon.colcon_core.verb:set package 'minisumo_core' build argument 'cmake_args' from command line to 'None'
[12.953s] Level 5:colcon.colcon_core.verb:set package 'minisumo_core' build argument 'cmake_target' from command line to 'None'
[12.954s] Level 5:colcon.colcon_core.verb:set package 'minisumo_core' build argument 'cmake_target_skip_unavailable' from command line to 'False'
[12.954s] Level 5:colcon.colcon_core.verb:set package 'minisumo_core' build argument 'cmake_clean_cache' from command line to 'False'
[12.954s] Level 5:colcon.colcon_core.verb:set package 'minisumo_core' build argument 'cmake_clean_first' from command line to 'False'
[12.955s] Level 5:colcon.colcon_core.verb:set package 'minisumo_core' build argument 'cmake_force_configure' from command line to 'False'
[12.955s] Level 5:colcon.colcon_core.verb:set package 'minisumo_core' build argument 'ament_cmake_args' from command line to 'None'
[12.955s] Level 5:colcon.colcon_core.verb:set package 'minisumo_core' build argument 'catkin_cmake_args' from command line to 'None'
[12.955s] Level 5:colcon.colcon_core.verb:set package 'minisumo_core' build argument 'catkin_skip_building_tests' from command line to 'False'
[12.956s] DEBUG:colcon.colcon_core.verb:Building package 'minisumo_core' with the following arguments: {'ament_cmake_args': None, 'build_base': '/home/dae/ros2_ws/src/minisumo_core/build/minisumo_core', 'catkin_cmake_args': None, 'catkin_skip_building_tests': False, 'cmake_args': None, 'cmake_clean_cache': False, 'cmake_clean_first': False, 'cmake_force_configure': False, 'cmake_target': None, 'cmake_target_skip_unavailable': False, 'install_base': '/home/dae/ros2_ws/src/minisumo_core/install/minisumo_core', 'merge_install': False, 'path': '/home/dae/ros2_ws/src/minisumo_core', 'symlink_install': False, 'test_result_base': None}
[12.957s] INFO:colcon.colcon_core.executor:Executing jobs using 'parallel' executor
[12.964s] DEBUG:colcon.colcon_parallel_executor.executor.parallel:run_until_complete
[12.966s] INFO:colcon.colcon_ros.task.ament_python.build:Building ROS package in '/home/dae/ros2_ws/src/minisumo_core' with build type 'ament_python'
[12.968s] Level 1:colcon.colcon_core.shell:create_environment_hook('minisumo_core', 'ament_prefix_path')
[13.036s] INFO:colcon.colcon_core.plugin_system:Skipping extension 'colcon_core.shell.bat': Not used on non-Windows systems
[13.038s] INFO:colcon.colcon_core.shell:Creating environment hook '/home/dae/ros2_ws/src/minisumo_core/install/minisumo_core/share/minisumo_core/hook/ament_prefix_path.ps1'
[13.063s] INFO:colcon.colcon_core.shell:Creating environment descriptor '/home/dae/ros2_ws/src/minisumo_core/install/minisumo_core/share/minisumo_core/hook/ament_prefix_path.dsv'
[13.092s] INFO:colcon.colcon_core.shell:Creating environment hook '/home/dae/ros2_ws/src/minisumo_core/install/minisumo_core/share/minisumo_core/hook/ament_prefix_path.sh'
[13.129s] INFO:colcon.colcon_core.shell:Skip shell extension 'powershell' for command environment: Not usable outside of PowerShell
[13.130s] DEBUG:colcon.colcon_core.shell:Skip shell extension 'dsv' for command environment
[15.116s] INFO:colcon.colcon_core.task.python.build:Building Python package in '/home/dae/ros2_ws/src/minisumo_core'
[15.118s] INFO:colcon.colcon_core.shell:Skip shell extension 'powershell' for command environment: Not usable outside of PowerShell
[15.119s] DEBUG:colcon.colcon_core.shell:Skip shell extension 'dsv' for command environment
[20.272s] DEBUG:colcon.colcon_core.event_handler.log_command:Invoking command in '/home/dae/ros2_ws/src/minisumo_core': PYTHONPATH=/home/dae/ros2_ws/src/minisumo_core/build/minisumo_core/prefix_override:/usr/lib/python3/dist-packages/colcon_core/task/python/colcon_distutils_commands:/home/dae/ros2_ws/src/minisumo_core/install/minisumo_core/lib/python3.8/site-packages:${PYTHONPATH} /usr/bin/python3 -W ignore:setup.py install is deprecated -W ignore:easy_install command is deprecated setup.py egg_info --egg-base build/minisumo_core build --build-base /home/dae/ros2_ws/src/minisumo_core/build/minisumo_core/build install --record /home/dae/ros2_ws/src/minisumo_core/build/minisumo_core/install.log --install-scripts $base/lib/minisumo_core --single-version-externally-managed install_data
[23.138s] DEBUG:colcon.colcon_core.event_handler.log_command:Invoked command in '/home/dae/ros2_ws/src/minisumo_core' returned '0': PYTHONPATH=/home/dae/ros2_ws/src/minisumo_core/build/minisumo_core/prefix_override:/usr/lib/python3/dist-packages/colcon_core/task/python/colcon_distutils_commands:/home/dae/ros2_ws/src/minisumo_core/install/minisumo_core/lib/python3.8/site-packages:${PYTHONPATH} /usr/bin/python3 -W ignore:setup.py install is deprecated -W ignore:easy_install command is deprecated setup.py egg_info --egg-base build/minisumo_core build --build-base /home/dae/ros2_ws/src/minisumo_core/build/minisumo_core/build install --record /home/dae/ros2_ws/src/minisumo_core/build/minisumo_core/install.log --install-scripts $base/lib/minisumo_core --single-version-externally-managed install_data
[23.325s] Level 1:colcon.colcon_core.environment:checking '/home/dae/ros2_ws/src/minisumo_core/install/minisumo_core' for CMake module files
[23.333s] Level 1:colcon.colcon_core.environment:checking '/home/dae/ros2_ws/src/minisumo_core/install/minisumo_core' for CMake config files
[23.340s] Level 1:colcon.colcon_core.environment:checking '/home/dae/ros2_ws/src/minisumo_core/install/minisumo_core/lib'
[23.344s] Level 1:colcon.colcon_core.environment:checking '/home/dae/ros2_ws/src/minisumo_core/install/minisumo_core/bin'
[23.345s] Level 1:colcon.colcon_core.environment:checking '/home/dae/ros2_ws/src/minisumo_core/install/minisumo_core/lib/pkgconfig/minisumo_core.pc'
[23.347s] Level 1:colcon.colcon_core.environment:checking '/home/dae/ros2_ws/src/minisumo_core/install/minisumo_core/lib/python3.8/site-packages'
[23.348s] Level 1:colcon.colcon_core.shell:create_environment_hook('minisumo_core', 'pythonpath')
[23.351s] INFO:colcon.colcon_core.shell:Creating environment hook '/home/dae/ros2_ws/src/minisumo_core/install/minisumo_core/share/minisumo_core/hook/pythonpath.ps1'
[23.355s] INFO:colcon.colcon_core.shell:Creating environment descriptor '/home/dae/ros2_ws/src/minisumo_core/install/minisumo_core/share/minisumo_core/hook/pythonpath.dsv'
[23.358s] INFO:colcon.colcon_core.shell:Creating environment hook '/home/dae/ros2_ws/src/minisumo_core/install/minisumo_core/share/minisumo_core/hook/pythonpath.sh'
[23.364s] Level 1:colcon.colcon_core.environment:checking '/home/dae/ros2_ws/src/minisumo_core/install/minisumo_core/bin'
[23.364s] Level 1:colcon.colcon_core.environment:create_environment_scripts_only(minisumo_core)
[23.367s] INFO:colcon.colcon_core.shell:Creating package script '/home/dae/ros2_ws/src/minisumo_core/install/minisumo_core/share/minisumo_core/package.ps1'
[23.388s] INFO:colcon.colcon_core.shell:Creating package descriptor '/home/dae/ros2_ws/src/minisumo_core/install/minisumo_core/share/minisumo_core/package.dsv'
[23.415s] INFO:colcon.colcon_core.shell:Creating package script '/home/dae/ros2_ws/src/minisumo_core/install/minisumo_core/share/minisumo_core/package.sh'
[23.422s] INFO:colcon.colcon_core.shell:Creating package script '/home/dae/ros2_ws/src/minisumo_core/install/minisumo_core/share/minisumo_core/package.bash'
[23.459s] INFO:colcon.colcon_core.shell:Creating package script '/home/dae/ros2_ws/src/minisumo_core/install/minisumo_core/share/minisumo_core/package.zsh'
[23.483s] Level 1:colcon.colcon_core.environment:create_file_with_runtime_dependencies(/home/dae/ros2_ws/src/minisumo_core/install/minisumo_core/share/colcon-core/packages/minisumo_core)
[23.486s] DEBUG:colcon.colcon_parallel_executor.executor.parallel:closing loop
[23.489s] DEBUG:colcon.colcon_parallel_executor.executor.parallel:loop closed
[23.490s] DEBUG:colcon.colcon_parallel_executor.executor.parallel:run_until_complete finished with '0'
[23.491s] DEBUG:colcon.colcon_core.event_reactor:joining thread
[23.557s] INFO:colcon.colcon_core.plugin_system:Skipping extension 'colcon_notification.desktop_notification.terminal_notifier': Not used on non-Darwin systems
[23.558s] INFO:colcon.colcon_core.plugin_system:Skipping extension 'colcon_notification.desktop_notification.win32': Not used on non-Windows systems
[23.558s] INFO:colcon.colcon_notification.desktop_notification:Sending desktop notification using 'notify2'
[23.606s] DEBUG:colcon.colcon_core.event_reactor:joined thread
[23.609s] INFO:colcon.colcon_core.shell:Creating prefix script '/home/dae/ros2_ws/src/minisumo_core/install/local_setup.ps1'
[23.642s] INFO:colcon.colcon_core.shell:Creating prefix util module '/home/dae/ros2_ws/src/minisumo_core/install/_local_setup_util_ps1.py'
[23.655s] INFO:colcon.colcon_core.shell:Creating prefix chain script '/home/dae/ros2_ws/src/minisumo_core/install/setup.ps1'
[23.668s] INFO:colcon.colcon_core.shell:Creating prefix script '/home/dae/ros2_ws/src/minisumo_core/install/local_setup.sh'
[23.703s] INFO:colcon.colcon_core.shell:Creating prefix util module '/home/dae/ros2_ws/src/minisumo_core/install/_local_setup_util_sh.py'
[23.708s] INFO:colcon.colcon_core.shell:Creating prefix chain script '/home/dae/ros2_ws/src/minisumo_core/install/setup.sh'
[23.721s] INFO:colcon.colcon_core.shell:Creating prefix script '/home/dae/ros2_ws/src/minisumo_core/install/local_setup.bash'
[23.749s] INFO:colcon.colcon_core.shell:Creating prefix chain script '/home/dae/ros2_ws/src/minisumo_core/install/setup.bash'
[23.771s] INFO:colcon.colcon_core.shell:Creating prefix script '/home/dae/ros2_ws/src/minisumo_core/install/local_setup.zsh'
[23.780s] INFO:colcon.colcon_core.shell:Creating prefix chain script '/home/dae/ros2_ws/src/minisumo_core/install/setup.zsh'
