[4.908s] Invoking command in '/home/dae/ros2_ws/src/teleop_esp32': PYTHONPATH=/home/dae/ros2_ws/build/teleop_esp32/prefix_override:/usr/lib/python3/dist-packages/colcon_core/task/python/colcon_distutils_commands:/home/dae/ros2_ws/install/teleop_esp32/lib/python3.8/site-packages:${PYTHONPATH} /usr/bin/python3 -W ignore:setup.py install is deprecated -W ignore:easy_install command is deprecated setup.py egg_info --egg-base ../../build/teleop_esp32 build --build-base /home/dae/ros2_ws/build/teleop_esp32/build install --record /home/dae/ros2_ws/build/teleop_esp32/install.log --install-scripts $base/lib/teleop_esp32 --single-version-externally-managed install_data
[6.664s] running egg_info
[6.668s] writing ../../build/teleop_esp32/teleop_esp32.egg-info/PKG-INFO
[6.671s] writing dependency_links to ../../build/teleop_esp32/teleop_esp32.egg-info/dependency_links.txt
[6.674s] writing entry points to ../../build/teleop_esp32/teleop_esp32.egg-info/entry_points.txt
[6.677s] writing requirements to ../../build/teleop_esp32/teleop_esp32.egg-info/requires.txt
[6.678s] writing top-level names to ../../build/teleop_esp32/teleop_esp32.egg-info/top_level.txt
[6.959s] reading manifest file '../../build/teleop_esp32/teleop_esp32.egg-info/SOURCES.txt'
[6.967s] writing manifest file '../../build/teleop_esp32/teleop_esp32.egg-info/SOURCES.txt'
[6.968s] running build
[6.970s] running build_py
[6.971s] copying teleop_esp32/keyboard_node.py -> /home/dae/ros2_ws/build/teleop_esp32/build/lib/teleop_esp32
[6.973s] running install
[6.978s] running install_lib
[6.985s] copying /home/dae/ros2_ws/build/teleop_esp32/build/lib/teleop_esp32/keyboard_node.py -> /home/dae/ros2_ws/install/teleop_esp32/lib/python3.8/site-packages/teleop_esp32
[6.989s] byte-compiling /home/dae/ros2_ws/install/teleop_esp32/lib/python3.8/site-packages/teleop_esp32/keyboard_node.py to keyboard_node.cpython-38.pyc
[6.998s] Sorry: TabError: inconsistent use of tabs and spaces in indentation (keyboard_node.py, line 38)
[6.999s] running install_data
[7.000s] running install_egg_info
[7.010s] removing '/home/dae/ros2_ws/install/teleop_esp32/lib/python3.8/site-packages/teleop_esp32-0.0.0-py3.8.egg-info' (and everything under it)
[7.012s] Copying ../../build/teleop_esp32/teleop_esp32.egg-info to /home/dae/ros2_ws/install/teleop_esp32/lib/python3.8/site-packages/teleop_esp32-0.0.0-py3.8.egg-info
[7.019s] running install_scripts
[7.130s] Installing keyboard_node script to /home/dae/ros2_ws/install/teleop_esp32/lib/teleop_esp32
[7.131s] Installing serial_node script to /home/dae/ros2_ws/install/teleop_esp32/lib/teleop_esp32
[7.133s] writing list of installed files to '/home/dae/ros2_ws/build/teleop_esp32/install.log'
[7.246s] Invoked command in '/home/dae/ros2_ws/src/teleop_esp32' returned '0': PYTHONPATH=/home/dae/ros2_ws/build/teleop_esp32/prefix_override:/usr/lib/python3/dist-packages/colcon_core/task/python/colcon_distutils_commands:/home/dae/ros2_ws/install/teleop_esp32/lib/python3.8/site-packages:${PYTHONPATH} /usr/bin/python3 -W ignore:setup.py install is deprecated -W ignore:easy_install command is deprecated setup.py egg_info --egg-base ../../build/teleop_esp32 build --build-base /home/dae/ros2_ws/build/teleop_esp32/build install --record /home/dae/ros2_ws/build/teleop_esp32/install.log --install-scripts $base/lib/teleop_esp32 --single-version-externally-managed install_data
