[14.015s] Invoking command in '/home/dae/ros2_ws/src/robiot': PYTHONPATH=/home/dae/ros2_ws/build/robiot/prefix_override:/usr/lib/python3/dist-packages/colcon_core/task/python/colcon_distutils_commands:/home/dae/ros2_ws/install/robiot/lib/python3.8/site-packages:${PYTHONPATH} /usr/bin/python3 -W ignore:setup.py install is deprecated -W ignore:easy_install command is deprecated setup.py egg_info --egg-base ../../build/robiot build --build-base /home/dae/ros2_ws/build/robiot/build install --record /home/dae/ros2_ws/build/robiot/install.log --install-scripts $base/lib/robiot --single-version-externally-managed install_data
[17.320s] running egg_info
[17.326s] writing ../../build/robiot/robiot.egg-info/PKG-INFO
[17.653s] writing dependency_links to ../../build/robiot/robiot.egg-info/dependency_links.txt
[17.655s] writing entry points to ../../build/robiot/robiot.egg-info/entry_points.txt
[17.656s] writing requirements to ../../build/robiot/robiot.egg-info/requires.txt
[17.658s] writing top-level names to ../../build/robiot/robiot.egg-info/top_level.txt
[18.226s] reading manifest file '../../build/robiot/robiot.egg-info/SOURCES.txt'
[18.247s] writing manifest file '../../build/robiot/robiot.egg-info/SOURCES.txt'
[18.249s] running build
[18.250s] running build_py
[18.276s] running install
[18.287s] running install_lib
[18.307s] running install_data
[18.322s] running install_egg_info
[18.337s] removing '/home/dae/ros2_ws/install/robiot/lib/python3.8/site-packages/robiot-0.0.0-py3.8.egg-info' (and everything under it)
[18.346s] Copying ../../build/robiot/robiot.egg-info to /home/dae/ros2_ws/install/robiot/lib/python3.8/site-packages/robiot-0.0.0-py3.8.egg-info
[18.383s] running install_scripts
[18.567s] writing list of installed files to '/home/dae/ros2_ws/build/robiot/install.log'
[18.765s] Invoked command in '/home/dae/ros2_ws/src/robiot' returned '0': PYTHONPATH=/home/dae/ros2_ws/build/robiot/prefix_override:/usr/lib/python3/dist-packages/colcon_core/task/python/colcon_distutils_commands:/home/dae/ros2_ws/install/robiot/lib/python3.8/site-packages:${PYTHONPATH} /usr/bin/python3 -W ignore:setup.py install is deprecated -W ignore:easy_install command is deprecated setup.py egg_info --egg-base ../../build/robiot build --build-base /home/dae/ros2_ws/build/robiot/build install --record /home/dae/ros2_ws/build/robiot/install.log --install-scripts $base/lib/robiot --single-version-externally-managed install_data
