[2.382s] DEBUG:colcon:Command line arguments: ['/usr/bin/colcon', 'build', '--symlink-install']
[2.383s] DEBUG:colcon:Parsed command line arguments: Namespace(allow_overriding=[], ament_cmake_args=None, base_paths=['.'], build_base='build', catkin_cmake_args=None, catkin_skip_building_tests=False, cmake_args=None, cmake_clean_cache=False, cmake_clean_first=False, cmake_force_configure=False, cmake_target=None, cmake_target_skip_unavailable=False, continue_on_error=False, event_handlers=None, executor='parallel', ignore_user_meta=False, install_base='install', log_base=None, log_level=None, main=<bound method BuildVerb.main of <colcon_core.verb.build.BuildVerb object at 0x7fd6aba36430>>, merge_install=False, metas=['./colcon.meta'], packages_above=None, packages_above_and_dependencies=None, packages_above_depth=None, packages_end=None, packages_ignore=None, packages_ignore_regex=None, packages_select=None, packages_select_build_failed=False, packages_select_by_dep=None, packages_select_regex=None, packages_select_test_failures=False, packages_skip=None, packages_skip_build_finished=False, packages_skip_by_dep=None, packages_skip_regex=None, packages_skip_test_passed=False, packages_skip_up_to=None, packages_start=None, packages_up_to=None, packages_up_to_regex=None, parallel_workers=4, paths=None, symlink_install=True, test_result_base=None, verb_extension=<colcon_core.verb.build.BuildVerb object at 0x7fd6aba36430>, verb_name='build', verb_parser=<colcon_defaults.argument_parser.defaults.DefaultArgumentsDecorator object at 0x7fd6ab9c90a0>)
[4.300s] Level 1:colcon.colcon_core.package_discovery:discover_packages(colcon_meta) check parameters
[4.301s] Level 1:colcon.colcon_core.package_discovery:discover_packages(recursive) check parameters
[4.302s] Level 1:colcon.colcon_core.package_discovery:discover_packages(ignore) check parameters
[4.302s] Level 1:colcon.colcon_core.package_discovery:discover_packages(path) check parameters
[4.302s] Level 1:colcon.colcon_core.package_discovery:discover_packages(colcon_meta) discover
[4.303s] Level 1:colcon.colcon_core.package_discovery:discover_packages(recursive) discover
[4.303s] INFO:colcon.colcon_core.package_discovery:Crawling recursively for packages in '/home/dae/ros2_ws'
[4.305s] Level 1:colcon.colcon_core.package_identification:_identify(.) by extensions ['ignore', 'ignore_ament_install']
[4.305s] Level 1:colcon.colcon_core.package_identification:_identify(.) by extension 'ignore'
[4.306s] Level 1:colcon.colcon_core.package_identification:_identify(.) by extension 'ignore_ament_install'
[4.306s] Level 1:colcon.colcon_core.package_identification:_identify(.) by extensions ['colcon_pkg']
[4.307s] Level 1:colcon.colcon_core.package_identification:_identify(.) by extension 'colcon_pkg'
[4.307s] Level 1:colcon.colcon_core.package_identification:_identify(.) by extensions ['colcon_meta']
[4.308s] Level 1:colcon.colcon_core.package_identification:_identify(.) by extension 'colcon_meta'
[4.308s] Level 1:colcon.colcon_core.package_identification:_identify(.) by extensions ['ros']
[4.308s] Level 1:colcon.colcon_core.package_identification:_identify(.) by extension 'ros'
[4.394s] Level 1:colcon.colcon_core.package_identification:_identify(.) by extensions ['cmake', 'python']
[4.395s] Level 1:colcon.colcon_core.package_identification:_identify(.) by extension 'cmake'
[4.395s] Level 1:colcon.colcon_core.package_identification:_identify(.) by extension 'python'
[4.396s] Level 1:colcon.colcon_core.package_identification:_identify(.) by extensions ['python_setup_py']
[4.396s] Level 1:colcon.colcon_core.package_identification:_identify(.) by extension 'python_setup_py'
[4.397s] Level 1:colcon.colcon_core.package_identification:_identify(build) by extensions ['ignore', 'ignore_ament_install']
[4.398s] Level 1:colcon.colcon_core.package_identification:_identify(build) by extension 'ignore'
[4.398s] Level 1:colcon.colcon_core.package_identification:_identify(build) ignored
[4.399s] Level 1:colcon.colcon_core.package_identification:_identify(install) by extensions ['ignore', 'ignore_ament_install']
[4.400s] Level 1:colcon.colcon_core.package_identification:_identify(install) by extension 'ignore'
[4.400s] Level 1:colcon.colcon_core.package_identification:_identify(install) ignored
[4.401s] Level 1:colcon.colcon_core.package_identification:_identify(log) by extensions ['ignore', 'ignore_ament_install']
[4.402s] Level 1:colcon.colcon_core.package_identification:_identify(log) by extension 'ignore'
[4.403s] Level 1:colcon.colcon_core.package_identification:_identify(log) ignored
[4.403s] Level 1:colcon.colcon_core.package_identification:_identify(src) by extensions ['ignore', 'ignore_ament_install']
[4.404s] Level 1:colcon.colcon_core.package_identification:_identify(src) by extension 'ignore'
[4.405s] Level 1:colcon.colcon_core.package_identification:_identify(src) by extension 'ignore_ament_install'
[4.405s] Level 1:colcon.colcon_core.package_identification:_identify(src) by extensions ['colcon_pkg']
[4.406s] Level 1:colcon.colcon_core.package_identification:_identify(src) by extension 'colcon_pkg'
[4.406s] Level 1:colcon.colcon_core.package_identification:_identify(src) by extensions ['colcon_meta']
[4.406s] Level 1:colcon.colcon_core.package_identification:_identify(src) by extension 'colcon_meta'
[4.407s] Level 1:colcon.colcon_core.package_identification:_identify(src) by extensions ['ros']
[4.407s] Level 1:colcon.colcon_core.package_identification:_identify(src) by extension 'ros'
[4.408s] Level 1:colcon.colcon_core.package_identification:_identify(src) by extensions ['cmake', 'python']
[4.408s] Level 1:colcon.colcon_core.package_identification:_identify(src) by extension 'cmake'
[4.409s] Level 1:colcon.colcon_core.package_identification:_identify(src) by extension 'python'
[4.409s] Level 1:colcon.colcon_core.package_identification:_identify(src) by extensions ['python_setup_py']
[4.410s] Level 1:colcon.colcon_core.package_identification:_identify(src) by extension 'python_setup_py'
[4.411s] Level 1:colcon.colcon_core.package_identification:_identify(src/minisumo_core) by extensions ['ignore', 'ignore_ament_install']
[4.411s] Level 1:colcon.colcon_core.package_identification:_identify(src/minisumo_core) by extension 'ignore'
[4.412s] Level 1:colcon.colcon_core.package_identification:_identify(src/minisumo_core) by extension 'ignore_ament_install'
[4.413s] Level 1:colcon.colcon_core.package_identification:_identify(src/minisumo_core) by extensions ['colcon_pkg']
[4.413s] Level 1:colcon.colcon_core.package_identification:_identify(src/minisumo_core) by extension 'colcon_pkg'
[4.414s] Level 1:colcon.colcon_core.package_identification:_identify(src/minisumo_core) by extensions ['colcon_meta']
[4.414s] Level 1:colcon.colcon_core.package_identification:_identify(src/minisumo_core) by extension 'colcon_meta'
[4.414s] Level 1:colcon.colcon_core.package_identification:_identify(src/minisumo_core) by extensions ['ros']
[4.415s] Level 1:colcon.colcon_core.package_identification:_identify(src/minisumo_core) by extension 'ros'
[4.469s] DEBUG:colcon.colcon_core.package_identification:Package 'src/minisumo_core' with type 'ros.ament_python' and name 'minisumo_core'
[4.493s] Level 1:colcon.colcon_core.package_identification:_identify(src/perrito_guau_guau) by extensions ['ignore', 'ignore_ament_install']
[4.494s] Level 1:colcon.colcon_core.package_identification:_identify(src/perrito_guau_guau) by extension 'ignore'
[4.495s] Level 1:colcon.colcon_core.package_identification:_identify(src/perrito_guau_guau) by extension 'ignore_ament_install'
[4.496s] Level 1:colcon.colcon_core.package_identification:_identify(src/perrito_guau_guau) by extensions ['colcon_pkg']
[4.496s] Level 1:colcon.colcon_core.package_identification:_identify(src/perrito_guau_guau) by extension 'colcon_pkg'
[4.497s] Level 1:colcon.colcon_core.package_identification:_identify(src/perrito_guau_guau) by extensions ['colcon_meta']
[4.497s] Level 1:colcon.colcon_core.package_identification:_identify(src/perrito_guau_guau) by extension 'colcon_meta'
[4.498s] Level 1:colcon.colcon_core.package_identification:_identify(src/perrito_guau_guau) by extensions ['ros']
[4.498s] Level 1:colcon.colcon_core.package_identification:_identify(src/perrito_guau_guau) by extension 'ros'
[4.523s] DEBUG:colcon.colcon_core.package_identification:Package 'src/perrito_guau_guau' with type 'ros.ament_python' and name 'perrito_guau_guau'
[4.545s] Level 1:colcon.colcon_core.package_identification:_identify(src/teleop_esp32) by extensions ['ignore', 'ignore_ament_install']
[4.546s] Level 1:colcon.colcon_core.package_identification:_identify(src/teleop_esp32) by extension 'ignore'
[4.547s] Level 1:colcon.colcon_core.package_identification:_identify(src/teleop_esp32) by extension 'ignore_ament_install'
[4.548s] Level 1:colcon.colcon_core.package_identification:_identify(src/teleop_esp32) by extensions ['colcon_pkg']
[4.548s] Level 1:colcon.colcon_core.package_identification:_identify(src/teleop_esp32) by extension 'colcon_pkg'
[4.549s] Level 1:colcon.colcon_core.package_identification:_identify(src/teleop_esp32) by extensions ['colcon_meta']
[4.549s] Level 1:colcon.colcon_core.package_identification:_identify(src/teleop_esp32) by extension 'colcon_meta'
[4.550s] Level 1:colcon.colcon_core.package_identification:_identify(src/teleop_esp32) by extensions ['ros']
[4.550s] Level 1:colcon.colcon_core.package_identification:_identify(src/teleop_esp32) by extension 'ros'
[4.566s] DEBUG:colcon.colcon_core.package_identification:Package 'src/teleop_esp32' with type 'ros.ament_python' and name 'teleop_esp32'
[4.567s] Level 1:colcon.colcon_core.package_discovery:discover_packages(recursive) using defaults
[4.567s] Level 1:colcon.colcon_core.package_discovery:discover_packages(ignore) discover
[4.568s] Level 1:colcon.colcon_core.package_discovery:discover_packages(ignore) using defaults
[4.568s] Level 1:colcon.colcon_core.package_discovery:discover_packages(path) discover
[4.568s] Level 1:colcon.colcon_core.package_discovery:discover_packages(path) using defaults
[5.006s] Level 1:colcon.colcon_core.package_discovery:discover_packages(prefix_path) check parameters
[5.006s] Level 1:colcon.colcon_core.package_discovery:discover_packages(prefix_path) discover
[5.040s] DEBUG:colcon.colcon_installed_package_information.package_discovery:Found 256 installed packages in /opt/ros/foxy
[5.056s] Level 1:colcon.colcon_core.package_discovery:discover_packages(prefix_path) using defaults
[6.212s] Level 5:colcon.colcon_core.verb:set package 'minisumo_core' build argument 'cmake_args' from command line to 'None'
[6.212s] Level 5:colcon.colcon_core.verb:set package 'minisumo_core' build argument 'cmake_target' from command line to 'None'
[6.213s] Level 5:colcon.colcon_core.verb:set package 'minisumo_core' build argument 'cmake_target_skip_unavailable' from command line to 'False'
[6.213s] Level 5:colcon.colcon_core.verb:set package 'minisumo_core' build argument 'cmake_clean_cache' from command line to 'False'
[6.213s] Level 5:colcon.colcon_core.verb:set package 'minisumo_core' build argument 'cmake_clean_first' from command line to 'False'
[6.214s] Level 5:colcon.colcon_core.verb:set package 'minisumo_core' build argument 'cmake_force_configure' from command line to 'False'
[6.214s] Level 5:colcon.colcon_core.verb:set package 'minisumo_core' build argument 'ament_cmake_args' from command line to 'None'
[6.214s] Level 5:colcon.colcon_core.verb:set package 'minisumo_core' build argument 'catkin_cmake_args' from command line to 'None'
[6.214s] Level 5:colcon.colcon_core.verb:set package 'minisumo_core' build argument 'catkin_skip_building_tests' from command line to 'False'
[6.215s] DEBUG:colcon.colcon_core.verb:Building package 'minisumo_core' with the following arguments: {'ament_cmake_args': None, 'build_base': '/home/dae/ros2_ws/build/minisumo_core', 'catkin_cmake_args': None, 'catkin_skip_building_tests': False, 'cmake_args': None, 'cmake_clean_cache': False, 'cmake_clean_first': False, 'cmake_force_configure': False, 'cmake_target': None, 'cmake_target_skip_unavailable': False, 'install_base': '/home/dae/ros2_ws/install/minisumo_core', 'merge_install': False, 'path': '/home/dae/ros2_ws/src/minisumo_core', 'symlink_install': True, 'test_result_base': None}
[6.218s] Level 5:colcon.colcon_core.verb:set package 'perrito_guau_guau' build argument 'cmake_args' from command line to 'None'
[6.219s] Level 5:colcon.colcon_core.verb:set package 'perrito_guau_guau' build argument 'cmake_target' from command line to 'None'
[6.219s] Level 5:colcon.colcon_core.verb:set package 'perrito_guau_guau' build argument 'cmake_target_skip_unavailable' from command line to 'False'
[6.219s] Level 5:colcon.colcon_core.verb:set package 'perrito_guau_guau' build argument 'cmake_clean_cache' from command line to 'False'
[6.219s] Level 5:colcon.colcon_core.verb:set package 'perrito_guau_guau' build argument 'cmake_clean_first' from command line to 'False'
[6.220s] Level 5:colcon.colcon_core.verb:set package 'perrito_guau_guau' build argument 'cmake_force_configure' from command line to 'False'
[6.220s] Level 5:colcon.colcon_core.verb:set package 'perrito_guau_guau' build argument 'ament_cmake_args' from command line to 'None'
[6.220s] Level 5:colcon.colcon_core.verb:set package 'perrito_guau_guau' build argument 'catkin_cmake_args' from command line to 'None'
[6.221s] Level 5:colcon.colcon_core.verb:set package 'perrito_guau_guau' build argument 'catkin_skip_building_tests' from command line to 'False'
[6.221s] DEBUG:colcon.colcon_core.verb:Building package 'perrito_guau_guau' with the following arguments: {'ament_cmake_args': None, 'build_base': '/home/dae/ros2_ws/build/perrito_guau_guau', 'catkin_cmake_args': None, 'catkin_skip_building_tests': False, 'cmake_args': None, 'cmake_clean_cache': False, 'cmake_clean_first': False, 'cmake_force_configure': False, 'cmake_target': None, 'cmake_target_skip_unavailable': False, 'install_base': '/home/dae/ros2_ws/install/perrito_guau_guau', 'merge_install': False, 'path': '/home/dae/ros2_ws/src/perrito_guau_guau', 'symlink_install': True, 'test_result_base': None}
[6.224s] Level 5:colcon.colcon_core.verb:set package 'teleop_esp32' build argument 'cmake_args' from command line to 'None'
[6.225s] Level 5:colcon.colcon_core.verb:set package 'teleop_esp32' build argument 'cmake_target' from command line to 'None'
[6.225s] Level 5:colcon.colcon_core.verb:set package 'teleop_esp32' build argument 'cmake_target_skip_unavailable' from command line to 'False'
[6.225s] Level 5:colcon.colcon_core.verb:set package 'teleop_esp32' build argument 'cmake_clean_cache' from command line to 'False'
[6.226s] Level 5:colcon.colcon_core.verb:set package 'teleop_esp32' build argument 'cmake_clean_first' from command line to 'False'
[6.226s] Level 5:colcon.colcon_core.verb:set package 'teleop_esp32' build argument 'cmake_force_configure' from command line to 'False'
[6.226s] Level 5:colcon.colcon_core.verb:set package 'teleop_esp32' build argument 'ament_cmake_args' from command line to 'None'
[6.226s] Level 5:colcon.colcon_core.verb:set package 'teleop_esp32' build argument 'catkin_cmake_args' from command line to 'None'
[6.227s] Level 5:colcon.colcon_core.verb:set package 'teleop_esp32' build argument 'catkin_skip_building_tests' from command line to 'False'
[6.227s] DEBUG:colcon.colcon_core.verb:Building package 'teleop_esp32' with the following arguments: {'ament_cmake_args': None, 'build_base': '/home/dae/ros2_ws/build/teleop_esp32', 'catkin_cmake_args': None, 'catkin_skip_building_tests': False, 'cmake_args': None, 'cmake_clean_cache': False, 'cmake_clean_first': False, 'cmake_force_configure': False, 'cmake_target': None, 'cmake_target_skip_unavailable': False, 'install_base': '/home/dae/ros2_ws/install/teleop_esp32', 'merge_install': False, 'path': '/home/dae/ros2_ws/src/teleop_esp32', 'symlink_install': True, 'test_result_base': None}
[6.228s] INFO:colcon.colcon_core.executor:Executing jobs using 'parallel' executor
[6.235s] DEBUG:colcon.colcon_parallel_executor.executor.parallel:run_until_complete
[6.237s] INFO:colcon.colcon_ros.task.ament_python.build:Building ROS package in '/home/dae/ros2_ws/src/minisumo_core' with build type 'ament_python'
[6.239s] Level 1:colcon.colcon_core.shell:create_environment_hook('minisumo_core', 'ament_prefix_path')
[6.309s] INFO:colcon.colcon_core.plugin_system:Skipping extension 'colcon_core.shell.bat': Not used on non-Windows systems
[6.311s] INFO:colcon.colcon_core.shell:Creating environment hook '/home/dae/ros2_ws/install/minisumo_core/share/minisumo_core/hook/ament_prefix_path.ps1'
[6.331s] INFO:colcon.colcon_core.shell:Creating environment descriptor '/home/dae/ros2_ws/install/minisumo_core/share/minisumo_core/hook/ament_prefix_path.dsv'
[6.357s] INFO:colcon.colcon_core.shell:Creating environment hook '/home/dae/ros2_ws/install/minisumo_core/share/minisumo_core/hook/ament_prefix_path.sh'
[6.366s] INFO:colcon.colcon_core.shell:Skip shell extension 'powershell' for command environment: Not usable outside of PowerShell
[6.367s] DEBUG:colcon.colcon_core.shell:Skip shell extension 'dsv' for command environment
[6.398s] INFO:colcon.colcon_ros.task.ament_python.build:Building ROS package in '/home/dae/ros2_ws/src/perrito_guau_guau' with build type 'ament_python'
[6.400s] Level 1:colcon.colcon_core.shell:create_environment_hook('perrito_guau_guau', 'ament_prefix_path')
[6.403s] INFO:colcon.colcon_core.shell:Creating environment hook '/home/dae/ros2_ws/install/perrito_guau_guau/share/perrito_guau_guau/hook/ament_prefix_path.ps1'
[6.463s] INFO:colcon.colcon_core.shell:Creating environment descriptor '/home/dae/ros2_ws/install/perrito_guau_guau/share/perrito_guau_guau/hook/ament_prefix_path.dsv'
[6.467s] INFO:colcon.colcon_core.shell:Creating environment hook '/home/dae/ros2_ws/install/perrito_guau_guau/share/perrito_guau_guau/hook/ament_prefix_path.sh'
[6.473s] INFO:colcon.colcon_core.shell:Skip shell extension 'powershell' for command environment: Not usable outside of PowerShell
[6.473s] DEBUG:colcon.colcon_core.shell:Skip shell extension 'dsv' for command environment
[6.511s] INFO:colcon.colcon_ros.task.ament_python.build:Building ROS package in '/home/dae/ros2_ws/src/teleop_esp32' with build type 'ament_python'
[6.513s] Level 1:colcon.colcon_core.shell:create_environment_hook('teleop_esp32', 'ament_prefix_path')
[6.517s] INFO:colcon.colcon_core.shell:Creating environment hook '/home/dae/ros2_ws/install/teleop_esp32/share/teleop_esp32/hook/ament_prefix_path.ps1'
[6.536s] INFO:colcon.colcon_core.shell:Creating environment descriptor '/home/dae/ros2_ws/install/teleop_esp32/share/teleop_esp32/hook/ament_prefix_path.dsv'
[6.539s] INFO:colcon.colcon_core.shell:Creating environment hook '/home/dae/ros2_ws/install/teleop_esp32/share/teleop_esp32/hook/ament_prefix_path.sh'
[6.544s] INFO:colcon.colcon_core.shell:Skip shell extension 'powershell' for command environment: Not usable outside of PowerShell
[6.545s] DEBUG:colcon.colcon_core.shell:Skip shell extension 'dsv' for command environment
[8.381s] INFO:colcon.colcon_core.task.python.build:Building Python package in '/home/dae/ros2_ws/src/minisumo_core'
[8.385s] INFO:colcon.colcon_core.shell:Skip shell extension 'powershell' for command environment: Not usable outside of PowerShell
[8.386s] DEBUG:colcon.colcon_core.shell:Skip shell extension 'dsv' for command environment
[10.211s] INFO:colcon.colcon_core.task.python.build:Building Python package in '/home/dae/ros2_ws/src/perrito_guau_guau'
[10.213s] INFO:colcon.colcon_core.shell:Skip shell extension 'powershell' for command environment: Not usable outside of PowerShell
[10.214s] DEBUG:colcon.colcon_core.shell:Skip shell extension 'dsv' for command environment
[12.040s] INFO:colcon.colcon_core.task.python.build:Building Python package in '/home/dae/ros2_ws/src/teleop_esp32'
[12.043s] INFO:colcon.colcon_core.shell:Skip shell extension 'powershell' for command environment: Not usable outside of PowerShell
[12.043s] DEBUG:colcon.colcon_core.shell:Skip shell extension 'dsv' for command environment
[16.840s] DEBUG:colcon.colcon_core.task.python.build:While undoing a previous installation files outside the Python library path are being ignored: /home/dae/ros2_ws/install/perrito_guau_guau/share/ament_index/resource_index/packages/perrito_guau_guau
[16.841s] DEBUG:colcon.colcon_core.task.python.build:While undoing a previous installation files outside the Python library path are being ignored: /home/dae/ros2_ws/install/perrito_guau_guau/share/perrito_guau_guau/package.xml
[16.843s] DEBUG:colcon.colcon_core.task.python.build:While undoing a previous installation files outside the Python library path are being ignored: /home/dae/ros2_ws/install/perrito_guau_guau/lib/perrito_guau_guau/vayena
[16.854s] DEBUG:colcon.colcon_core.event_handler.log_command:Invoking command in '/home/dae/ros2_ws/build/perrito_guau_guau': PYTHONPATH=/home/dae/ros2_ws/build/perrito_guau_guau/prefix_override:/usr/lib/python3/dist-packages/colcon_core/task/python/colcon_distutils_commands:/home/dae/ros2_ws/install/perrito_guau_guau/lib/python3.8/site-packages:${PYTHONPATH} /usr/bin/python3 -W ignore:setup.py install is deprecated -W ignore:easy_install command is deprecated setup.py develop --editable --build-directory /home/dae/ros2_ws/build/perrito_guau_guau/build --no-deps symlink_data --force
[16.932s] DEBUG:colcon.colcon_core.event_handler.log_command:Invoking command in '/home/dae/ros2_ws/build/minisumo_core': PYTHONPATH=/home/dae/ros2_ws/build/minisumo_core/prefix_override:/usr/lib/python3/dist-packages/colcon_core/task/python/colcon_distutils_commands:/home/dae/ros2_ws/install/minisumo_core/lib/python3.8/site-packages:${PYTHONPATH} /usr/bin/python3 -W ignore:setup.py install is deprecated -W ignore:easy_install command is deprecated setup.py develop --editable --build-directory /home/dae/ros2_ws/build/minisumo_core/build --no-deps symlink_data
[16.968s] DEBUG:colcon.colcon_core.task.python.build:While undoing a previous installation files outside the Python library path are being ignored: /home/dae/ros2_ws/install/teleop_esp32/share/ament_index/resource_index/packages/teleop_esp32
[16.968s] DEBUG:colcon.colcon_core.task.python.build:While undoing a previous installation files outside the Python library path are being ignored: /home/dae/ros2_ws/install/teleop_esp32/share/teleop_esp32/package.xml
[16.971s] DEBUG:colcon.colcon_core.task.python.build:While undoing a previous installation files outside the Python library path are being ignored: /home/dae/ros2_ws/install/teleop_esp32/lib/teleop_esp32/keyboard_node
[16.971s] DEBUG:colcon.colcon_core.task.python.build:While undoing a previous installation files outside the Python library path are being ignored: /home/dae/ros2_ws/install/teleop_esp32/lib/teleop_esp32/serial_node
[16.995s] DEBUG:colcon.colcon_core.event_handler.log_command:Invoking command in '/home/dae/ros2_ws/build/teleop_esp32': PYTHONPATH=/home/dae/ros2_ws/build/teleop_esp32/prefix_override:/usr/lib/python3/dist-packages/colcon_core/task/python/colcon_distutils_commands:/home/dae/ros2_ws/install/teleop_esp32/lib/python3.8/site-packages:${PYTHONPATH} /usr/bin/python3 -W ignore:setup.py install is deprecated -W ignore:easy_install command is deprecated setup.py develop --editable --build-directory /home/dae/ros2_ws/build/teleop_esp32/build --no-deps symlink_data --force
[22.718s] Level 1:colcon.colcon_core.shell:create_environment_hook('teleop_esp32', 'pythonpath_develop')
[22.722s] INFO:colcon.colcon_core.shell:Creating environment hook '/home/dae/ros2_ws/build/teleop_esp32/share/teleop_esp32/hook/pythonpath_develop.ps1'
[22.729s] DEBUG:colcon.colcon_core.event_handler.log_command:Invoked command in '/home/dae/ros2_ws/build/teleop_esp32' returned '0': PYTHONPATH=/home/dae/ros2_ws/build/teleop_esp32/prefix_override:/usr/lib/python3/dist-packages/colcon_core/task/python/colcon_distutils_commands:/home/dae/ros2_ws/install/teleop_esp32/lib/python3.8/site-packages:${PYTHONPATH} /usr/bin/python3 -W ignore:setup.py install is deprecated -W ignore:easy_install command is deprecated setup.py develop --editable --build-directory /home/dae/ros2_ws/build/teleop_esp32/build --no-deps symlink_data --force
[22.735s] INFO:colcon.colcon_core.shell:Creating environment descriptor '/home/dae/ros2_ws/build/teleop_esp32/share/teleop_esp32/hook/pythonpath_develop.dsv'
[22.739s] INFO:colcon.colcon_core.shell:Creating environment hook '/home/dae/ros2_ws/build/teleop_esp32/share/teleop_esp32/hook/pythonpath_develop.sh'
[22.851s] Level 1:colcon.colcon_core.environment:checking '/home/dae/ros2_ws/install/teleop_esp32' for CMake module files
[22.882s] Level 1:colcon.colcon_core.environment:checking '/home/dae/ros2_ws/install/teleop_esp32' for CMake config files
[22.906s] Level 1:colcon.colcon_core.environment:checking '/home/dae/ros2_ws/install/teleop_esp32/lib'
[22.914s] Level 1:colcon.colcon_core.environment:checking '/home/dae/ros2_ws/install/teleop_esp32/bin'
[22.915s] Level 1:colcon.colcon_core.environment:checking '/home/dae/ros2_ws/install/teleop_esp32/lib/pkgconfig/teleop_esp32.pc'
[22.919s] Level 1:colcon.colcon_core.environment:checking '/home/dae/ros2_ws/install/teleop_esp32/lib/python3.8/site-packages'
[22.921s] Level 1:colcon.colcon_core.shell:create_environment_hook('teleop_esp32', 'pythonpath')
[22.925s] INFO:colcon.colcon_core.shell:Creating environment hook '/home/dae/ros2_ws/install/teleop_esp32/share/teleop_esp32/hook/pythonpath.ps1'
[22.931s] INFO:colcon.colcon_core.shell:Creating environment descriptor '/home/dae/ros2_ws/install/teleop_esp32/share/teleop_esp32/hook/pythonpath.dsv'
[22.937s] INFO:colcon.colcon_core.shell:Creating environment hook '/home/dae/ros2_ws/install/teleop_esp32/share/teleop_esp32/hook/pythonpath.sh'
[22.947s] Level 1:colcon.colcon_core.environment:checking '/home/dae/ros2_ws/install/teleop_esp32/bin'
[22.948s] Level 1:colcon.colcon_core.environment:create_environment_scripts_only(teleop_esp32)
[22.954s] INFO:colcon.colcon_core.shell:Creating package script '/home/dae/ros2_ws/install/teleop_esp32/share/teleop_esp32/package.ps1'
[22.982s] INFO:colcon.colcon_core.shell:Creating package descriptor '/home/dae/ros2_ws/install/teleop_esp32/share/teleop_esp32/package.dsv'
[23.007s] INFO:colcon.colcon_core.shell:Creating package script '/home/dae/ros2_ws/install/teleop_esp32/share/teleop_esp32/package.sh'
[23.019s] INFO:colcon.colcon_core.shell:Creating package script '/home/dae/ros2_ws/install/teleop_esp32/share/teleop_esp32/package.bash'
[23.064s] INFO:colcon.colcon_core.shell:Creating package script '/home/dae/ros2_ws/install/teleop_esp32/share/teleop_esp32/package.zsh'
[23.084s] Level 1:colcon.colcon_core.environment:create_file_with_runtime_dependencies(/home/dae/ros2_ws/install/teleop_esp32/share/colcon-core/packages/teleop_esp32)
[23.093s] Level 1:colcon.colcon_core.shell:create_environment_hook('perrito_guau_guau', 'pythonpath_develop')
[23.096s] INFO:colcon.colcon_core.shell:Creating environment hook '/home/dae/ros2_ws/build/perrito_guau_guau/share/perrito_guau_guau/hook/pythonpath_develop.ps1'
[23.105s] DEBUG:colcon.colcon_core.event_handler.log_command:Invoked command in '/home/dae/ros2_ws/build/perrito_guau_guau' returned '0': PYTHONPATH=/home/dae/ros2_ws/build/perrito_guau_guau/prefix_override:/usr/lib/python3/dist-packages/colcon_core/task/python/colcon_distutils_commands:/home/dae/ros2_ws/install/perrito_guau_guau/lib/python3.8/site-packages:${PYTHONPATH} /usr/bin/python3 -W ignore:setup.py install is deprecated -W ignore:easy_install command is deprecated setup.py develop --editable --build-directory /home/dae/ros2_ws/build/perrito_guau_guau/build --no-deps symlink_data --force
[23.108s] INFO:colcon.colcon_core.shell:Creating environment descriptor '/home/dae/ros2_ws/build/perrito_guau_guau/share/perrito_guau_guau/hook/pythonpath_develop.dsv'
[23.113s] INFO:colcon.colcon_core.shell:Creating environment hook '/home/dae/ros2_ws/build/perrito_guau_guau/share/perrito_guau_guau/hook/pythonpath_develop.sh'
[23.120s] Level 1:colcon.colcon_core.environment:checking '/home/dae/ros2_ws/install/perrito_guau_guau' for CMake module files
[23.131s] Level 1:colcon.colcon_core.environment:checking '/home/dae/ros2_ws/install/perrito_guau_guau' for CMake config files
[23.153s] Level 1:colcon.colcon_core.environment:checking '/home/dae/ros2_ws/install/perrito_guau_guau/lib'
[23.154s] Level 1:colcon.colcon_core.environment:checking '/home/dae/ros2_ws/install/perrito_guau_guau/bin'
[23.155s] Level 1:colcon.colcon_core.environment:checking '/home/dae/ros2_ws/install/perrito_guau_guau/lib/pkgconfig/perrito_guau_guau.pc'
[23.156s] Level 1:colcon.colcon_core.environment:checking '/home/dae/ros2_ws/install/perrito_guau_guau/lib/python3.8/site-packages'
[23.157s] Level 1:colcon.colcon_core.shell:create_environment_hook('perrito_guau_guau', 'pythonpath')
[23.159s] INFO:colcon.colcon_core.shell:Creating environment hook '/home/dae/ros2_ws/install/perrito_guau_guau/share/perrito_guau_guau/hook/pythonpath.ps1'
[23.164s] INFO:colcon.colcon_core.shell:Creating environment descriptor '/home/dae/ros2_ws/install/perrito_guau_guau/share/perrito_guau_guau/hook/pythonpath.dsv'
[23.168s] INFO:colcon.colcon_core.shell:Creating environment hook '/home/dae/ros2_ws/install/perrito_guau_guau/share/perrito_guau_guau/hook/pythonpath.sh'
[23.174s] Level 1:colcon.colcon_core.environment:checking '/home/dae/ros2_ws/install/perrito_guau_guau/bin'
[23.175s] Level 1:colcon.colcon_core.environment:create_environment_scripts_only(perrito_guau_guau)
[23.179s] INFO:colcon.colcon_core.shell:Creating package script '/home/dae/ros2_ws/install/perrito_guau_guau/share/perrito_guau_guau/package.ps1'
[23.185s] INFO:colcon.colcon_core.shell:Creating package descriptor '/home/dae/ros2_ws/install/perrito_guau_guau/share/perrito_guau_guau/package.dsv'
[23.189s] INFO:colcon.colcon_core.shell:Creating package script '/home/dae/ros2_ws/install/perrito_guau_guau/share/perrito_guau_guau/package.sh'
[23.193s] INFO:colcon.colcon_core.shell:Creating package script '/home/dae/ros2_ws/install/perrito_guau_guau/share/perrito_guau_guau/package.bash'
[23.196s] INFO:colcon.colcon_core.shell:Creating package script '/home/dae/ros2_ws/install/perrito_guau_guau/share/perrito_guau_guau/package.zsh'
[23.200s] Level 1:colcon.colcon_core.environment:create_file_with_runtime_dependencies(/home/dae/ros2_ws/install/perrito_guau_guau/share/colcon-core/packages/perrito_guau_guau)
[23.203s] Level 1:colcon.colcon_core.shell:create_environment_hook('minisumo_core', 'pythonpath_develop')
[23.205s] INFO:colcon.colcon_core.shell:Creating environment hook '/home/dae/ros2_ws/build/minisumo_core/share/minisumo_core/hook/pythonpath_develop.ps1'
[23.215s] DEBUG:colcon.colcon_core.event_handler.log_command:Invoked command in '/home/dae/ros2_ws/build/minisumo_core' returned '0': PYTHONPATH=/home/dae/ros2_ws/build/minisumo_core/prefix_override:/usr/lib/python3/dist-packages/colcon_core/task/python/colcon_distutils_commands:/home/dae/ros2_ws/install/minisumo_core/lib/python3.8/site-packages:${PYTHONPATH} /usr/bin/python3 -W ignore:setup.py install is deprecated -W ignore:easy_install command is deprecated setup.py develop --editable --build-directory /home/dae/ros2_ws/build/minisumo_core/build --no-deps symlink_data
[23.216s] INFO:colcon.colcon_core.shell:Creating environment descriptor '/home/dae/ros2_ws/build/minisumo_core/share/minisumo_core/hook/pythonpath_develop.dsv'
[23.222s] INFO:colcon.colcon_core.shell:Creating environment hook '/home/dae/ros2_ws/build/minisumo_core/share/minisumo_core/hook/pythonpath_develop.sh'
[23.227s] Level 1:colcon.colcon_core.environment:checking '/home/dae/ros2_ws/install/minisumo_core' for CMake module files
[23.231s] Level 1:colcon.colcon_core.environment:checking '/home/dae/ros2_ws/install/minisumo_core' for CMake config files
[23.235s] Level 1:colcon.colcon_core.environment:checking '/home/dae/ros2_ws/install/minisumo_core/lib'
[23.236s] Level 1:colcon.colcon_core.environment:checking '/home/dae/ros2_ws/install/minisumo_core/bin'
[23.237s] Level 1:colcon.colcon_core.environment:checking '/home/dae/ros2_ws/install/minisumo_core/lib/pkgconfig/minisumo_core.pc'
[23.239s] Level 1:colcon.colcon_core.environment:checking '/home/dae/ros2_ws/install/minisumo_core/lib/python3.8/site-packages'
[23.240s] Level 1:colcon.colcon_core.shell:create_environment_hook('minisumo_core', 'pythonpath')
[23.243s] INFO:colcon.colcon_core.shell:Creating environment hook '/home/dae/ros2_ws/install/minisumo_core/share/minisumo_core/hook/pythonpath.ps1'
[23.247s] INFO:colcon.colcon_core.shell:Creating environment descriptor '/home/dae/ros2_ws/install/minisumo_core/share/minisumo_core/hook/pythonpath.dsv'
[23.251s] INFO:colcon.colcon_core.shell:Creating environment hook '/home/dae/ros2_ws/install/minisumo_core/share/minisumo_core/hook/pythonpath.sh'
[23.257s] Level 1:colcon.colcon_core.environment:checking '/home/dae/ros2_ws/install/minisumo_core/bin'
[23.258s] Level 1:colcon.colcon_core.environment:create_environment_scripts_only(minisumo_core)
[23.263s] INFO:colcon.colcon_core.shell:Creating package script '/home/dae/ros2_ws/install/minisumo_core/share/minisumo_core/package.ps1'
[23.267s] INFO:colcon.colcon_core.shell:Creating package descriptor '/home/dae/ros2_ws/install/minisumo_core/share/minisumo_core/package.dsv'
[23.272s] INFO:colcon.colcon_core.shell:Creating package script '/home/dae/ros2_ws/install/minisumo_core/share/minisumo_core/package.sh'
[23.276s] INFO:colcon.colcon_core.shell:Creating package script '/home/dae/ros2_ws/install/minisumo_core/share/minisumo_core/package.bash'
[23.280s] INFO:colcon.colcon_core.shell:Creating package script '/home/dae/ros2_ws/install/minisumo_core/share/minisumo_core/package.zsh'
[23.283s] Level 1:colcon.colcon_core.environment:create_file_with_runtime_dependencies(/home/dae/ros2_ws/install/minisumo_core/share/colcon-core/packages/minisumo_core)
[23.287s] DEBUG:colcon.colcon_parallel_executor.executor.parallel:closing loop
[23.292s] DEBUG:colcon.colcon_parallel_executor.executor.parallel:loop closed
[23.293s] DEBUG:colcon.colcon_parallel_executor.executor.parallel:run_until_complete finished with '0'
[23.294s] DEBUG:colcon.colcon_core.event_reactor:joining thread
[23.364s] INFO:colcon.colcon_core.plugin_system:Skipping extension 'colcon_notification.desktop_notification.terminal_notifier': Not used on non-Darwin systems
[23.365s] INFO:colcon.colcon_core.plugin_system:Skipping extension 'colcon_notification.desktop_notification.win32': Not used on non-Windows systems
[23.366s] INFO:colcon.colcon_notification.desktop_notification:Sending desktop notification using 'notify2'
[23.779s] DEBUG:colcon.colcon_core.event_reactor:joined thread
[23.782s] INFO:colcon.colcon_core.shell:Creating prefix script '/home/dae/ros2_ws/install/local_setup.ps1'
[23.813s] INFO:colcon.colcon_core.shell:Creating prefix util module '/home/dae/ros2_ws/install/_local_setup_util_ps1.py'
[23.845s] INFO:colcon.colcon_core.shell:Creating prefix chain script '/home/dae/ros2_ws/install/setup.ps1'
[23.854s] INFO:colcon.colcon_core.shell:Creating prefix script '/home/dae/ros2_ws/install/local_setup.sh'
[23.859s] INFO:colcon.colcon_core.shell:Creating prefix util module '/home/dae/ros2_ws/install/_local_setup_util_sh.py'
[23.864s] INFO:colcon.colcon_core.shell:Creating prefix chain script '/home/dae/ros2_ws/install/setup.sh'
[23.871s] INFO:colcon.colcon_core.shell:Creating prefix script '/home/dae/ros2_ws/install/local_setup.bash'
[23.875s] INFO:colcon.colcon_core.shell:Creating prefix chain script '/home/dae/ros2_ws/install/setup.bash'
[23.883s] INFO:colcon.colcon_core.shell:Creating prefix script '/home/dae/ros2_ws/install/local_setup.zsh'
[23.887s] INFO:colcon.colcon_core.shell:Creating prefix chain script '/home/dae/ros2_ws/install/setup.zsh'
