[7.361s] Invoking command in '/home/dae/ros2_ws/gatito62/perrito_guau_guau': PYTHONPATH=/home/dae/ros2_ws/build/perrito_guau_guau/prefix_override:/usr/lib/python3/dist-packages/colcon_core/task/python/colcon_distutils_commands:/home/dae/ros2_ws/install/perrito_guau_guau/lib/python3.8/site-packages:${PYTHONPATH} /usr/bin/python3 -W ignore:setup.py install is deprecated -W ignore:easy_install command is deprecated setup.py egg_info --egg-base ../../build/perrito_guau_guau build --build-base /home/dae/ros2_ws/build/perrito_guau_guau/build install --record /home/dae/ros2_ws/build/perrito_guau_guau/install.log --install-scripts $base/lib/perrito_guau_guau --single-version-externally-managed install_data
[9.617s] running egg_info
[9.622s] writing ../../build/perrito_guau_guau/perrito_guau_guau.egg-info/PKG-INFO
[9.625s] writing dependency_links to ../../build/perrito_guau_guau/perrito_guau_guau.egg-info/dependency_links.txt
[9.627s] writing entry points to ../../build/perrito_guau_guau/perrito_guau_guau.egg-info/entry_points.txt
[9.629s] writing requirements to ../../build/perrito_guau_guau/perrito_guau_guau.egg-info/requires.txt
[9.630s] writing top-level names to ../../build/perrito_guau_guau/perrito_guau_guau.egg-info/top_level.txt
[9.927s] reading manifest file '../../build/perrito_guau_guau/perrito_guau_guau.egg-info/SOURCES.txt'
[9.935s] writing manifest file '../../build/perrito_guau_guau/perrito_guau_guau.egg-info/SOURCES.txt'
[9.936s] running build
[9.938s] running build_py
[9.940s] running install
[9.944s] running install_lib
[9.955s] running install_data
[9.956s] running install_egg_info
[9.969s] removing '/home/dae/ros2_ws/install/perrito_guau_guau/lib/python3.8/site-packages/perrito_guau_guau-0.0.0-py3.8.egg-info' (and everything under it)
[9.973s] Copying ../../build/perrito_guau_guau/perrito_guau_guau.egg-info to /home/dae/ros2_ws/install/perrito_guau_guau/lib/python3.8/site-packages/perrito_guau_guau-0.0.0-py3.8.egg-info
[9.981s] running install_scripts
[10.108s] Installing vayena script to /home/dae/ros2_ws/install/perrito_guau_guau/lib/perrito_guau_guau
[10.111s] writing list of installed files to '/home/dae/ros2_ws/build/perrito_guau_guau/install.log'
[10.278s] Invoked command in '/home/dae/ros2_ws/gatito62/perrito_guau_guau' returned '0': PYTHONPATH=/home/dae/ros2_ws/build/perrito_guau_guau/prefix_override:/usr/lib/python3/dist-packages/colcon_core/task/python/colcon_distutils_commands:/home/dae/ros2_ws/install/perrito_guau_guau/lib/python3.8/site-packages:${PYTHONPATH} /usr/bin/python3 -W ignore:setup.py install is deprecated -W ignore:easy_install command is deprecated setup.py egg_info --egg-base ../../build/perrito_guau_guau build --build-base /home/dae/ros2_ws/build/perrito_guau_guau/build install --record /home/dae/ros2_ws/build/perrito_guau_guau/install.log --install-scripts $base/lib/perrito_guau_guau --single-version-externally-managed install_data
