[12.138s] Invoking command in '/home/dae/ros2_ws/src/minisumo_core': PYTHONPATH=/home/dae/ros2_ws/build/minisumo_core/prefix_override:/usr/lib/python3/dist-packages/colcon_core/task/python/colcon_distutils_commands:/home/dae/ros2_ws/install/minisumo_core/lib/python3.8/site-packages:${PYTHONPATH} /usr/bin/python3 -W ignore:setup.py install is deprecated -W ignore:easy_install command is deprecated setup.py egg_info --egg-base ../../build/minisumo_core build --build-base /home/dae/ros2_ws/build/minisumo_core/build install --record /home/dae/ros2_ws/build/minisumo_core/install.log --install-scripts $base/lib/minisumo_core --single-version-externally-managed install_data
[14.917s] running egg_info
[14.922s] writing ../../build/minisumo_core/minisumo_core.egg-info/PKG-INFO
[14.942s] writing dependency_links to ../../build/minisumo_core/minisumo_core.egg-info/dependency_links.txt
[14.947s] writing entry points to ../../build/minisumo_core/minisumo_core.egg-info/entry_points.txt
[14.950s] writing requirements to ../../build/minisumo_core/minisumo_core.egg-info/requires.txt
[14.954s] writing top-level names to ../../build/minisumo_core/minisumo_core.egg-info/top_level.txt
[15.428s] reading manifest file '../../build/minisumo_core/minisumo_core.egg-info/SOURCES.txt'
[15.461s] writing manifest file '../../build/minisumo_core/minisumo_core.egg-info/SOURCES.txt'
[15.462s] running build
[15.464s] running build_py
[15.472s] running install
[15.479s] running install_lib
[15.516s] running install_data
[15.519s] running install_egg_info
[15.536s] removing '/home/dae/ros2_ws/install/minisumo_core/lib/python3.8/site-packages/minisumo_core-0.0.0-py3.8.egg-info' (and everything under it)
[15.541s] Copying ../../build/minisumo_core/minisumo_core.egg-info to /home/dae/ros2_ws/install/minisumo_core/lib/python3.8/site-packages/minisumo_core-0.0.0-py3.8.egg-info
[15.566s] running install_scripts
[15.719s] Installing logger_csv script to /home/dae/ros2_ws/install/minisumo_core/lib/minisumo_core
[15.735s] Installing odometria script to /home/dae/ros2_ws/install/minisumo_core/lib/minisumo_core
[15.736s] Installing teleop script to /home/dae/ros2_ws/install/minisumo_core/lib/minisumo_core
[15.742s] writing list of installed files to '/home/dae/ros2_ws/build/minisumo_core/install.log'
[15.963s] Invoked command in '/home/dae/ros2_ws/src/minisumo_core' returned '0': PYTHONPATH=/home/dae/ros2_ws/build/minisumo_core/prefix_override:/usr/lib/python3/dist-packages/colcon_core/task/python/colcon_distutils_commands:/home/dae/ros2_ws/install/minisumo_core/lib/python3.8/site-packages:${PYTHONPATH} /usr/bin/python3 -W ignore:setup.py install is deprecated -W ignore:easy_install command is deprecated setup.py egg_info --egg-base ../../build/minisumo_core build --build-base /home/dae/ros2_ws/build/minisumo_core/build install --record /home/dae/ros2_ws/build/minisumo_core/install.log --install-scripts $base/lib/minisumo_core --single-version-externally-managed install_data
