[15.871s] Invoking command in '/home/dae/ros2_ws/src/minisumo_core': PYTHONPATH=/home/dae/ros2_ws/build/minisumo_core/prefix_override:/usr/lib/python3/dist-packages/colcon_core/task/python/colcon_distutils_commands:/home/dae/ros2_ws/install/minisumo_core/lib/python3.8/site-packages:${PYTHONPATH} /usr/bin/python3 -W ignore:setup.py install is deprecated -W ignore:easy_install command is deprecated setup.py egg_info --egg-base ../../build/minisumo_core build --build-base /home/dae/ros2_ws/build/minisumo_core/build install --record /home/dae/ros2_ws/build/minisumo_core/install.log --install-scripts $base/lib/minisumo_core --single-version-externally-managed install_data
[19.458s] running egg_info
[19.465s] writing ../../build/minisumo_core/minisumo_core.egg-info/PKG-INFO
[19.497s] writing dependency_links to ../../build/minisumo_core/minisumo_core.egg-info/dependency_links.txt
[19.502s] writing entry points to ../../build/minisumo_core/minisumo_core.egg-info/entry_points.txt
[19.508s] writing requirements to ../../build/minisumo_core/minisumo_core.egg-info/requires.txt
[19.510s] writing top-level names to ../../build/minisumo_core/minisumo_core.egg-info/top_level.txt
[20.320s] reading manifest file '../../build/minisumo_core/minisumo_core.egg-info/SOURCES.txt'
[20.342s] writing manifest file '../../build/minisumo_core/minisumo_core.egg-info/SOURCES.txt'
[20.344s] running build
[20.346s] running build_py
[20.368s] copying minisumo_core/guante_control_node.py -> /home/dae/ros2_ws/build/minisumo_core/build/lib/minisumo_core
[20.372s] running install
[20.378s] running install_lib
[20.392s] copying /home/dae/ros2_ws/build/minisumo_core/build/lib/minisumo_core/guante_control_node.py -> /home/dae/ros2_ws/install/minisumo_core/lib/python3.8/site-packages/minisumo_core
[20.423s] byte-compiling /home/dae/ros2_ws/install/minisumo_core/lib/python3.8/site-packages/minisumo_core/guante_control_node.py to guante_control_node.cpython-38.pyc
[20.434s] running install_data
[20.436s] running install_egg_info
[20.445s] removing '/home/dae/ros2_ws/install/minisumo_core/lib/python3.8/site-packages/minisumo_core-0.0.0-py3.8.egg-info' (and everything under it)
[20.449s] Copying ../../build/minisumo_core/minisumo_core.egg-info to /home/dae/ros2_ws/install/minisumo_core/lib/python3.8/site-packages/minisumo_core-0.0.0-py3.8.egg-info
[20.474s] running install_scripts
[20.693s] Installing guante_node script to /home/dae/ros2_ws/install/minisumo_core/lib/minisumo_core
[20.695s] Installing logger_csv script to /home/dae/ros2_ws/install/minisumo_core/lib/minisumo_core
[20.698s] Installing odometria script to /home/dae/ros2_ws/install/minisumo_core/lib/minisumo_core
[20.699s] Installing teleop script to /home/dae/ros2_ws/install/minisumo_core/lib/minisumo_core
[20.704s] writing list of installed files to '/home/dae/ros2_ws/build/minisumo_core/install.log'
[20.905s] Invoked command in '/home/dae/ros2_ws/src/minisumo_core' returned '0': PYTHONPATH=/home/dae/ros2_ws/build/minisumo_core/prefix_override:/usr/lib/python3/dist-packages/colcon_core/task/python/colcon_distutils_commands:/home/dae/ros2_ws/install/minisumo_core/lib/python3.8/site-packages:${PYTHONPATH} /usr/bin/python3 -W ignore:setup.py install is deprecated -W ignore:easy_install command is deprecated setup.py egg_info --egg-base ../../build/minisumo_core build --build-base /home/dae/ros2_ws/build/minisumo_core/build install --record /home/dae/ros2_ws/build/minisumo_core/install.log --install-scripts $base/lib/minisumo_core --single-version-externally-managed install_data
