[7.360s] Invoking command in '/home/dae/ros2_ws/src/robiot': PYTHONPATH=/home/dae/ros2_ws/build/robiot/prefix_override:/usr/lib/python3/dist-packages/colcon_core/task/python/colcon_distutils_commands:/home/dae/ros2_ws/install/robiot/lib/python3.8/site-packages:${PYTHONPATH} /usr/bin/python3 -W ignore:setup.py install is deprecated -W ignore:easy_install command is deprecated setup.py egg_info --egg-base ../../build/robiot build --build-base /home/dae/ros2_ws/build/robiot/build install --record /home/dae/ros2_ws/build/robiot/install.log --install-scripts $base/lib/robiot --single-version-externally-managed install_data
[9.408s] running egg_info
[9.412s] writing ../../build/robiot/robiot.egg-info/PKG-INFO
[9.416s] writing dependency_links to ../../build/robiot/robiot.egg-info/dependency_links.txt
[9.418s] writing entry points to ../../build/robiot/robiot.egg-info/entry_points.txt
[9.419s] writing requirements to ../../build/robiot/robiot.egg-info/requires.txt
[9.420s] writing top-level names to ../../build/robiot/robiot.egg-info/top_level.txt
[9.708s] reading manifest file '../../build/robiot/robiot.egg-info/SOURCES.txt'
[9.715s] writing manifest file '../../build/robiot/robiot.egg-info/SOURCES.txt'
[9.717s] running build
[9.718s] running build_py
[9.720s] running install
[9.723s] running install_lib
[9.733s] running install_data
[9.735s] copying launch/visual.launch.py -> /home/dae/ros2_ws/install/robiot/share/robiot/launch
[9.736s] running install_egg_info
[9.750s] removing '/home/dae/ros2_ws/install/robiot/lib/python3.8/site-packages/robiot-0.0.0-py3.8.egg-info' (and everything under it)
[9.753s] Copying ../../build/robiot/robiot.egg-info to /home/dae/ros2_ws/install/robiot/lib/python3.8/site-packages/robiot-0.0.0-py3.8.egg-info
[9.761s] running install_scripts
[9.891s] writing list of installed files to '/home/dae/ros2_ws/build/robiot/install.log'
[10.083s] Invoked command in '/home/dae/ros2_ws/src/robiot' returned '0': PYTHONPATH=/home/dae/ros2_ws/build/robiot/prefix_override:/usr/lib/python3/dist-packages/colcon_core/task/python/colcon_distutils_commands:/home/dae/ros2_ws/install/robiot/lib/python3.8/site-packages:${PYTHONPATH} /usr/bin/python3 -W ignore:setup.py install is deprecated -W ignore:easy_install command is deprecated setup.py egg_info --egg-base ../../build/robiot build --build-base /home/dae/ros2_ws/build/robiot/build install --record /home/dae/ros2_ws/build/robiot/install.log --install-scripts $base/lib/robiot --single-version-externally-managed install_data
