[10.952s] Invoking command in '/home/dae/ros2_ws/src/minisumo_core': PYTHONPATH=/home/dae/ros2_ws/build/minisumo_core/prefix_override:/usr/lib/python3/dist-packages/colcon_core/task/python/colcon_distutils_commands:/home/dae/ros2_ws/install/minisumo_core/lib/python3.8/site-packages:${PYTHONPATH} /usr/bin/python3 -W ignore:setup.py install is deprecated -W ignore:easy_install command is deprecated setup.py egg_info --egg-base ../../build/minisumo_core build --build-base /home/dae/ros2_ws/build/minisumo_core/build install --record /home/dae/ros2_ws/build/minisumo_core/install.log --install-scripts $base/lib/minisumo_core --single-version-externally-managed install_data
[13.621s] running egg_info
[13.626s] writing ../../build/minisumo_core/minisumo_core.egg-info/PKG-INFO
[13.641s] writing dependency_links to ../../build/minisumo_core/minisumo_core.egg-info/dependency_links.txt
[13.644s] writing entry points to ../../build/minisumo_core/minisumo_core.egg-info/entry_points.txt
[13.647s] writing requirements to ../../build/minisumo_core/minisumo_core.egg-info/requires.txt
[13.648s] writing top-level names to ../../build/minisumo_core/minisumo_core.egg-info/top_level.txt
[14.001s] reading manifest file '../../build/minisumo_core/minisumo_core.egg-info/SOURCES.txt'
[14.054s] writing manifest file '../../build/minisumo_core/minisumo_core.egg-info/SOURCES.txt'
[14.057s] running build
[14.060s] running build_py
[14.111s] copying minisumo_core/guante_control_node.py -> /home/dae/ros2_ws/build/minisumo_core/build/lib/minisumo_core
[14.114s] running install
[14.119s] running install_lib
[14.134s] copying /home/dae/ros2_ws/build/minisumo_core/build/lib/minisumo_core/guante_control_node.py -> /home/dae/ros2_ws/install/minisumo_core/lib/python3.8/site-packages/minisumo_core
[14.148s] byte-compiling /home/dae/ros2_ws/install/minisumo_core/lib/python3.8/site-packages/minisumo_core/guante_control_node.py to guante_control_node.cpython-38.pyc
[14.165s] running install_data
[14.204s] running install_egg_info
[14.217s] removing '/home/dae/ros2_ws/install/minisumo_core/lib/python3.8/site-packages/minisumo_core-0.0.0-py3.8.egg-info' (and everything under it)
[14.223s] Copying ../../build/minisumo_core/minisumo_core.egg-info to /home/dae/ros2_ws/install/minisumo_core/lib/python3.8/site-packages/minisumo_core-0.0.0-py3.8.egg-info
[14.244s] running install_scripts
[14.393s] Installing guante_node script to /home/dae/ros2_ws/install/minisumo_core/lib/minisumo_core
[14.396s] Installing logger_csv script to /home/dae/ros2_ws/install/minisumo_core/lib/minisumo_core
[14.398s] Installing odometria script to /home/dae/ros2_ws/install/minisumo_core/lib/minisumo_core
[14.399s] Installing teleop script to /home/dae/ros2_ws/install/minisumo_core/lib/minisumo_core
[14.402s] writing list of installed files to '/home/dae/ros2_ws/build/minisumo_core/install.log'
[14.606s] Invoked command in '/home/dae/ros2_ws/src/minisumo_core' returned '0': PYTHONPATH=/home/dae/ros2_ws/build/minisumo_core/prefix_override:/usr/lib/python3/dist-packages/colcon_core/task/python/colcon_distutils_commands:/home/dae/ros2_ws/install/minisumo_core/lib/python3.8/site-packages:${PYTHONPATH} /usr/bin/python3 -W ignore:setup.py install is deprecated -W ignore:easy_install command is deprecated setup.py egg_info --egg-base ../../build/minisumo_core build --build-base /home/dae/ros2_ws/build/minisumo_core/build install --record /home/dae/ros2_ws/build/minisumo_core/install.log --install-scripts $base/lib/minisumo_core --single-version-externally-managed install_data
