[7.279s] Invoking command in '/home/dae/ros2_ws/src/robiot': PYTHONPATH=/home/dae/ros2_ws/build/robiot/prefix_override:/usr/lib/python3/dist-packages/colcon_core/task/python/colcon_distutils_commands:/home/dae/ros2_ws/install/robiot/lib/python3.8/site-packages:${PYTHONPATH} /usr/bin/python3 -W ignore:setup.py install is deprecated -W ignore:easy_install command is deprecated setup.py egg_info --egg-base ../../build/robiot build --build-base /home/dae/ros2_ws/build/robiot/build install --record /home/dae/ros2_ws/build/robiot/install.log --install-scripts $base/lib/robiot --single-version-externally-managed install_data
[9.230s] running egg_info
[9.235s] writing ../../build/robiot/robiot.egg-info/PKG-INFO
[9.237s] writing dependency_links to ../../build/robiot/robiot.egg-info/dependency_links.txt
[9.239s] writing entry points to ../../build/robiot/robiot.egg-info/entry_points.txt
[9.240s] writing requirements to ../../build/robiot/robiot.egg-info/requires.txt
[9.242s] writing top-level names to ../../build/robiot/robiot.egg-info/top_level.txt
[9.530s] reading manifest file '../../build/robiot/robiot.egg-info/SOURCES.txt'
[9.537s] writing manifest file '../../build/robiot/robiot.egg-info/SOURCES.txt'
[9.539s] running build
[9.540s] running build_py
[9.542s] running install
[9.546s] running install_lib
[9.556s] running install_data
[9.558s] copying launch/visual.launch.py -> /home/dae/ros2_ws/install/robiot/share/robiot/launch
[9.560s] running install_egg_info
[9.572s] removing '/home/dae/ros2_ws/install/robiot/lib/python3.8/site-packages/robiot-0.0.0-py3.8.egg-info' (and everything under it)
[9.575s] Copying ../../build/robiot/robiot.egg-info to /home/dae/ros2_ws/install/robiot/lib/python3.8/site-packages/robiot-0.0.0-py3.8.egg-info
[9.584s] running install_scripts
[9.716s] writing list of installed files to '/home/dae/ros2_ws/build/robiot/install.log'
[9.847s] Invoked command in '/home/dae/ros2_ws/src/robiot' returned '0': PYTHONPATH=/home/dae/ros2_ws/build/robiot/prefix_override:/usr/lib/python3/dist-packages/colcon_core/task/python/colcon_distutils_commands:/home/dae/ros2_ws/install/robiot/lib/python3.8/site-packages:${PYTHONPATH} /usr/bin/python3 -W ignore:setup.py install is deprecated -W ignore:easy_install command is deprecated setup.py egg_info --egg-base ../../build/robiot build --build-base /home/dae/ros2_ws/build/robiot/build install --record /home/dae/ros2_ws/build/robiot/install.log --install-scripts $base/lib/robiot --single-version-externally-managed install_data
