[5.047s] Invoking command in '/home/dae/ros2_ws/src/minisumo_core': PYTHONPATH=/home/dae/ros2_ws/build/minisumo_core/prefix_override:/usr/lib/python3/dist-packages/colcon_core/task/python/colcon_distutils_commands:/home/dae/ros2_ws/install/minisumo_core/lib/python3.8/site-packages:${PYTHONPATH} /usr/bin/python3 -W ignore:setup.py install is deprecated -W ignore:easy_install command is deprecated setup.py egg_info --egg-base ../../build/minisumo_core build --build-base /home/dae/ros2_ws/build/minisumo_core/build install --record /home/dae/ros2_ws/build/minisumo_core/install.log --install-scripts $base/lib/minisumo_core --single-version-externally-managed install_data
[6.857s] running egg_info
[6.861s] writing ../../build/minisumo_core/minisumo_core.egg-info/PKG-INFO
[6.863s] writing dependency_links to ../../build/minisumo_core/minisumo_core.egg-info/dependency_links.txt
[6.865s] writing entry points to ../../build/minisumo_core/minisumo_core.egg-info/entry_points.txt
[6.867s] writing requirements to ../../build/minisumo_core/minisumo_core.egg-info/requires.txt
[6.868s] writing top-level names to ../../build/minisumo_core/minisumo_core.egg-info/top_level.txt
[7.160s] reading manifest file '../../build/minisumo_core/minisumo_core.egg-info/SOURCES.txt'
[7.167s] writing manifest file '../../build/minisumo_core/minisumo_core.egg-info/SOURCES.txt'
[7.168s] running build
[7.169s] running build_py
[7.172s] running install
[7.177s] running install_lib
[7.188s] byte-compiling /home/dae/ros2_ws/install/minisumo_core/lib/python3.8/site-packages/minisumo_core/odometria.py to odometria.cpython-38.pyc
[7.197s]   File "/home/dae/ros2_ws/install/minisumo_core/lib/python3.8/site-packages/minisumo_core/odometria.py", line 59
[7.198s]     a)
[7.199s]      ^
[7.201s] SyntaxError: unmatched ')'
[7.202s] 
[7.203s] running install_data
[7.204s] running install_egg_info
[7.213s] removing '/home/dae/ros2_ws/install/minisumo_core/lib/python3.8/site-packages/minisumo_core-0.0.0-py3.8.egg-info' (and everything under it)
[7.215s] Copying ../../build/minisumo_core/minisumo_core.egg-info to /home/dae/ros2_ws/install/minisumo_core/lib/python3.8/site-packages/minisumo_core-0.0.0-py3.8.egg-info
[7.223s] running install_scripts
[7.343s] Installing logger_csv script to /home/dae/ros2_ws/install/minisumo_core/lib/minisumo_core
[7.344s] Installing odometria script to /home/dae/ros2_ws/install/minisumo_core/lib/minisumo_core
[7.346s] Installing teleop script to /home/dae/ros2_ws/install/minisumo_core/lib/minisumo_core
[7.349s] writing list of installed files to '/home/dae/ros2_ws/build/minisumo_core/install.log'
[7.466s] Invoked command in '/home/dae/ros2_ws/src/minisumo_core' returned '0': PYTHONPATH=/home/dae/ros2_ws/build/minisumo_core/prefix_override:/usr/lib/python3/dist-packages/colcon_core/task/python/colcon_distutils_commands:/home/dae/ros2_ws/install/minisumo_core/lib/python3.8/site-packages:${PYTHONPATH} /usr/bin/python3 -W ignore:setup.py install is deprecated -W ignore:easy_install command is deprecated setup.py egg_info --egg-base ../../build/minisumo_core build --build-base /home/dae/ros2_ws/build/minisumo_core/build install --record /home/dae/ros2_ws/build/minisumo_core/install.log --install-scripts $base/lib/minisumo_core --single-version-externally-managed install_data
