[9.727s] Invoking command in '/home/dae/ros2_ws/src/minisumo_core': PYTHONPATH=/home/dae/ros2_ws/build/minisumo_core/prefix_override:/usr/lib/python3/dist-packages/colcon_core/task/python/colcon_distutils_commands:/home/dae/ros2_ws/install/minisumo_core/lib/python3.8/site-packages:${PYTHONPATH} /usr/bin/python3 -W ignore:setup.py install is deprecated -W ignore:easy_install command is deprecated setup.py egg_info --egg-base ../../build/minisumo_core build --build-base /home/dae/ros2_ws/build/minisumo_core/build install --record /home/dae/ros2_ws/build/minisumo_core/install.log --install-scripts $base/lib/minisumo_core --single-version-externally-managed install_data
[12.762s] running egg_info
[12.766s] writing ../../build/minisumo_core/minisumo_core.egg-info/PKG-INFO
[12.768s] writing dependency_links to ../../build/minisumo_core/minisumo_core.egg-info/dependency_links.txt
[12.770s] writing entry points to ../../build/minisumo_core/minisumo_core.egg-info/entry_points.txt
[12.774s] writing requirements to ../../build/minisumo_core/minisumo_core.egg-info/requires.txt
[12.776s] writing top-level names to ../../build/minisumo_core/minisumo_core.egg-info/top_level.txt
[13.089s] reading manifest file '../../build/minisumo_core/minisumo_core.egg-info/SOURCES.txt'
[13.097s] writing manifest file '../../build/minisumo_core/minisumo_core.egg-info/SOURCES.txt'
[13.099s] running build
[13.100s] running build_py
[13.104s] running install
[13.109s] running install_lib
[13.121s] running install_data
[13.123s] running install_egg_info
[13.135s] removing '/home/dae/ros2_ws/install/minisumo_core/lib/python3.8/site-packages/minisumo_core-0.0.0-py3.8.egg-info' (and everything under it)
[13.138s] Copying ../../build/minisumo_core/minisumo_core.egg-info to /home/dae/ros2_ws/install/minisumo_core/lib/python3.8/site-packages/minisumo_core-0.0.0-py3.8.egg-info
[13.146s] running install_scripts
[13.317s] Installing logger_csv script to /home/dae/ros2_ws/install/minisumo_core/lib/minisumo_core
[13.320s] Installing odometria script to /home/dae/ros2_ws/install/minisumo_core/lib/minisumo_core
[13.322s] Installing teleop script to /home/dae/ros2_ws/install/minisumo_core/lib/minisumo_core
[13.326s] writing list of installed files to '/home/dae/ros2_ws/build/minisumo_core/install.log'
[13.466s] Invoked command in '/home/dae/ros2_ws/src/minisumo_core' returned '0': PYTHONPATH=/home/dae/ros2_ws/build/minisumo_core/prefix_override:/usr/lib/python3/dist-packages/colcon_core/task/python/colcon_distutils_commands:/home/dae/ros2_ws/install/minisumo_core/lib/python3.8/site-packages:${PYTHONPATH} /usr/bin/python3 -W ignore:setup.py install is deprecated -W ignore:easy_install command is deprecated setup.py egg_info --egg-base ../../build/minisumo_core build --build-base /home/dae/ros2_ws/build/minisumo_core/build install --record /home/dae/ros2_ws/build/minisumo_core/install.log --install-scripts $base/lib/minisumo_core --single-version-externally-managed install_data
