[7.220s] Invoking command in '/home/dae/ros2_ws/gatito62/perrito_guau_guau': PYTHONPATH=/home/dae/ros2_ws/build/perrito_guau_guau/prefix_override:/usr/lib/python3/dist-packages/colcon_core/task/python/colcon_distutils_commands:/home/dae/ros2_ws/install/perrito_guau_guau/lib/python3.8/site-packages:${PYTHONPATH} /usr/bin/python3 -W ignore:setup.py install is deprecated -W ignore:easy_install command is deprecated setup.py egg_info --egg-base ../../build/perrito_guau_guau build --build-base /home/dae/ros2_ws/build/perrito_guau_guau/build install --record /home/dae/ros2_ws/build/perrito_guau_guau/install.log --install-scripts $base/lib/perrito_guau_guau --single-version-externally-managed install_data
[9.152s] running egg_info
[9.158s] writing ../../build/perrito_guau_guau/perrito_guau_guau.egg-info/PKG-INFO
[9.160s] writing dependency_links to ../../build/perrito_guau_guau/perrito_guau_guau.egg-info/dependency_links.txt
[9.163s] writing entry points to ../../build/perrito_guau_guau/perrito_guau_guau.egg-info/entry_points.txt
[9.165s] writing requirements to ../../build/perrito_guau_guau/perrito_guau_guau.egg-info/requires.txt
[9.166s] writing top-level names to ../../build/perrito_guau_guau/perrito_guau_guau.egg-info/top_level.txt
[9.469s] reading manifest file '../../build/perrito_guau_guau/perrito_guau_guau.egg-info/SOURCES.txt'
[9.476s] writing manifest file '../../build/perrito_guau_guau/perrito_guau_guau.egg-info/SOURCES.txt'
[9.477s] running build
[9.479s] running build_py
[9.480s] running install
[9.487s] running install_lib
[9.496s] running install_data
[9.498s] running install_egg_info
[9.509s] removing '/home/dae/ros2_ws/install/perrito_guau_guau/lib/python3.8/site-packages/perrito_guau_guau-0.0.0-py3.8.egg-info' (and everything under it)
[9.511s] Copying ../../build/perrito_guau_guau/perrito_guau_guau.egg-info to /home/dae/ros2_ws/install/perrito_guau_guau/lib/python3.8/site-packages/perrito_guau_guau-0.0.0-py3.8.egg-info
[9.519s] running install_scripts
[9.650s] Installing vayena script to /home/dae/ros2_ws/install/perrito_guau_guau/lib/perrito_guau_guau
[9.652s] writing list of installed files to '/home/dae/ros2_ws/build/perrito_guau_guau/install.log'
[9.788s] Invoked command in '/home/dae/ros2_ws/gatito62/perrito_guau_guau' returned '0': PYTHONPATH=/home/dae/ros2_ws/build/perrito_guau_guau/prefix_override:/usr/lib/python3/dist-packages/colcon_core/task/python/colcon_distutils_commands:/home/dae/ros2_ws/install/perrito_guau_guau/lib/python3.8/site-packages:${PYTHONPATH} /usr/bin/python3 -W ignore:setup.py install is deprecated -W ignore:easy_install command is deprecated setup.py egg_info --egg-base ../../build/perrito_guau_guau build --build-base /home/dae/ros2_ws/build/perrito_guau_guau/build install --record /home/dae/ros2_ws/build/perrito_guau_guau/install.log --install-scripts $base/lib/perrito_guau_guau --single-version-externally-managed install_data
