[7.752s] Invoking command in '/home/dae/ros2_ws/src/minisumo_core': PYTHONPATH=/home/dae/ros2_ws/src/build/minisumo_core/prefix_override:/usr/lib/python3/dist-packages/colcon_core/task/python/colcon_distutils_commands:/home/dae/ros2_ws/src/install/minisumo_core/lib/python3.8/site-packages:${PYTHONPATH} /usr/bin/python3 -W ignore:setup.py install is deprecated -W ignore:easy_install command is deprecated setup.py egg_info --egg-base ../build/minisumo_core build --build-base /home/dae/ros2_ws/src/build/minisumo_core/build install --record /home/dae/ros2_ws/src/build/minisumo_core/install.log --install-scripts $base/lib/minisumo_core --single-version-externally-managed install_data
[10.080s] running egg_info
[10.084s] writing ../build/minisumo_core/minisumo_core.egg-info/PKG-INFO
[10.114s] writing dependency_links to ../build/minisumo_core/minisumo_core.egg-info/dependency_links.txt
[10.117s] writing entry points to ../build/minisumo_core/minisumo_core.egg-info/entry_points.txt
[10.118s] writing requirements to ../build/minisumo_core/minisumo_core.egg-info/requires.txt
[10.120s] writing top-level names to ../build/minisumo_core/minisumo_core.egg-info/top_level.txt
[10.545s] reading manifest file '../build/minisumo_core/minisumo_core.egg-info/SOURCES.txt'
[10.592s] writing manifest file '../build/minisumo_core/minisumo_core.egg-info/SOURCES.txt'
[10.596s] running build
[10.600s] running build_py
[10.603s] copying minisumo_core/logger_csv.py -> /home/dae/ros2_ws/src/build/minisumo_core/build/lib/minisumo_core
[10.604s] copying minisumo_core/teleop_rutinas.py -> /home/dae/ros2_ws/src/build/minisumo_core/build/lib/minisumo_core
[10.605s] copying minisumo_core/odometria.py -> /home/dae/ros2_ws/src/build/minisumo_core/build/lib/minisumo_core
[10.607s] running install
[10.616s] running install_lib
[10.627s] copying /home/dae/ros2_ws/src/build/minisumo_core/build/lib/minisumo_core/logger_csv.py -> /home/dae/ros2_ws/src/install/minisumo_core/lib/python3.8/site-packages/minisumo_core
[10.629s] copying /home/dae/ros2_ws/src/build/minisumo_core/build/lib/minisumo_core/teleop_rutinas.py -> /home/dae/ros2_ws/src/install/minisumo_core/lib/python3.8/site-packages/minisumo_core
[10.632s] copying /home/dae/ros2_ws/src/build/minisumo_core/build/lib/minisumo_core/odometria.py -> /home/dae/ros2_ws/src/install/minisumo_core/lib/python3.8/site-packages/minisumo_core
[10.643s] byte-compiling /home/dae/ros2_ws/src/install/minisumo_core/lib/python3.8/site-packages/minisumo_core/logger_csv.py to logger_csv.cpython-38.pyc
[10.665s] byte-compiling /home/dae/ros2_ws/src/install/minisumo_core/lib/python3.8/site-packages/minisumo_core/teleop_rutinas.py to teleop_rutinas.cpython-38.pyc
[10.671s] byte-compiling /home/dae/ros2_ws/src/install/minisumo_core/lib/python3.8/site-packages/minisumo_core/odometria.py to odometria.cpython-38.pyc
[10.676s] running install_data
[10.679s] running install_egg_info
[10.694s] removing '/home/dae/ros2_ws/src/install/minisumo_core/lib/python3.8/site-packages/minisumo_core-0.0.0-py3.8.egg-info' (and everything under it)
[10.699s] Copying ../build/minisumo_core/minisumo_core.egg-info to /home/dae/ros2_ws/src/install/minisumo_core/lib/python3.8/site-packages/minisumo_core-0.0.0-py3.8.egg-info
[10.723s] running install_scripts
[10.900s] Installing logger_csv script to /home/dae/ros2_ws/src/install/minisumo_core/lib/minisumo_core
[10.903s] Installing odometria script to /home/dae/ros2_ws/src/install/minisumo_core/lib/minisumo_core
[10.906s] Installing teleop script to /home/dae/ros2_ws/src/install/minisumo_core/lib/minisumo_core
[10.907s] writing list of installed files to '/home/dae/ros2_ws/src/build/minisumo_core/install.log'
[11.063s] Invoked command in '/home/dae/ros2_ws/src/minisumo_core' returned '0': PYTHONPATH=/home/dae/ros2_ws/src/build/minisumo_core/prefix_override:/usr/lib/python3/dist-packages/colcon_core/task/python/colcon_distutils_commands:/home/dae/ros2_ws/src/install/minisumo_core/lib/python3.8/site-packages:${PYTHONPATH} /usr/bin/python3 -W ignore:setup.py install is deprecated -W ignore:easy_install command is deprecated setup.py egg_info --egg-base ../build/minisumo_core build --build-base /home/dae/ros2_ws/src/build/minisumo_core/build install --record /home/dae/ros2_ws/src/build/minisumo_core/install.log --install-scripts $base/lib/minisumo_core --single-version-externally-managed install_data
