[12.183s] Invoking command in '/home/dae/ros2_ws/src/mobile_robot': PYTHONPATH=/home/dae/ros2_ws/build/mobile_robot/prefix_override:/usr/lib/python3/dist-packages/colcon_core/task/python/colcon_distutils_commands:/home/dae/ros2_ws/install/mobile_robot/lib/python3.8/site-packages:${PYTHONPATH} /usr/bin/python3 -W ignore:setup.py install is deprecated -W ignore:easy_install command is deprecated setup.py egg_info --egg-base ../../build/mobile_robot build --build-base /home/dae/ros2_ws/build/mobile_robot/build install --record /home/dae/ros2_ws/build/mobile_robot/install.log --single-version-externally-managed install_data
[15.506s] running egg_info
[15.512s] writing ../../build/mobile_robot/mobile_robot.egg-info/PKG-INFO
[15.515s] writing dependency_links to ../../build/mobile_robot/mobile_robot.egg-info/dependency_links.txt
[15.517s] writing entry points to ../../build/mobile_robot/mobile_robot.egg-info/entry_points.txt
[15.519s] writing requirements to ../../build/mobile_robot/mobile_robot.egg-info/requires.txt
[15.521s] writing top-level names to ../../build/mobile_robot/mobile_robot.egg-info/top_level.txt
[16.037s] reading manifest file '../../build/mobile_robot/mobile_robot.egg-info/SOURCES.txt'
[16.050s] writing manifest file '../../build/mobile_robot/mobile_robot.egg-info/SOURCES.txt'
[16.051s] running build
[16.053s] running build_py
[16.054s] running install
[16.063s] running install_lib
[16.080s] running install_data
[16.084s] running install_egg_info
[16.103s] removing '/home/dae/ros2_ws/install/mobile_robot/lib/python3.8/site-packages/mobile_robot-0.0.0-py3.8.egg-info' (and everything under it)
[16.107s] Copying ../../build/mobile_robot/mobile_robot.egg-info to /home/dae/ros2_ws/install/mobile_robot/lib/python3.8/site-packages/mobile_robot-0.0.0-py3.8.egg-info
[16.120s] running install_scripts
[16.323s] Installing my_robot_controller script to /home/dae/ros2_ws/install/mobile_robot/lib/mobile_robot
[16.342s] writing list of installed files to '/home/dae/ros2_ws/build/mobile_robot/install.log'
[16.572s] Invoked command in '/home/dae/ros2_ws/src/mobile_robot' returned '0': PYTHONPATH=/home/dae/ros2_ws/build/mobile_robot/prefix_override:/usr/lib/python3/dist-packages/colcon_core/task/python/colcon_distutils_commands:/home/dae/ros2_ws/install/mobile_robot/lib/python3.8/site-packages:${PYTHONPATH} /usr/bin/python3 -W ignore:setup.py install is deprecated -W ignore:easy_install command is deprecated setup.py egg_info --egg-base ../../build/mobile_robot build --build-base /home/dae/ros2_ws/build/mobile_robot/build install --record /home/dae/ros2_ws/build/mobile_robot/install.log --single-version-externally-managed install_data
