[6.608s] Invoking command in '/home/dae/ros2_ws/src/minisumo_core': PYTHONPATH=/home/dae/ros2_ws/src/build/minisumo_core/prefix_override:/usr/lib/python3/dist-packages/colcon_core/task/python/colcon_distutils_commands:/home/dae/ros2_ws/src/install/minisumo_core/lib/python3.8/site-packages:${PYTHONPATH} /usr/bin/python3 -W ignore:setup.py install is deprecated -W ignore:easy_install command is deprecated setup.py egg_info --egg-base ../build/minisumo_core build --build-base /home/dae/ros2_ws/src/build/minisumo_core/build install --record /home/dae/ros2_ws/src/build/minisumo_core/install.log --install-scripts $base/lib/minisumo_core --single-version-externally-managed install_data
[9.007s] running egg_info
[9.012s] writing ../build/minisumo_core/minisumo_core.egg-info/PKG-INFO
[9.014s] writing dependency_links to ../build/minisumo_core/minisumo_core.egg-info/dependency_links.txt
[9.016s] writing entry points to ../build/minisumo_core/minisumo_core.egg-info/entry_points.txt
[9.018s] writing requirements to ../build/minisumo_core/minisumo_core.egg-info/requires.txt
[9.020s] writing top-level names to ../build/minisumo_core/minisumo_core.egg-info/top_level.txt
[9.361s] reading manifest file '../build/minisumo_core/minisumo_core.egg-info/SOURCES.txt'
[9.369s] writing manifest file '../build/minisumo_core/minisumo_core.egg-info/SOURCES.txt'
[9.371s] running build
[9.373s] running build_py
[9.375s] copying minisumo_core/teleop_rutinas.py -> /home/dae/ros2_ws/src/build/minisumo_core/build/lib/minisumo_core
[9.380s] running install
[9.385s] running install_lib
[9.392s] copying /home/dae/ros2_ws/src/build/minisumo_core/build/lib/minisumo_core/teleop_rutinas.py -> /home/dae/ros2_ws/src/install/minisumo_core/lib/python3.8/site-packages/minisumo_core
[9.398s] byte-compiling /home/dae/ros2_ws/src/install/minisumo_core/lib/python3.8/site-packages/minisumo_core/teleop_rutinas.py to teleop_rutinas.cpython-38.pyc
[9.411s] running install_data
[9.414s] running install_egg_info
[9.424s] removing '/home/dae/ros2_ws/src/install/minisumo_core/lib/python3.8/site-packages/minisumo_core-0.0.0-py3.8.egg-info' (and everything under it)
[9.427s] Copying ../build/minisumo_core/minisumo_core.egg-info to /home/dae/ros2_ws/src/install/minisumo_core/lib/python3.8/site-packages/minisumo_core-0.0.0-py3.8.egg-info
[9.435s] running install_scripts
[9.581s] Installing logger_csv script to /home/dae/ros2_ws/src/install/minisumo_core/lib/minisumo_core
[9.584s] Installing odometria script to /home/dae/ros2_ws/src/install/minisumo_core/lib/minisumo_core
[9.585s] Installing teleop script to /home/dae/ros2_ws/src/install/minisumo_core/lib/minisumo_core
[9.591s] writing list of installed files to '/home/dae/ros2_ws/src/build/minisumo_core/install.log'
[9.733s] Invoked command in '/home/dae/ros2_ws/src/minisumo_core' returned '0': PYTHONPATH=/home/dae/ros2_ws/src/build/minisumo_core/prefix_override:/usr/lib/python3/dist-packages/colcon_core/task/python/colcon_distutils_commands:/home/dae/ros2_ws/src/install/minisumo_core/lib/python3.8/site-packages:${PYTHONPATH} /usr/bin/python3 -W ignore:setup.py install is deprecated -W ignore:easy_install command is deprecated setup.py egg_info --egg-base ../build/minisumo_core build --build-base /home/dae/ros2_ws/src/build/minisumo_core/build install --record /home/dae/ros2_ws/src/build/minisumo_core/install.log --install-scripts $base/lib/minisumo_core --single-version-externally-managed install_data
