[1.725s] DEBUG:colcon:Command line arguments: ['/usr/bin/colcon', 'build']
[1.726s] DEBUG:colcon:Parsed command line arguments: Namespace(allow_overriding=[], ament_cmake_args=None, base_paths=['.'], build_base='build', catkin_cmake_args=None, catkin_skip_building_tests=False, cmake_args=None, cmake_clean_cache=False, cmake_clean_first=False, cmake_force_configure=False, cmake_target=None, cmake_target_skip_unavailable=False, continue_on_error=False, event_handlers=None, executor='parallel', ignore_user_meta=False, install_base='install', log_base=None, log_level=None, main=<bound method BuildVerb.main of <colcon_core.verb.build.BuildVerb object at 0x7fc8bc2164c0>>, merge_install=False, metas=['./colcon.meta'], packages_above=None, packages_above_and_dependencies=None, packages_above_depth=None, packages_end=None, packages_ignore=None, packages_ignore_regex=None, packages_select=None, packages_select_build_failed=False, packages_select_by_dep=None, packages_select_regex=None, packages_select_test_failures=False, packages_skip=None, packages_skip_build_finished=False, packages_skip_by_dep=None, packages_skip_regex=None, packages_skip_test_passed=False, packages_skip_up_to=None, packages_start=None, packages_up_to=None, packages_up_to_regex=None, parallel_workers=4, paths=None, symlink_install=False, test_result_base=None, verb_extension=<colcon_core.verb.build.BuildVerb object at 0x7fc8bc2164c0>, verb_name='build', verb_parser=<colcon_defaults.argument_parser.defaults.DefaultArgumentsDecorator object at 0x7fc8bc1a80a0>)
[3.913s] Level 1:colcon.colcon_core.package_discovery:discover_packages(colcon_meta) check parameters
[3.914s] Level 1:colcon.colcon_core.package_discovery:discover_packages(recursive) check parameters
[3.915s] Level 1:colcon.colcon_core.package_discovery:discover_packages(ignore) check parameters
[3.915s] Level 1:colcon.colcon_core.package_discovery:discover_packages(path) check parameters
[3.916s] Level 1:colcon.colcon_core.package_discovery:discover_packages(colcon_meta) discover
[3.918s] Level 1:colcon.colcon_core.package_discovery:discover_packages(recursive) discover
[3.919s] INFO:colcon.colcon_core.package_discovery:Crawling recursively for packages in '/home/dae/ros2_ws'
[3.921s] Level 1:colcon.colcon_core.package_identification:_identify(.) by extensions ['ignore', 'ignore_ament_install']
[3.922s] Level 1:colcon.colcon_core.package_identification:_identify(.) by extension 'ignore'
[3.923s] Level 1:colcon.colcon_core.package_identification:_identify(.) by extension 'ignore_ament_install'
[3.924s] Level 1:colcon.colcon_core.package_identification:_identify(.) by extensions ['colcon_pkg']
[3.925s] Level 1:colcon.colcon_core.package_identification:_identify(.) by extension 'colcon_pkg'
[3.925s] Level 1:colcon.colcon_core.package_identification:_identify(.) by extensions ['colcon_meta']
[3.926s] Level 1:colcon.colcon_core.package_identification:_identify(.) by extension 'colcon_meta'
[3.927s] Level 1:colcon.colcon_core.package_identification:_identify(.) by extensions ['ros']
[3.928s] Level 1:colcon.colcon_core.package_identification:_identify(.) by extension 'ros'
[4.373s] Level 1:colcon.colcon_core.package_identification:_identify(.) by extensions ['cmake', 'python']
[4.373s] Level 1:colcon.colcon_core.package_identification:_identify(.) by extension 'cmake'
[4.374s] Level 1:colcon.colcon_core.package_identification:_identify(.) by extension 'python'
[4.375s] Level 1:colcon.colcon_core.package_identification:_identify(.) by extensions ['python_setup_py']
[4.376s] Level 1:colcon.colcon_core.package_identification:_identify(.) by extension 'python_setup_py'
[4.377s] Level 1:colcon.colcon_core.package_identification:_identify(build) by extensions ['ignore', 'ignore_ament_install']
[4.379s] Level 1:colcon.colcon_core.package_identification:_identify(build) by extension 'ignore'
[4.380s] Level 1:colcon.colcon_core.package_identification:_identify(build) ignored
[4.381s] Level 1:colcon.colcon_core.package_identification:_identify(install) by extensions ['ignore', 'ignore_ament_install']
[4.383s] Level 1:colcon.colcon_core.package_identification:_identify(install) by extension 'ignore'
[4.384s] Level 1:colcon.colcon_core.package_identification:_identify(install) ignored
[4.385s] Level 1:colcon.colcon_core.package_identification:_identify(log) by extensions ['ignore', 'ignore_ament_install']
[4.386s] Level 1:colcon.colcon_core.package_identification:_identify(log) by extension 'ignore'
[4.386s] Level 1:colcon.colcon_core.package_identification:_identify(log) ignored
[4.387s] Level 1:colcon.colcon_core.package_identification:_identify(src) by extensions ['ignore', 'ignore_ament_install']
[4.388s] Level 1:colcon.colcon_core.package_identification:_identify(src) by extension 'ignore'
[4.389s] Level 1:colcon.colcon_core.package_identification:_identify(src) by extension 'ignore_ament_install'
[4.389s] Level 1:colcon.colcon_core.package_identification:_identify(src) by extensions ['colcon_pkg']
[4.390s] Level 1:colcon.colcon_core.package_identification:_identify(src) by extension 'colcon_pkg'
[4.390s] Level 1:colcon.colcon_core.package_identification:_identify(src) by extensions ['colcon_meta']
[4.391s] Level 1:colcon.colcon_core.package_identification:_identify(src) by extension 'colcon_meta'
[4.392s] Level 1:colcon.colcon_core.package_identification:_identify(src) by extensions ['ros']
[4.392s] Level 1:colcon.colcon_core.package_identification:_identify(src) by extension 'ros'
[4.393s] Level 1:colcon.colcon_core.package_identification:_identify(src) by extensions ['cmake', 'python']
[4.393s] Level 1:colcon.colcon_core.package_identification:_identify(src) by extension 'cmake'
[4.394s] Level 1:colcon.colcon_core.package_identification:_identify(src) by extension 'python'
[4.395s] Level 1:colcon.colcon_core.package_identification:_identify(src) by extensions ['python_setup_py']
[4.396s] Level 1:colcon.colcon_core.package_identification:_identify(src) by extension 'python_setup_py'
[4.396s] Level 1:colcon.colcon_core.package_discovery:discover_packages(recursive) using defaults
[4.397s] Level 1:colcon.colcon_core.package_discovery:discover_packages(ignore) discover
[4.398s] Level 1:colcon.colcon_core.package_discovery:discover_packages(ignore) using defaults
[4.399s] Level 1:colcon.colcon_core.package_discovery:discover_packages(path) discover
[4.399s] Level 1:colcon.colcon_core.package_discovery:discover_packages(path) using defaults
[4.623s] Level 1:colcon.colcon_core.package_discovery:discover_packages(prefix_path) check parameters
[4.624s] Level 1:colcon.colcon_core.package_discovery:discover_packages(prefix_path) discover
[4.647s] DEBUG:colcon.colcon_installed_package_information.package_discovery:Found 256 installed packages in /opt/ros/foxy
[4.667s] Level 1:colcon.colcon_core.package_discovery:discover_packages(prefix_path) using defaults
[8.173s] INFO:colcon.colcon_core.executor:Executing jobs using 'parallel' executor
[8.180s] DEBUG:colcon.colcon_parallel_executor.executor.parallel:run_until_complete
[8.182s] DEBUG:colcon.colcon_parallel_executor.executor.parallel:closing loop
[8.183s] DEBUG:colcon.colcon_parallel_executor.executor.parallel:loop closed
[8.183s] DEBUG:colcon.colcon_parallel_executor.executor.parallel:run_until_complete finished with '0'
[8.184s] DEBUG:colcon.colcon_core.event_reactor:joining thread
[8.242s] INFO:colcon.colcon_core.plugin_system:Skipping extension 'colcon_notification.desktop_notification.terminal_notifier': Not used on non-Darwin systems
[8.243s] INFO:colcon.colcon_core.plugin_system:Skipping extension 'colcon_notification.desktop_notification.win32': Not used on non-Windows systems
[8.243s] INFO:colcon.colcon_notification.desktop_notification:Sending desktop notification using 'notify2'
[8.650s] DEBUG:colcon.colcon_core.event_reactor:joined thread
[8.667s] INFO:colcon.colcon_core.plugin_system:Skipping extension 'colcon_core.shell.bat': Not used on non-Windows systems
[8.668s] INFO:colcon.colcon_core.shell:Creating prefix script '/home/dae/ros2_ws/install/local_setup.ps1'
[8.675s] INFO:colcon.colcon_core.shell:Creating prefix util module '/home/dae/ros2_ws/install/_local_setup_util_ps1.py'
[8.687s] INFO:colcon.colcon_core.shell:Creating prefix chain script '/home/dae/ros2_ws/install/setup.ps1'
[8.694s] INFO:colcon.colcon_core.shell:Creating prefix script '/home/dae/ros2_ws/install/local_setup.sh'
[8.698s] INFO:colcon.colcon_core.shell:Creating prefix util module '/home/dae/ros2_ws/install/_local_setup_util_sh.py'
[8.704s] INFO:colcon.colcon_core.shell:Creating prefix chain script '/home/dae/ros2_ws/install/setup.sh'
[8.711s] INFO:colcon.colcon_core.shell:Creating prefix script '/home/dae/ros2_ws/install/local_setup.bash'
[8.715s] INFO:colcon.colcon_core.shell:Creating prefix chain script '/home/dae/ros2_ws/install/setup.bash'
[8.721s] INFO:colcon.colcon_core.shell:Creating prefix script '/home/dae/ros2_ws/install/local_setup.zsh'
[8.725s] INFO:colcon.colcon_core.shell:Creating prefix chain script '/home/dae/ros2_ws/install/setup.zsh'
