[7.951s] Invoking command in '/home/dae/ros2_ws/src/minisumo_core': PYTHONPATH=/home/dae/ros2_ws/build/minisumo_core/prefix_override:/usr/lib/python3/dist-packages/colcon_core/task/python/colcon_distutils_commands:/home/dae/ros2_ws/install/minisumo_core/lib/python3.8/site-packages:${PYTHONPATH} /usr/bin/python3 -W ignore:setup.py install is deprecated -W ignore:easy_install command is deprecated setup.py egg_info --egg-base ../../build/minisumo_core build --build-base /home/dae/ros2_ws/build/minisumo_core/build install --record /home/dae/ros2_ws/build/minisumo_core/install.log --install-scripts $base/lib/minisumo_core --single-version-externally-managed install_data
[10.018s] running egg_info
[10.033s] writing ../../build/minisumo_core/minisumo_core.egg-info/PKG-INFO
[10.035s] writing dependency_links to ../../build/minisumo_core/minisumo_core.egg-info/dependency_links.txt
[10.038s] writing entry points to ../../build/minisumo_core/minisumo_core.egg-info/entry_points.txt
[10.041s] writing requirements to ../../build/minisumo_core/minisumo_core.egg-info/requires.txt
[10.043s] writing top-level names to ../../build/minisumo_core/minisumo_core.egg-info/top_level.txt
[10.352s] reading manifest file '../../build/minisumo_core/minisumo_core.egg-info/SOURCES.txt'
[10.391s] writing manifest file '../../build/minisumo_core/minisumo_core.egg-info/SOURCES.txt'
[10.393s] running build
[10.394s] running build_py
[10.398s] running install
[10.405s] running install_lib
[10.419s] running install_data
[10.420s] running install_egg_info
[10.432s] removing '/home/dae/ros2_ws/install/minisumo_core/lib/python3.8/site-packages/minisumo_core-0.0.0-py3.8.egg-info' (and everything under it)
[10.436s] Copying ../../build/minisumo_core/minisumo_core.egg-info to /home/dae/ros2_ws/install/minisumo_core/lib/python3.8/site-packages/minisumo_core-0.0.0-py3.8.egg-info
[10.445s] running install_scripts
[10.583s] Installing logger_csv script to /home/dae/ros2_ws/install/minisumo_core/lib/minisumo_core
[10.587s] Installing odometria script to /home/dae/ros2_ws/install/minisumo_core/lib/minisumo_core
[10.588s] Installing teleop script to /home/dae/ros2_ws/install/minisumo_core/lib/minisumo_core
[10.592s] writing list of installed files to '/home/dae/ros2_ws/build/minisumo_core/install.log'
[10.773s] Invoked command in '/home/dae/ros2_ws/src/minisumo_core' returned '0': PYTHONPATH=/home/dae/ros2_ws/build/minisumo_core/prefix_override:/usr/lib/python3/dist-packages/colcon_core/task/python/colcon_distutils_commands:/home/dae/ros2_ws/install/minisumo_core/lib/python3.8/site-packages:${PYTHONPATH} /usr/bin/python3 -W ignore:setup.py install is deprecated -W ignore:easy_install command is deprecated setup.py egg_info --egg-base ../../build/minisumo_core build --build-base /home/dae/ros2_ws/build/minisumo_core/build install --record /home/dae/ros2_ws/build/minisumo_core/install.log --install-scripts $base/lib/minisumo_core --single-version-externally-managed install_data
