[7.502s] Invoking command in '/home/dae/ros2_ws/src/robiot': PYTHONPATH=/home/dae/ros2_ws/build/robiot/prefix_override:/usr/lib/python3/dist-packages/colcon_core/task/python/colcon_distutils_commands:/home/dae/ros2_ws/install/robiot/lib/python3.8/site-packages:${PYTHONPATH} /usr/bin/python3 -W ignore:setup.py install is deprecated -W ignore:easy_install command is deprecated setup.py egg_info --egg-base ../../build/robiot build --build-base /home/dae/ros2_ws/build/robiot/build install --record /home/dae/ros2_ws/build/robiot/install.log --install-scripts $base/lib/robiot --single-version-externally-managed install_data
[9.862s] running egg_info
[9.865s] writing ../../build/robiot/robiot.egg-info/PKG-INFO
[9.869s] writing dependency_links to ../../build/robiot/robiot.egg-info/dependency_links.txt
[9.872s] writing entry points to ../../build/robiot/robiot.egg-info/entry_points.txt
[9.873s] writing requirements to ../../build/robiot/robiot.egg-info/requires.txt
[9.876s] writing top-level names to ../../build/robiot/robiot.egg-info/top_level.txt
[10.196s] reading manifest file '../../build/robiot/robiot.egg-info/SOURCES.txt'
[10.200s] writing manifest file '../../build/robiot/robiot.egg-info/SOURCES.txt'
[10.208s] running build
[10.210s] running build_py
[10.216s] running install
[10.218s] running install_lib
[10.222s] running install_data
[10.223s] copying launch/visual.launch.py -> /home/dae/ros2_ws/install/robiot/share/robiot/launch
[10.226s] running install_egg_info
[10.232s] removing '/home/dae/ros2_ws/install/robiot/lib/python3.8/site-packages/robiot-0.0.0-py3.8.egg-info' (and everything under it)
[10.234s] Copying ../../build/robiot/robiot.egg-info to /home/dae/ros2_ws/install/robiot/lib/python3.8/site-packages/robiot-0.0.0-py3.8.egg-info
[10.244s] running install_scripts
[10.401s] writing list of installed files to '/home/dae/ros2_ws/build/robiot/install.log'
[10.523s] Invoked command in '/home/dae/ros2_ws/src/robiot' returned '0': PYTHONPATH=/home/dae/ros2_ws/build/robiot/prefix_override:/usr/lib/python3/dist-packages/colcon_core/task/python/colcon_distutils_commands:/home/dae/ros2_ws/install/robiot/lib/python3.8/site-packages:${PYTHONPATH} /usr/bin/python3 -W ignore:setup.py install is deprecated -W ignore:easy_install command is deprecated setup.py egg_info --egg-base ../../build/robiot build --build-base /home/dae/ros2_ws/build/robiot/build install --record /home/dae/ros2_ws/build/robiot/install.log --install-scripts $base/lib/robiot --single-version-externally-managed install_data
