[1.616s] DEBUG:colcon:Command line arguments: ['/usr/bin/colcon', 'build']
[1.616s] DEBUG:colcon:Parsed command line arguments: Namespace(allow_overriding=[], ament_cmake_args=None, base_paths=['.'], build_base='build', catkin_cmake_args=None, catkin_skip_building_tests=False, cmake_args=None, cmake_clean_cache=False, cmake_clean_first=False, cmake_force_configure=False, cmake_target=None, cmake_target_skip_unavailable=False, continue_on_error=False, event_handlers=None, executor='parallel', ignore_user_meta=False, install_base='install', log_base=None, log_level=None, main=<bound method BuildVerb.main of <colcon_core.verb.build.BuildVerb object at 0x7f7167c775b0>>, merge_install=False, metas=['./colcon.meta'], packages_above=None, packages_above_and_dependencies=None, packages_above_depth=None, packages_end=None, packages_ignore=None, packages_ignore_regex=None, packages_select=None, packages_select_build_failed=False, packages_select_by_dep=None, packages_select_regex=None, packages_select_test_failures=False, packages_skip=None, packages_skip_build_finished=False, packages_skip_by_dep=None, packages_skip_regex=None, packages_skip_test_passed=False, packages_skip_up_to=None, packages_start=None, packages_up_to=None, packages_up_to_regex=None, parallel_workers=4, paths=None, symlink_install=False, test_result_base=None, verb_extension=<colcon_core.verb.build.BuildVerb object at 0x7f7167c775b0>, verb_name='build', verb_parser=<colcon_defaults.argument_parser.defaults.DefaultArgumentsDecorator object at 0x7f7167c08220>)
[2.987s] Level 1:colcon.colcon_core.package_discovery:discover_packages(colcon_meta) check parameters
[2.988s] Level 1:colcon.colcon_core.package_discovery:discover_packages(recursive) check parameters
[2.988s] Level 1:colcon.colcon_core.package_discovery:discover_packages(ignore) check parameters
[2.988s] Level 1:colcon.colcon_core.package_discovery:discover_packages(path) check parameters
[2.989s] Level 1:colcon.colcon_core.package_discovery:discover_packages(colcon_meta) discover
[2.989s] Level 1:colcon.colcon_core.package_discovery:discover_packages(recursive) discover
[2.990s] INFO:colcon.colcon_core.package_discovery:Crawling recursively for packages in '/home/dae/ros2_ws'
[2.991s] Level 1:colcon.colcon_core.package_identification:_identify(.) by extensions ['ignore', 'ignore_ament_install']
[2.992s] Level 1:colcon.colcon_core.package_identification:_identify(.) by extension 'ignore'
[2.992s] Level 1:colcon.colcon_core.package_identification:_identify(.) by extension 'ignore_ament_install'
[2.993s] Level 1:colcon.colcon_core.package_identification:_identify(.) by extensions ['colcon_pkg']
[2.993s] Level 1:colcon.colcon_core.package_identification:_identify(.) by extension 'colcon_pkg'
[2.994s] Level 1:colcon.colcon_core.package_identification:_identify(.) by extensions ['colcon_meta']
[2.994s] Level 1:colcon.colcon_core.package_identification:_identify(.) by extension 'colcon_meta'
[2.994s] Level 1:colcon.colcon_core.package_identification:_identify(.) by extensions ['ros']
[2.995s] Level 1:colcon.colcon_core.package_identification:_identify(.) by extension 'ros'
[3.080s] Level 1:colcon.colcon_core.package_identification:_identify(.) by extensions ['cmake', 'python']
[3.080s] Level 1:colcon.colcon_core.package_identification:_identify(.) by extension 'cmake'
[3.081s] Level 1:colcon.colcon_core.package_identification:_identify(.) by extension 'python'
[3.081s] Level 1:colcon.colcon_core.package_identification:_identify(.) by extensions ['python_setup_py']
[3.082s] Level 1:colcon.colcon_core.package_identification:_identify(.) by extension 'python_setup_py'
[3.083s] Level 1:colcon.colcon_core.package_identification:_identify(build) by extensions ['ignore', 'ignore_ament_install']
[3.084s] Level 1:colcon.colcon_core.package_identification:_identify(build) by extension 'ignore'
[3.084s] Level 1:colcon.colcon_core.package_identification:_identify(build) ignored
[3.085s] Level 1:colcon.colcon_core.package_identification:_identify(install) by extensions ['ignore', 'ignore_ament_install']
[3.086s] Level 1:colcon.colcon_core.package_identification:_identify(install) by extension 'ignore'
[3.086s] Level 1:colcon.colcon_core.package_identification:_identify(install) ignored
[3.087s] Level 1:colcon.colcon_core.package_identification:_identify(log) by extensions ['ignore', 'ignore_ament_install']
[3.088s] Level 1:colcon.colcon_core.package_identification:_identify(log) by extension 'ignore'
[3.088s] Level 1:colcon.colcon_core.package_identification:_identify(log) ignored
[3.089s] Level 1:colcon.colcon_core.package_identification:_identify(src) by extensions ['ignore', 'ignore_ament_install']
[3.090s] Level 1:colcon.colcon_core.package_identification:_identify(src) by extension 'ignore'
[3.090s] Level 1:colcon.colcon_core.package_identification:_identify(src) by extension 'ignore_ament_install'
[3.091s] Level 1:colcon.colcon_core.package_identification:_identify(src) by extensions ['colcon_pkg']
[3.091s] Level 1:colcon.colcon_core.package_identification:_identify(src) by extension 'colcon_pkg'
[3.092s] Level 1:colcon.colcon_core.package_identification:_identify(src) by extensions ['colcon_meta']
[3.092s] Level 1:colcon.colcon_core.package_identification:_identify(src) by extension 'colcon_meta'
[3.093s] Level 1:colcon.colcon_core.package_identification:_identify(src) by extensions ['ros']
[3.093s] Level 1:colcon.colcon_core.package_identification:_identify(src) by extension 'ros'
[3.094s] Level 1:colcon.colcon_core.package_identification:_identify(src) by extensions ['cmake', 'python']
[3.094s] Level 1:colcon.colcon_core.package_identification:_identify(src) by extension 'cmake'
[3.095s] Level 1:colcon.colcon_core.package_identification:_identify(src) by extension 'python'
[3.095s] Level 1:colcon.colcon_core.package_identification:_identify(src) by extensions ['python_setup_py']
[3.096s] Level 1:colcon.colcon_core.package_identification:_identify(src) by extension 'python_setup_py'
[3.096s] Level 1:colcon.colcon_core.package_identification:_identify(src/build) by extensions ['ignore', 'ignore_ament_install']
[3.097s] Level 1:colcon.colcon_core.package_identification:_identify(src/build) by extension 'ignore'
[3.098s] Level 1:colcon.colcon_core.package_identification:_identify(src/build) ignored
[3.098s] Level 1:colcon.colcon_core.package_identification:_identify(src/install) by extensions ['ignore', 'ignore_ament_install']
[3.099s] Level 1:colcon.colcon_core.package_identification:_identify(src/install) by extension 'ignore'
[3.100s] Level 1:colcon.colcon_core.package_identification:_identify(src/install) ignored
[3.100s] Level 1:colcon.colcon_core.package_identification:_identify(src/log) by extensions ['ignore', 'ignore_ament_install']
[3.101s] Level 1:colcon.colcon_core.package_identification:_identify(src/log) by extension 'ignore'
[3.102s] Level 1:colcon.colcon_core.package_identification:_identify(src/log) ignored
[3.102s] Level 1:colcon.colcon_core.package_identification:_identify(src/minisumo_core) by extensions ['ignore', 'ignore_ament_install']
[3.103s] Level 1:colcon.colcon_core.package_identification:_identify(src/minisumo_core) by extension 'ignore'
[3.104s] Level 1:colcon.colcon_core.package_identification:_identify(src/minisumo_core) by extension 'ignore_ament_install'
[3.104s] Level 1:colcon.colcon_core.package_identification:_identify(src/minisumo_core) by extensions ['colcon_pkg']
[3.105s] Level 1:colcon.colcon_core.package_identification:_identify(src/minisumo_core) by extension 'colcon_pkg'
[3.105s] Level 1:colcon.colcon_core.package_identification:_identify(src/minisumo_core) by extensions ['colcon_meta']
[3.105s] Level 1:colcon.colcon_core.package_identification:_identify(src/minisumo_core) by extension 'colcon_meta'
[3.106s] Level 1:colcon.colcon_core.package_identification:_identify(src/minisumo_core) by extensions ['ros']
[3.106s] Level 1:colcon.colcon_core.package_identification:_identify(src/minisumo_core) by extension 'ros'
[3.122s] DEBUG:colcon.colcon_core.package_identification:Package 'src/minisumo_core' with type 'ros.ament_python' and name 'minisumo_core'
[3.123s] Level 1:colcon.colcon_core.package_identification:_identify(src/mobile_robot) by extensions ['ignore', 'ignore_ament_install']
[3.124s] Level 1:colcon.colcon_core.package_identification:_identify(src/mobile_robot) by extension 'ignore'
[3.125s] Level 1:colcon.colcon_core.package_identification:_identify(src/mobile_robot) by extension 'ignore_ament_install'
[3.125s] Level 1:colcon.colcon_core.package_identification:_identify(src/mobile_robot) by extensions ['colcon_pkg']
[3.126s] Level 1:colcon.colcon_core.package_identification:_identify(src/mobile_robot) by extension 'colcon_pkg'
[3.126s] Level 1:colcon.colcon_core.package_identification:_identify(src/mobile_robot) by extensions ['colcon_meta']
[3.126s] Level 1:colcon.colcon_core.package_identification:_identify(src/mobile_robot) by extension 'colcon_meta'
[3.127s] Level 1:colcon.colcon_core.package_identification:_identify(src/mobile_robot) by extensions ['ros']
[3.127s] Level 1:colcon.colcon_core.package_identification:_identify(src/mobile_robot) by extension 'ros'
[3.135s] DEBUG:colcon.colcon_core.package_identification:Package 'src/mobile_robot' with type 'ros.ament_python' and name 'mobile_robot'
[3.135s] Level 1:colcon.colcon_core.package_identification:_identify(src/robiot) by extensions ['ignore', 'ignore_ament_install']
[3.136s] Level 1:colcon.colcon_core.package_identification:_identify(src/robiot) by extension 'ignore'
[3.137s] Level 1:colcon.colcon_core.package_identification:_identify(src/robiot) by extension 'ignore_ament_install'
[3.137s] Level 1:colcon.colcon_core.package_identification:_identify(src/robiot) by extensions ['colcon_pkg']
[3.138s] Level 1:colcon.colcon_core.package_identification:_identify(src/robiot) by extension 'colcon_pkg'
[3.138s] Level 1:colcon.colcon_core.package_identification:_identify(src/robiot) by extensions ['colcon_meta']
[3.138s] Level 1:colcon.colcon_core.package_identification:_identify(src/robiot) by extension 'colcon_meta'
[3.139s] Level 1:colcon.colcon_core.package_identification:_identify(src/robiot) by extensions ['ros']
[3.139s] Level 1:colcon.colcon_core.package_identification:_identify(src/robiot) by extension 'ros'
[3.143s] DEBUG:colcon.colcon_core.package_identification:Package 'src/robiot' with type 'ros.ament_python' and name 'robiot'
[3.144s] Level 1:colcon.colcon_core.package_discovery:discover_packages(recursive) using defaults
[3.144s] Level 1:colcon.colcon_core.package_discovery:discover_packages(ignore) discover
[3.144s] Level 1:colcon.colcon_core.package_discovery:discover_packages(ignore) using defaults
[3.145s] Level 1:colcon.colcon_core.package_discovery:discover_packages(path) discover
[3.145s] Level 1:colcon.colcon_core.package_discovery:discover_packages(path) using defaults
[3.253s] Level 1:colcon.colcon_core.package_discovery:discover_packages(prefix_path) check parameters
[3.254s] Level 1:colcon.colcon_core.package_discovery:discover_packages(prefix_path) discover
[3.275s] DEBUG:colcon.colcon_installed_package_information.package_discovery:Found 264 installed packages in /opt/ros/foxy
[3.292s] Level 1:colcon.colcon_core.package_discovery:discover_packages(prefix_path) using defaults
[3.901s] Level 5:colcon.colcon_core.verb:set package 'minisumo_core' build argument 'cmake_args' from command line to 'None'
[3.901s] Level 5:colcon.colcon_core.verb:set package 'minisumo_core' build argument 'cmake_target' from command line to 'None'
[3.902s] Level 5:colcon.colcon_core.verb:set package 'minisumo_core' build argument 'cmake_target_skip_unavailable' from command line to 'False'
[3.902s] Level 5:colcon.colcon_core.verb:set package 'minisumo_core' build argument 'cmake_clean_cache' from command line to 'False'
[3.902s] Level 5:colcon.colcon_core.verb:set package 'minisumo_core' build argument 'cmake_clean_first' from command line to 'False'
[3.903s] Level 5:colcon.colcon_core.verb:set package 'minisumo_core' build argument 'cmake_force_configure' from command line to 'False'
[3.903s] Level 5:colcon.colcon_core.verb:set package 'minisumo_core' build argument 'ament_cmake_args' from command line to 'None'
[3.903s] Level 5:colcon.colcon_core.verb:set package 'minisumo_core' build argument 'catkin_cmake_args' from command line to 'None'
[3.903s] Level 5:colcon.colcon_core.verb:set package 'minisumo_core' build argument 'catkin_skip_building_tests' from command line to 'False'
[3.904s] DEBUG:colcon.colcon_core.verb:Building package 'minisumo_core' with the following arguments: {'ament_cmake_args': None, 'build_base': '/home/dae/ros2_ws/build/minisumo_core', 'catkin_cmake_args': None, 'catkin_skip_building_tests': False, 'cmake_args': None, 'cmake_clean_cache': False, 'cmake_clean_first': False, 'cmake_force_configure': False, 'cmake_target': None, 'cmake_target_skip_unavailable': False, 'install_base': '/home/dae/ros2_ws/install/minisumo_core', 'merge_install': False, 'path': '/home/dae/ros2_ws/src/minisumo_core', 'symlink_install': False, 'test_result_base': None}
[3.907s] Level 5:colcon.colcon_core.verb:set package 'mobile_robot' build argument 'cmake_args' from command line to 'None'
[3.908s] Level 5:colcon.colcon_core.verb:set package 'mobile_robot' build argument 'cmake_target' from command line to 'None'
[3.908s] Level 5:colcon.colcon_core.verb:set package 'mobile_robot' build argument 'cmake_target_skip_unavailable' from command line to 'False'
[3.908s] Level 5:colcon.colcon_core.verb:set package 'mobile_robot' build argument 'cmake_clean_cache' from command line to 'False'
[3.908s] Level 5:colcon.colcon_core.verb:set package 'mobile_robot' build argument 'cmake_clean_first' from command line to 'False'
[3.909s] Level 5:colcon.colcon_core.verb:set package 'mobile_robot' build argument 'cmake_force_configure' from command line to 'False'
[3.909s] Level 5:colcon.colcon_core.verb:set package 'mobile_robot' build argument 'ament_cmake_args' from command line to 'None'
[3.909s] Level 5:colcon.colcon_core.verb:set package 'mobile_robot' build argument 'catkin_cmake_args' from command line to 'None'
[3.909s] Level 5:colcon.colcon_core.verb:set package 'mobile_robot' build argument 'catkin_skip_building_tests' from command line to 'False'
[3.910s] DEBUG:colcon.colcon_core.verb:Building package 'mobile_robot' with the following arguments: {'ament_cmake_args': None, 'build_base': '/home/dae/ros2_ws/build/mobile_robot', 'catkin_cmake_args': None, 'catkin_skip_building_tests': False, 'cmake_args': None, 'cmake_clean_cache': False, 'cmake_clean_first': False, 'cmake_force_configure': False, 'cmake_target': None, 'cmake_target_skip_unavailable': False, 'install_base': '/home/dae/ros2_ws/install/mobile_robot', 'merge_install': False, 'path': '/home/dae/ros2_ws/src/mobile_robot', 'symlink_install': False, 'test_result_base': None}
[3.913s] Level 5:colcon.colcon_core.verb:set package 'robiot' build argument 'cmake_args' from command line to 'None'
[3.913s] Level 5:colcon.colcon_core.verb:set package 'robiot' build argument 'cmake_target' from command line to 'None'
[3.914s] Level 5:colcon.colcon_core.verb:set package 'robiot' build argument 'cmake_target_skip_unavailable' from command line to 'False'
[3.914s] Level 5:colcon.colcon_core.verb:set package 'robiot' build argument 'cmake_clean_cache' from command line to 'False'
[3.914s] Level 5:colcon.colcon_core.verb:set package 'robiot' build argument 'cmake_clean_first' from command line to 'False'
[3.914s] Level 5:colcon.colcon_core.verb:set package 'robiot' build argument 'cmake_force_configure' from command line to 'False'
[3.915s] Level 5:colcon.colcon_core.verb:set package 'robiot' build argument 'ament_cmake_args' from command line to 'None'
[3.915s] Level 5:colcon.colcon_core.verb:set package 'robiot' build argument 'catkin_cmake_args' from command line to 'None'
[3.915s] Level 5:colcon.colcon_core.verb:set package 'robiot' build argument 'catkin_skip_building_tests' from command line to 'False'
[3.916s] DEBUG:colcon.colcon_core.verb:Building package 'robiot' with the following arguments: {'ament_cmake_args': None, 'build_base': '/home/dae/ros2_ws/build/robiot', 'catkin_cmake_args': None, 'catkin_skip_building_tests': False, 'cmake_args': None, 'cmake_clean_cache': False, 'cmake_clean_first': False, 'cmake_force_configure': False, 'cmake_target': None, 'cmake_target_skip_unavailable': False, 'install_base': '/home/dae/ros2_ws/install/robiot', 'merge_install': False, 'path': '/home/dae/ros2_ws/src/robiot', 'symlink_install': False, 'test_result_base': None}
[3.917s] INFO:colcon.colcon_core.executor:Executing jobs using 'parallel' executor
[3.924s] DEBUG:colcon.colcon_parallel_executor.executor.parallel:run_until_complete
[3.926s] INFO:colcon.colcon_ros.task.ament_python.build:Building ROS package in '/home/dae/ros2_ws/src/minisumo_core' with build type 'ament_python'
[3.928s] Level 1:colcon.colcon_core.shell:create_environment_hook('minisumo_core', 'ament_prefix_path')
[3.945s] INFO:colcon.colcon_core.plugin_system:Skipping extension 'colcon_core.shell.bat': Not used on non-Windows systems
[3.946s] INFO:colcon.colcon_core.shell:Creating environment hook '/home/dae/ros2_ws/install/minisumo_core/share/minisumo_core/hook/ament_prefix_path.ps1'
[3.953s] INFO:colcon.colcon_core.shell:Creating environment descriptor '/home/dae/ros2_ws/install/minisumo_core/share/minisumo_core/hook/ament_prefix_path.dsv'
[3.957s] INFO:colcon.colcon_core.shell:Creating environment hook '/home/dae/ros2_ws/install/minisumo_core/share/minisumo_core/hook/ament_prefix_path.sh'
[3.963s] INFO:colcon.colcon_core.shell:Skip shell extension 'powershell' for command environment: Not usable outside of PowerShell
[3.963s] DEBUG:colcon.colcon_core.shell:Skip shell extension 'dsv' for command environment
[3.994s] INFO:colcon.colcon_ros.task.ament_python.build:Building ROS package in '/home/dae/ros2_ws/src/mobile_robot' with build type 'ament_python'
[3.998s] Level 1:colcon.colcon_core.shell:create_environment_hook('mobile_robot', 'ament_prefix_path')
[4.003s] INFO:colcon.colcon_core.shell:Creating environment hook '/home/dae/ros2_ws/install/mobile_robot/share/mobile_robot/hook/ament_prefix_path.ps1'
[4.008s] INFO:colcon.colcon_core.shell:Creating environment descriptor '/home/dae/ros2_ws/install/mobile_robot/share/mobile_robot/hook/ament_prefix_path.dsv'
[4.012s] INFO:colcon.colcon_core.shell:Creating environment hook '/home/dae/ros2_ws/install/mobile_robot/share/mobile_robot/hook/ament_prefix_path.sh'
[4.019s] INFO:colcon.colcon_core.shell:Skip shell extension 'powershell' for command environment: Not usable outside of PowerShell
[4.019s] DEBUG:colcon.colcon_core.shell:Skip shell extension 'dsv' for command environment
[4.057s] INFO:colcon.colcon_ros.task.ament_python.build:Building ROS package in '/home/dae/ros2_ws/src/robiot' with build type 'ament_python'
[4.062s] Level 1:colcon.colcon_core.shell:create_environment_hook('robiot', 'ament_prefix_path')
[4.066s] INFO:colcon.colcon_core.shell:Creating environment hook '/home/dae/ros2_ws/install/robiot/share/robiot/hook/ament_prefix_path.ps1'
[4.072s] INFO:colcon.colcon_core.shell:Creating environment descriptor '/home/dae/ros2_ws/install/robiot/share/robiot/hook/ament_prefix_path.dsv'
[4.077s] INFO:colcon.colcon_core.shell:Creating environment hook '/home/dae/ros2_ws/install/robiot/share/robiot/hook/ament_prefix_path.sh'
[4.083s] INFO:colcon.colcon_core.shell:Skip shell extension 'powershell' for command environment: Not usable outside of PowerShell
[4.084s] DEBUG:colcon.colcon_core.shell:Skip shell extension 'dsv' for command environment
[5.979s] INFO:colcon.colcon_core.task.python.build:Building Python package in '/home/dae/ros2_ws/src/minisumo_core'
[5.983s] INFO:colcon.colcon_core.shell:Skip shell extension 'powershell' for command environment: Not usable outside of PowerShell
[5.984s] DEBUG:colcon.colcon_core.shell:Skip shell extension 'dsv' for command environment
[7.867s] INFO:colcon.colcon_core.task.python.build:Building Python package in '/home/dae/ros2_ws/src/mobile_robot'
[7.869s] INFO:colcon.colcon_core.shell:Skip shell extension 'powershell' for command environment: Not usable outside of PowerShell
[7.870s] DEBUG:colcon.colcon_core.shell:Skip shell extension 'dsv' for command environment
[9.735s] INFO:colcon.colcon_core.task.python.build:Building Python package in '/home/dae/ros2_ws/src/robiot'
[9.738s] INFO:colcon.colcon_core.shell:Skip shell extension 'powershell' for command environment: Not usable outside of PowerShell
[9.738s] DEBUG:colcon.colcon_core.shell:Skip shell extension 'dsv' for command environment
[13.529s] DEBUG:colcon.colcon_core.event_handler.log_command:Invoking command in '/home/dae/ros2_ws/src/mobile_robot': PYTHONPATH=/home/dae/ros2_ws/build/mobile_robot/prefix_override:/usr/lib/python3/dist-packages/colcon_core/task/python/colcon_distutils_commands:/home/dae/ros2_ws/install/mobile_robot/lib/python3.8/site-packages:${PYTHONPATH} /usr/bin/python3 -W ignore:setup.py install is deprecated -W ignore:easy_install command is deprecated setup.py egg_info --egg-base ../../build/mobile_robot build --build-base /home/dae/ros2_ws/build/mobile_robot/build install --record /home/dae/ros2_ws/build/mobile_robot/install.log --single-version-externally-managed install_data
[14.744s] DEBUG:colcon.colcon_core.event_handler.log_command:Invoking command in '/home/dae/ros2_ws/src/minisumo_core': PYTHONPATH=/home/dae/ros2_ws/build/minisumo_core/prefix_override:/usr/lib/python3/dist-packages/colcon_core/task/python/colcon_distutils_commands:/home/dae/ros2_ws/install/minisumo_core/lib/python3.8/site-packages:${PYTHONPATH} /usr/bin/python3 -W ignore:setup.py install is deprecated -W ignore:easy_install command is deprecated setup.py egg_info --egg-base ../../build/minisumo_core build --build-base /home/dae/ros2_ws/build/minisumo_core/build install --record /home/dae/ros2_ws/build/minisumo_core/install.log --install-scripts $base/lib/minisumo_core --single-version-externally-managed install_data
[14.785s] DEBUG:colcon.colcon_core.event_handler.log_command:Invoking command in '/home/dae/ros2_ws/src/robiot': PYTHONPATH=/home/dae/ros2_ws/build/robiot/prefix_override:/usr/lib/python3/dist-packages/colcon_core/task/python/colcon_distutils_commands:/home/dae/ros2_ws/install/robiot/lib/python3.8/site-packages:${PYTHONPATH} /usr/bin/python3 -W ignore:setup.py install is deprecated -W ignore:easy_install command is deprecated setup.py egg_info --egg-base ../../build/robiot build --build-base /home/dae/ros2_ws/build/robiot/build install --record /home/dae/ros2_ws/build/robiot/install.log --install-scripts $base/lib/robiot --single-version-externally-managed install_data
[16.985s] DEBUG:colcon.colcon_core.event_handler.log_command:Invoked command in '/home/dae/ros2_ws/src/mobile_robot' returned '0': PYTHONPATH=/home/dae/ros2_ws/build/mobile_robot/prefix_override:/usr/lib/python3/dist-packages/colcon_core/task/python/colcon_distutils_commands:/home/dae/ros2_ws/install/mobile_robot/lib/python3.8/site-packages:${PYTHONPATH} /usr/bin/python3 -W ignore:setup.py install is deprecated -W ignore:easy_install command is deprecated setup.py egg_info --egg-base ../../build/mobile_robot build --build-base /home/dae/ros2_ws/build/mobile_robot/build install --record /home/dae/ros2_ws/build/mobile_robot/install.log --single-version-externally-managed install_data
[17.010s] Level 1:colcon.colcon_core.environment:checking '/home/dae/ros2_ws/install/mobile_robot' for CMake module files
[17.016s] Level 1:colcon.colcon_core.environment:checking '/home/dae/ros2_ws/install/mobile_robot' for CMake config files
[17.025s] Level 1:colcon.colcon_core.environment:checking '/home/dae/ros2_ws/install/mobile_robot/lib'
[17.027s] Level 1:colcon.colcon_core.environment:checking '/home/dae/ros2_ws/install/mobile_robot/bin'
[17.028s] Level 1:colcon.colcon_core.environment:checking '/home/dae/ros2_ws/install/mobile_robot/lib/pkgconfig/mobile_robot.pc'
[17.032s] Level 1:colcon.colcon_core.environment:checking '/home/dae/ros2_ws/install/mobile_robot/lib/python3.8/site-packages'
[17.033s] Level 1:colcon.colcon_core.shell:create_environment_hook('mobile_robot', 'pythonpath')
[17.037s] INFO:colcon.colcon_core.shell:Creating environment hook '/home/dae/ros2_ws/install/mobile_robot/share/mobile_robot/hook/pythonpath.ps1'
[17.042s] INFO:colcon.colcon_core.shell:Creating environment descriptor '/home/dae/ros2_ws/install/mobile_robot/share/mobile_robot/hook/pythonpath.dsv'
[17.047s] INFO:colcon.colcon_core.shell:Creating environment hook '/home/dae/ros2_ws/install/mobile_robot/share/mobile_robot/hook/pythonpath.sh'
[17.054s] Level 1:colcon.colcon_core.environment:checking '/home/dae/ros2_ws/install/mobile_robot/bin'
[17.055s] Level 1:colcon.colcon_core.environment:create_environment_scripts_only(mobile_robot)
[17.060s] INFO:colcon.colcon_core.shell:Creating package script '/home/dae/ros2_ws/install/mobile_robot/share/mobile_robot/package.ps1'
[17.072s] INFO:colcon.colcon_core.shell:Creating package descriptor '/home/dae/ros2_ws/install/mobile_robot/share/mobile_robot/package.dsv'
[17.079s] INFO:colcon.colcon_core.shell:Creating package script '/home/dae/ros2_ws/install/mobile_robot/share/mobile_robot/package.sh'
[17.086s] INFO:colcon.colcon_core.shell:Creating package script '/home/dae/ros2_ws/install/mobile_robot/share/mobile_robot/package.bash'
[17.093s] INFO:colcon.colcon_core.shell:Creating package script '/home/dae/ros2_ws/install/mobile_robot/share/mobile_robot/package.zsh'
[17.098s] Level 1:colcon.colcon_core.environment:create_file_with_runtime_dependencies(/home/dae/ros2_ws/install/mobile_robot/share/colcon-core/packages/mobile_robot)
[17.620s] Level 1:colcon.colcon_core.environment:checking '/home/dae/ros2_ws/install/robiot' for CMake module files
[17.627s] DEBUG:colcon.colcon_core.event_handler.log_command:Invoked command in '/home/dae/ros2_ws/src/robiot' returned '0': PYTHONPATH=/home/dae/ros2_ws/build/robiot/prefix_override:/usr/lib/python3/dist-packages/colcon_core/task/python/colcon_distutils_commands:/home/dae/ros2_ws/install/robiot/lib/python3.8/site-packages:${PYTHONPATH} /usr/bin/python3 -W ignore:setup.py install is deprecated -W ignore:easy_install command is deprecated setup.py egg_info --egg-base ../../build/robiot build --build-base /home/dae/ros2_ws/build/robiot/build install --record /home/dae/ros2_ws/build/robiot/install.log --install-scripts $base/lib/robiot --single-version-externally-managed install_data
[17.629s] Level 1:colcon.colcon_core.environment:checking '/home/dae/ros2_ws/install/robiot' for CMake config files
[17.651s] Level 1:colcon.colcon_core.environment:checking '/home/dae/ros2_ws/install/robiot/lib'
[17.652s] Level 1:colcon.colcon_core.environment:checking '/home/dae/ros2_ws/install/robiot/bin'
[17.652s] Level 1:colcon.colcon_core.environment:checking '/home/dae/ros2_ws/install/robiot/lib/pkgconfig/robiot.pc'
[17.654s] Level 1:colcon.colcon_core.environment:checking '/home/dae/ros2_ws/install/robiot/lib/python3.8/site-packages'
[17.654s] Level 1:colcon.colcon_core.shell:create_environment_hook('robiot', 'pythonpath')
[17.656s] INFO:colcon.colcon_core.shell:Creating environment hook '/home/dae/ros2_ws/install/robiot/share/robiot/hook/pythonpath.ps1'
[17.661s] INFO:colcon.colcon_core.shell:Creating environment descriptor '/home/dae/ros2_ws/install/robiot/share/robiot/hook/pythonpath.dsv'
[17.664s] INFO:colcon.colcon_core.shell:Creating environment hook '/home/dae/ros2_ws/install/robiot/share/robiot/hook/pythonpath.sh'
[17.669s] Level 1:colcon.colcon_core.environment:checking '/home/dae/ros2_ws/install/robiot/bin'
[17.670s] Level 1:colcon.colcon_core.environment:create_environment_scripts_only(robiot)
[17.672s] INFO:colcon.colcon_core.shell:Creating package script '/home/dae/ros2_ws/install/robiot/share/robiot/package.ps1'
[17.677s] INFO:colcon.colcon_core.shell:Creating package descriptor '/home/dae/ros2_ws/install/robiot/share/robiot/package.dsv'
[17.680s] INFO:colcon.colcon_core.shell:Creating package script '/home/dae/ros2_ws/install/robiot/share/robiot/package.sh'
[17.684s] INFO:colcon.colcon_core.shell:Creating package script '/home/dae/ros2_ws/install/robiot/share/robiot/package.bash'
[17.687s] INFO:colcon.colcon_core.shell:Creating package script '/home/dae/ros2_ws/install/robiot/share/robiot/package.zsh'
[17.690s] Level 1:colcon.colcon_core.environment:create_file_with_runtime_dependencies(/home/dae/ros2_ws/install/robiot/share/colcon-core/packages/robiot)
[18.150s] Level 1:colcon.colcon_core.environment:checking '/home/dae/ros2_ws/install/minisumo_core' for CMake module files
[18.155s] DEBUG:colcon.colcon_core.event_handler.log_command:Invoked command in '/home/dae/ros2_ws/src/minisumo_core' returned '0': PYTHONPATH=/home/dae/ros2_ws/build/minisumo_core/prefix_override:/usr/lib/python3/dist-packages/colcon_core/task/python/colcon_distutils_commands:/home/dae/ros2_ws/install/minisumo_core/lib/python3.8/site-packages:${PYTHONPATH} /usr/bin/python3 -W ignore:setup.py install is deprecated -W ignore:easy_install command is deprecated setup.py egg_info --egg-base ../../build/minisumo_core build --build-base /home/dae/ros2_ws/build/minisumo_core/build install --record /home/dae/ros2_ws/build/minisumo_core/install.log --install-scripts $base/lib/minisumo_core --single-version-externally-managed install_data
[18.158s] Level 1:colcon.colcon_core.environment:checking '/home/dae/ros2_ws/install/minisumo_core' for CMake config files
[18.181s] Level 1:colcon.colcon_core.environment:checking '/home/dae/ros2_ws/install/minisumo_core/lib'
[18.182s] Level 1:colcon.colcon_core.environment:checking '/home/dae/ros2_ws/install/minisumo_core/bin'
[18.183s] Level 1:colcon.colcon_core.environment:checking '/home/dae/ros2_ws/install/minisumo_core/lib/pkgconfig/minisumo_core.pc'
[18.184s] Level 1:colcon.colcon_core.environment:checking '/home/dae/ros2_ws/install/minisumo_core/lib/python3.8/site-packages'
[18.184s] Level 1:colcon.colcon_core.shell:create_environment_hook('minisumo_core', 'pythonpath')
[18.186s] INFO:colcon.colcon_core.shell:Creating environment hook '/home/dae/ros2_ws/install/minisumo_core/share/minisumo_core/hook/pythonpath.ps1'
[18.189s] INFO:colcon.colcon_core.shell:Creating environment descriptor '/home/dae/ros2_ws/install/minisumo_core/share/minisumo_core/hook/pythonpath.dsv'
[18.192s] INFO:colcon.colcon_core.shell:Creating environment hook '/home/dae/ros2_ws/install/minisumo_core/share/minisumo_core/hook/pythonpath.sh'
[18.197s] Level 1:colcon.colcon_core.environment:checking '/home/dae/ros2_ws/install/minisumo_core/bin'
[18.198s] Level 1:colcon.colcon_core.environment:create_environment_scripts_only(minisumo_core)
[18.200s] INFO:colcon.colcon_core.shell:Creating package script '/home/dae/ros2_ws/install/minisumo_core/share/minisumo_core/package.ps1'
[18.204s] INFO:colcon.colcon_core.shell:Creating package descriptor '/home/dae/ros2_ws/install/minisumo_core/share/minisumo_core/package.dsv'
[18.208s] INFO:colcon.colcon_core.shell:Creating package script '/home/dae/ros2_ws/install/minisumo_core/share/minisumo_core/package.sh'
[18.211s] INFO:colcon.colcon_core.shell:Creating package script '/home/dae/ros2_ws/install/minisumo_core/share/minisumo_core/package.bash'
[18.214s] INFO:colcon.colcon_core.shell:Creating package script '/home/dae/ros2_ws/install/minisumo_core/share/minisumo_core/package.zsh'
[18.217s] Level 1:colcon.colcon_core.environment:create_file_with_runtime_dependencies(/home/dae/ros2_ws/install/minisumo_core/share/colcon-core/packages/minisumo_core)
[18.219s] DEBUG:colcon.colcon_parallel_executor.executor.parallel:closing loop
[18.222s] DEBUG:colcon.colcon_parallel_executor.executor.parallel:loop closed
[18.223s] DEBUG:colcon.colcon_parallel_executor.executor.parallel:run_until_complete finished with '0'
[18.224s] DEBUG:colcon.colcon_core.event_reactor:joining thread
[18.267s] INFO:colcon.colcon_core.plugin_system:Skipping extension 'colcon_notification.desktop_notification.terminal_notifier': Not used on non-Darwin systems
[18.268s] INFO:colcon.colcon_core.plugin_system:Skipping extension 'colcon_notification.desktop_notification.win32': Not used on non-Windows systems
[18.268s] INFO:colcon.colcon_notification.desktop_notification:Sending desktop notification using 'notify2'
[18.302s] DEBUG:colcon.colcon_core.event_reactor:joined thread
[18.304s] INFO:colcon.colcon_core.shell:Creating prefix script '/home/dae/ros2_ws/install/local_setup.ps1'
[18.315s] INFO:colcon.colcon_core.shell:Creating prefix util module '/home/dae/ros2_ws/install/_local_setup_util_ps1.py'
[18.330s] INFO:colcon.colcon_core.shell:Creating prefix chain script '/home/dae/ros2_ws/install/setup.ps1'
[18.337s] INFO:colcon.colcon_core.shell:Creating prefix script '/home/dae/ros2_ws/install/local_setup.sh'
[18.341s] INFO:colcon.colcon_core.shell:Creating prefix util module '/home/dae/ros2_ws/install/_local_setup_util_sh.py'
[18.346s] INFO:colcon.colcon_core.shell:Creating prefix chain script '/home/dae/ros2_ws/install/setup.sh'
[18.353s] INFO:colcon.colcon_core.shell:Creating prefix script '/home/dae/ros2_ws/install/local_setup.bash'
[18.357s] INFO:colcon.colcon_core.shell:Creating prefix chain script '/home/dae/ros2_ws/install/setup.bash'
[18.363s] INFO:colcon.colcon_core.shell:Creating prefix script '/home/dae/ros2_ws/install/local_setup.zsh'
[18.367s] INFO:colcon.colcon_core.shell:Creating prefix chain script '/home/dae/ros2_ws/install/setup.zsh'
