[9.542s] Invoking command in '/home/dae/ros2_ws/src/minisumo_core': PYTHONPATH=/home/dae/ros2_ws/build/minisumo_core/prefix_override:/usr/lib/python3/dist-packages/colcon_core/task/python/colcon_distutils_commands:/home/dae/ros2_ws/install/minisumo_core/lib/python3.8/site-packages:${PYTHONPATH} /usr/bin/python3 -W ignore:setup.py install is deprecated -W ignore:easy_install command is deprecated setup.py egg_info --egg-base ../../build/minisumo_core build --build-base /home/dae/ros2_ws/build/minisumo_core/build install --record /home/dae/ros2_ws/build/minisumo_core/install.log --install-scripts $base/lib/minisumo_core --single-version-externally-managed install_data
[13.178s] running egg_info
[13.186s] writing ../../build/minisumo_core/minisumo_core.egg-info/PKG-INFO
[13.191s] writing dependency_links to ../../build/minisumo_core/minisumo_core.egg-info/dependency_links.txt
[13.193s] writing entry points to ../../build/minisumo_core/minisumo_core.egg-info/entry_points.txt
[13.195s] writing requirements to ../../build/minisumo_core/minisumo_core.egg-info/requires.txt
[13.197s] writing top-level names to ../../build/minisumo_core/minisumo_core.egg-info/top_level.txt
[13.729s] reading manifest file '../../build/minisumo_core/minisumo_core.egg-info/SOURCES.txt'
[13.742s] writing manifest file '../../build/minisumo_core/minisumo_core.egg-info/SOURCES.txt'
[13.745s] running build
[13.747s] running build_py
[13.749s] copying minisumo_core/odometria.py -> /home/dae/ros2_ws/build/minisumo_core/build/lib/minisumo_core
[13.752s] running install
[13.760s] running install_lib
[13.773s] copying /home/dae/ros2_ws/build/minisumo_core/build/lib/minisumo_core/odometria.py -> /home/dae/ros2_ws/install/minisumo_core/lib/python3.8/site-packages/minisumo_core
[13.781s] byte-compiling /home/dae/ros2_ws/install/minisumo_core/lib/python3.8/site-packages/minisumo_core/odometria.py to odometria.cpython-38.pyc
[13.799s] running install_data
[13.801s] running install_egg_info
[13.818s] removing '/home/dae/ros2_ws/install/minisumo_core/lib/python3.8/site-packages/minisumo_core-0.0.0-py3.8.egg-info' (and everything under it)
[13.822s] Copying ../../build/minisumo_core/minisumo_core.egg-info to /home/dae/ros2_ws/install/minisumo_core/lib/python3.8/site-packages/minisumo_core-0.0.0-py3.8.egg-info
[13.834s] running install_scripts
[14.063s] Installing logger_csv script to /home/dae/ros2_ws/install/minisumo_core/lib/minisumo_core
[14.065s] Installing odometria script to /home/dae/ros2_ws/install/minisumo_core/lib/minisumo_core
[14.067s] Installing teleop script to /home/dae/ros2_ws/install/minisumo_core/lib/minisumo_core
[14.072s] writing list of installed files to '/home/dae/ros2_ws/build/minisumo_core/install.log'
[14.337s] Invoked command in '/home/dae/ros2_ws/src/minisumo_core' returned '0': PYTHONPATH=/home/dae/ros2_ws/build/minisumo_core/prefix_override:/usr/lib/python3/dist-packages/colcon_core/task/python/colcon_distutils_commands:/home/dae/ros2_ws/install/minisumo_core/lib/python3.8/site-packages:${PYTHONPATH} /usr/bin/python3 -W ignore:setup.py install is deprecated -W ignore:easy_install command is deprecated setup.py egg_info --egg-base ../../build/minisumo_core build --build-base /home/dae/ros2_ws/build/minisumo_core/build install --record /home/dae/ros2_ws/build/minisumo_core/install.log --install-scripts $base/lib/minisumo_core --single-version-externally-managed install_data
