[7.519s] Invoking command in '/home/dae/ros2_ws/src/robiot': PYTHONPATH=/home/dae/ros2_ws/build/robiot/prefix_override:/usr/lib/python3/dist-packages/colcon_core/task/python/colcon_distutils_commands:/home/dae/ros2_ws/install/robiot/lib/python3.8/site-packages:${PYTHONPATH} /usr/bin/python3 -W ignore:setup.py install is deprecated -W ignore:easy_install command is deprecated setup.py egg_info --egg-base ../../build/robiot build --build-base /home/dae/ros2_ws/build/robiot/build install --record /home/dae/ros2_ws/build/robiot/install.log --install-scripts $base/lib/robiot --single-version-externally-managed install_data
[9.569s] running egg_info
[9.574s] writing ../../build/robiot/robiot.egg-info/PKG-INFO
[9.578s] writing dependency_links to ../../build/robiot/robiot.egg-info/dependency_links.txt
[9.580s] writing entry points to ../../build/robiot/robiot.egg-info/entry_points.txt
[9.581s] writing requirements to ../../build/robiot/robiot.egg-info/requires.txt
[9.583s] writing top-level names to ../../build/robiot/robiot.egg-info/top_level.txt
[9.887s] reading manifest file '../../build/robiot/robiot.egg-info/SOURCES.txt'
[9.895s] writing manifest file '../../build/robiot/robiot.egg-info/SOURCES.txt'
[9.897s] running build
[9.898s] running build_py
[9.900s] running install
[9.906s] running install_lib
[9.916s] running install_data
[9.919s] copying launch/visual.launch.py -> /home/dae/ros2_ws/install/robiot/share/robiot/launch
[9.921s] copying description/robot.xml -> /home/dae/ros2_ws/install/robiot/share/robiot/description
[9.923s] running install_egg_info
[9.936s] removing '/home/dae/ros2_ws/install/robiot/lib/python3.8/site-packages/robiot-0.0.0-py3.8.egg-info' (and everything under it)
[9.940s] Copying ../../build/robiot/robiot.egg-info to /home/dae/ros2_ws/install/robiot/lib/python3.8/site-packages/robiot-0.0.0-py3.8.egg-info
[9.949s] running install_scripts
[10.082s] writing list of installed files to '/home/dae/ros2_ws/build/robiot/install.log'
[10.221s] Invoked command in '/home/dae/ros2_ws/src/robiot' returned '0': PYTHONPATH=/home/dae/ros2_ws/build/robiot/prefix_override:/usr/lib/python3/dist-packages/colcon_core/task/python/colcon_distutils_commands:/home/dae/ros2_ws/install/robiot/lib/python3.8/site-packages:${PYTHONPATH} /usr/bin/python3 -W ignore:setup.py install is deprecated -W ignore:easy_install command is deprecated setup.py egg_info --egg-base ../../build/robiot build --build-base /home/dae/ros2_ws/build/robiot/build install --record /home/dae/ros2_ws/build/robiot/install.log --install-scripts $base/lib/robiot --single-version-externally-managed install_data
