[6.053s] Invoking command in '/home/dae/ros2_ws/src/teleop_esp32': PYTHONPATH=/home/dae/ros2_ws/build/teleop_esp32/prefix_override:/usr/lib/python3/dist-packages/colcon_core/task/python/colcon_distutils_commands:/home/dae/ros2_ws/install/teleop_esp32/lib/python3.8/site-packages:${PYTHONPATH} /usr/bin/python3 -W ignore:setup.py install is deprecated -W ignore:easy_install command is deprecated setup.py egg_info --egg-base ../../build/teleop_esp32 build --build-base /home/dae/ros2_ws/build/teleop_esp32/build install --record /home/dae/ros2_ws/build/teleop_esp32/install.log --install-scripts $base/lib/teleop_esp32 --single-version-externally-managed install_data
[7.825s] running egg_info
[7.830s] creating ../../build/teleop_esp32/teleop_esp32.egg-info
[7.831s] writing ../../build/teleop_esp32/teleop_esp32.egg-info/PKG-INFO
[7.833s] writing dependency_links to ../../build/teleop_esp32/teleop_esp32.egg-info/dependency_links.txt
[7.834s] writing entry points to ../../build/teleop_esp32/teleop_esp32.egg-info/entry_points.txt
[7.836s] writing requirements to ../../build/teleop_esp32/teleop_esp32.egg-info/requires.txt
[7.837s] writing top-level names to ../../build/teleop_esp32/teleop_esp32.egg-info/top_level.txt
[7.878s] writing manifest file '../../build/teleop_esp32/teleop_esp32.egg-info/SOURCES.txt'
[8.156s] reading manifest file '../../build/teleop_esp32/teleop_esp32.egg-info/SOURCES.txt'
[8.162s] writing manifest file '../../build/teleop_esp32/teleop_esp32.egg-info/SOURCES.txt'
[8.164s] running build
[8.165s] running build_py
[8.167s] creating /home/dae/ros2_ws/build/teleop_esp32/build
[8.168s] creating /home/dae/ros2_ws/build/teleop_esp32/build/lib
[8.169s] creating /home/dae/ros2_ws/build/teleop_esp32/build/lib/teleop_esp32
[8.170s] copying teleop_esp32/keyboard_node.py -> /home/dae/ros2_ws/build/teleop_esp32/build/lib/teleop_esp32
[8.171s] copying teleop_esp32/__init__.py -> /home/dae/ros2_ws/build/teleop_esp32/build/lib/teleop_esp32
[8.172s] copying teleop_esp32/serial_node.py -> /home/dae/ros2_ws/build/teleop_esp32/build/lib/teleop_esp32
[8.173s] running install
[8.175s] running install_lib
[8.181s] creating /home/dae/ros2_ws/install/teleop_esp32/lib/python3.8/site-packages/teleop_esp32
[8.182s] copying /home/dae/ros2_ws/build/teleop_esp32/build/lib/teleop_esp32/keyboard_node.py -> /home/dae/ros2_ws/install/teleop_esp32/lib/python3.8/site-packages/teleop_esp32
[8.183s] copying /home/dae/ros2_ws/build/teleop_esp32/build/lib/teleop_esp32/__init__.py -> /home/dae/ros2_ws/install/teleop_esp32/lib/python3.8/site-packages/teleop_esp32
[8.184s] copying /home/dae/ros2_ws/build/teleop_esp32/build/lib/teleop_esp32/serial_node.py -> /home/dae/ros2_ws/install/teleop_esp32/lib/python3.8/site-packages/teleop_esp32
[8.187s] byte-compiling /home/dae/ros2_ws/install/teleop_esp32/lib/python3.8/site-packages/teleop_esp32/keyboard_node.py to keyboard_node.cpython-38.pyc
[8.197s] byte-compiling /home/dae/ros2_ws/install/teleop_esp32/lib/python3.8/site-packages/teleop_esp32/__init__.py to __init__.cpython-38.pyc
[8.198s] byte-compiling /home/dae/ros2_ws/install/teleop_esp32/lib/python3.8/site-packages/teleop_esp32/serial_node.py to serial_node.cpython-38.pyc
[8.201s] running install_data
[8.202s] creating /home/dae/ros2_ws/install/teleop_esp32/share/ament_index
[8.205s] creating /home/dae/ros2_ws/install/teleop_esp32/share/ament_index/resource_index
[8.205s] creating /home/dae/ros2_ws/install/teleop_esp32/share/ament_index/resource_index/packages
[8.206s] copying resource/teleop_esp32 -> /home/dae/ros2_ws/install/teleop_esp32/share/ament_index/resource_index/packages
[8.207s] copying package.xml -> /home/dae/ros2_ws/install/teleop_esp32/share/teleop_esp32
[8.208s] running install_egg_info
[8.216s] Copying ../../build/teleop_esp32/teleop_esp32.egg-info to /home/dae/ros2_ws/install/teleop_esp32/lib/python3.8/site-packages/teleop_esp32-0.0.0-py3.8.egg-info
[8.223s] running install_scripts
[8.337s] Installing keyboard_node script to /home/dae/ros2_ws/install/teleop_esp32/lib/teleop_esp32
[8.338s] Installing serial_node script to /home/dae/ros2_ws/install/teleop_esp32/lib/teleop_esp32
[8.340s] writing list of installed files to '/home/dae/ros2_ws/build/teleop_esp32/install.log'
[8.455s] Invoked command in '/home/dae/ros2_ws/src/teleop_esp32' returned '0': PYTHONPATH=/home/dae/ros2_ws/build/teleop_esp32/prefix_override:/usr/lib/python3/dist-packages/colcon_core/task/python/colcon_distutils_commands:/home/dae/ros2_ws/install/teleop_esp32/lib/python3.8/site-packages:${PYTHONPATH} /usr/bin/python3 -W ignore:setup.py install is deprecated -W ignore:easy_install command is deprecated setup.py egg_info --egg-base ../../build/teleop_esp32 build --build-base /home/dae/ros2_ws/build/teleop_esp32/build install --record /home/dae/ros2_ws/build/teleop_esp32/install.log --install-scripts $base/lib/teleop_esp32 --single-version-externally-managed install_data
