[5.037s] Invoking command in '/home/dae/ros2_ws/src/teleop_esp32': PYTHONPATH=/home/dae/ros2_ws/build/teleop_esp32/prefix_override:/usr/lib/python3/dist-packages/colcon_core/task/python/colcon_distutils_commands:/home/dae/ros2_ws/install/teleop_esp32/lib/python3.8/site-packages:${PYTHONPATH} /usr/bin/python3 -W ignore:setup.py install is deprecated -W ignore:easy_install command is deprecated setup.py egg_info --egg-base ../../build/teleop_esp32 build --build-base /home/dae/ros2_ws/build/teleop_esp32/build install --record /home/dae/ros2_ws/build/teleop_esp32/install.log --install-scripts $base/lib/teleop_esp32 --single-version-externally-managed install_data
[6.846s] running egg_info
[6.851s] writing ../../build/teleop_esp32/teleop_esp32.egg-info/PKG-INFO
[6.859s] writing dependency_links to ../../build/teleop_esp32/teleop_esp32.egg-info/dependency_links.txt
[6.861s] writing entry points to ../../build/teleop_esp32/teleop_esp32.egg-info/entry_points.txt
[6.862s] writing requirements to ../../build/teleop_esp32/teleop_esp32.egg-info/requires.txt
[6.863s] writing top-level names to ../../build/teleop_esp32/teleop_esp32.egg-info/top_level.txt
[7.156s] reading manifest file '../../build/teleop_esp32/teleop_esp32.egg-info/SOURCES.txt'
[7.164s] writing manifest file '../../build/teleop_esp32/teleop_esp32.egg-info/SOURCES.txt'
[7.165s] running build
[7.167s] running build_py
[7.168s] copying teleop_esp32/serial_node.py -> /home/dae/ros2_ws/build/teleop_esp32/build/lib/teleop_esp32
[7.170s] running install
[7.175s] running install_lib
[7.183s] copying /home/dae/ros2_ws/build/teleop_esp32/build/lib/teleop_esp32/serial_node.py -> /home/dae/ros2_ws/install/teleop_esp32/lib/python3.8/site-packages/teleop_esp32
[7.188s] byte-compiling /home/dae/ros2_ws/install/teleop_esp32/lib/python3.8/site-packages/teleop_esp32/serial_node.py to serial_node.cpython-38.pyc
[7.198s] running install_data
[7.199s] running install_egg_info
[7.209s] removing '/home/dae/ros2_ws/install/teleop_esp32/lib/python3.8/site-packages/teleop_esp32-0.0.0-py3.8.egg-info' (and everything under it)
[7.212s] Copying ../../build/teleop_esp32/teleop_esp32.egg-info to /home/dae/ros2_ws/install/teleop_esp32/lib/python3.8/site-packages/teleop_esp32-0.0.0-py3.8.egg-info
[7.220s] running install_scripts
[7.338s] Installing keyboard_node script to /home/dae/ros2_ws/install/teleop_esp32/lib/teleop_esp32
[7.339s] Installing serial_node script to /home/dae/ros2_ws/install/teleop_esp32/lib/teleop_esp32
[7.341s] writing list of installed files to '/home/dae/ros2_ws/build/teleop_esp32/install.log'
[7.461s] Invoked command in '/home/dae/ros2_ws/src/teleop_esp32' returned '0': PYTHONPATH=/home/dae/ros2_ws/build/teleop_esp32/prefix_override:/usr/lib/python3/dist-packages/colcon_core/task/python/colcon_distutils_commands:/home/dae/ros2_ws/install/teleop_esp32/lib/python3.8/site-packages:${PYTHONPATH} /usr/bin/python3 -W ignore:setup.py install is deprecated -W ignore:easy_install command is deprecated setup.py egg_info --egg-base ../../build/teleop_esp32 build --build-base /home/dae/ros2_ws/build/teleop_esp32/build install --record /home/dae/ros2_ws/build/teleop_esp32/install.log --install-scripts $base/lib/teleop_esp32 --single-version-externally-managed install_data
