[9.134s] DEBUG:colcon:Command line arguments: ['/usr/bin/colcon', 'build']
[9.134s] DEBUG:colcon:Parsed command line arguments: Namespace(allow_overriding=[], ament_cmake_args=None, base_paths=['.'], build_base='build', catkin_cmake_args=None, catkin_skip_building_tests=False, cmake_args=None, cmake_clean_cache=False, cmake_clean_first=False, cmake_force_configure=False, cmake_target=None, cmake_target_skip_unavailable=False, continue_on_error=False, event_handlers=None, executor='parallel', ignore_user_meta=False, install_base='install', log_base=None, log_level=None, main=<bound method BuildVerb.main of <colcon_core.verb.build.BuildVerb object at 0x7f8ed15065b0>>, merge_install=False, metas=['./colcon.meta'], packages_above=None, packages_above_and_dependencies=None, packages_above_depth=None, packages_end=None, packages_ignore=None, packages_ignore_regex=None, packages_select=None, packages_select_build_failed=False, packages_select_by_dep=None, packages_select_regex=None, packages_select_test_failures=False, packages_skip=None, packages_skip_build_finished=False, packages_skip_by_dep=None, packages_skip_regex=None, packages_skip_test_passed=False, packages_skip_up_to=None, packages_start=None, packages_up_to=None, packages_up_to_regex=None, parallel_workers=4, paths=None, symlink_install=False, test_result_base=None, verb_extension=<colcon_core.verb.build.BuildVerb object at 0x7f8ed15065b0>, verb_name='build', verb_parser=<colcon_defaults.argument_parser.defaults.DefaultArgumentsDecorator object at 0x7f8ed1515220>)
[11.485s] Level 1:colcon.colcon_core.package_discovery:discover_packages(colcon_meta) check parameters
[11.487s] Level 1:colcon.colcon_core.package_discovery:discover_packages(recursive) check parameters
[11.487s] Level 1:colcon.colcon_core.package_discovery:discover_packages(ignore) check parameters
[11.488s] Level 1:colcon.colcon_core.package_discovery:discover_packages(path) check parameters
[11.488s] Level 1:colcon.colcon_core.package_discovery:discover_packages(colcon_meta) discover
[11.490s] Level 1:colcon.colcon_core.package_discovery:discover_packages(recursive) discover
[11.491s] INFO:colcon.colcon_core.package_discovery:Crawling recursively for packages in '/home/dae/ros2_ws'
[11.492s] Level 1:colcon.colcon_core.package_identification:_identify(.) by extensions ['ignore', 'ignore_ament_install']
[11.493s] Level 1:colcon.colcon_core.package_identification:_identify(.) by extension 'ignore'
[11.494s] Level 1:colcon.colcon_core.package_identification:_identify(.) by extension 'ignore_ament_install'
[11.495s] Level 1:colcon.colcon_core.package_identification:_identify(.) by extensions ['colcon_pkg']
[11.495s] Level 1:colcon.colcon_core.package_identification:_identify(.) by extension 'colcon_pkg'
[11.495s] Level 1:colcon.colcon_core.package_identification:_identify(.) by extensions ['colcon_meta']
[11.496s] Level 1:colcon.colcon_core.package_identification:_identify(.) by extension 'colcon_meta'
[11.496s] Level 1:colcon.colcon_core.package_identification:_identify(.) by extensions ['ros']
[11.497s] Level 1:colcon.colcon_core.package_identification:_identify(.) by extension 'ros'
[11.640s] Level 1:colcon.colcon_core.package_identification:_identify(.) by extensions ['cmake', 'python']
[11.640s] Level 1:colcon.colcon_core.package_identification:_identify(.) by extension 'cmake'
[11.640s] Level 1:colcon.colcon_core.package_identification:_identify(.) by extension 'python'
[11.641s] Level 1:colcon.colcon_core.package_identification:_identify(.) by extensions ['python_setup_py']
[11.641s] Level 1:colcon.colcon_core.package_identification:_identify(.) by extension 'python_setup_py'
[11.643s] Level 1:colcon.colcon_core.package_identification:_identify(build) by extensions ['ignore', 'ignore_ament_install']
[11.643s] Level 1:colcon.colcon_core.package_identification:_identify(build) by extension 'ignore'
[11.644s] Level 1:colcon.colcon_core.package_identification:_identify(build) ignored
[11.645s] Level 1:colcon.colcon_core.package_identification:_identify(install) by extensions ['ignore', 'ignore_ament_install']
[11.646s] Level 1:colcon.colcon_core.package_identification:_identify(install) by extension 'ignore'
[11.646s] Level 1:colcon.colcon_core.package_identification:_identify(install) ignored
[11.647s] Level 1:colcon.colcon_core.package_identification:_identify(log) by extensions ['ignore', 'ignore_ament_install']
[11.648s] Level 1:colcon.colcon_core.package_identification:_identify(log) by extension 'ignore'
[11.648s] Level 1:colcon.colcon_core.package_identification:_identify(log) ignored
[11.649s] Level 1:colcon.colcon_core.package_identification:_identify(src) by extensions ['ignore', 'ignore_ament_install']
[11.650s] Level 1:colcon.colcon_core.package_identification:_identify(src) by extension 'ignore'
[11.650s] Level 1:colcon.colcon_core.package_identification:_identify(src) by extension 'ignore_ament_install'
[11.651s] Level 1:colcon.colcon_core.package_identification:_identify(src) by extensions ['colcon_pkg']
[11.652s] Level 1:colcon.colcon_core.package_identification:_identify(src) by extension 'colcon_pkg'
[11.652s] Level 1:colcon.colcon_core.package_identification:_identify(src) by extensions ['colcon_meta']
[11.652s] Level 1:colcon.colcon_core.package_identification:_identify(src) by extension 'colcon_meta'
[11.653s] Level 1:colcon.colcon_core.package_identification:_identify(src) by extensions ['ros']
[11.653s] Level 1:colcon.colcon_core.package_identification:_identify(src) by extension 'ros'
[11.654s] Level 1:colcon.colcon_core.package_identification:_identify(src) by extensions ['cmake', 'python']
[11.654s] Level 1:colcon.colcon_core.package_identification:_identify(src) by extension 'cmake'
[11.655s] Level 1:colcon.colcon_core.package_identification:_identify(src) by extension 'python'
[11.655s] Level 1:colcon.colcon_core.package_identification:_identify(src) by extensions ['python_setup_py']
[11.656s] Level 1:colcon.colcon_core.package_identification:_identify(src) by extension 'python_setup_py'
[11.673s] Level 1:colcon.colcon_core.package_identification:_identify(src/build) by extensions ['ignore', 'ignore_ament_install']
[11.674s] Level 1:colcon.colcon_core.package_identification:_identify(src/build) by extension 'ignore'
[11.675s] Level 1:colcon.colcon_core.package_identification:_identify(src/build) ignored
[11.677s] Level 1:colcon.colcon_core.package_identification:_identify(src/install) by extensions ['ignore', 'ignore_ament_install']
[11.677s] Level 1:colcon.colcon_core.package_identification:_identify(src/install) by extension 'ignore'
[11.678s] Level 1:colcon.colcon_core.package_identification:_identify(src/install) ignored
[11.691s] Level 1:colcon.colcon_core.package_identification:_identify(src/log) by extensions ['ignore', 'ignore_ament_install']
[11.692s] Level 1:colcon.colcon_core.package_identification:_identify(src/log) by extension 'ignore'
[11.693s] Level 1:colcon.colcon_core.package_identification:_identify(src/log) ignored
[11.694s] Level 1:colcon.colcon_core.package_identification:_identify(src/minisumo_core) by extensions ['ignore', 'ignore_ament_install']
[11.694s] Level 1:colcon.colcon_core.package_identification:_identify(src/minisumo_core) by extension 'ignore'
[11.695s] Level 1:colcon.colcon_core.package_identification:_identify(src/minisumo_core) by extension 'ignore_ament_install'
[11.696s] Level 1:colcon.colcon_core.package_identification:_identify(src/minisumo_core) by extensions ['colcon_pkg']
[11.696s] Level 1:colcon.colcon_core.package_identification:_identify(src/minisumo_core) by extension 'colcon_pkg'
[11.696s] Level 1:colcon.colcon_core.package_identification:_identify(src/minisumo_core) by extensions ['colcon_meta']
[11.697s] Level 1:colcon.colcon_core.package_identification:_identify(src/minisumo_core) by extension 'colcon_meta'
[11.697s] Level 1:colcon.colcon_core.package_identification:_identify(src/minisumo_core) by extensions ['ros']
[11.698s] Level 1:colcon.colcon_core.package_identification:_identify(src/minisumo_core) by extension 'ros'
[11.792s] DEBUG:colcon.colcon_core.package_identification:Package 'src/minisumo_core' with type 'ros.ament_python' and name 'minisumo_core'
[11.809s] Level 1:colcon.colcon_core.package_identification:_identify(src/mobile_robot) by extensions ['ignore', 'ignore_ament_install']
[11.810s] Level 1:colcon.colcon_core.package_identification:_identify(src/mobile_robot) by extension 'ignore'
[11.811s] Level 1:colcon.colcon_core.package_identification:_identify(src/mobile_robot) by extension 'ignore_ament_install'
[11.811s] Level 1:colcon.colcon_core.package_identification:_identify(src/mobile_robot) by extensions ['colcon_pkg']
[11.812s] Level 1:colcon.colcon_core.package_identification:_identify(src/mobile_robot) by extension 'colcon_pkg'
[11.812s] Level 1:colcon.colcon_core.package_identification:_identify(src/mobile_robot) by extensions ['colcon_meta']
[11.813s] Level 1:colcon.colcon_core.package_identification:_identify(src/mobile_robot) by extension 'colcon_meta'
[11.813s] Level 1:colcon.colcon_core.package_identification:_identify(src/mobile_robot) by extensions ['ros']
[11.813s] Level 1:colcon.colcon_core.package_identification:_identify(src/mobile_robot) by extension 'ros'
[11.832s] DEBUG:colcon.colcon_core.package_identification:Package 'src/mobile_robot' with type 'ros.ament_python' and name 'mobile_robot'
[11.833s] Level 1:colcon.colcon_core.package_identification:_identify(src/robiot) by extensions ['ignore', 'ignore_ament_install']
[11.834s] Level 1:colcon.colcon_core.package_identification:_identify(src/robiot) by extension 'ignore'
[11.834s] Level 1:colcon.colcon_core.package_identification:_identify(src/robiot) by extension 'ignore_ament_install'
[11.835s] Level 1:colcon.colcon_core.package_identification:_identify(src/robiot) by extensions ['colcon_pkg']
[11.835s] Level 1:colcon.colcon_core.package_identification:_identify(src/robiot) by extension 'colcon_pkg'
[11.836s] Level 1:colcon.colcon_core.package_identification:_identify(src/robiot) by extensions ['colcon_meta']
[11.836s] Level 1:colcon.colcon_core.package_identification:_identify(src/robiot) by extension 'colcon_meta'
[11.837s] Level 1:colcon.colcon_core.package_identification:_identify(src/robiot) by extensions ['ros']
[11.837s] Level 1:colcon.colcon_core.package_identification:_identify(src/robiot) by extension 'ros'
[11.865s] DEBUG:colcon.colcon_core.package_identification:Package 'src/robiot' with type 'ros.ament_python' and name 'robiot'
[11.865s] Level 1:colcon.colcon_core.package_discovery:discover_packages(recursive) using defaults
[11.866s] Level 1:colcon.colcon_core.package_discovery:discover_packages(ignore) discover
[11.866s] Level 1:colcon.colcon_core.package_discovery:discover_packages(ignore) using defaults
[11.866s] Level 1:colcon.colcon_core.package_discovery:discover_packages(path) discover
[11.867s] Level 1:colcon.colcon_core.package_discovery:discover_packages(path) using defaults
[12.408s] Level 1:colcon.colcon_core.package_discovery:discover_packages(prefix_path) check parameters
[12.409s] Level 1:colcon.colcon_core.package_discovery:discover_packages(prefix_path) discover
[12.505s] DEBUG:colcon.colcon_installed_package_information.package_discovery:Found 5 installed packages in /home/dae/ros2_ws/install
[12.554s] DEBUG:colcon.colcon_installed_package_information.package_discovery:Found 264 installed packages in /opt/ros/foxy
[12.571s] Level 1:colcon.colcon_core.package_discovery:discover_packages(prefix_path) using defaults
[14.556s] Level 5:colcon.colcon_core.verb:set package 'minisumo_core' build argument 'cmake_args' from command line to 'None'
[14.556s] Level 5:colcon.colcon_core.verb:set package 'minisumo_core' build argument 'cmake_target' from command line to 'None'
[14.558s] Level 5:colcon.colcon_core.verb:set package 'minisumo_core' build argument 'cmake_target_skip_unavailable' from command line to 'False'
[14.558s] Level 5:colcon.colcon_core.verb:set package 'minisumo_core' build argument 'cmake_clean_cache' from command line to 'False'
[14.559s] Level 5:colcon.colcon_core.verb:set package 'minisumo_core' build argument 'cmake_clean_first' from command line to 'False'
[14.559s] Level 5:colcon.colcon_core.verb:set package 'minisumo_core' build argument 'cmake_force_configure' from command line to 'False'
[14.560s] Level 5:colcon.colcon_core.verb:set package 'minisumo_core' build argument 'ament_cmake_args' from command line to 'None'
[14.560s] Level 5:colcon.colcon_core.verb:set package 'minisumo_core' build argument 'catkin_cmake_args' from command line to 'None'
[14.560s] Level 5:colcon.colcon_core.verb:set package 'minisumo_core' build argument 'catkin_skip_building_tests' from command line to 'False'
[14.561s] DEBUG:colcon.colcon_core.verb:Building package 'minisumo_core' with the following arguments: {'ament_cmake_args': None, 'build_base': '/home/dae/ros2_ws/build/minisumo_core', 'catkin_cmake_args': None, 'catkin_skip_building_tests': False, 'cmake_args': None, 'cmake_clean_cache': False, 'cmake_clean_first': False, 'cmake_force_configure': False, 'cmake_target': None, 'cmake_target_skip_unavailable': False, 'install_base': '/home/dae/ros2_ws/install/minisumo_core', 'merge_install': False, 'path': '/home/dae/ros2_ws/src/minisumo_core', 'symlink_install': False, 'test_result_base': None}
[14.564s] Level 5:colcon.colcon_core.verb:set package 'mobile_robot' build argument 'cmake_args' from command line to 'None'
[14.564s] Level 5:colcon.colcon_core.verb:set package 'mobile_robot' build argument 'cmake_target' from command line to 'None'
[14.565s] Level 5:colcon.colcon_core.verb:set package 'mobile_robot' build argument 'cmake_target_skip_unavailable' from command line to 'False'
[14.565s] Level 5:colcon.colcon_core.verb:set package 'mobile_robot' build argument 'cmake_clean_cache' from command line to 'False'
[14.565s] Level 5:colcon.colcon_core.verb:set package 'mobile_robot' build argument 'cmake_clean_first' from command line to 'False'
[14.565s] Level 5:colcon.colcon_core.verb:set package 'mobile_robot' build argument 'cmake_force_configure' from command line to 'False'
[14.566s] Level 5:colcon.colcon_core.verb:set package 'mobile_robot' build argument 'ament_cmake_args' from command line to 'None'
[14.566s] Level 5:colcon.colcon_core.verb:set package 'mobile_robot' build argument 'catkin_cmake_args' from command line to 'None'
[14.566s] Level 5:colcon.colcon_core.verb:set package 'mobile_robot' build argument 'catkin_skip_building_tests' from command line to 'False'
[14.566s] DEBUG:colcon.colcon_core.verb:Building package 'mobile_robot' with the following arguments: {'ament_cmake_args': None, 'build_base': '/home/dae/ros2_ws/build/mobile_robot', 'catkin_cmake_args': None, 'catkin_skip_building_tests': False, 'cmake_args': None, 'cmake_clean_cache': False, 'cmake_clean_first': False, 'cmake_force_configure': False, 'cmake_target': None, 'cmake_target_skip_unavailable': False, 'install_base': '/home/dae/ros2_ws/install/mobile_robot', 'merge_install': False, 'path': '/home/dae/ros2_ws/src/mobile_robot', 'symlink_install': False, 'test_result_base': None}
[14.570s] Level 5:colcon.colcon_core.verb:set package 'robiot' build argument 'cmake_args' from command line to 'None'
[14.570s] Level 5:colcon.colcon_core.verb:set package 'robiot' build argument 'cmake_target' from command line to 'None'
[14.570s] Level 5:colcon.colcon_core.verb:set package 'robiot' build argument 'cmake_target_skip_unavailable' from command line to 'False'
[14.571s] Level 5:colcon.colcon_core.verb:set package 'robiot' build argument 'cmake_clean_cache' from command line to 'False'
[14.571s] Level 5:colcon.colcon_core.verb:set package 'robiot' build argument 'cmake_clean_first' from command line to 'False'
[14.571s] Level 5:colcon.colcon_core.verb:set package 'robiot' build argument 'cmake_force_configure' from command line to 'False'
[14.572s] Level 5:colcon.colcon_core.verb:set package 'robiot' build argument 'ament_cmake_args' from command line to 'None'
[14.572s] Level 5:colcon.colcon_core.verb:set package 'robiot' build argument 'catkin_cmake_args' from command line to 'None'
[14.572s] Level 5:colcon.colcon_core.verb:set package 'robiot' build argument 'catkin_skip_building_tests' from command line to 'False'
[14.573s] DEBUG:colcon.colcon_core.verb:Building package 'robiot' with the following arguments: {'ament_cmake_args': None, 'build_base': '/home/dae/ros2_ws/build/robiot', 'catkin_cmake_args': None, 'catkin_skip_building_tests': False, 'cmake_args': None, 'cmake_clean_cache': False, 'cmake_clean_first': False, 'cmake_force_configure': False, 'cmake_target': None, 'cmake_target_skip_unavailable': False, 'install_base': '/home/dae/ros2_ws/install/robiot', 'merge_install': False, 'path': '/home/dae/ros2_ws/src/robiot', 'symlink_install': False, 'test_result_base': None}
[14.574s] INFO:colcon.colcon_core.executor:Executing jobs using 'parallel' executor
[14.581s] DEBUG:colcon.colcon_parallel_executor.executor.parallel:run_until_complete
[14.583s] INFO:colcon.colcon_ros.task.ament_python.build:Building ROS package in '/home/dae/ros2_ws/src/minisumo_core' with build type 'ament_python'
[14.584s] Level 1:colcon.colcon_core.shell:create_environment_hook('minisumo_core', 'ament_prefix_path')
[14.752s] INFO:colcon.colcon_core.plugin_system:Skipping extension 'colcon_core.shell.bat': Not used on non-Windows systems
[14.753s] INFO:colcon.colcon_core.shell:Creating environment hook '/home/dae/ros2_ws/install/minisumo_core/share/minisumo_core/hook/ament_prefix_path.ps1'
[14.791s] INFO:colcon.colcon_core.shell:Creating environment descriptor '/home/dae/ros2_ws/install/minisumo_core/share/minisumo_core/hook/ament_prefix_path.dsv'
[14.817s] INFO:colcon.colcon_core.shell:Creating environment hook '/home/dae/ros2_ws/install/minisumo_core/share/minisumo_core/hook/ament_prefix_path.sh'
[14.824s] INFO:colcon.colcon_core.shell:Skip shell extension 'powershell' for command environment: Not usable outside of PowerShell
[14.825s] DEBUG:colcon.colcon_core.shell:Skip shell extension 'dsv' for command environment
[14.879s] INFO:colcon.colcon_ros.task.ament_python.build:Building ROS package in '/home/dae/ros2_ws/src/mobile_robot' with build type 'ament_python'
[14.882s] Level 1:colcon.colcon_core.shell:create_environment_hook('mobile_robot', 'ament_prefix_path')
[14.885s] INFO:colcon.colcon_core.shell:Creating environment hook '/home/dae/ros2_ws/install/mobile_robot/share/mobile_robot/hook/ament_prefix_path.ps1'
[14.926s] INFO:colcon.colcon_core.shell:Creating environment descriptor '/home/dae/ros2_ws/install/mobile_robot/share/mobile_robot/hook/ament_prefix_path.dsv'
[14.932s] INFO:colcon.colcon_core.shell:Creating environment hook '/home/dae/ros2_ws/install/mobile_robot/share/mobile_robot/hook/ament_prefix_path.sh'
[14.938s] INFO:colcon.colcon_core.shell:Skip shell extension 'powershell' for command environment: Not usable outside of PowerShell
[14.938s] DEBUG:colcon.colcon_core.shell:Skip shell extension 'dsv' for command environment
[14.976s] INFO:colcon.colcon_ros.task.ament_python.build:Building ROS package in '/home/dae/ros2_ws/src/robiot' with build type 'ament_python'
[14.978s] Level 1:colcon.colcon_core.shell:create_environment_hook('robiot', 'ament_prefix_path')
[14.981s] INFO:colcon.colcon_core.shell:Creating environment hook '/home/dae/ros2_ws/install/robiot/share/robiot/hook/ament_prefix_path.ps1'
[15.005s] INFO:colcon.colcon_core.shell:Creating environment descriptor '/home/dae/ros2_ws/install/robiot/share/robiot/hook/ament_prefix_path.dsv'
[15.008s] INFO:colcon.colcon_core.shell:Creating environment hook '/home/dae/ros2_ws/install/robiot/share/robiot/hook/ament_prefix_path.sh'
[15.012s] INFO:colcon.colcon_core.shell:Skip shell extension 'powershell' for command environment: Not usable outside of PowerShell
[15.013s] DEBUG:colcon.colcon_core.shell:Skip shell extension 'dsv' for command environment
[17.093s] INFO:colcon.colcon_core.task.python.build:Building Python package in '/home/dae/ros2_ws/src/minisumo_core'
[17.096s] INFO:colcon.colcon_core.shell:Skip shell extension 'powershell' for command environment: Not usable outside of PowerShell
[17.096s] DEBUG:colcon.colcon_core.shell:Skip shell extension 'dsv' for command environment
[19.102s] INFO:colcon.colcon_core.task.python.build:Building Python package in '/home/dae/ros2_ws/src/mobile_robot'
[19.105s] INFO:colcon.colcon_core.shell:Skip shell extension 'powershell' for command environment: Not usable outside of PowerShell
[19.105s] DEBUG:colcon.colcon_core.shell:Skip shell extension 'dsv' for command environment
[21.098s] INFO:colcon.colcon_core.task.python.build:Building Python package in '/home/dae/ros2_ws/src/robiot'
[21.101s] INFO:colcon.colcon_core.shell:Skip shell extension 'powershell' for command environment: Not usable outside of PowerShell
[21.102s] DEBUG:colcon.colcon_core.shell:Skip shell extension 'dsv' for command environment
[26.969s] DEBUG:colcon.colcon_core.event_handler.log_command:Invoking command in '/home/dae/ros2_ws/src/minisumo_core': PYTHONPATH=/home/dae/ros2_ws/build/minisumo_core/prefix_override:/usr/lib/python3/dist-packages/colcon_core/task/python/colcon_distutils_commands:/home/dae/ros2_ws/install/minisumo_core/lib/python3.8/site-packages:${PYTHONPATH} /usr/bin/python3 -W ignore:setup.py install is deprecated -W ignore:easy_install command is deprecated setup.py egg_info --egg-base ../../build/minisumo_core build --build-base /home/dae/ros2_ws/build/minisumo_core/build install --record /home/dae/ros2_ws/build/minisumo_core/install.log --install-scripts $base/lib/minisumo_core --single-version-externally-managed install_data
[27.068s] DEBUG:colcon.colcon_core.event_handler.log_command:Invoking command in '/home/dae/ros2_ws/src/robiot': PYTHONPATH=/home/dae/ros2_ws/build/robiot/prefix_override:/usr/lib/python3/dist-packages/colcon_core/task/python/colcon_distutils_commands:/home/dae/ros2_ws/install/robiot/lib/python3.8/site-packages:${PYTHONPATH} /usr/bin/python3 -W ignore:setup.py install is deprecated -W ignore:easy_install command is deprecated setup.py egg_info --egg-base ../../build/robiot build --build-base /home/dae/ros2_ws/build/robiot/build install --record /home/dae/ros2_ws/build/robiot/install.log --install-scripts $base/lib/robiot --single-version-externally-managed install_data
[27.094s] DEBUG:colcon.colcon_core.event_handler.log_command:Invoking command in '/home/dae/ros2_ws/src/mobile_robot': PYTHONPATH=/home/dae/ros2_ws/build/mobile_robot/prefix_override:/usr/lib/python3/dist-packages/colcon_core/task/python/colcon_distutils_commands:/home/dae/ros2_ws/install/mobile_robot/lib/python3.8/site-packages:${PYTHONPATH} /usr/bin/python3 -W ignore:setup.py install is deprecated -W ignore:easy_install command is deprecated setup.py egg_info --egg-base ../../build/mobile_robot build --build-base /home/dae/ros2_ws/build/mobile_robot/build install --record /home/dae/ros2_ws/build/mobile_robot/install.log --single-version-externally-managed install_data
[30.483s] DEBUG:colcon.colcon_core.event_handler.log_command:Invoked command in '/home/dae/ros2_ws/src/minisumo_core' returned '0': PYTHONPATH=/home/dae/ros2_ws/build/minisumo_core/prefix_override:/usr/lib/python3/dist-packages/colcon_core/task/python/colcon_distutils_commands:/home/dae/ros2_ws/install/minisumo_core/lib/python3.8/site-packages:${PYTHONPATH} /usr/bin/python3 -W ignore:setup.py install is deprecated -W ignore:easy_install command is deprecated setup.py egg_info --egg-base ../../build/minisumo_core build --build-base /home/dae/ros2_ws/build/minisumo_core/build install --record /home/dae/ros2_ws/build/minisumo_core/install.log --install-scripts $base/lib/minisumo_core --single-version-externally-managed install_data
[30.573s] Level 1:colcon.colcon_core.environment:checking '/home/dae/ros2_ws/install/minisumo_core' for CMake module files
[30.577s] Level 1:colcon.colcon_core.environment:checking '/home/dae/ros2_ws/install/minisumo_core' for CMake config files
[30.584s] Level 1:colcon.colcon_core.environment:checking '/home/dae/ros2_ws/install/minisumo_core/lib'
[30.585s] Level 1:colcon.colcon_core.environment:checking '/home/dae/ros2_ws/install/minisumo_core/bin'
[30.586s] Level 1:colcon.colcon_core.environment:checking '/home/dae/ros2_ws/install/minisumo_core/lib/pkgconfig/minisumo_core.pc'
[30.588s] Level 1:colcon.colcon_core.environment:checking '/home/dae/ros2_ws/install/minisumo_core/lib/python3.8/site-packages'
[30.588s] Level 1:colcon.colcon_core.shell:create_environment_hook('minisumo_core', 'pythonpath')
[30.590s] INFO:colcon.colcon_core.shell:Creating environment hook '/home/dae/ros2_ws/install/minisumo_core/share/minisumo_core/hook/pythonpath.ps1'
[30.594s] INFO:colcon.colcon_core.shell:Creating environment descriptor '/home/dae/ros2_ws/install/minisumo_core/share/minisumo_core/hook/pythonpath.dsv'
[30.599s] INFO:colcon.colcon_core.shell:Creating environment hook '/home/dae/ros2_ws/install/minisumo_core/share/minisumo_core/hook/pythonpath.sh'
[30.606s] Level 1:colcon.colcon_core.environment:checking '/home/dae/ros2_ws/install/minisumo_core/bin'
[30.607s] Level 1:colcon.colcon_core.environment:create_environment_scripts_only(minisumo_core)
[30.610s] INFO:colcon.colcon_core.shell:Creating package script '/home/dae/ros2_ws/install/minisumo_core/share/minisumo_core/package.ps1'
[30.624s] INFO:colcon.colcon_core.shell:Creating package descriptor '/home/dae/ros2_ws/install/minisumo_core/share/minisumo_core/package.dsv'
[30.652s] INFO:colcon.colcon_core.shell:Creating package script '/home/dae/ros2_ws/install/minisumo_core/share/minisumo_core/package.sh'
[30.660s] INFO:colcon.colcon_core.shell:Creating package script '/home/dae/ros2_ws/install/minisumo_core/share/minisumo_core/package.bash'
[30.683s] INFO:colcon.colcon_core.shell:Creating package script '/home/dae/ros2_ws/install/minisumo_core/share/minisumo_core/package.zsh'
[30.708s] Level 1:colcon.colcon_core.environment:create_file_with_runtime_dependencies(/home/dae/ros2_ws/install/minisumo_core/share/colcon-core/packages/minisumo_core)
[30.718s] Level 1:colcon.colcon_core.environment:checking '/home/dae/ros2_ws/install/robiot' for CMake module files
[30.724s] DEBUG:colcon.colcon_core.event_handler.log_command:Invoked command in '/home/dae/ros2_ws/src/robiot' returned '0': PYTHONPATH=/home/dae/ros2_ws/build/robiot/prefix_override:/usr/lib/python3/dist-packages/colcon_core/task/python/colcon_distutils_commands:/home/dae/ros2_ws/install/robiot/lib/python3.8/site-packages:${PYTHONPATH} /usr/bin/python3 -W ignore:setup.py install is deprecated -W ignore:easy_install command is deprecated setup.py egg_info --egg-base ../../build/robiot build --build-base /home/dae/ros2_ws/build/robiot/build install --record /home/dae/ros2_ws/build/robiot/install.log --install-scripts $base/lib/robiot --single-version-externally-managed install_data
[30.731s] Level 1:colcon.colcon_core.environment:checking '/home/dae/ros2_ws/install/robiot' for CMake config files
[30.780s] Level 1:colcon.colcon_core.environment:checking '/home/dae/ros2_ws/install/robiot/lib'
[30.782s] Level 1:colcon.colcon_core.environment:checking '/home/dae/ros2_ws/install/robiot/bin'
[30.784s] Level 1:colcon.colcon_core.environment:checking '/home/dae/ros2_ws/install/robiot/lib/pkgconfig/robiot.pc'
[30.787s] Level 1:colcon.colcon_core.environment:checking '/home/dae/ros2_ws/install/robiot/lib/python3.8/site-packages'
[30.788s] Level 1:colcon.colcon_core.shell:create_environment_hook('robiot', 'pythonpath')
[30.792s] INFO:colcon.colcon_core.shell:Creating environment hook '/home/dae/ros2_ws/install/robiot/share/robiot/hook/pythonpath.ps1'
[30.796s] INFO:colcon.colcon_core.shell:Creating environment descriptor '/home/dae/ros2_ws/install/robiot/share/robiot/hook/pythonpath.dsv'
[30.799s] INFO:colcon.colcon_core.shell:Creating environment hook '/home/dae/ros2_ws/install/robiot/share/robiot/hook/pythonpath.sh'
[30.804s] Level 1:colcon.colcon_core.environment:checking '/home/dae/ros2_ws/install/robiot/bin'
[30.805s] Level 1:colcon.colcon_core.environment:create_environment_scripts_only(robiot)
[30.807s] INFO:colcon.colcon_core.shell:Creating package script '/home/dae/ros2_ws/install/robiot/share/robiot/package.ps1'
[30.812s] INFO:colcon.colcon_core.shell:Creating package descriptor '/home/dae/ros2_ws/install/robiot/share/robiot/package.dsv'
[30.816s] INFO:colcon.colcon_core.shell:Creating package script '/home/dae/ros2_ws/install/robiot/share/robiot/package.sh'
[30.820s] INFO:colcon.colcon_core.shell:Creating package script '/home/dae/ros2_ws/install/robiot/share/robiot/package.bash'
[30.825s] INFO:colcon.colcon_core.shell:Creating package script '/home/dae/ros2_ws/install/robiot/share/robiot/package.zsh'
[30.829s] Level 1:colcon.colcon_core.environment:create_file_with_runtime_dependencies(/home/dae/ros2_ws/install/robiot/share/colcon-core/packages/robiot)
[31.000s] Level 1:colcon.colcon_core.environment:checking '/home/dae/ros2_ws/install/mobile_robot' for CMake module files
[31.006s] DEBUG:colcon.colcon_core.event_handler.log_command:Invoked command in '/home/dae/ros2_ws/src/mobile_robot' returned '0': PYTHONPATH=/home/dae/ros2_ws/build/mobile_robot/prefix_override:/usr/lib/python3/dist-packages/colcon_core/task/python/colcon_distutils_commands:/home/dae/ros2_ws/install/mobile_robot/lib/python3.8/site-packages:${PYTHONPATH} /usr/bin/python3 -W ignore:setup.py install is deprecated -W ignore:easy_install command is deprecated setup.py egg_info --egg-base ../../build/mobile_robot build --build-base /home/dae/ros2_ws/build/mobile_robot/build install --record /home/dae/ros2_ws/build/mobile_robot/install.log --single-version-externally-managed install_data
[31.009s] Level 1:colcon.colcon_core.environment:checking '/home/dae/ros2_ws/install/mobile_robot' for CMake config files
[31.015s] Level 1:colcon.colcon_core.environment:checking '/home/dae/ros2_ws/install/mobile_robot/lib'
[31.016s] Level 1:colcon.colcon_core.environment:checking '/home/dae/ros2_ws/install/mobile_robot/bin'
[31.017s] Level 1:colcon.colcon_core.environment:checking '/home/dae/ros2_ws/install/mobile_robot/lib/pkgconfig/mobile_robot.pc'
[31.019s] Level 1:colcon.colcon_core.environment:checking '/home/dae/ros2_ws/install/mobile_robot/lib/python3.8/site-packages'
[31.020s] Level 1:colcon.colcon_core.shell:create_environment_hook('mobile_robot', 'pythonpath')
[31.022s] INFO:colcon.colcon_core.shell:Creating environment hook '/home/dae/ros2_ws/install/mobile_robot/share/mobile_robot/hook/pythonpath.ps1'
[31.026s] INFO:colcon.colcon_core.shell:Creating environment descriptor '/home/dae/ros2_ws/install/mobile_robot/share/mobile_robot/hook/pythonpath.dsv'
[31.030s] INFO:colcon.colcon_core.shell:Creating environment hook '/home/dae/ros2_ws/install/mobile_robot/share/mobile_robot/hook/pythonpath.sh'
[31.036s] Level 1:colcon.colcon_core.environment:checking '/home/dae/ros2_ws/install/mobile_robot/bin'
[31.036s] Level 1:colcon.colcon_core.environment:create_environment_scripts_only(mobile_robot)
[31.039s] INFO:colcon.colcon_core.shell:Creating package script '/home/dae/ros2_ws/install/mobile_robot/share/mobile_robot/package.ps1'
[31.043s] INFO:colcon.colcon_core.shell:Creating package descriptor '/home/dae/ros2_ws/install/mobile_robot/share/mobile_robot/package.dsv'
[31.047s] INFO:colcon.colcon_core.shell:Creating package script '/home/dae/ros2_ws/install/mobile_robot/share/mobile_robot/package.sh'
[31.050s] INFO:colcon.colcon_core.shell:Creating package script '/home/dae/ros2_ws/install/mobile_robot/share/mobile_robot/package.bash'
[31.055s] INFO:colcon.colcon_core.shell:Creating package script '/home/dae/ros2_ws/install/mobile_robot/share/mobile_robot/package.zsh'
[31.058s] Level 1:colcon.colcon_core.environment:create_file_with_runtime_dependencies(/home/dae/ros2_ws/install/mobile_robot/share/colcon-core/packages/mobile_robot)
[31.060s] DEBUG:colcon.colcon_parallel_executor.executor.parallel:closing loop
[31.062s] DEBUG:colcon.colcon_parallel_executor.executor.parallel:loop closed
[31.063s] DEBUG:colcon.colcon_parallel_executor.executor.parallel:run_until_complete finished with '0'
[31.063s] DEBUG:colcon.colcon_core.event_reactor:joining thread
[31.326s] INFO:colcon.colcon_core.plugin_system:Skipping extension 'colcon_notification.desktop_notification.terminal_notifier': Not used on non-Darwin systems
[31.327s] INFO:colcon.colcon_core.plugin_system:Skipping extension 'colcon_notification.desktop_notification.win32': Not used on non-Windows systems
[31.327s] INFO:colcon.colcon_notification.desktop_notification:Sending desktop notification using 'notify2'
[31.829s] DEBUG:colcon.colcon_core.event_reactor:joined thread
[31.831s] INFO:colcon.colcon_core.shell:Creating prefix script '/home/dae/ros2_ws/install/local_setup.ps1'
[31.881s] INFO:colcon.colcon_core.shell:Creating prefix util module '/home/dae/ros2_ws/install/_local_setup_util_ps1.py'
[31.991s] INFO:colcon.colcon_core.shell:Creating prefix chain script '/home/dae/ros2_ws/install/setup.ps1'
[32.039s] INFO:colcon.colcon_core.shell:Creating prefix script '/home/dae/ros2_ws/install/local_setup.sh'
[32.058s] INFO:colcon.colcon_core.shell:Creating prefix util module '/home/dae/ros2_ws/install/_local_setup_util_sh.py'
[32.063s] INFO:colcon.colcon_core.shell:Creating prefix chain script '/home/dae/ros2_ws/install/setup.sh'
[32.079s] INFO:colcon.colcon_core.shell:Creating prefix script '/home/dae/ros2_ws/install/local_setup.bash'
[32.083s] INFO:colcon.colcon_core.shell:Creating prefix chain script '/home/dae/ros2_ws/install/setup.bash'
[32.096s] INFO:colcon.colcon_core.shell:Creating prefix script '/home/dae/ros2_ws/install/local_setup.zsh'
[32.122s] INFO:colcon.colcon_core.shell:Creating prefix chain script '/home/dae/ros2_ws/install/setup.zsh'
